==============================
  DLA-VC (no VQ) — Training
==============================
Device: cuda

Tonsill: 23 train/val patients, 282 total files
  Train: 20 patients, 243 files
  Val:   3 patients, 39 files
  Test:  held out: ['0045', '0085', '0110', '0122', '0132']
Loading WavLM-Large...
Loading weights:   0%|          | 0/488 [00:00<?, ?it/s]Loading weights: 100%|██████████| 488/488 [00:00<00:00, 39720.95it/s]
Using cache found in /home/sepharfi/.cache/torch/hub/bshall_knn-vc_master
/home/sepharfi/envs/myenv/lib/python3.11/site-packages/torch/nn/utils/weight_norm.py:144: FutureWarning: `torch.nn.utils.weight_norm` is deprecated in favor of `torch.nn.utils.parametrizations.weight_norm`.
  WeightNorm.apply(module, name, dim)
Could not parse CUDA device string 'cuda': not enough values to unpack (expected 2, got 1). Falling back to device 0.
  Train: 1114 same-patient (pre, post) segment pairs
  Val: 99 + 129 segments
DLA-VC params: 6,762,608
Loading kNN-VC vocoder...
Removing weight norm...
[HiFiGAN] Generator loaded with 16,523,393 parameters.
WavLM-Large loaded with 315,453,120 parameters.
Loading ECAPA-TDNN...
Pre-computing post-surgery ECAPA embeddings...
Epoch 1 [WARMUP] | Recon: 6.7961 | Conv: 0.0000 | Qshift: 0.0000 | Cycle: 0.0010 | ECAPA_val: nan | (VQ disabled)
Epoch 10 [WARMUP] | Recon: 3.3580 | Conv: 0.0000 | Qshift: 0.0000 | Cycle: 0.0002 | ECAPA_val: nan | (VQ disabled)
Epoch 20 [WARMUP] | Recon: 2.0460 | Conv: 0.0000 | Qshift: 0.0000 | Cycle: 0.0001 | ECAPA_val: nan | (VQ disabled)
Epoch 30 [WARMUP] | Recon: 1.8118 | Conv: 0.0000 | Qshift: 0.0000 | Cycle: 0.0001 | ECAPA_val: nan | (VQ disabled)
Epoch 40 [WARMUP] | Recon: 1.8406 | Conv: 0.0000 | Qshift: 0.0000 | Cycle: 0.0001 | ECAPA_val: nan | (VQ disabled)
Epoch 50 [WARMUP] | Recon: 2.0458 | Conv: 0.0000 | Qshift: 0.0000 | Cycle: 0.0001 | ECAPA_val: nan | (VQ disabled)
Epoch 60 [WARMUP] | Recon: 1.9623 | Conv: 0.0000 | Qshift: 0.0000 | Cycle: 0.0001 | ECAPA_val: nan | (VQ disabled)
  -> Saved (epoch 61, ECAPA_val=0.7402)
  -> Saved (epoch 62, ECAPA_val=0.7225)
  -> Saved (epoch 63, ECAPA_val=0.7149)
  -> Saved (epoch 64, ECAPA_val=0.7006)
  -> Saved (epoch 65, ECAPA_val=0.6676)
  -> Saved (epoch 69, ECAPA_val=0.6646)
Epoch 70 | Recon: 2.2924 | Conv: 6.9839 | Qshift: 0.2375 | Cycle: 0.0013 | ECAPA_val: 0.6852 | (VQ disabled)
  -> Saved (epoch 71, ECAPA_val=0.6538)
  -> Saved (epoch 73, ECAPA_val=0.6503)
  -> Saved (epoch 75, ECAPA_val=0.6433)
  -> Saved (epoch 78, ECAPA_val=0.6391)
Epoch 80 | Recon: 1.8073 | Conv: 5.4318 | Qshift: 0.1633 | Cycle: 0.0010 | ECAPA_val: 0.6662 | (VQ disabled)
Epoch 90 | Recon: 2.0320 | Conv: 5.9982 | Qshift: 0.2127 | Cycle: 0.0009 | ECAPA_val: 0.6836 | (VQ disabled)
  -> Saved (epoch 93, ECAPA_val=0.6366)
  -> Saved (epoch 97, ECAPA_val=0.6285)
Epoch 100 | Recon: 2.0318 | Conv: 6.2152 | Qshift: 0.1514 | Cycle: 0.0014 | ECAPA_val: 0.6523 | (VQ disabled)
Epoch 110 | Recon: 2.2344 | Conv: 6.4959 | Qshift: 0.1533 | Cycle: 0.0008 | ECAPA_val: 0.6880 | (VQ disabled)
Epoch 120 | Recon: 1.9028 | Conv: 5.2826 | Qshift: 0.1386 | Cycle: 0.0009 | ECAPA_val: 0.7009 | (VQ disabled)
Epoch 130 | Recon: 2.0694 | Conv: 5.7705 | Qshift: 0.1078 | Cycle: 0.0007 | ECAPA_val: 0.6730 | (VQ disabled)
  Patience exhausted but continuing (epoch 137<150)
Epoch 140 | Recon: 1.8557 | Conv: 5.2939 | Qshift: 0.1298 | Cycle: 0.0007 | ECAPA_val: 0.7061 | (VQ disabled)
Epoch 150 | Recon: 1.8559 | Conv: 5.0026 | Qshift: 0.1442 | Cycle: 0.0007 | ECAPA_val: 0.6595 | (VQ disabled)
Epoch 160 | Recon: 1.9525 | Conv: 5.4841 | Qshift: 0.0968 | Cycle: 0.0007 | ECAPA_val: 0.6867 | (VQ disabled)
Epoch 170 | Recon: 1.9240 | Conv: 5.3360 | Qshift: 0.0986 | Cycle: 0.0007 | ECAPA_val: 0.7008 | (VQ disabled)
Early stop at epoch 177

Best val: 0.6285

======================================================================
  Evaluating DLA-VC on test + train patients
======================================================================

--- TEST ---
Traceback (most recent call last):
  File "/lustre06/project/6086959/sepharfi/VoiceConversion/Experiments/dla_vc_noVQ/scripts/train_split.py", line 686, in <module>
    main()
  File "/lustre06/project/6086959/sepharfi/VoiceConversion/Experiments/dla_vc_noVQ/scripts/train_split.py", line 658, in main
    results_test = evaluate_patients(test_idx, "TEST")
                                     ^^^^^^^^
NameError: name 'test_idx' is not defined. Did you mean: 'utt_idx'?
[W511 13:38:07.909513288 AllocatorConfig.cpp:28] Warning: PYTORCH_CUDA_ALLOC_CONF is deprecated, use PYTORCH_ALLOC_CONF instead (function operator())

==============================
  DLA-VC (no VQ) — Evaluation
==============================
Using cache found in /home/sepharfi/.cache/torch/hub/bshall_knn-vc_master
/home/sepharfi/envs/myenv/lib/python3.11/site-packages/torch/nn/utils/weight_norm.py:144: FutureWarning: `torch.nn.utils.weight_norm` is deprecated in favor of `torch.nn.utils.parametrizations.weight_norm`.
  WeightNorm.apply(module, name, dim)
Device: cuda
Removing weight norm...
[HiFiGAN] Generator loaded with 16,523,393 parameters.
WavLM-Large loaded with 315,453,120 parameters.
[HiFi-GAN] Using STOCK bshall/knn-vc HiFi-GAN (FORCE_STOCK_VOCODER env var set). Numbers in this run are not directly comparable to runs that used the CUCO-fine-tuned vocoder.
[DLA-VC] Loaded: epoch=96  avg_quality_post shape=torch.Size([1, 192])  q_shift available=True
Loading WavLM-Large...
Loading weights:   0%|          | 0/488 [00:00<?, ?it/s]Loading weights: 100%|██████████| 488/488 [00:00<00:00, 35791.08it/s]
Could not parse CUDA device string 'cuda': not enough values to unpack (expected 2, got 1). Falling back to device 0.

Evaluating on 5 test patients: ['0045', '0085', '0110', '0122', '0132']

Loading ECAPA-TDNN...

============================================================
  DLA-VC — ECAPA Evaluation on Test Patients
============================================================
     Patient    Baseline   Converted     Delta
  ----------------------------------------------
        0045      0.7303      0.4573   -0.2730
        0085      0.7238      0.6161   -0.1076
        0110      0.6513      0.5101   -0.1413
        0122      0.7743      0.4025   -0.3718
        0132      0.4736      0.5640   +0.0904
  ----------------------------------------------
        Mean      0.6707      0.5100   -0.1607
         Std      0.1061      0.0755

Evaluating on 23 training patients...

============================================================
  DLA-VC [TRAIN SET] — ECAPA Evaluation on Test Patients
============================================================
     Patient    Baseline   Converted     Delta
  ----------------------------------------------
        0007      0.6133      0.3570   -0.2563
        0011      0.7222      0.2755   -0.4466
        0026      0.6901      0.1530   -0.5371
        0042      0.6307      0.3046   -0.3262
        0062      0.5517      0.1193   -0.4325
        0063      0.7034      0.2575   -0.4459
        0078      0.4783      0.4889   +0.0105
        0080      0.4544      0.5109   +0.0566
        0081      0.6271      0.2210   -0.4061
        0087      0.7405      0.4234   -0.3171
        0089      0.6270      0.4069   -0.2202
        0092      0.7645      0.3547   -0.4098
        0099      0.7944      0.1652   -0.6292
        0108      0.2687      0.3310   +0.0624
        0109      0.7612      0.3174   -0.4439
        0111      0.5979      0.1681   -0.4298
        0112      0.7578      0.3063   -0.4516
        0125      0.7551      0.3620   -0.3931
        0129      0.7855      0.4556   -0.3299
        0137      0.7005      0.1516   -0.5489
        0144      0.6745      0.4621   -0.2124
        0145      0.6467      0.4275   -0.2193
        0147      0.8025      0.4280   -0.3745
  ----------------------------------------------
        Mean      0.6586      0.3238   -0.3348
         Std      0.1248      0.1159

Converted files saved to: /lustre06/project/6086959/sepharfi/VoiceConversion/Experiments/dla_vc_noVQ/scripts/../converted_test
[W511 13:41:03.214279813 AllocatorConfig.cpp:28] Warning: PYTORCH_CUDA_ALLOC_CONF is deprecated, use PYTORCH_ALLOC_CONF instead (function operator())
Done!
