
The following have been reloaded with a version change:
  1) python/3.11.5 => python/3.10.13

Lmod has detected the following error: These module(s) or extension(s) exist
but cannot be loaded as requested: "cuda/11.8"
   Try: "module spider cuda/11.8" to see how to load the module(s).



Using cache found in /home/sepharfi/.cache/torch/hub/bshall_knn-vc_master
/project/6086959/sepehr/VoiceConversion/.env/lib/python3.11/site-packages/torch/nn/utils/weight_norm.py:144: FutureWarning: `torch.nn.utils.weight_norm` is deprecated in favor of `torch.nn.utils.parametrizations.weight_norm`.
  WeightNorm.apply(module, name, dim)
Device: cuda
Loading kNN-VC model...
Removing weight norm...
[HiFiGAN] Generator loaded with 16,523,393 parameters.
WavLM-Large loaded with 315,453,120 parameters.

Extracting pre-surgery features...
resample 44100 to 16000 in /home/sepharfi/projects/def-zshakeri/sepehr/CUCO/data_final/Audios/Tonsill/Speech/1/Tonsill_ses1_speech_0007.wav
  Tonsill_ses1_speech_0007.wav: 3451 frames
resample 44100 to 16000 in /home/sepharfi/projects/def-zshakeri/sepehr/CUCO/data_final/Audios/Tonsill/Speech/1/Tonsill_ses1_speech_0011.wav
  Tonsill_ses1_speech_0011.wav: 3599 frames
resample 44100 to 16000 in /home/sepharfi/projects/def-zshakeri/sepehr/CUCO/data_final/Audios/Tonsill/Speech/1/Tonsill_ses1_speech_0026.wav
  Tonsill_ses1_speech_0026.wav: 2523 frames
resample 44100 to 16000 in /home/sepharfi/projects/def-zshakeri/sepehr/CUCO/data_final/Audios/Tonsill/Speech/1/Tonsill_ses1_speech_0042.wav
  Tonsill_ses1_speech_0042.wav: 3453 frames
resample 44100 to 16000 in /home/sepharfi/projects/def-zshakeri/sepehr/CUCO/data_final/Audios/Tonsill/Speech/1/Tonsill_ses1_speech_0045.wav
  Tonsill_ses1_speech_0045.wav: 3337 frames
resample 44100 to 16000 in /home/sepharfi/projects/def-zshakeri/sepehr/CUCO/data_final/Audios/Tonsill/Speech/1/Tonsill_ses1_speech_0062.wav
  Tonsill_ses1_speech_0062.wav: 2833 frames
resample 44100 to 16000 in /home/sepharfi/projects/def-zshakeri/sepehr/CUCO/data_final/Audios/Tonsill/Speech/1/Tonsill_ses1_speech_0063.wav
  Tonsill_ses1_speech_0063.wav: 2979 frames
resample 44100 to 16000 in /home/sepharfi/projects/def-zshakeri/sepehr/CUCO/data_final/Audios/Tonsill/Speech/1/Tonsill_ses1_speech_0078.wav
  Tonsill_ses1_speech_0078.wav: 3655 frames
resample 44100 to 16000 in /home/sepharfi/projects/def-zshakeri/sepehr/CUCO/data_final/Audios/Tonsill/Speech/1/Tonsill_ses1_speech_0080.wav
  Tonsill_ses1_speech_0080.wav: 3016 frames
resample 44100 to 16000 in /home/sepharfi/projects/def-zshakeri/sepehr/CUCO/data_final/Audios/Tonsill/Speech/1/Tonsill_ses1_speech_0081.wav
  Tonsill_ses1_speech_0081.wav: 3294 frames
resample 44100 to 16000 in /home/sepharfi/projects/def-zshakeri/sepehr/CUCO/data_final/Audios/Tonsill/Speech/1/Tonsill_ses1_speech_0085.wav
  Tonsill_ses1_speech_0085.wav: 2332 frames
resample 44100 to 16000 in /home/sepharfi/projects/def-zshakeri/sepehr/CUCO/data_final/Audios/Tonsill/Speech/1/Tonsill_ses1_speech_0087.wav
  Tonsill_ses1_speech_0087.wav: 2925 frames
resample 44100 to 16000 in /home/sepharfi/projects/def-zshakeri/sepehr/CUCO/data_final/Audios/Tonsill/Speech/1/Tonsill_ses1_speech_0089.wav
  Tonsill_ses1_speech_0089.wav: 3014 frames
resample 44100 to 16000 in /home/sepharfi/projects/def-zshakeri/sepehr/CUCO/data_final/Audios/Tonsill/Speech/1/Tonsill_ses1_speech_0092.wav
  Tonsill_ses1_speech_0092.wav: 2986 frames
resample 44100 to 16000 in /home/sepharfi/projects/def-zshakeri/sepehr/CUCO/data_final/Audios/Tonsill/Speech/1/Tonsill_ses1_speech_0099.wav
  Tonsill_ses1_speech_0099.wav: 3317 frames
resample 44100 to 16000 in /home/sepharfi/projects/def-zshakeri/sepehr/CUCO/data_final/Audios/Tonsill/Speech/1/Tonsill_ses1_speech_0108.wav
  Tonsill_ses1_speech_0108.wav: 2847 frames
resample 44100 to 16000 in /home/sepharfi/projects/def-zshakeri/sepehr/CUCO/data_final/Audios/Tonsill/Speech/1/Tonsill_ses1_speech_0109.wav
  Tonsill_ses1_speech_0109.wav: 2793 frames
resample 44100 to 16000 in /home/sepharfi/projects/def-zshakeri/sepehr/CUCO/data_final/Audios/Tonsill/Speech/1/Tonsill_ses1_speech_0110.wav
  Tonsill_ses1_speech_0110.wav: 3019 frames
resample 44100 to 16000 in /home/sepharfi/projects/def-zshakeri/sepehr/CUCO/data_final/Audios/Tonsill/Speech/1/Tonsill_ses1_speech_0111.wav
  Tonsill_ses1_speech_0111.wav: 2323 frames
resample 44100 to 16000 in /home/sepharfi/projects/def-zshakeri/sepehr/CUCO/data_final/Audios/Tonsill/Speech/1/Tonsill_ses1_speech_0112.wav
  Tonsill_ses1_speech_0112.wav: 3224 frames
resample 44100 to 16000 in /home/sepharfi/projects/def-zshakeri/sepehr/CUCO/data_final/Audios/Tonsill/Speech/1/Tonsill_ses1_speech_0122.wav
  Tonsill_ses1_speech_0122.wav: 2757 frames
resample 44100 to 16000 in /home/sepharfi/projects/def-zshakeri/sepehr/CUCO/data_final/Audios/Tonsill/Speech/1/Tonsill_ses1_speech_0125.wav
  Tonsill_ses1_speech_0125.wav: 2766 frames
resample 44100 to 16000 in /home/sepharfi/projects/def-zshakeri/sepehr/CUCO/data_final/Audios/Tonsill/Speech/1/Tonsill_ses1_speech_0129.wav
  Tonsill_ses1_speech_0129.wav: 3088 frames
resample 44100 to 16000 in /home/sepharfi/projects/def-zshakeri/sepehr/CUCO/data_final/Audios/Tonsill/Speech/1/Tonsill_ses1_speech_0132.wav
  Tonsill_ses1_speech_0132.wav: 2495 frames
resample 44100 to 16000 in /home/sepharfi/projects/def-zshakeri/sepehr/CUCO/data_final/Audios/Tonsill/Speech/1/Tonsill_ses1_speech_0137.wav
  Tonsill_ses1_speech_0137.wav: 3020 frames
resample 44100 to 16000 in /home/sepharfi/projects/def-zshakeri/sepehr/CUCO/data_final/Audios/Tonsill/Speech/1/Tonsill_ses1_speech_0144.wav
  Tonsill_ses1_speech_0144.wav: 2969 frames
resample 44100 to 16000 in /home/sepharfi/projects/def-zshakeri/sepehr/CUCO/data_final/Audios/Tonsill/Speech/1/Tonsill_ses1_speech_0145.wav
  Tonsill_ses1_speech_0145.wav: 2871 frames
resample 44100 to 16000 in /home/sepharfi/projects/def-zshakeri/sepehr/CUCO/data_final/Audios/Tonsill/Speech/1/Tonsill_ses1_speech_0147.wav
  Tonsill_ses1_speech_0147.wav: 2845 frames
  Total: 83731 frames (27.9 min)

Extracting post-surgery features...
resample 44100 to 16000 in /home/sepharfi/projects/def-zshakeri/sepehr/CUCO/data_final/Audios/Tonsill/Speech/2/Tonsill_ses2_speech_0007.wav
  Tonsill_ses2_speech_0007.wav: 3179 frames
resample 44100 to 16000 in /home/sepharfi/projects/def-zshakeri/sepehr/CUCO/data_final/Audios/Tonsill/Speech/2/Tonsill_ses2_speech_0011.wav
  Tonsill_ses2_speech_0011.wav: 3266 frames
resample 44100 to 16000 in /home/sepharfi/projects/def-zshakeri/sepehr/CUCO/data_final/Audios/Tonsill/Speech/2/Tonsill_ses2_speech_0026.wav
  Tonsill_ses2_speech_0026.wav: 4785 frames
resample 44100 to 16000 in /home/sepharfi/projects/def-zshakeri/sepehr/CUCO/data_final/Audios/Tonsill/Speech/2/Tonsill_ses2_speech_0042.wav
  Tonsill_ses2_speech_0042.wav: 3055 frames
resample 44100 to 16000 in /home/sepharfi/projects/def-zshakeri/sepehr/CUCO/data_final/Audios/Tonsill/Speech/2/Tonsill_ses2_speech_0045.wav
  Tonsill_ses2_speech_0045.wav: 2791 frames
resample 44100 to 16000 in /home/sepharfi/projects/def-zshakeri/sepehr/CUCO/data_final/Audios/Tonsill/Speech/2/Tonsill_ses2_speech_0062.wav
  Tonsill_ses2_speech_0062.wav: 3244 frames
resample 44100 to 16000 in /home/sepharfi/projects/def-zshakeri/sepehr/CUCO/data_final/Audios/Tonsill/Speech/2/Tonsill_ses2_speech_0063.wav
  Tonsill_ses2_speech_0063.wav: 3156 frames
resample 44100 to 16000 in /home/sepharfi/projects/def-zshakeri/sepehr/CUCO/data_final/Audios/Tonsill/Speech/2/Tonsill_ses2_speech_0078.wav
  Tonsill_ses2_speech_0078.wav: 3148 frames
resample 44100 to 16000 in /home/sepharfi/projects/def-zshakeri/sepehr/CUCO/data_final/Audios/Tonsill/Speech/2/Tonsill_ses2_speech_0080.wav
  Tonsill_ses2_speech_0080.wav: 2861 frames
resample 44100 to 16000 in /home/sepharfi/projects/def-zshakeri/sepehr/CUCO/data_final/Audios/Tonsill/Speech/2/Tonsill_ses2_speech_0081.wav
  Tonsill_ses2_speech_0081.wav: 2526 frames
resample 44100 to 16000 in /home/sepharfi/projects/def-zshakeri/sepehr/CUCO/data_final/Audios/Tonsill/Speech/2/Tonsill_ses2_speech_0085.wav
  Tonsill_ses2_speech_0085.wav: 2790 frames
resample 44100 to 16000 in /home/sepharfi/projects/def-zshakeri/sepehr/CUCO/data_final/Audios/Tonsill/Speech/2/Tonsill_ses2_speech_0087.wav
  Tonsill_ses2_speech_0087.wav: 2950 frames
resample 44100 to 16000 in /home/sepharfi/projects/def-zshakeri/sepehr/CUCO/data_final/Audios/Tonsill/Speech/2/Tonsill_ses2_speech_0089.wav
  Tonsill_ses2_speech_0089.wav: 3094 frames
resample 44100 to 16000 in /home/sepharfi/projects/def-zshakeri/sepehr/CUCO/data_final/Audios/Tonsill/Speech/2/Tonsill_ses2_speech_0092.wav
  Tonsill_ses2_speech_0092.wav: 2445 frames
resample 44100 to 16000 in /home/sepharfi/projects/def-zshakeri/sepehr/CUCO/data_final/Audios/Tonsill/Speech/2/Tonsill_ses2_speech_0099.wav
  Tonsill_ses2_speech_0099.wav: 2771 frames
resample 44100 to 16000 in /home/sepharfi/projects/def-zshakeri/sepehr/CUCO/data_final/Audios/Tonsill/Speech/2/Tonsill_ses2_speech_0108.wav
  Tonsill_ses2_speech_0108.wav: 2591 frames
resample 44100 to 16000 in /home/sepharfi/projects/def-zshakeri/sepehr/CUCO/data_final/Audios/Tonsill/Speech/2/Tonsill_ses2_speech_0109.wav
  Tonsill_ses2_speech_0109.wav: 2581 frames
resample 44100 to 16000 in /home/sepharfi/projects/def-zshakeri/sepehr/CUCO/data_final/Audios/Tonsill/Speech/2/Tonsill_ses2_speech_0110.wav
  Tonsill_ses2_speech_0110.wav: 3037 frames
resample 44100 to 16000 in /home/sepharfi/projects/def-zshakeri/sepehr/CUCO/data_final/Audios/Tonsill/Speech/2/Tonsill_ses2_speech_0111.wav
  Tonsill_ses2_speech_0111.wav: 3989 frames
resample 44100 to 16000 in /home/sepharfi/projects/def-zshakeri/sepehr/CUCO/data_final/Audios/Tonsill/Speech/2/Tonsill_ses2_speech_0112.wav
  Tonsill_ses2_speech_0112.wav: 3058 frames
resample 44100 to 16000 in /home/sepharfi/projects/def-zshakeri/sepehr/CUCO/data_final/Audios/Tonsill/Speech/2/Tonsill_ses2_speech_0122.wav
  Tonsill_ses2_speech_0122.wav: 3004 frames
resample 44100 to 16000 in /home/sepharfi/projects/def-zshakeri/sepehr/CUCO/data_final/Audios/Tonsill/Speech/2/Tonsill_ses2_speech_0125.wav
  Tonsill_ses2_speech_0125.wav: 2975 frames
resample 44100 to 16000 in /home/sepharfi/projects/def-zshakeri/sepehr/CUCO/data_final/Audios/Tonsill/Speech/2/Tonsill_ses2_speech_0129.wav
  Tonsill_ses2_speech_0129.wav: 2974 frames
resample 44100 to 16000 in /home/sepharfi/projects/def-zshakeri/sepehr/CUCO/data_final/Audios/Tonsill/Speech/2/Tonsill_ses2_speech_0132.wav
  Tonsill_ses2_speech_0132.wav: 2877 frames
resample 44100 to 16000 in /home/sepharfi/projects/def-zshakeri/sepehr/CUCO/data_final/Audios/Tonsill/Speech/2/Tonsill_ses2_speech_0137.wav
  Tonsill_ses2_speech_0137.wav: 2954 frames
resample 44100 to 16000 in /home/sepharfi/projects/def-zshakeri/sepehr/CUCO/data_final/Audios/Tonsill/Speech/2/Tonsill_ses2_speech_0144.wav
  Tonsill_ses2_speech_0144.wav: 4204 frames
resample 44100 to 16000 in /home/sepharfi/projects/def-zshakeri/sepehr/CUCO/data_final/Audios/Tonsill/Speech/2/Tonsill_ses2_speech_0145.wav
  Tonsill_ses2_speech_0145.wav: 3215 frames
resample 44100 to 16000 in /home/sepharfi/projects/def-zshakeri/sepehr/CUCO/data_final/Audios/Tonsill/Speech/2/Tonsill_ses2_speech_0147.wav
  Tonsill_ses2_speech_0147.wav: 2883 frames
  Total: 86403 frames (28.8 min)

Computing MKL map (pre -> post, K=2)...
  512 subgroups of size 2

Computing MKL map (post -> pre, K=2)...

Saved MKL transforms to /project/6086959/sepehr/VoiceConversion/mkl_vc/scripts/../mkl_transform.pt
Using cache found in /home/sepharfi/.cache/torch/hub/bshall_knn-vc_master
/project/6086959/sepehr/VoiceConversion/.env/lib/python3.11/site-packages/torch/nn/utils/weight_norm.py:144: FutureWarning: `torch.nn.utils.weight_norm` is deprecated in favor of `torch.nn.utils.parametrizations.weight_norm`.
  WeightNorm.apply(module, name, dim)
Device: cuda
Loading kNN-VC model...
Removing weight norm...
[HiFiGAN] Generator loaded with 16,523,393 parameters.
WavLM-Large loaded with 315,453,120 parameters.
Loaded MKL transform (K=2, direction: A2B)
Converting 28 files...
resample 44100 to 16000 in /home/sepharfi/projects/def-zshakeri/sepehr/CUCO/data_final/Audios/Tonsill/Speech/1/Tonsill_ses1_speech_0007.wav
  Tonsill_ses1_speech_0007.wav -> Tonsill_ses1_speech_0007.wav (69.0s)
resample 44100 to 16000 in /home/sepharfi/projects/def-zshakeri/sepehr/CUCO/data_final/Audios/Tonsill/Speech/1/Tonsill_ses1_speech_0011.wav
  Tonsill_ses1_speech_0011.wav -> Tonsill_ses1_speech_0011.wav (72.0s)
resample 44100 to 16000 in /home/sepharfi/projects/def-zshakeri/sepehr/CUCO/data_final/Audios/Tonsill/Speech/1/Tonsill_ses1_speech_0026.wav
  Tonsill_ses1_speech_0026.wav -> Tonsill_ses1_speech_0026.wav (50.5s)
resample 44100 to 16000 in /home/sepharfi/projects/def-zshakeri/sepehr/CUCO/data_final/Audios/Tonsill/Speech/1/Tonsill_ses1_speech_0042.wav
  Tonsill_ses1_speech_0042.wav -> Tonsill_ses1_speech_0042.wav (69.1s)
resample 44100 to 16000 in /home/sepharfi/projects/def-zshakeri/sepehr/CUCO/data_final/Audios/Tonsill/Speech/1/Tonsill_ses1_speech_0045.wav
  Tonsill_ses1_speech_0045.wav -> Tonsill_ses1_speech_0045.wav (66.7s)
resample 44100 to 16000 in /home/sepharfi/projects/def-zshakeri/sepehr/CUCO/data_final/Audios/Tonsill/Speech/1/Tonsill_ses1_speech_0062.wav
  Tonsill_ses1_speech_0062.wav -> Tonsill_ses1_speech_0062.wav (56.7s)
resample 44100 to 16000 in /home/sepharfi/projects/def-zshakeri/sepehr/CUCO/data_final/Audios/Tonsill/Speech/1/Tonsill_ses1_speech_0063.wav
  Tonsill_ses1_speech_0063.wav -> Tonsill_ses1_speech_0063.wav (59.6s)
resample 44100 to 16000 in /home/sepharfi/projects/def-zshakeri/sepehr/CUCO/data_final/Audios/Tonsill/Speech/1/Tonsill_ses1_speech_0078.wav
  Tonsill_ses1_speech_0078.wav -> Tonsill_ses1_speech_0078.wav (73.1s)
resample 44100 to 16000 in /home/sepharfi/projects/def-zshakeri/sepehr/CUCO/data_final/Audios/Tonsill/Speech/1/Tonsill_ses1_speech_0080.wav
  Tonsill_ses1_speech_0080.wav -> Tonsill_ses1_speech_0080.wav (60.3s)
resample 44100 to 16000 in /home/sepharfi/projects/def-zshakeri/sepehr/CUCO/data_final/Audios/Tonsill/Speech/1/Tonsill_ses1_speech_0081.wav
  Tonsill_ses1_speech_0081.wav -> Tonsill_ses1_speech_0081.wav (65.9s)
resample 44100 to 16000 in /home/sepharfi/projects/def-zshakeri/sepehr/CUCO/data_final/Audios/Tonsill/Speech/1/Tonsill_ses1_speech_0085.wav
  Tonsill_ses1_speech_0085.wav -> Tonsill_ses1_speech_0085.wav (46.6s)
resample 44100 to 16000 in /home/sepharfi/projects/def-zshakeri/sepehr/CUCO/data_final/Audios/Tonsill/Speech/1/Tonsill_ses1_speech_0087.wav
  Tonsill_ses1_speech_0087.wav -> Tonsill_ses1_speech_0087.wav (58.5s)
resample 44100 to 16000 in /home/sepharfi/projects/def-zshakeri/sepehr/CUCO/data_final/Audios/Tonsill/Speech/1/Tonsill_ses1_speech_0089.wav
  Tonsill_ses1_speech_0089.wav -> Tonsill_ses1_speech_0089.wav (60.3s)
resample 44100 to 16000 in /home/sepharfi/projects/def-zshakeri/sepehr/CUCO/data_final/Audios/Tonsill/Speech/1/Tonsill_ses1_speech_0092.wav
  Tonsill_ses1_speech_0092.wav -> Tonsill_ses1_speech_0092.wav (59.7s)
resample 44100 to 16000 in /home/sepharfi/projects/def-zshakeri/sepehr/CUCO/data_final/Audios/Tonsill/Speech/1/Tonsill_ses1_speech_0099.wav
  Tonsill_ses1_speech_0099.wav -> Tonsill_ses1_speech_0099.wav (66.3s)
resample 44100 to 16000 in /home/sepharfi/projects/def-zshakeri/sepehr/CUCO/data_final/Audios/Tonsill/Speech/1/Tonsill_ses1_speech_0108.wav
  Tonsill_ses1_speech_0108.wav -> Tonsill_ses1_speech_0108.wav (56.9s)
resample 44100 to 16000 in /home/sepharfi/projects/def-zshakeri/sepehr/CUCO/data_final/Audios/Tonsill/Speech/1/Tonsill_ses1_speech_0109.wav
  Tonsill_ses1_speech_0109.wav -> Tonsill_ses1_speech_0109.wav (55.9s)
resample 44100 to 16000 in /home/sepharfi/projects/def-zshakeri/sepehr/CUCO/data_final/Audios/Tonsill/Speech/1/Tonsill_ses1_speech_0110.wav
  Tonsill_ses1_speech_0110.wav -> Tonsill_ses1_speech_0110.wav (60.4s)
resample 44100 to 16000 in /home/sepharfi/projects/def-zshakeri/sepehr/CUCO/data_final/Audios/Tonsill/Speech/1/Tonsill_ses1_speech_0111.wav
  Tonsill_ses1_speech_0111.wav -> Tonsill_ses1_speech_0111.wav (46.5s)
resample 44100 to 16000 in /home/sepharfi/projects/def-zshakeri/sepehr/CUCO/data_final/Audios/Tonsill/Speech/1/Tonsill_ses1_speech_0112.wav
  Tonsill_ses1_speech_0112.wav -> Tonsill_ses1_speech_0112.wav (64.5s)
resample 44100 to 16000 in /home/sepharfi/projects/def-zshakeri/sepehr/CUCO/data_final/Audios/Tonsill/Speech/1/Tonsill_ses1_speech_0122.wav
  Tonsill_ses1_speech_0122.wav -> Tonsill_ses1_speech_0122.wav (55.1s)
resample 44100 to 16000 in /home/sepharfi/projects/def-zshakeri/sepehr/CUCO/data_final/Audios/Tonsill/Speech/1/Tonsill_ses1_speech_0125.wav
  Tonsill_ses1_speech_0125.wav -> Tonsill_ses1_speech_0125.wav (55.3s)
resample 44100 to 16000 in /home/sepharfi/projects/def-zshakeri/sepehr/CUCO/data_final/Audios/Tonsill/Speech/1/Tonsill_ses1_speech_0129.wav
  Tonsill_ses1_speech_0129.wav -> Tonsill_ses1_speech_0129.wav (61.8s)
resample 44100 to 16000 in /home/sepharfi/projects/def-zshakeri/sepehr/CUCO/data_final/Audios/Tonsill/Speech/1/Tonsill_ses1_speech_0132.wav
  Tonsill_ses1_speech_0132.wav -> Tonsill_ses1_speech_0132.wav (49.9s)
resample 44100 to 16000 in /home/sepharfi/projects/def-zshakeri/sepehr/CUCO/data_final/Audios/Tonsill/Speech/1/Tonsill_ses1_speech_0137.wav
  Tonsill_ses1_speech_0137.wav -> Tonsill_ses1_speech_0137.wav (60.4s)
resample 44100 to 16000 in /home/sepharfi/projects/def-zshakeri/sepehr/CUCO/data_final/Audios/Tonsill/Speech/1/Tonsill_ses1_speech_0144.wav
  Tonsill_ses1_speech_0144.wav -> Tonsill_ses1_speech_0144.wav (59.4s)
resample 44100 to 16000 in /home/sepharfi/projects/def-zshakeri/sepehr/CUCO/data_final/Audios/Tonsill/Speech/1/Tonsill_ses1_speech_0145.wav
  Tonsill_ses1_speech_0145.wav -> Tonsill_ses1_speech_0145.wav (57.4s)
resample 44100 to 16000 in /home/sepharfi/projects/def-zshakeri/sepehr/CUCO/data_final/Audios/Tonsill/Speech/1/Tonsill_ses1_speech_0147.wav
  Tonsill_ses1_speech_0147.wav -> Tonsill_ses1_speech_0147.wav (56.9s)
Done.
Evaluating 28 converted files...
Source dir: /home/sepharfi/projects/def-zshakeri/sepehr/CUCO/data_final/Audios/Tonsill/Speech/1
Target dir: /home/sepharfi/projects/def-zshakeri/sepehr/CUCO/data_final/Audios/Tonsill/Speech/2

  Tonsill_ses1_speech_0007: MCD(target)=181.06  MCD(content)=44.19  MCD(baseline)=193.57
  Tonsill_ses1_speech_0011: MCD(target)=165.83  MCD(content)=49.56  MCD(baseline)=163.81
  Tonsill_ses1_speech_0026: MCD(target)=221.23  MCD(content)=43.47  MCD(baseline)=218.51
  Tonsill_ses1_speech_0042: MCD(target)=191.44  MCD(content)=52.67  MCD(baseline)=197.92
  Tonsill_ses1_speech_0045: MCD(target)=206.33  MCD(content)=40.76  MCD(baseline)=208.91
  Tonsill_ses1_speech_0062: MCD(target)=182.53  MCD(content)=58.33  MCD(baseline)=188.85
  Tonsill_ses1_speech_0063: MCD(target)=184.67  MCD(content)=56.68  MCD(baseline)=191.87
  Tonsill_ses1_speech_0078: MCD(target)=175.71  MCD(content)=44.39  MCD(baseline)=174.23
  Tonsill_ses1_speech_0080: MCD(target)=193.74  MCD(content)=64.49  MCD(baseline)=199.49
  Tonsill_ses1_speech_0081: MCD(target)=200.42  MCD(content)=44.74  MCD(baseline)=201.71
  Tonsill_ses1_speech_0085: MCD(target)=202.90  MCD(content)=64.75  MCD(baseline)=195.14
  Tonsill_ses1_speech_0087: MCD(target)=191.82  MCD(content)=50.64  MCD(baseline)=179.33
  Tonsill_ses1_speech_0089: MCD(target)=215.81  MCD(content)=44.67  MCD(baseline)=210.69
  Tonsill_ses1_speech_0092: MCD(target)=189.55  MCD(content)=40.32  MCD(baseline)=189.54
  Tonsill_ses1_speech_0099: MCD(target)=197.78  MCD(content)=50.18  MCD(baseline)=197.91
  Tonsill_ses1_speech_0108: MCD(target)=170.77  MCD(content)=53.13  MCD(baseline)=178.37
  Tonsill_ses1_speech_0109: MCD(target)=188.79  MCD(content)=49.79  MCD(baseline)=190.58
  Tonsill_ses1_speech_0110: MCD(target)=231.72  MCD(content)=38.23  MCD(baseline)=234.54
  Tonsill_ses1_speech_0111: MCD(target)=175.99  MCD(content)=82.04  MCD(baseline)=182.84
  Tonsill_ses1_speech_0112: MCD(target)=208.40  MCD(content)=39.02  MCD(baseline)=216.70
  Tonsill_ses1_speech_0122: MCD(target)=220.54  MCD(content)=60.19  MCD(baseline)=211.44
  Tonsill_ses1_speech_0125: MCD(target)=212.62  MCD(content)=53.38  MCD(baseline)=207.42
  Tonsill_ses1_speech_0129: MCD(target)=169.33  MCD(content)=39.54  MCD(baseline)=164.95
  Tonsill_ses1_speech_0132: MCD(target)=166.74  MCD(content)=46.13  MCD(baseline)=174.30
  Tonsill_ses1_speech_0137: MCD(target)=212.31  MCD(content)=46.99  MCD(baseline)=211.45
  Tonsill_ses1_speech_0144: MCD(target)=226.08  MCD(content)=49.95  MCD(baseline)=230.44
  Tonsill_ses1_speech_0145: MCD(target)=193.77  MCD(content)=41.06  MCD(baseline)=187.90
  Tonsill_ses1_speech_0147: MCD(target)=184.04  MCD(content)=40.82  MCD(baseline)=180.59

============================================================
  MKL-VC — Evaluation
============================================================

  Baseline (real pre vs real post, no conversion):
    MCD: 195.82 +/- 17.73

  Pre -> Post conversion — 28 paired samples:
    MCD to target (lower=better):      195.07 +/- 18.33
    Content MCD (lower=preserved):     49.65 +/- 9.63

  Conversion effectiveness:
    MCD reduction vs baseline: +0.4%
    (Converted is 0.4% closer to post-surgery than original pre-surgery)
============================================================
