================================================
  DLA-VC v3 - Re-Evaluation (stock HiFi-GAN)
  Checkpoint: results_v3/best_model.pth
  Original test Delta to reproduce: +0.0450
================================================
Using cache found in /home/sepharfi/.cache/torch/hub/bshall_knn-vc_master
/home/sepharfi/envs/myenv/lib/python3.11/site-packages/torch/nn/utils/weight_norm.py:144: FutureWarning: `torch.nn.utils.weight_norm` is deprecated in favor of `torch.nn.utils.parametrizations.weight_norm`.
  WeightNorm.apply(module, name, dim)
Device: cuda
Removing weight norm...
[HiFiGAN] Generator loaded with 16,523,393 parameters.
WavLM-Large loaded with 315,453,120 parameters.
[HiFi-GAN] Using STOCK bshall/knn-vc HiFi-GAN (FORCE_STOCK_VOCODER env var set). Numbers in this run are not directly comparable to runs that used the CUCO-fine-tuned vocoder.
[DLA-VC] Loaded: epoch=15  avg_quality_post shape=torch.Size([1, 192])  q_shift available=True
Loading WavLM-Large...
Loading weights:   0%|          | 0/488 [00:00<?, ?it/s]Loading weights: 100%|██████████| 488/488 [00:00<00:00, 39202.11it/s]
Could not parse CUDA device string 'cuda': not enough values to unpack (expected 2, got 1). Falling back to device 0.

Evaluating on 5 test patients: ['0045', '0085', '0110', '0122', '0132']

Loading ECAPA-TDNN...

============================================================
  DLA-VC — ECAPA Evaluation on Test Patients
============================================================
     Patient    Baseline   Converted     Delta
  ----------------------------------------------
        0045      0.7303      0.7147   -0.0156
        0085      0.7238      0.7234   -0.0004
        0110      0.6513      0.7667   +0.1154
        0122      0.7743      0.6663   -0.1080
        0132      0.4736      0.7072   +0.2336
  ----------------------------------------------
        Mean      0.6707      0.7157   +0.0450
         Std      0.1061      0.0322

Evaluating on 23 training patients...

============================================================
  DLA-VC [TRAIN SET] — ECAPA Evaluation on Test Patients
============================================================
     Patient    Baseline   Converted     Delta
  ----------------------------------------------
        0007      0.6133      0.6228   +0.0095
        0011      0.7222      0.6499   -0.0722
        0026      0.6901      0.5915   -0.0987
        0042      0.6307      0.6271   -0.0036
        0062      0.5517      0.6310   +0.0793
        0063      0.7034      0.7095   +0.0060
        0078      0.4783      0.5467   +0.0684
        0080      0.4544      0.5639   +0.1096
        0081      0.6271      0.6122   -0.0149
        0087      0.7405      0.7466   +0.0061
        0089      0.6270      0.5994   -0.0276
        0092      0.7645      0.6970   -0.0675
        0099      0.7944      0.6851   -0.1093
        0108      0.2687      0.4481   +0.1794
        0109      0.7612      0.7543   -0.0070
        0111      0.5979      0.6332   +0.0353
        0112      0.7578      0.7219   -0.0359
        0125      0.7551      0.6721   -0.0830
        0129      0.7855      0.8141   +0.0286
        0137      0.7005      0.6705   -0.0299
        0144      0.6745      0.7163   +0.0419
        0145      0.6467      0.7499   +0.1031
        0147      0.8025      0.6567   -0.1458
  ----------------------------------------------
        Mean      0.6586      0.6574   -0.0012
         Std      0.1248      0.0784

Converted files saved to: /lustre06/project/6086959/sepharfi/VoiceConversion/Experiments/dla_vc_v3/scripts/../converted_test
[W518 16:43:56.593711998 AllocatorConfig.cpp:28] Warning: PYTORCH_CUDA_ALLOC_CONF is deprecated, use PYTORCH_ALLOC_CONF instead (function operator())
Done!
