==============================
  DLA-VC — Training
==============================
Device: cuda

Tonsill: 23 train/val patients, 282 total files
  Train: 20 patients, 243 files
  Val:   3 patients, 39 files
  Test:  held out: ['0045', '0085', '0110', '0122', '0132']
Loading WavLM-Large...
Loading weights:   0%|          | 0/488 [00:00<?, ?it/s]Loading weights: 100%|██████████| 488/488 [00:00<00:00, 39748.72it/s]
Using cache found in /home/sepharfi/.cache/torch/hub/bshall_knn-vc_master
/home/sepharfi/envs/myenv/lib/python3.11/site-packages/torch/nn/utils/weight_norm.py:144: FutureWarning: `torch.nn.utils.weight_norm` is deprecated in favor of `torch.nn.utils.parametrizations.weight_norm`.
  WeightNorm.apply(module, name, dim)
Could not parse CUDA device string 'cuda': not enough values to unpack (expected 2, got 1). Falling back to device 0.
  Train: 1114 same-patient (pre, post) segment pairs
  Val: 99 + 129 segments
DLA-VC params: 6,762,608
Loading kNN-VC vocoder...
Removing weight norm...
[HiFiGAN] Generator loaded with 16,523,393 parameters.
WavLM-Large loaded with 315,453,120 parameters.
Loading ECAPA-TDNN...
Pre-computing post-surgery ECAPA embeddings...
Epoch 1 [WARMUP] | Recon: 6.5810 | Conv: 0.0000 | Qshift: 0.0000 | VQ: 1.1798 | Perp: 3/32 | Cycle: 0.0050 | ECAPA_val: nan
Epoch 10 [WARMUP] | Recon: 2.5538 | Conv: 0.0000 | Qshift: 0.0000 | VQ: 1.1432 | Perp: 4/32 | Cycle: 0.0001 | ECAPA_val: nan
Epoch 20 [WARMUP] | Recon: 2.3233 | Conv: 0.0000 | Qshift: 0.0000 | VQ: 0.9761 | Perp: 6/32 | Cycle: 0.0000 | ECAPA_val: nan
Epoch 30 [WARMUP] | Recon: 2.2951 | Conv: 0.0000 | Qshift: 0.0000 | VQ: 0.8088 | Perp: 10/32 | Cycle: 0.0000 | ECAPA_val: nan
Epoch 40 [WARMUP] | Recon: 1.7845 | Conv: 0.0000 | Qshift: 0.0000 | VQ: 0.6739 | Perp: 12/32 | Cycle: 0.0000 | ECAPA_val: nan
Epoch 50 [WARMUP] | Recon: 1.9089 | Conv: 0.0000 | Qshift: 0.0000 | VQ: 0.5241 | Perp: 15/32 | Cycle: 0.0000 | ECAPA_val: nan
Epoch 60 [WARMUP] | Recon: 1.7777 | Conv: 0.0000 | Qshift: 0.0000 | VQ: 0.4861 | Perp: 16/32 | Cycle: 0.0000 | ECAPA_val: nan
  -> Saved (epoch 61, ECAPA_val=0.7673)
  -> Saved (epoch 62, ECAPA_val=0.7248)
  -> Saved (epoch 63, ECAPA_val=0.6874)
  -> Saved (epoch 65, ECAPA_val=0.6492)
  -> Saved (epoch 66, ECAPA_val=0.6443)
  -> Saved (epoch 69, ECAPA_val=0.6252)
Epoch 70 | Recon: 1.8924 | Conv: 5.6448 | Qshift: 0.1694 | VQ: 0.1761 | Perp: 24/32 | Cycle: 0.0056 | ECAPA_val: 0.6133
  -> Saved (epoch 70, ECAPA_val=0.6133)
  -> Saved (epoch 77, ECAPA_val=0.5822)
Epoch 80 | Recon: 2.5504 | Conv: 7.3747 | Qshift: 0.2368 | VQ: 0.1297 | Perp: 25/32 | Cycle: 0.0029 | ECAPA_val: 0.6413
Epoch 90 | Recon: 2.0019 | Conv: 6.3044 | Qshift: 0.2411 | VQ: 0.1435 | Perp: 24/32 | Cycle: 0.0030 | ECAPA_val: 0.6339
Epoch 100 | Recon: 2.0247 | Conv: 5.9993 | Qshift: 0.1632 | VQ: 0.1370 | Perp: 25/32 | Cycle: 0.0025 | ECAPA_val: 0.6188
Epoch 110 | Recon: 2.2149 | Conv: 6.3995 | Qshift: 0.1484 | VQ: 0.1552 | Perp: 24/32 | Cycle: 0.0024 | ECAPA_val: 0.6731
  Patience exhausted but continuing (epoch 117<150)
Epoch 120 | Recon: 1.6195 | Conv: 4.7337 | Qshift: 0.1823 | VQ: 0.1629 | Perp: 24/32 | Cycle: 0.0021 | ECAPA_val: 0.6893
Traceback (most recent call last):
  File "/lustre06/project/6086959/sepharfi/VoiceConversion/Experiments/dla_vc/scripts/train_split.py", line 721, in <module>
    main()
  File "/lustre06/project/6086959/sepharfi/VoiceConversion/Experiments/dla_vc/scripts/train_split.py", line 433, in main
    hidden_all, target_all = wavlm.extract(audio_all)
                             ^^^^^^^^^^^^^^^^^^^^^^^^
  File "/home/sepharfi/envs/myenv/lib/python3.11/site-packages/torch/utils/_contextlib.py", line 120, in decorate_context
    return func(*args, **kwargs)
           ^^^^^^^^^^^^^^^^^^^^^
  File "/lustre06/project/6086959/sepharfi/VoiceConversion/Experiments/dla_vc/scripts/train_split.py", line 89, in extract
    outputs = self.model(audio_batch.to(self.device), output_hidden_states=True)
              ^^^^^^^^^^^^^^^^^^^^^^^^^^^^^^^^^^^^^^^^^^^^^^^^^^^^^^^^^^^^^^^^^^
  File "/home/sepharfi/envs/myenv/lib/python3.11/site-packages/torch/nn/modules/module.py", line 1775, in _wrapped_call_impl
    return self._call_impl(*args, **kwargs)
           ^^^^^^^^^^^^^^^^^^^^^^^^^^^^^^^^
  File "/home/sepharfi/envs/myenv/lib/python3.11/site-packages/torch/nn/modules/module.py", line 1786, in _call_impl
    return forward_call(*args, **kwargs)
           ^^^^^^^^^^^^^^^^^^^^^^^^^^^^^
  File "/home/sepharfi/envs/myenv/lib/python3.11/site-packages/transformers/models/wavlm/modeling_wavlm.py", line 1060, in forward
    extract_features = self.feature_extractor(input_values)
                       ^^^^^^^^^^^^^^^^^^^^^^^^^^^^^^^^^^^^
  File "/home/sepharfi/envs/myenv/lib/python3.11/site-packages/torch/nn/modules/module.py", line 1775, in _wrapped_call_impl
    return self._call_impl(*args, **kwargs)
           ^^^^^^^^^^^^^^^^^^^^^^^^^^^^^^^^
  File "/home/sepharfi/envs/myenv/lib/python3.11/site-packages/torch/nn/modules/module.py", line 1786, in _call_impl
    return forward_call(*args, **kwargs)
           ^^^^^^^^^^^^^^^^^^^^^^^^^^^^^
  File "/home/sepharfi/envs/myenv/lib/python3.11/site-packages/transformers/models/wavlm/modeling_wavlm.py", line 787, in forward
    hidden_states = conv_layer(hidden_states)
                    ^^^^^^^^^^^^^^^^^^^^^^^^^
  File "/home/sepharfi/envs/myenv/lib/python3.11/site-packages/transformers/modeling_layers.py", line 93, in __call__
    return super().__call__(*args, **kwargs)
           ^^^^^^^^^^^^^^^^^^^^^^^^^^^^^^^^^
  File "/home/sepharfi/envs/myenv/lib/python3.11/site-packages/torch/nn/modules/module.py", line 1775, in _wrapped_call_impl
    return self._call_impl(*args, **kwargs)
           ^^^^^^^^^^^^^^^^^^^^^^^^^^^^^^^^
  File "/home/sepharfi/envs/myenv/lib/python3.11/site-packages/torch/nn/modules/module.py", line 1786, in _call_impl
    return forward_call(*args, **kwargs)
           ^^^^^^^^^^^^^^^^^^^^^^^^^^^^^
  File "/home/sepharfi/envs/myenv/lib/python3.11/site-packages/transformers/models/wavlm/modeling_wavlm.py", line 723, in forward
    hidden_states = self.layer_norm(hidden_states)
                    ^^^^^^^^^^^^^^^^^^^^^^^^^^^^^^
  File "/home/sepharfi/envs/myenv/lib/python3.11/site-packages/torch/nn/modules/module.py", line 1775, in _wrapped_call_impl
    return self._call_impl(*args, **kwargs)
           ^^^^^^^^^^^^^^^^^^^^^^^^^^^^^^^^
  File "/home/sepharfi/envs/myenv/lib/python3.11/site-packages/torch/nn/modules/module.py", line 1786, in _call_impl
    return forward_call(*args, **kwargs)
           ^^^^^^^^^^^^^^^^^^^^^^^^^^^^^
  File "/home/sepharfi/envs/myenv/lib/python3.11/site-packages/torch/nn/modules/normalization.py", line 229, in forward
    return F.layer_norm(
           ^^^^^^^^^^^^^
  File "/home/sepharfi/envs/myenv/lib/python3.11/site-packages/torch/nn/functional.py", line 2901, in layer_norm
    return torch.layer_norm(
           ^^^^^^^^^^^^^^^^^
torch.OutOfMemoryError: CUDA out of memory. Tried to allocate 126.00 MiB. GPU 0 has a total capacity of 19.62 GiB of which 135.00 MiB is free. Process 2885069 has 470.00 MiB memory in use. Including non-PyTorch memory, this process has 19.37 GiB memory in use. Of the allocated memory 18.88 GiB is allocated by PyTorch, and 205.35 MiB is reserved by PyTorch but unallocated. If reserved but unallocated memory is large try setting PYTORCH_CUDA_ALLOC_CONF=expandable_segments:True to avoid fragmentation.  See documentation for Memory Management  (https://pytorch.org/docs/stable/notes/cuda.html#environment-variables)
[W511 12:57:42.221066775 AllocatorConfig.cpp:28] Warning: PYTORCH_CUDA_ALLOC_CONF is deprecated, use PYTORCH_ALLOC_CONF instead (function operator())

==============================
  DLA-VC — Evaluation
==============================
Using cache found in /home/sepharfi/.cache/torch/hub/bshall_knn-vc_master
/home/sepharfi/envs/myenv/lib/python3.11/site-packages/torch/nn/utils/weight_norm.py:144: FutureWarning: `torch.nn.utils.weight_norm` is deprecated in favor of `torch.nn.utils.parametrizations.weight_norm`.
  WeightNorm.apply(module, name, dim)
Device: cuda
Removing weight norm...
[HiFiGAN] Generator loaded with 16,523,393 parameters.
WavLM-Large loaded with 315,453,120 parameters.
[HiFi-GAN] Using STOCK bshall/knn-vc HiFi-GAN (FORCE_STOCK_VOCODER env var set). Numbers in this run are not directly comparable to runs that used the CUCO-fine-tuned vocoder.
[DLA-VC] Loaded: epoch=76  avg_quality_post shape=torch.Size([1, 192])  q_shift available=True
Loading WavLM-Large...
Loading weights:   0%|          | 0/488 [00:00<?, ?it/s]Loading weights: 100%|██████████| 488/488 [00:00<00:00, 38944.03it/s]
Could not parse CUDA device string 'cuda': not enough values to unpack (expected 2, got 1). Falling back to device 0.

Evaluating on 5 test patients: ['0045', '0085', '0110', '0122', '0132']

Loading ECAPA-TDNN...

============================================================
  DLA-VC — ECAPA Evaluation on Test Patients
============================================================
     Patient    Baseline   Converted     Delta
  ----------------------------------------------
        0045      0.7303      0.5161   -0.2142
        0085      0.7238      0.6814   -0.0423
        0110      0.6513      0.5901   -0.0612
        0122      0.7743      0.4408   -0.3335
        0132      0.4736      0.6411   +0.1675
  ----------------------------------------------
        Mean      0.6707      0.5739   -0.0968
         Std      0.1061      0.0865

Evaluating on 23 training patients...

============================================================
  DLA-VC [TRAIN SET] — ECAPA Evaluation on Test Patients
============================================================
     Patient    Baseline   Converted     Delta
  ----------------------------------------------
        0007      0.6133      0.3200   -0.2933
        0011      0.7222      0.3268   -0.3953
        0026      0.6901      0.1630   -0.5271
        0042      0.6307      0.3065   -0.3242
        0062      0.5517      0.1126   -0.4392
        0063      0.7034      0.2447   -0.4587
        0078      0.4783      0.5044   +0.0260
        0080      0.4544      0.5281   +0.0737
        0081      0.6271      0.2970   -0.3301
        0087      0.7405      0.4433   -0.2972
        0089      0.6270      0.4425   -0.1845
        0092      0.7645      0.2287   -0.5358
        0099      0.7944      0.2037   -0.5907
        0108      0.2687      0.3840   +0.1153
        0109      0.7612      0.3585   -0.4028
        0111      0.5979      0.2209   -0.3769
        0112      0.7578      0.3925   -0.3654
        0125      0.7551      0.3272   -0.4279
        0129      0.7855      0.4722   -0.3133
        0137      0.7005      0.0953   -0.6052
        0144      0.6745      0.4392   -0.2353
        0145      0.6467      0.4680   -0.1787
        0147      0.8025      0.2747   -0.5278
  ----------------------------------------------
        Mean      0.6586      0.3284   -0.3302
         Std      0.1248      0.1206

Converted files saved to: /lustre06/project/6086959/sepharfi/VoiceConversion/Experiments/dla_vc/scripts/../converted_test
[W511 13:00:38.210303178 AllocatorConfig.cpp:28] Warning: PYTORCH_CUDA_ALLOC_CONF is deprecated, use PYTORCH_ALLOC_CONF instead (function operator())
Done!
