================================================
  DLA-VC + Audio Augmentation — Training
  Augmentation: pitch shift (+-2 st), time stretch (0.92-1.08),
  gain (+-3 dB), Gaussian noise. Same params per (pre, post) pair.
  Test patients (0045,0085,0110,0122,0132) excluded from training.
================================================
Device: cuda

Tonsill: 23 train/val patients, 282 total files
  Train: 20 patients, 243 files
  Val:   3 patients, 39 files
  Test:  held out: ['0045', '0085', '0110', '0122', '0132']
Loading WavLM-Large...
Loading weights:   0%|          | 0/488 [00:00<?, ?it/s]Loading weights: 100%|██████████| 488/488 [00:00<00:00, 39082.34it/s]
Using cache found in /home/sepharfi/.cache/torch/hub/bshall_knn-vc_master
/home/sepharfi/envs/myenv/lib/python3.11/site-packages/torch/nn/utils/weight_norm.py:144: FutureWarning: `torch.nn.utils.weight_norm` is deprecated in favor of `torch.nn.utils.parametrizations.weight_norm`.
  WeightNorm.apply(module, name, dim)
Could not parse CUDA device string 'cuda': not enough values to unpack (expected 2, got 1). Falling back to device 0.
  Train: 1114 same-patient (pre, post) segment pairs
  Val: 99 + 129 segments
DLA-VC params: 6,762,608
Loading kNN-VC vocoder...
Removing weight norm...
[HiFiGAN] Generator loaded with 16,523,393 parameters.
WavLM-Large loaded with 315,453,120 parameters.
Loading ECAPA-TDNN...
Pre-computing post-surgery ECAPA embeddings...
Epoch 1 [WARMUP] | Recon: 6.5801 | Conv: 0.0000 | Qshift: 0.0000 | VQ: 1.3937 | Perp: 2/32 | Cycle: 0.0025 | ECAPA_val: nan
Epoch 10 [WARMUP] | Recon: 2.5479 | Conv: 0.0000 | Qshift: 0.0000 | VQ: 1.2041 | Perp: 3/32 | Cycle: 0.0001 | ECAPA_val: nan
Epoch 20 [WARMUP] | Recon: 2.3226 | Conv: 0.0000 | Qshift: 0.0000 | VQ: 1.0416 | Perp: 7/32 | Cycle: 0.0000 | ECAPA_val: nan
Epoch 30 [WARMUP] | Recon: 2.2928 | Conv: 0.0000 | Qshift: 0.0000 | VQ: 0.9398 | Perp: 9/32 | Cycle: 0.0000 | ECAPA_val: nan
Epoch 40 [WARMUP] | Recon: 1.7845 | Conv: 0.0000 | Qshift: 0.0000 | VQ: 0.7470 | Perp: 12/32 | Cycle: 0.0000 | ECAPA_val: nan
Epoch 50 [WARMUP] | Recon: 1.9096 | Conv: 0.0000 | Qshift: 0.0000 | VQ: 0.5942 | Perp: 15/32 | Cycle: 0.0000 | ECAPA_val: nan
Epoch 60 [WARMUP] | Recon: 1.7745 | Conv: 0.0000 | Qshift: 0.0000 | VQ: 0.4657 | Perp: 17/32 | Cycle: 0.0000 | ECAPA_val: nan
  -> Saved (epoch 61, ECAPA_val=0.7664)
  -> Saved (epoch 62, ECAPA_val=0.7267)
  -> Saved (epoch 63, ECAPA_val=0.7262)
  -> Saved (epoch 64, ECAPA_val=0.7047)
  -> Saved (epoch 65, ECAPA_val=0.6821)
  -> Saved (epoch 66, ECAPA_val=0.6513)
  -> Saved (epoch 68, ECAPA_val=0.6507)
Epoch 70 | Recon: 1.9399 | Conv: 5.6633 | Qshift: 0.1679 | VQ: 0.2898 | Perp: 23/32 | Cycle: 0.0001 | ECAPA_val: 0.6449
  -> Saved (epoch 70, ECAPA_val=0.6449)
  -> Saved (epoch 72, ECAPA_val=0.6443)
  -> Saved (epoch 77, ECAPA_val=0.6063)
Epoch 80 | Recon: 2.5438 | Conv: 7.3658 | Qshift: 0.2572 | VQ: 0.3095 | Perp: 22/32 | Cycle: 0.0028 | ECAPA_val: 0.6546
Epoch 90 | Recon: 1.9912 | Conv: 6.3262 | Qshift: 0.2480 | VQ: 0.3438 | Perp: 21/32 | Cycle: 0.0018 | ECAPA_val: 0.6428
Epoch 100 | Recon: 2.0333 | Conv: 6.0969 | Qshift: 0.1698 | VQ: 0.3620 | Perp: 20/32 | Cycle: 0.0015 | ECAPA_val: 0.6639
Epoch 110 | Recon: 2.2132 | Conv: 6.3136 | Qshift: 0.1611 | VQ: 0.3504 | Perp: 20/32 | Cycle: 0.0015 | ECAPA_val: 0.6938
  Patience exhausted but continuing (epoch 117<150)
Epoch 120 | Recon: 1.6221 | Conv: 4.7094 | Qshift: 0.1965 | VQ: 0.3409 | Perp: 21/32 | Cycle: 0.0013 | ECAPA_val: 0.6976
Traceback (most recent call last):
  File "/lustre06/project/6086959/sepharfi/VoiceConversion/Experiments/dla_vc/scripts/train_split.py", line 721, in <module>
    main()
  File "/lustre06/project/6086959/sepharfi/VoiceConversion/Experiments/dla_vc/scripts/train_split.py", line 433, in main
    hidden_all, target_all = wavlm.extract(audio_all)
                             ^^^^^^^^^^^^^^^^^^^^^^^^
  File "/home/sepharfi/envs/myenv/lib/python3.11/site-packages/torch/utils/_contextlib.py", line 120, in decorate_context
    return func(*args, **kwargs)
           ^^^^^^^^^^^^^^^^^^^^^
  File "/lustre06/project/6086959/sepharfi/VoiceConversion/Experiments/dla_vc/scripts/train_split.py", line 89, in extract
    outputs = self.model(audio_batch.to(self.device), output_hidden_states=True)
              ^^^^^^^^^^^^^^^^^^^^^^^^^^^^^^^^^^^^^^^^^^^^^^^^^^^^^^^^^^^^^^^^^^
  File "/home/sepharfi/envs/myenv/lib/python3.11/site-packages/torch/nn/modules/module.py", line 1775, in _wrapped_call_impl
    return self._call_impl(*args, **kwargs)
           ^^^^^^^^^^^^^^^^^^^^^^^^^^^^^^^^
  File "/home/sepharfi/envs/myenv/lib/python3.11/site-packages/torch/nn/modules/module.py", line 1786, in _call_impl
    return forward_call(*args, **kwargs)
           ^^^^^^^^^^^^^^^^^^^^^^^^^^^^^
  File "/home/sepharfi/envs/myenv/lib/python3.11/site-packages/transformers/models/wavlm/modeling_wavlm.py", line 1060, in forward
    extract_features = self.feature_extractor(input_values)
                       ^^^^^^^^^^^^^^^^^^^^^^^^^^^^^^^^^^^^
  File "/home/sepharfi/envs/myenv/lib/python3.11/site-packages/torch/nn/modules/module.py", line 1775, in _wrapped_call_impl
    return self._call_impl(*args, **kwargs)
           ^^^^^^^^^^^^^^^^^^^^^^^^^^^^^^^^
  File "/home/sepharfi/envs/myenv/lib/python3.11/site-packages/torch/nn/modules/module.py", line 1786, in _call_impl
    return forward_call(*args, **kwargs)
           ^^^^^^^^^^^^^^^^^^^^^^^^^^^^^
  File "/home/sepharfi/envs/myenv/lib/python3.11/site-packages/transformers/models/wavlm/modeling_wavlm.py", line 787, in forward
    hidden_states = conv_layer(hidden_states)
                    ^^^^^^^^^^^^^^^^^^^^^^^^^
  File "/home/sepharfi/envs/myenv/lib/python3.11/site-packages/transformers/modeling_layers.py", line 93, in __call__
    return super().__call__(*args, **kwargs)
           ^^^^^^^^^^^^^^^^^^^^^^^^^^^^^^^^^
  File "/home/sepharfi/envs/myenv/lib/python3.11/site-packages/torch/nn/modules/module.py", line 1775, in _wrapped_call_impl
    return self._call_impl(*args, **kwargs)
           ^^^^^^^^^^^^^^^^^^^^^^^^^^^^^^^^
  File "/home/sepharfi/envs/myenv/lib/python3.11/site-packages/torch/nn/modules/module.py", line 1786, in _call_impl
    return forward_call(*args, **kwargs)
           ^^^^^^^^^^^^^^^^^^^^^^^^^^^^^
  File "/home/sepharfi/envs/myenv/lib/python3.11/site-packages/transformers/models/wavlm/modeling_wavlm.py", line 723, in forward
    hidden_states = self.layer_norm(hidden_states)
                    ^^^^^^^^^^^^^^^^^^^^^^^^^^^^^^
  File "/home/sepharfi/envs/myenv/lib/python3.11/site-packages/torch/nn/modules/module.py", line 1775, in _wrapped_call_impl
    return self._call_impl(*args, **kwargs)
           ^^^^^^^^^^^^^^^^^^^^^^^^^^^^^^^^
  File "/home/sepharfi/envs/myenv/lib/python3.11/site-packages/torch/nn/modules/module.py", line 1786, in _call_impl
    return forward_call(*args, **kwargs)
           ^^^^^^^^^^^^^^^^^^^^^^^^^^^^^
  File "/home/sepharfi/envs/myenv/lib/python3.11/site-packages/torch/nn/modules/normalization.py", line 229, in forward
    return F.layer_norm(
           ^^^^^^^^^^^^^
  File "/home/sepharfi/envs/myenv/lib/python3.11/site-packages/torch/nn/functional.py", line 2901, in layer_norm
    return torch.layer_norm(
           ^^^^^^^^^^^^^^^^^
torch.OutOfMemoryError: CUDA out of memory. Tried to allocate 126.00 MiB. GPU 0 has a total capacity of 19.62 GiB of which 135.00 MiB is free. Process 1005882 has 220.00 MiB memory in use. Process 1006580 has 18.00 GiB memory in use. Including non-PyTorch memory, this process has 19.37 GiB memory in use. Of the allocated memory 18.88 GiB is allocated by PyTorch, and 205.35 MiB is reserved by PyTorch but unallocated. If reserved but unallocated memory is large try setting PYTORCH_CUDA_ALLOC_CONF=expandable_segments:True to avoid fragmentation.  See documentation for Memory Management  (https://pytorch.org/docs/stable/notes/cuda.html#environment-variables)
[W511 12:55:07.805503063 AllocatorConfig.cpp:28] Warning: PYTORCH_CUDA_ALLOC_CONF is deprecated, use PYTORCH_ALLOC_CONF instead (function operator())

================================================
  DLA-VC + Aug — Evaluation
================================================
Using cache found in /home/sepharfi/.cache/torch/hub/bshall_knn-vc_master
/home/sepharfi/envs/myenv/lib/python3.11/site-packages/torch/nn/utils/weight_norm.py:144: FutureWarning: `torch.nn.utils.weight_norm` is deprecated in favor of `torch.nn.utils.parametrizations.weight_norm`.
  WeightNorm.apply(module, name, dim)
Device: cuda
Removing weight norm...
[HiFiGAN] Generator loaded with 16,523,393 parameters.
WavLM-Large loaded with 315,453,120 parameters.
[HiFi-GAN] Using STOCK bshall/knn-vc HiFi-GAN (FORCE_STOCK_VOCODER env var set). Numbers in this run are not directly comparable to runs that used the CUCO-fine-tuned vocoder.
[DLA-VC] Loaded: epoch=76  avg_quality_post shape=torch.Size([1, 192])  q_shift available=True
Loading WavLM-Large...
Loading weights:   0%|          | 0/488 [00:00<?, ?it/s]Loading weights: 100%|██████████| 488/488 [00:00<00:00, 38798.60it/s]
Could not parse CUDA device string 'cuda': not enough values to unpack (expected 2, got 1). Falling back to device 0.

Evaluating on 5 test patients: ['0045', '0085', '0110', '0122', '0132']

Loading ECAPA-TDNN...

============================================================
  DLA-VC — ECAPA Evaluation on Test Patients
============================================================
     Patient    Baseline   Converted     Delta
  ----------------------------------------------
        0045      0.7303      0.5503   -0.1800
        0085      0.7238      0.6657   -0.0581
        0110      0.6513      0.5509   -0.1004
        0122      0.7743      0.4773   -0.2971
        0132      0.4736      0.6320   +0.1584
  ----------------------------------------------
        Mean      0.6707      0.5752   -0.0954
         Std      0.1061      0.0666

Evaluating on 23 training patients...

============================================================
  DLA-VC [TRAIN SET] — ECAPA Evaluation on Test Patients
============================================================
     Patient    Baseline   Converted     Delta
  ----------------------------------------------
        0007      0.6133      0.3128   -0.3005
        0011      0.7222      0.3235   -0.3987
        0026      0.6901      0.1582   -0.5319
        0042      0.6307      0.3510   -0.2797
        0062      0.5517      0.0768   -0.4750
        0063      0.7034      0.2115   -0.4919
        0078      0.4783      0.4829   +0.0046
        0080      0.4544      0.5223   +0.0679
        0081      0.6271      0.3046   -0.3225
        0087      0.7405      0.3718   -0.3687
        0089      0.6270      0.3929   -0.2342
        0092      0.7645      0.2729   -0.4916
        0099      0.7944      0.2182   -0.5762
        0108      0.2687      0.3495   +0.0808
        0109      0.7612      0.3340   -0.4272
        0111      0.5979      0.2113   -0.3866
        0112      0.7578      0.2998   -0.4580
        0125      0.7551      0.3060   -0.4491
        0129      0.7855      0.4420   -0.3435
        0137      0.7005      0.1103   -0.5902
        0144      0.6745      0.4104   -0.2641
        0145      0.6467      0.4267   -0.2200
        0147      0.8025      0.2969   -0.5056
  ----------------------------------------------
        Mean      0.6586      0.3124   -0.3462
         Std      0.1248      0.1098

Converted files saved to: /lustre06/project/6086959/sepharfi/VoiceConversion/Experiments/dla_vc/scripts/../converted_test
[W511 12:58:08.996458479 AllocatorConfig.cpp:28] Warning: PYTORCH_CUDA_ALLOC_CONF is deprecated, use PYTORCH_ALLOC_CONF instead (function operator())
Done!
