
The following have been reloaded with a version change:
  1) python/3.11.5 => python/3.10.13

==========================================
  DLA-VC — Train/Test Split
==========================================
Device: cuda

Tonsill: 28 patients | train=20, val=3, test=5
Test: ['Tonsill_ses1_speech_0085', 'Tonsill_ses1_speech_0109', 'Tonsill_ses1_speech_0111', 'Tonsill_ses1_speech_0125', 'Tonsill_ses1_speech_0147']
Loading WavLM-Large...
Loading weights:   0%|          | 0/488 [00:00<?, ?it/s]Loading weights: 100%|██████████| 488/488 [00:00<00:00, 52658.10it/s]
Using cache found in /home/sepharfi/.cache/torch/hub/bshall_knn-vc_master
/project/6086959/sepehr/VoiceConversion/.env/lib/python3.11/site-packages/torch/nn/utils/weight_norm.py:144: FutureWarning: `torch.nn.utils.weight_norm` is deprecated in favor of `torch.nn.utils.parametrizations.weight_norm`.
  WeightNorm.apply(module, name, dim)
Warning: You are sending unauthenticated requests to the HF Hub. Please set a HF_TOKEN to enable higher rate limits and faster downloads.
Could not parse CUDA device string 'cuda': not enough values to unpack (expected 2, got 1). Falling back to device 0.
  Train: 956 pre + 907 post segments
  Val: 71 + 54 segments
DLA-VC params: 6,409,328
Loading kNN-VC vocoder...
Removing weight norm...
[HiFiGAN] Generator loaded with 16,523,393 parameters.
WavLM-Large loaded with 315,453,120 parameters.
Loading ECAPA-TDNN...
Pre-computing post-surgery ECAPA embeddings...
Epoch 1 [WARMUP] | Recon: 0.0106 | VQ: 1.3263 | Perp: 2/32 | ECAPA_l: 0.0000 | Val: 0.0002
Epoch 10 [WARMUP] | Recon: 0.0099 | VQ: 1.1919 | Perp: 3/32 | ECAPA_l: 0.0000 | Val: 0.0002
Epoch 20 [WARMUP] | Recon: 0.0095 | VQ: 1.1249 | Perp: 4/32 | ECAPA_l: 0.0000 | Val: 0.0005
Epoch 30 [WARMUP] | Recon: 0.0094 | VQ: 1.1244 | Perp: 4/32 | ECAPA_l: 0.0000 | Val: 0.0005
Epoch 40 | Recon: 0.0103 | VQ: 0.7976 | Perp: 7/32 | ECAPA_l: 1.0253 | Val: 0.0002
Epoch 50 | Recon: 0.0104 | VQ: 0.7589 | Perp: 7/32 | ECAPA_l: 0.8274 | Val: 0.0004
Epoch 60 | Recon: 0.0107 | VQ: 0.7347 | Perp: 7/32 | ECAPA_l: 0.9286 | Val: 0.0008
Epoch 70 | Recon: 0.0107 | VQ: 0.7226 | Perp: 8/32 | ECAPA_l: 0.8205 | Val: 0.0008
Epoch 80 | Recon: 0.0105 | VQ: 0.7363 | Perp: 7/32 | ECAPA_l: 0.8320 | Val: 0.0005
  Patience exhausted but continuing (ECAPA=0.798>0.25, epoch 87<150)
Epoch 90 | Recon: 0.0116 | VQ: 0.7097 | Perp: 8/32 | ECAPA_l: 0.8750 | Val: 0.0028
Epoch 100 | Recon: 0.0112 | VQ: 0.6951 | Perp: 8/32 | ECAPA_l: 0.8718 | Val: 0.0010
Epoch 110 | Recon: 0.0109 | VQ: 0.6999 | Perp: 8/32 | ECAPA_l: 0.8504 | Val: 0.0012
Epoch 120 | Recon: 0.0121 | VQ: 0.7096 | Perp: 8/32 | ECAPA_l: 0.8766 | Val: 0.0021
  Patience exhausted but continuing (ECAPA=0.764>0.25, epoch 127<150)
Epoch 130 | Recon: 0.0138 | VQ: 0.7497 | Perp: 7/32 | ECAPA_l: 0.8351 | Val: 0.0044
Epoch 140 | Recon: 0.0216 | VQ: 0.7577 | Perp: 7/32 | ECAPA_l: 0.7411 | Val: 0.0098
slurmstepd: error: *** JOB 11099300 ON g25 CANCELLED AT 2026-03-27T16:41:01 DUE TO TIME LIMIT ***
