
The following have been reloaded with a version change:
  1) python/3.11.5 => python/3.10.13

Warning: You are sending unauthenticated requests to the HF Hub. Please set a HF_TOKEN to enable higher rate limits and faster downloads.
Computing baseline for Contr (pre vs post)...
  [Loaded ECAPA-TDNN speaker encoder]
  Contr_ses1_speech_0012: 0.811
  Contr_ses1_speech_0013: 0.839
  Contr_ses1_speech_0014: 0.709
  Contr_ses1_speech_0051: 0.926
  Contr_ses1_speech_0052: 0.864
  Contr_ses1_speech_0053: 0.922
  Contr_ses1_speech_0058: 0.824
  Contr_ses1_speech_0059: 0.922
  Contr_ses1_speech_0069: 0.921
  Contr_ses1_speech_0070: 0.826
  Contr_ses1_speech_0071: 0.918
  Contr_ses1_speech_0072: 0.914
  Contr_ses1_speech_0093: 0.865
  Contr_ses1_speech_0094: 0.871
  Contr_ses1_speech_0101: 0.879
  Contr_ses1_speech_0102: 0.953
  Contr_ses1_speech_0103: 0.958
  Contr_ses1_speech_0104: 0.882
  Contr_ses1_speech_0106: 0.946
  Contr_ses1_speech_0113: 0.889
  Contr_ses1_speech_0114: 0.926
  Contr_ses1_speech_0126: 0.907
  Contr_ses1_speech_0128: 0.918
  Contr_ses1_speech_0134: 0.833
  Contr_ses1_speech_0135: 0.915
  Contr_ses1_speech_0141: 0.934
  Contr_ses1_speech_0142: 0.935
  Contr_ses1_speech_0143: 0.796
  Baseline Contr: 0.886 +/- 0.056

Computing baseline for Fess (pre vs post)...
  FESS_ses1_speech_0017: 0.823
  FESS_ses1_speech_0029: 0.875
  FESS_ses1_speech_0030: 0.572
  FESS_ses1_speech_0032: 0.813
  FESS_ses1_speech_0036: 0.902
  FESS_ses1_speech_0040: 0.753
  FESS_ses1_speech_0043: 0.895
  FESS_ses1_speech_0046: 0.794
  FESS_ses1_speech_0049: 0.883
  FESS_ses1_speech_0055: 0.901
  FESS_ses1_speech_0057: 0.798
  FESS_ses1_speech_0084: 0.764
  FESS_ses1_speech_0086: 0.803
  FESS_ses1_speech_0088: 0.886
  FESS_ses1_speech_0095: 0.771
  FESS_ses1_speech_0096: 0.844
  FESS_ses1_speech_0107: 0.762
  FESS_ses1_speech_0115: 0.816
  FESS_ses1_speech_0116: 0.954
  FESS_ses1_speech_0117: 0.901
  FESS_ses1_speech_0118: 0.868
  FESS_ses1_speech_0119: 0.886
  FESS_ses1_speech_0120: 0.805
  FESS_ses1_speech_0121: 0.727
  FESS_ses1_speech_0123: 0.787
  FESS_ses1_speech_0124: 0.886
  FESS_ses1_speech_0130: 0.888
  Baseline Fess: 0.828 +/- 0.076

Computing baseline for Sept (pre vs post)...
  Sept_0005: 0.887
  Sept_0008: 0.925
  Sept_0010: 0.746
  Sept_0016: 0.791
  Sept_0018: 0.895
  Sept_0023: 0.869
  Sept_0024: 0.789
  Sept_0025: 0.871
  Sept_0027: 0.902
  Sept_0031: 0.833
  Sept_0033: 0.829
  Sept_0034: 0.751
  Sept_0037: 0.860
  Sept_0038: 0.697
  Sept_0039: 0.818
  Sept_0044: 0.753
  Sept_0048: 0.898
  Sept_0050: 0.673
  Sept_0054: 0.852
  Sept_0061: 0.847
  Sept_0064: 0.903
  Sept_0066: 0.929
  Sept_0068: 0.824
  Sept_0074: 0.849
  Sept_0075: 0.734
  Sept_0076: 0.899
  Sept_0077: 0.846
  Sept_0079: 0.820
  Sept_0082: 0.825
  Sept_0083: 0.813
  Sept_0090: 0.837
  Sept_0091: 0.728
  Baseline Sept: 0.828 +/- 0.065

Computing baseline for Tonsill (pre vs post)...
  Tonsill_ses1_speech_0007: 0.617
  Tonsill_ses1_speech_0011: 0.726
  Tonsill_ses1_speech_0026: 0.693
  Tonsill_ses1_speech_0042: 0.629
  Tonsill_ses1_speech_0045: 0.724
  Tonsill_ses1_speech_0062: 0.554
  Tonsill_ses1_speech_0063: 0.711
  Tonsill_ses1_speech_0078: 0.487
  Tonsill_ses1_speech_0080: 0.450
  Tonsill_ses1_speech_0081: 0.628
  Tonsill_ses1_speech_0085: 0.722
  Tonsill_ses1_speech_0087: 0.728
  Tonsill_ses1_speech_0089: 0.641
  Tonsill_ses1_speech_0092: 0.751
  Tonsill_ses1_speech_0099: 0.792
  Tonsill_ses1_speech_0108: 0.282
  Tonsill_ses1_speech_0109: 0.765
  Tonsill_ses1_speech_0110: 0.658
  Tonsill_ses1_speech_0111: 0.597
  Tonsill_ses1_speech_0112: 0.753
  Tonsill_ses1_speech_0122: 0.773
  Tonsill_ses1_speech_0125: 0.758
  Tonsill_ses1_speech_0129: 0.780
  Tonsill_ses1_speech_0132: 0.477
  Tonsill_ses1_speech_0137: 0.698
  Tonsill_ses1_speech_0144: 0.677
  Tonsill_ses1_speech_0145: 0.655
  Tonsill_ses1_speech_0147: 0.796
  Baseline Tonsill: 0.661 +/- 0.118

Computing post vs converted for kNN-VC / Tonsill...
  Tonsill_ses1_speech_0007: 0.743
  Tonsill_ses1_speech_0011: 0.799
  Tonsill_ses1_speech_0026: 0.673
  Tonsill_ses1_speech_0042: 0.736
  Tonsill_ses1_speech_0045: 0.875
  Tonsill_ses1_speech_0062: 0.778
  Tonsill_ses1_speech_0063: 0.734
  Tonsill_ses1_speech_0078: 0.638
  Tonsill_ses1_speech_0080: 0.491
  Tonsill_ses1_speech_0081: 0.565
  Tonsill_ses1_speech_0085: 0.705
  Tonsill_ses1_speech_0087: 0.824
  Tonsill_ses1_speech_0089: 0.639
  Tonsill_ses1_speech_0092: 0.727
  Tonsill_ses1_speech_0099: 0.673
  Tonsill_ses1_speech_0108: 0.624
  Tonsill_ses1_speech_0109: 0.737
  Tonsill_ses1_speech_0110: 0.811
  Tonsill_ses1_speech_0111: 0.665
  Tonsill_ses1_speech_0112: 0.751
  Tonsill_ses1_speech_0122: 0.799
  Tonsill_ses1_speech_0125: 0.677
  Tonsill_ses1_speech_0129: 0.791
  Tonsill_ses1_speech_0132: 0.738
  Tonsill_ses1_speech_0137: 0.624
  Tonsill_ses1_speech_0144: 0.630
  Tonsill_ses1_speech_0145: 0.657
  Tonsill_ses1_speech_0147: 0.779
  kNN-VC Tonsill post-vs-conv: 0.710 +/- 0.084

Computing post vs converted for Mean-Shift / Tonsill...
  Tonsill_ses1_speech_0007: 0.576
  Tonsill_ses1_speech_0011: 0.617
  Tonsill_ses1_speech_0026: 0.608
  Tonsill_ses1_speech_0042: 0.584
  Tonsill_ses1_speech_0045: 0.713
  Tonsill_ses1_speech_0062: 0.591
  Tonsill_ses1_speech_0063: 0.672
  Tonsill_ses1_speech_0078: 0.493
  Tonsill_ses1_speech_0080: 0.452
  Tonsill_ses1_speech_0081: 0.604
  Tonsill_ses1_speech_0085: 0.696
  Tonsill_ses1_speech_0087: 0.753
  Tonsill_ses1_speech_0089: 0.560
  Tonsill_ses1_speech_0092: 0.649
  Tonsill_ses1_speech_0099: 0.712
  Tonsill_ses1_speech_0108: 0.356
  Tonsill_ses1_speech_0109: 0.730
  Tonsill_ses1_speech_0110: 0.687
  Tonsill_ses1_speech_0111: 0.606
  Tonsill_ses1_speech_0112: 0.752
  Tonsill_ses1_speech_0122: 0.756
  Tonsill_ses1_speech_0125: 0.707
  Tonsill_ses1_speech_0129: 0.816
  Tonsill_ses1_speech_0132: 0.564
  Tonsill_ses1_speech_0137: 0.641
  Tonsill_ses1_speech_0144: 0.596
  Tonsill_ses1_speech_0145: 0.669
  Tonsill_ses1_speech_0147: 0.715
  Mean-Shift Tonsill post-vs-conv: 0.638 +/- 0.098

Computing post vs converted for MKL-VC / Tonsill...
  Tonsill_ses1_speech_0007: 0.581
  Tonsill_ses1_speech_0011: 0.617
  Tonsill_ses1_speech_0026: 0.613
  Tonsill_ses1_speech_0042: 0.590
  Tonsill_ses1_speech_0045: 0.714
  Tonsill_ses1_speech_0062: 0.596
  Tonsill_ses1_speech_0063: 0.672
  Tonsill_ses1_speech_0078: 0.495
  Tonsill_ses1_speech_0080: 0.460
  Tonsill_ses1_speech_0081: 0.609
  Tonsill_ses1_speech_0085: 0.699
  Tonsill_ses1_speech_0087: 0.756
  Tonsill_ses1_speech_0089: 0.558
  Tonsill_ses1_speech_0092: 0.647
  Tonsill_ses1_speech_0099: 0.719
  Tonsill_ses1_speech_0108: 0.365
  Tonsill_ses1_speech_0109: 0.735
  Tonsill_ses1_speech_0110: 0.695
  Tonsill_ses1_speech_0111: 0.607
  Tonsill_ses1_speech_0112: 0.755
  Tonsill_ses1_speech_0122: 0.755
  Tonsill_ses1_speech_0125: 0.706
  Tonsill_ses1_speech_0129: 0.819
  Tonsill_ses1_speech_0132: 0.571
  Tonsill_ses1_speech_0137: 0.645
  Tonsill_ses1_speech_0144: 0.606
  Tonsill_ses1_speech_0145: 0.672
  Tonsill_ses1_speech_0147: 0.715
  MKL-VC Tonsill post-vs-conv: 0.642 +/- 0.097

Computing post vs converted for VQVAE-WavLM (Exp5) / Tonsill...
  Tonsill_ses1_speech_0007: 0.413
  Tonsill_ses1_speech_0011: 0.367
  Tonsill_ses1_speech_0026: 0.238
  Tonsill_ses1_speech_0042: 0.454
  Tonsill_ses1_speech_0045: 0.524
  Tonsill_ses1_speech_0062: 0.163
  Tonsill_ses1_speech_0063: 0.255
  Tonsill_ses1_speech_0078: 0.565
  Tonsill_ses1_speech_0080: 0.423
  Tonsill_ses1_speech_0081: 0.324
  Tonsill_ses1_speech_0085: 0.355
  Tonsill_ses1_speech_0087: 0.512
  Tonsill_ses1_speech_0089: 0.458
  Tonsill_ses1_speech_0092: 0.336
  Tonsill_ses1_speech_0099: 0.231
  Tonsill_ses1_speech_0108: 0.452
  Tonsill_ses1_speech_0109: 0.448
  Tonsill_ses1_speech_0110: 0.565
  Tonsill_ses1_speech_0111: 0.174
  Tonsill_ses1_speech_0112: 0.512
  Tonsill_ses1_speech_0122: 0.396
  Tonsill_ses1_speech_0125: 0.375
  Tonsill_ses1_speech_0129: 0.496
  Tonsill_ses1_speech_0132: 0.500
  Tonsill_ses1_speech_0137: 0.151
  Tonsill_ses1_speech_0144: 0.445
  Tonsill_ses1_speech_0145: 0.512
  Tonsill_ses1_speech_0147: 0.375
  VQVAE-WavLM (Exp5) Tonsill post-vs-conv: 0.394 +/- 0.119

Computing post vs converted for UNet-VC / Tonsill...
  Tonsill_ses1_speech_0007: 0.771
  Tonsill_ses1_speech_0011: 0.836
  Tonsill_ses1_speech_0026: 0.709
  Tonsill_ses1_speech_0042: 0.740
  Tonsill_ses1_speech_0045: 0.842
  Tonsill_ses1_speech_0062: 0.655
  Tonsill_ses1_speech_0063: 0.806
  Tonsill_ses1_speech_0078: 0.810
  Tonsill_ses1_speech_0080: 0.777
  Tonsill_ses1_speech_0081: 0.799
  Tonsill_ses1_speech_0085: 0.819
  Tonsill_ses1_speech_0087: 0.856
  Tonsill_ses1_speech_0089: 0.757
  Tonsill_ses1_speech_0092: 0.693
  Tonsill_ses1_speech_0099: 0.746
  Tonsill_ses1_speech_0108: 0.816
  Tonsill_ses1_speech_0109: 0.832
  Tonsill_ses1_speech_0110: 0.857
  Tonsill_ses1_speech_0111: 0.772
  Tonsill_ses1_speech_0112: 0.784
  Tonsill_ses1_speech_0122: 0.704
  Tonsill_ses1_speech_0125: 0.767
  Tonsill_ses1_speech_0129: 0.894
  Tonsill_ses1_speech_0132: 0.844
  Tonsill_ses1_speech_0137: 0.798
  Tonsill_ses1_speech_0144: 0.820
  Tonsill_ses1_speech_0145: 0.844
  Tonsill_ses1_speech_0147: 0.828
  UNet-VC Tonsill post-vs-conv: 0.792 +/- 0.055


============================================================
  Baseline Speaker Similarity (ECAPA-TDNN) — Pre vs Post
  Higher = more similar voice identity across sessions
============================================================
  Contr                           0.886 +/- 0.056  (n=28)
  Fess                            0.828 +/- 0.076  (n=27)
  Sept                            0.828 +/- 0.065  (n=32)
  Tonsill                         0.661 +/- 0.118  (n=28)
============================================================

======================================================================
  Post vs Converted Speaker Similarity (ECAPA-TDNN)
  Higher = converted voice still sounds like post-surgery voice
======================================================================
  Method                     Tonsill     
  -----------------------------------------------------------------
  kNN-VC                     0.710+/-0.084
  Mean-Shift                 0.638+/-0.098
  MKL-VC                     0.642+/-0.097
  VQVAE-WavLM (Exp5)         0.394+/-0.119
  UNet-VC                    0.792+/-0.055
======================================================================
