Lmod has detected the following error: These module(s) or extension(s) exist
but cannot be loaded as requested: "cuda/11.8"
   Try: "module spider cuda/11.8" to see how to load the module(s).



Using cache found in /home/sepharfi/.cache/torch/hub/bshall_knn-vc_master
/project/6086959/sepehr/VoiceConversion/.venv/lib/python3.11/site-packages/torch/nn/utils/weight_norm.py:144: FutureWarning: `torch.nn.utils.weight_norm` is deprecated in favor of `torch.nn.utils.parametrizations.weight_norm`.
  WeightNorm.apply(module, name, dim)
Device: cuda
Loading kNN-VC...
Removing weight norm...
[HiFiGAN] Generator loaded with 16,523,393 parameters.
WavLM-Large loaded with 315,453,120 parameters.
Loading matching set: /project/6086959/sepehr/VoiceConversion/knn_vc/scripts/../matching_sets/post_surgery_matching_set.pt
  83,437 frames (27.8 min of post-surgery speech)
Found 28 wav files to convert

resample 44100 to 16000 in /home/sepharfi/projects/def-zshakeri/sepehr/CUCO/data_final/Audios/Tonsill/Speech/1/Tonsill_ses1_speech_0007.wav
  Tonsill_ses1_speech_0007.wav → Tonsill_ses1_speech_0007.wav (69.0s)
resample 44100 to 16000 in /home/sepharfi/projects/def-zshakeri/sepehr/CUCO/data_final/Audios/Tonsill/Speech/1/Tonsill_ses1_speech_0011.wav
  Tonsill_ses1_speech_0011.wav → Tonsill_ses1_speech_0011.wav (72.0s)
resample 44100 to 16000 in /home/sepharfi/projects/def-zshakeri/sepehr/CUCO/data_final/Audios/Tonsill/Speech/1/Tonsill_ses1_speech_0026.wav
  Tonsill_ses1_speech_0026.wav → Tonsill_ses1_speech_0026.wav (50.5s)
resample 44100 to 16000 in /home/sepharfi/projects/def-zshakeri/sepehr/CUCO/data_final/Audios/Tonsill/Speech/1/Tonsill_ses1_speech_0042.wav
  Tonsill_ses1_speech_0042.wav → Tonsill_ses1_speech_0042.wav (69.1s)
resample 44100 to 16000 in /home/sepharfi/projects/def-zshakeri/sepehr/CUCO/data_final/Audios/Tonsill/Speech/1/Tonsill_ses1_speech_0045.wav
  Tonsill_ses1_speech_0045.wav → Tonsill_ses1_speech_0045.wav (66.7s)
resample 44100 to 16000 in /home/sepharfi/projects/def-zshakeri/sepehr/CUCO/data_final/Audios/Tonsill/Speech/1/Tonsill_ses1_speech_0062.wav
  Tonsill_ses1_speech_0062.wav → Tonsill_ses1_speech_0062.wav (56.7s)
resample 44100 to 16000 in /home/sepharfi/projects/def-zshakeri/sepehr/CUCO/data_final/Audios/Tonsill/Speech/1/Tonsill_ses1_speech_0063.wav
  Tonsill_ses1_speech_0063.wav → Tonsill_ses1_speech_0063.wav (59.6s)
resample 44100 to 16000 in /home/sepharfi/projects/def-zshakeri/sepehr/CUCO/data_final/Audios/Tonsill/Speech/1/Tonsill_ses1_speech_0078.wav
  Tonsill_ses1_speech_0078.wav → Tonsill_ses1_speech_0078.wav (73.1s)
resample 44100 to 16000 in /home/sepharfi/projects/def-zshakeri/sepehr/CUCO/data_final/Audios/Tonsill/Speech/1/Tonsill_ses1_speech_0080.wav
  Tonsill_ses1_speech_0080.wav → Tonsill_ses1_speech_0080.wav (60.3s)
resample 44100 to 16000 in /home/sepharfi/projects/def-zshakeri/sepehr/CUCO/data_final/Audios/Tonsill/Speech/1/Tonsill_ses1_speech_0081.wav
  Tonsill_ses1_speech_0081.wav → Tonsill_ses1_speech_0081.wav (65.9s)
resample 44100 to 16000 in /home/sepharfi/projects/def-zshakeri/sepehr/CUCO/data_final/Audios/Tonsill/Speech/1/Tonsill_ses1_speech_0085.wav
  Tonsill_ses1_speech_0085.wav → Tonsill_ses1_speech_0085.wav (46.6s)
resample 44100 to 16000 in /home/sepharfi/projects/def-zshakeri/sepehr/CUCO/data_final/Audios/Tonsill/Speech/1/Tonsill_ses1_speech_0087.wav
  Tonsill_ses1_speech_0087.wav → Tonsill_ses1_speech_0087.wav (58.5s)
resample 44100 to 16000 in /home/sepharfi/projects/def-zshakeri/sepehr/CUCO/data_final/Audios/Tonsill/Speech/1/Tonsill_ses1_speech_0089.wav
  Tonsill_ses1_speech_0089.wav → Tonsill_ses1_speech_0089.wav (60.3s)
resample 44100 to 16000 in /home/sepharfi/projects/def-zshakeri/sepehr/CUCO/data_final/Audios/Tonsill/Speech/1/Tonsill_ses1_speech_0092.wav
  Tonsill_ses1_speech_0092.wav → Tonsill_ses1_speech_0092.wav (59.7s)
resample 44100 to 16000 in /home/sepharfi/projects/def-zshakeri/sepehr/CUCO/data_final/Audios/Tonsill/Speech/1/Tonsill_ses1_speech_0099.wav
  Tonsill_ses1_speech_0099.wav → Tonsill_ses1_speech_0099.wav (66.3s)
resample 44100 to 16000 in /home/sepharfi/projects/def-zshakeri/sepehr/CUCO/data_final/Audios/Tonsill/Speech/1/Tonsill_ses1_speech_0108.wav
  Tonsill_ses1_speech_0108.wav → Tonsill_ses1_speech_0108.wav (56.9s)
resample 44100 to 16000 in /home/sepharfi/projects/def-zshakeri/sepehr/CUCO/data_final/Audios/Tonsill/Speech/1/Tonsill_ses1_speech_0109.wav
  Tonsill_ses1_speech_0109.wav → Tonsill_ses1_speech_0109.wav (55.9s)
resample 44100 to 16000 in /home/sepharfi/projects/def-zshakeri/sepehr/CUCO/data_final/Audios/Tonsill/Speech/1/Tonsill_ses1_speech_0110.wav
  Tonsill_ses1_speech_0110.wav → Tonsill_ses1_speech_0110.wav (60.4s)
resample 44100 to 16000 in /home/sepharfi/projects/def-zshakeri/sepehr/CUCO/data_final/Audios/Tonsill/Speech/1/Tonsill_ses1_speech_0111.wav
  Tonsill_ses1_speech_0111.wav → Tonsill_ses1_speech_0111.wav (46.5s)
resample 44100 to 16000 in /home/sepharfi/projects/def-zshakeri/sepehr/CUCO/data_final/Audios/Tonsill/Speech/1/Tonsill_ses1_speech_0112.wav
  Tonsill_ses1_speech_0112.wav → Tonsill_ses1_speech_0112.wav (64.5s)
resample 44100 to 16000 in /home/sepharfi/projects/def-zshakeri/sepehr/CUCO/data_final/Audios/Tonsill/Speech/1/Tonsill_ses1_speech_0122.wav
  Tonsill_ses1_speech_0122.wav → Tonsill_ses1_speech_0122.wav (55.1s)
resample 44100 to 16000 in /home/sepharfi/projects/def-zshakeri/sepehr/CUCO/data_final/Audios/Tonsill/Speech/1/Tonsill_ses1_speech_0125.wav
  Tonsill_ses1_speech_0125.wav → Tonsill_ses1_speech_0125.wav (55.3s)
resample 44100 to 16000 in /home/sepharfi/projects/def-zshakeri/sepehr/CUCO/data_final/Audios/Tonsill/Speech/1/Tonsill_ses1_speech_0129.wav
  Tonsill_ses1_speech_0129.wav → Tonsill_ses1_speech_0129.wav (61.8s)
resample 44100 to 16000 in /home/sepharfi/projects/def-zshakeri/sepehr/CUCO/data_final/Audios/Tonsill/Speech/1/Tonsill_ses1_speech_0132.wav
  Tonsill_ses1_speech_0132.wav → Tonsill_ses1_speech_0132.wav (49.9s)
resample 44100 to 16000 in /home/sepharfi/projects/def-zshakeri/sepehr/CUCO/data_final/Audios/Tonsill/Speech/1/Tonsill_ses1_speech_0137.wav
  Tonsill_ses1_speech_0137.wav → Tonsill_ses1_speech_0137.wav (60.4s)
resample 44100 to 16000 in /home/sepharfi/projects/def-zshakeri/sepehr/CUCO/data_final/Audios/Tonsill/Speech/1/Tonsill_ses1_speech_0144.wav
  Tonsill_ses1_speech_0144.wav → Tonsill_ses1_speech_0144.wav (59.4s)
resample 44100 to 16000 in /home/sepharfi/projects/def-zshakeri/sepehr/CUCO/data_final/Audios/Tonsill/Speech/1/Tonsill_ses1_speech_0145.wav
  Tonsill_ses1_speech_0145.wav → Tonsill_ses1_speech_0145.wav (57.4s)
resample 44100 to 16000 in /home/sepharfi/projects/def-zshakeri/sepehr/CUCO/data_final/Audios/Tonsill/Speech/1/Tonsill_ses1_speech_0147.wav
  Tonsill_ses1_speech_0147.wav → Tonsill_ses1_speech_0147.wav (56.9s)

Done. Converted 28 files → ../knn_vc_converted
