
The following have been reloaded with a version change:
  1) python/3.11.5 => python/3.10.13

==========================================
  UNet-VC + ECAPA Loss — Train/Test Split
==========================================
Using cache found in /home/sepharfi/.cache/torch/hub/bshall_knn-vc_master
/project/6086959/sepehr/VoiceConversion/.env/lib/python3.11/site-packages/torch/nn/utils/weight_norm.py:144: FutureWarning: `torch.nn.utils.weight_norm` is deprecated in favor of `torch.nn.utils.parametrizations.weight_norm`.
  WeightNorm.apply(module, name, dim)
Warning: You are sending unauthenticated requests to the HF Hub. Please set a HF_TOKEN to enable higher rate limits and faster downloads.
Could not parse CUDA device string 'cuda': not enough values to unpack (expected 2, got 1). Falling back to device 0.
Device: cuda

Tonsill: 28 patients
  Test  (5): ['Tonsill_ses1_speech_0085', 'Tonsill_ses1_speech_0109', 'Tonsill_ses1_speech_0111', 'Tonsill_ses1_speech_0125', 'Tonsill_ses1_speech_0147']
  Train (20): 20 patients
  Val   (3):   ['Tonsill_ses1_speech_0108', 'Tonsill_ses1_speech_0112', 'Tonsill_ses1_speech_0137']

Loading kNN-VC (WavLM + HiFi-GAN)...
Removing weight norm...
[HiFiGAN] Generator loaded with 16,523,393 parameters.
WavLM-Large loaded with 315,453,120 parameters.
Loading ECAPA-TDNN (frozen speaker encoder)...

Extracting pre-surgery WavLM features...
resample 44100 to 16000 in /home/sepharfi/projects/def-zshakeri/sepehr/CUCO/data_final/Audios/Tonsill/Speech/1/Tonsill_ses1_speech_0007.wav
  Tonsill_ses1_speech_0007.wav: 3451 frames
resample 44100 to 16000 in /home/sepharfi/projects/def-zshakeri/sepehr/CUCO/data_final/Audios/Tonsill/Speech/1/Tonsill_ses1_speech_0011.wav
  Tonsill_ses1_speech_0011.wav: 3599 frames
resample 44100 to 16000 in /home/sepharfi/projects/def-zshakeri/sepehr/CUCO/data_final/Audios/Tonsill/Speech/1/Tonsill_ses1_speech_0026.wav
  Tonsill_ses1_speech_0026.wav: 2523 frames
resample 44100 to 16000 in /home/sepharfi/projects/def-zshakeri/sepehr/CUCO/data_final/Audios/Tonsill/Speech/1/Tonsill_ses1_speech_0042.wav
  Tonsill_ses1_speech_0042.wav: 3453 frames
resample 44100 to 16000 in /home/sepharfi/projects/def-zshakeri/sepehr/CUCO/data_final/Audios/Tonsill/Speech/1/Tonsill_ses1_speech_0045.wav
  Tonsill_ses1_speech_0045.wav: 3337 frames
resample 44100 to 16000 in /home/sepharfi/projects/def-zshakeri/sepehr/CUCO/data_final/Audios/Tonsill/Speech/1/Tonsill_ses1_speech_0062.wav
  Tonsill_ses1_speech_0062.wav: 2833 frames
resample 44100 to 16000 in /home/sepharfi/projects/def-zshakeri/sepehr/CUCO/data_final/Audios/Tonsill/Speech/1/Tonsill_ses1_speech_0063.wav
  Tonsill_ses1_speech_0063.wav: 2979 frames
resample 44100 to 16000 in /home/sepharfi/projects/def-zshakeri/sepehr/CUCO/data_final/Audios/Tonsill/Speech/1/Tonsill_ses1_speech_0078.wav
  Tonsill_ses1_speech_0078.wav: 3655 frames
resample 44100 to 16000 in /home/sepharfi/projects/def-zshakeri/sepehr/CUCO/data_final/Audios/Tonsill/Speech/1/Tonsill_ses1_speech_0080.wav
  Tonsill_ses1_speech_0080.wav: 3016 frames
resample 44100 to 16000 in /home/sepharfi/projects/def-zshakeri/sepehr/CUCO/data_final/Audios/Tonsill/Speech/1/Tonsill_ses1_speech_0081.wav
  Tonsill_ses1_speech_0081.wav: 3294 frames
resample 44100 to 16000 in /home/sepharfi/projects/def-zshakeri/sepehr/CUCO/data_final/Audios/Tonsill/Speech/1/Tonsill_ses1_speech_0085.wav
  Tonsill_ses1_speech_0085.wav: 2332 frames
resample 44100 to 16000 in /home/sepharfi/projects/def-zshakeri/sepehr/CUCO/data_final/Audios/Tonsill/Speech/1/Tonsill_ses1_speech_0087.wav
  Tonsill_ses1_speech_0087.wav: 2925 frames
resample 44100 to 16000 in /home/sepharfi/projects/def-zshakeri/sepehr/CUCO/data_final/Audios/Tonsill/Speech/1/Tonsill_ses1_speech_0089.wav
  Tonsill_ses1_speech_0089.wav: 3014 frames
resample 44100 to 16000 in /home/sepharfi/projects/def-zshakeri/sepehr/CUCO/data_final/Audios/Tonsill/Speech/1/Tonsill_ses1_speech_0092.wav
  Tonsill_ses1_speech_0092.wav: 2986 frames
resample 44100 to 16000 in /home/sepharfi/projects/def-zshakeri/sepehr/CUCO/data_final/Audios/Tonsill/Speech/1/Tonsill_ses1_speech_0099.wav
  Tonsill_ses1_speech_0099.wav: 3317 frames
resample 44100 to 16000 in /home/sepharfi/projects/def-zshakeri/sepehr/CUCO/data_final/Audios/Tonsill/Speech/1/Tonsill_ses1_speech_0108.wav
  Tonsill_ses1_speech_0108.wav: 2847 frames
resample 44100 to 16000 in /home/sepharfi/projects/def-zshakeri/sepehr/CUCO/data_final/Audios/Tonsill/Speech/1/Tonsill_ses1_speech_0109.wav
  Tonsill_ses1_speech_0109.wav: 2793 frames
resample 44100 to 16000 in /home/sepharfi/projects/def-zshakeri/sepehr/CUCO/data_final/Audios/Tonsill/Speech/1/Tonsill_ses1_speech_0110.wav
  Tonsill_ses1_speech_0110.wav: 3019 frames
resample 44100 to 16000 in /home/sepharfi/projects/def-zshakeri/sepehr/CUCO/data_final/Audios/Tonsill/Speech/1/Tonsill_ses1_speech_0111.wav
  Tonsill_ses1_speech_0111.wav: 2323 frames
resample 44100 to 16000 in /home/sepharfi/projects/def-zshakeri/sepehr/CUCO/data_final/Audios/Tonsill/Speech/1/Tonsill_ses1_speech_0112.wav
  Tonsill_ses1_speech_0112.wav: 3224 frames
resample 44100 to 16000 in /home/sepharfi/projects/def-zshakeri/sepehr/CUCO/data_final/Audios/Tonsill/Speech/1/Tonsill_ses1_speech_0122.wav
  Tonsill_ses1_speech_0122.wav: 2757 frames
resample 44100 to 16000 in /home/sepharfi/projects/def-zshakeri/sepehr/CUCO/data_final/Audios/Tonsill/Speech/1/Tonsill_ses1_speech_0125.wav
  Tonsill_ses1_speech_0125.wav: 2766 frames
resample 44100 to 16000 in /home/sepharfi/projects/def-zshakeri/sepehr/CUCO/data_final/Audios/Tonsill/Speech/1/Tonsill_ses1_speech_0129.wav
  Tonsill_ses1_speech_0129.wav: 3088 frames
resample 44100 to 16000 in /home/sepharfi/projects/def-zshakeri/sepehr/CUCO/data_final/Audios/Tonsill/Speech/1/Tonsill_ses1_speech_0132.wav
  Tonsill_ses1_speech_0132.wav: 2495 frames
resample 44100 to 16000 in /home/sepharfi/projects/def-zshakeri/sepehr/CUCO/data_final/Audios/Tonsill/Speech/1/Tonsill_ses1_speech_0137.wav
  Tonsill_ses1_speech_0137.wav: 3020 frames
resample 44100 to 16000 in /home/sepharfi/projects/def-zshakeri/sepehr/CUCO/data_final/Audios/Tonsill/Speech/1/Tonsill_ses1_speech_0144.wav
  Tonsill_ses1_speech_0144.wav: 2969 frames
resample 44100 to 16000 in /home/sepharfi/projects/def-zshakeri/sepehr/CUCO/data_final/Audios/Tonsill/Speech/1/Tonsill_ses1_speech_0145.wav
  Tonsill_ses1_speech_0145.wav: 2871 frames
resample 44100 to 16000 in /home/sepharfi/projects/def-zshakeri/sepehr/CUCO/data_final/Audios/Tonsill/Speech/1/Tonsill_ses1_speech_0147.wav
  Tonsill_ses1_speech_0147.wav: 2845 frames

Pre-computing post-surgery ECAPA embeddings...
  Tonsill_ses1_speech_0007: emb shape torch.Size([192])
  Tonsill_ses1_speech_0011: emb shape torch.Size([192])
  Tonsill_ses1_speech_0026: emb shape torch.Size([192])
  Tonsill_ses1_speech_0042: emb shape torch.Size([192])
  Tonsill_ses1_speech_0045: emb shape torch.Size([192])
  Tonsill_ses1_speech_0062: emb shape torch.Size([192])
  Tonsill_ses1_speech_0063: emb shape torch.Size([192])
  Tonsill_ses1_speech_0078: emb shape torch.Size([192])
  Tonsill_ses1_speech_0080: emb shape torch.Size([192])
  Tonsill_ses1_speech_0081: emb shape torch.Size([192])
  Tonsill_ses1_speech_0087: emb shape torch.Size([192])
  Tonsill_ses1_speech_0089: emb shape torch.Size([192])
  Tonsill_ses1_speech_0092: emb shape torch.Size([192])
  Tonsill_ses1_speech_0099: emb shape torch.Size([192])
  Tonsill_ses1_speech_0110: emb shape torch.Size([192])
  Tonsill_ses1_speech_0122: emb shape torch.Size([192])
  Tonsill_ses1_speech_0129: emb shape torch.Size([192])
  Tonsill_ses1_speech_0132: emb shape torch.Size([192])
  Tonsill_ses1_speech_0144: emb shape torch.Size([192])
  Tonsill_ses1_speech_0145: emb shape torch.Size([192])
  Tonsill_ses1_speech_0108: emb shape torch.Size([192])
  Tonsill_ses1_speech_0112: emb shape torch.Size([192])
  Tonsill_ses1_speech_0137: emb shape torch.Size([192])

Building training segments...
    3778 segments
Building validation segments...
    557 segments

Train: 3778 segs, Val: 557 segs
Parameters: 4,384,513
Epoch   1/300  cos_content=0.0995  ecapa_style=1.2072  val_content=0.0002  val_ecapa=0.5631  alpha=0.1032  lr=5.00e-04
  -> Saved best (val_ecapa=0.5631)
Epoch   2/300  cos_content=0.1001  ecapa_style=1.1127  val_content=0.0012  val_ecapa=0.5912  alpha=0.1345  lr=5.00e-04
  -> Saved best (val_ecapa=0.5912)
Epoch   3/300  cos_content=0.1025  ecapa_style=1.0014  val_content=0.0039  val_ecapa=0.6278  alpha=0.1717  lr=5.00e-04
  -> Saved best (val_ecapa=0.6278)
Epoch   4/300  cos_content=0.1047  ecapa_style=0.9485  val_content=0.0080  val_ecapa=0.6033  alpha=0.2009  lr=5.00e-04
Epoch   5/300  cos_content=0.1100  ecapa_style=0.9663  val_content=0.0107  val_ecapa=0.6157  alpha=0.2154  lr=5.00e-04
Epoch   6/300  cos_content=0.1113  ecapa_style=0.9588  val_content=0.0128  val_ecapa=0.5875  alpha=0.2278  lr=5.00e-04
Epoch   7/300  cos_content=0.1158  ecapa_style=0.9789  val_content=0.0169  val_ecapa=0.5565  alpha=0.2391  lr=4.99e-04
Epoch   8/300  cos_content=0.1167  ecapa_style=0.9964  val_content=0.0204  val_ecapa=0.5880  alpha=0.2467  lr=4.99e-04
Epoch   9/300  cos_content=0.1226  ecapa_style=0.9811  val_content=0.0258  val_ecapa=0.5895  alpha=0.2646  lr=4.99e-04
Epoch  10/300  cos_content=0.1265  ecapa_style=1.0027  val_content=0.0307  val_ecapa=0.5850  alpha=0.2763  lr=4.99e-04
Epoch  11/300  cos_content=0.1179  ecapa_style=0.9444  val_content=0.0279  val_ecapa=0.5757  alpha=0.2706  lr=4.98e-04
Epoch  12/300  cos_content=0.1315  ecapa_style=1.0478  val_content=0.0383  val_ecapa=0.5466  alpha=0.2917  lr=4.98e-04
Epoch  13/300  cos_content=0.1388  ecapa_style=1.0247  val_content=0.0427  val_ecapa=0.5373  alpha=0.2971  lr=4.98e-04
Epoch  14/300  cos_content=0.1439  ecapa_style=1.1392  val_content=0.0526  val_ecapa=0.4902  alpha=0.3162  lr=4.97e-04
Epoch  15/300  cos_content=0.1606  ecapa_style=1.2018  val_content=0.0703  val_ecapa=0.4859  alpha=0.3359  lr=4.97e-04
Epoch  16/300  cos_content=0.1705  ecapa_style=1.2913  val_content=0.0861  val_ecapa=0.4262  alpha=0.3579  lr=4.96e-04
Epoch  17/300  cos_content=0.1855  ecapa_style=1.4056  val_content=0.0939  val_ecapa=0.4165  alpha=0.3779  lr=4.96e-04
Epoch  18/300  cos_content=0.1950  ecapa_style=1.3809  val_content=0.1097  val_ecapa=0.4594  alpha=0.4013  lr=4.96e-04
Epoch  19/300  cos_content=0.2127  ecapa_style=1.3195  val_content=0.1218  val_ecapa=0.4196  alpha=0.4238  lr=4.95e-04
Epoch  20/300  cos_content=0.2214  ecapa_style=1.3329  val_content=0.1366  val_ecapa=0.3783  alpha=0.4472  lr=4.95e-04
Epoch  21/300  cos_content=0.2412  ecapa_style=1.3801  val_content=0.1725  val_ecapa=0.4235  alpha=0.4780  lr=4.94e-04
Epoch  22/300  cos_content=0.2451  ecapa_style=1.2362  val_content=0.1663  val_ecapa=0.4338  alpha=0.5084  lr=4.93e-04
Epoch  23/300  cos_content=0.2580  ecapa_style=1.2483  val_content=0.1816  val_ecapa=0.4988  alpha=0.5385  lr=4.93e-04
Epoch  24/300  cos_content=0.2635  ecapa_style=1.0548  val_content=0.1813  val_ecapa=0.5335  alpha=0.5608  lr=4.92e-04
Epoch  25/300  cos_content=0.2777  ecapa_style=1.2603  val_content=0.2203  val_ecapa=0.3998  alpha=0.5732  lr=4.91e-04
Epoch  26/300  cos_content=0.3386  ecapa_style=1.5715  val_content=0.2480  val_ecapa=0.4564  alpha=0.5945  lr=4.91e-04
Epoch  27/300  cos_content=0.3417  ecapa_style=1.5478  val_content=0.2563  val_ecapa=0.2747  alpha=0.6121  lr=4.90e-04
Epoch  28/300  cos_content=0.3436  ecapa_style=1.5943  val_content=0.3253  val_ecapa=0.2271  alpha=0.6377  lr=4.89e-04
Epoch  29/300  cos_content=0.4055  ecapa_style=2.1300  val_content=0.3121  val_ecapa=0.1563  alpha=0.6421  lr=4.89e-04
Epoch  30/300  cos_content=0.3626  ecapa_style=1.7746  val_content=0.2962  val_ecapa=0.2293  alpha=0.6505  lr=4.88e-04
Epoch  31/300  cos_content=0.4005  ecapa_style=1.7977  val_content=0.3285  val_ecapa=0.2675  alpha=0.6639  lr=4.87e-04
Epoch  32/300  cos_content=0.4033  ecapa_style=1.7850  val_content=0.3337  val_ecapa=0.3249  alpha=0.6782  lr=4.86e-04
Epoch  33/300  cos_content=0.4341  ecapa_style=1.8411  val_content=0.3283  val_ecapa=0.3105  alpha=0.6995  lr=4.85e-04
Epoch  34/300  cos_content=0.4293  ecapa_style=1.7928  val_content=0.3641  val_ecapa=0.2925  alpha=0.7227  lr=4.84e-04
Epoch  35/300  cos_content=0.4481  ecapa_style=2.0697  val_content=0.3695  val_ecapa=0.2394  alpha=0.7307  lr=4.83e-04
Epoch  36/300  cos_content=0.4417  ecapa_style=1.9871  val_content=0.3599  val_ecapa=0.2067  alpha=0.7459  lr=4.82e-04
Epoch  37/300  cos_content=0.4493  ecapa_style=1.9135  val_content=0.3578  val_ecapa=0.2542  alpha=0.7681  lr=4.81e-04
Epoch  38/300  cos_content=0.4235  ecapa_style=1.8339  val_content=0.3436  val_ecapa=0.2939  alpha=0.7965  lr=4.80e-04
Epoch  39/300  cos_content=0.4208  ecapa_style=1.7280  val_content=0.3311  val_ecapa=0.4027  alpha=0.8190  lr=4.79e-04
Epoch  40/300  cos_content=0.4083  ecapa_style=1.5204  val_content=0.3245  val_ecapa=0.4428  alpha=0.8423  lr=4.78e-04
Epoch  41/300  cos_content=0.4051  ecapa_style=1.4356  val_content=0.3234  val_ecapa=0.4120  alpha=0.8654  lr=4.77e-04
Epoch  42/300  cos_content=0.4058  ecapa_style=1.4016  val_content=0.3353  val_ecapa=0.4092  alpha=0.8916  lr=4.76e-04
Epoch  43/300  cos_content=0.3933  ecapa_style=1.3409  val_content=0.2918  val_ecapa=0.5037  alpha=0.9201  lr=4.75e-04
Epoch  44/300  cos_content=0.3820  ecapa_style=1.3003  val_content=0.3132  val_ecapa=0.4959  alpha=0.9506  lr=4.74e-04
Epoch  45/300  cos_content=0.3928  ecapa_style=1.3593  val_content=0.3482  val_ecapa=0.4259  alpha=0.9823  lr=4.73e-04
Epoch  46/300  cos_content=0.4110  ecapa_style=1.4133  val_content=0.3176  val_ecapa=0.4479  alpha=1.0086  lr=4.72e-04
Epoch  47/300  cos_content=0.4237  ecapa_style=1.6350  val_content=0.3159  val_ecapa=0.4721  alpha=1.0301  lr=4.70e-04
Epoch  48/300  cos_content=0.3963  ecapa_style=1.3974  val_content=0.3095  val_ecapa=0.3950  alpha=1.0507  lr=4.69e-04
Epoch  49/300  cos_content=0.3999  ecapa_style=1.3923  val_content=0.3427  val_ecapa=0.4318  alpha=1.0773  lr=4.68e-04
Epoch  50/300  cos_content=0.4048  ecapa_style=1.3897  val_content=0.3180  val_ecapa=0.4319  alpha=1.1051  lr=4.67e-04
Epoch  51/300  cos_content=0.4158  ecapa_style=1.3992  val_content=0.4057  val_ecapa=0.3437  alpha=1.1379  lr=4.65e-04
Epoch  52/300  cos_content=0.4214  ecapa_style=1.5282  val_content=0.3054  val_ecapa=0.5184  alpha=1.1648  lr=4.64e-04
Epoch  53/300  cos_content=0.3883  ecapa_style=1.3002  val_content=0.3025  val_ecapa=0.4427  alpha=1.1979  lr=4.62e-04
  Early stop at epoch 53

Best val ECAPA similarity: 0.6278

======================================================================
  Evaluating on 5 test patients
======================================================================

--- TEST set ---
resample 44100 to 16000 in /home/sepharfi/projects/def-zshakeri/sepehr/CUCO/data_final/Audios/Tonsill/Speech/1/Tonsill_ses1_speech_0085.wav
  [TEST]  Tonsill_ses1_speech_0085: conv->post=0.721  conv->pre=0.797  baseline=0.724  delta=-0.003
resample 44100 to 16000 in /home/sepharfi/projects/def-zshakeri/sepehr/CUCO/data_final/Audios/Tonsill/Speech/1/Tonsill_ses1_speech_0109.wav
  [TEST]  Tonsill_ses1_speech_0109: conv->post=0.767  conv->pre=0.827  baseline=0.761  delta=+0.006
resample 44100 to 16000 in /home/sepharfi/projects/def-zshakeri/sepehr/CUCO/data_final/Audios/Tonsill/Speech/1/Tonsill_ses1_speech_0111.wav
  [TEST]  Tonsill_ses1_speech_0111: conv->post=0.654  conv->pre=0.783  baseline=0.598  delta=+0.056
resample 44100 to 16000 in /home/sepharfi/projects/def-zshakeri/sepehr/CUCO/data_final/Audios/Tonsill/Speech/1/Tonsill_ses1_speech_0125.wav
  [TEST]  Tonsill_ses1_speech_0125: conv->post=0.720  conv->pre=0.737  baseline=0.755  delta=-0.035
resample 44100 to 16000 in /home/sepharfi/projects/def-zshakeri/sepehr/CUCO/data_final/Audios/Tonsill/Speech/1/Tonsill_ses1_speech_0147.wav
  [TEST]  Tonsill_ses1_speech_0147: conv->post=0.675  conv->pre=0.747  baseline=0.802  delta=-0.127

--- TRAIN set (overfitting check) ---
resample 44100 to 16000 in /home/sepharfi/projects/def-zshakeri/sepehr/CUCO/data_final/Audios/Tonsill/Speech/1/Tonsill_ses1_speech_0007.wav
  [TRAIN] Tonsill_ses1_speech_0007: conv->post=0.624  conv->pre=0.807  baseline=0.613  delta=+0.011
resample 44100 to 16000 in /home/sepharfi/projects/def-zshakeri/sepehr/CUCO/data_final/Audios/Tonsill/Speech/1/Tonsill_ses1_speech_0011.wav
  [TRAIN] Tonsill_ses1_speech_0011: conv->post=0.714  conv->pre=0.879  baseline=0.722  delta=-0.008
resample 44100 to 16000 in /home/sepharfi/projects/def-zshakeri/sepehr/CUCO/data_final/Audios/Tonsill/Speech/1/Tonsill_ses1_speech_0026.wav
  [TRAIN] Tonsill_ses1_speech_0026: conv->post=0.636  conv->pre=0.725  baseline=0.690  delta=-0.054
resample 44100 to 16000 in /home/sepharfi/projects/def-zshakeri/sepehr/CUCO/data_final/Audios/Tonsill/Speech/1/Tonsill_ses1_speech_0042.wav
  [TRAIN] Tonsill_ses1_speech_0042: conv->post=0.714  conv->pre=0.775  baseline=0.631  delta=+0.083
resample 44100 to 16000 in /home/sepharfi/projects/def-zshakeri/sepehr/CUCO/data_final/Audios/Tonsill/Speech/1/Tonsill_ses1_speech_0045.wav
  [TRAIN] Tonsill_ses1_speech_0045: conv->post=0.805  conv->pre=0.854  baseline=0.730  delta=+0.075
resample 44100 to 16000 in /hoome/sepharfi/projects/def-zshakeri/sepehr/CUCO/data_final/Audios/Tonsill/Speech/1/Tonsill_ses1_speech_0062.wav
  [TRAIN] Tonsill_ses1_speech_0062: conv->post=0.616  conv->pre=0.776  baseline=0.552  delta=+0.065
resample 44100 to 16000 in /home/sepharfi/projects/def-zshakeri/sepehr/CUCO/data_final/Audios/Tonsill/Speech/1/Tonsill_ses1_speech_0063.wav
  [TRAIN] Tonsill_ses1_speech_0063: conv->post=0.676  conv->pre=0.789  baseline=0.703  delta=-0.028
resample 44100 to 16000 in /home/sepharfi/projects/def-zshakeri/sepehr/CUCO/data_final/Audios/Tonsill/Speech/1/Tonsill_ses1_speech_0078.wav
  [TRAIN] Tonsill_ses1_speech_0078: conv->post=0.605  conv->pre=0.771  baseline=0.478  delta=+0.126
resample 44100 to 16000 in /home/sepharfi/projects/def-zshakeri/sepehr/CUCO/data_final/Audios/Tonsill/Speech/1/Tonsill_ses1_speech_0080.wav
  [TRAIN] Tonsill_ses1_speech_0080: conv->post=0.535  conv->pre=0.821  baseline=0.454  delta=+0.081
resample 44100 to 16000 in /home/sepharfi/projects/def-zshakeri/sepehr/CUCO/data_final/Audios/Tonsill/Speech/1/Tonsill_ses1_speech_0081.wav
  [TRAIN] Tonsill_ses1_speech_0081: conv->post=0.637  conv->pre=0.805  baseline=0.627  delta=+0.010
resample 44100 to 16000 in /home/sepharfi/projects/def-zshakeri/sepehr/CUCO/data_final/Audios/Tonsill/Speech/1/Tonsill_ses1_speech_0087.wav
  [TRAIN] Tonsill_ses1_speech_0087: conv->post=0.783  conv->pre=0.837  baseline=0.741  delta=+0.042
resample 44100 to 16000 in /home/sepharfi/projects/def-zshakeri/sepehr/CUCO/data_final/Audios/Tonsill/Speech/1/Tonsill_ses1_speech_0089.wav
  [TRAIN] Tonsill_ses1_speech_0089: conv->post=0.658  conv->pre=0.843  baseline=0.627  delta=+0.031
resample 44100 to 16000 in /home/sepharfi/projects/def-zshakeri/sepehr/CUCO/data_final/Audios/Tonsill/Speech/1/Tonsill_ses1_speech_0092.wav
  [TRAIN] Tonsill_ses1_speech_0092: conv->post=0.757  conv->pre=0.786  baseline=0.765  delta=-0.007
resample 44100 to 16000 in /home/sepharfi/projects/def-zshakeri/sepehr/CUCO/data_final/Audios/Tonsill/Speech/1/Tonsill_ses1_speech_0099.wav
  [TRAIN] Tonsill_ses1_speech_0099: conv->post=0.707  conv->pre=0.724  baseline=0.794  delta=-0.087
resample 44100 to 16000 in /home/sepharfi/projects/def-zshakeri/sepehr/CUCO/data_final/Audios/Tonsill/Speech/1/Tonsill_ses1_speech_0110.wav
  [TRAIN] Tonsill_ses1_speech_0110: conv->post=0.767  conv->pre=0.809  baseline=0.651  delta=+0.116
resample 44100 to 16000 in /home/sepharfi/projects/def-zshakeri/sepehr/CUCO/data_final/Audios/Tonsill/Speech/1/Tonsill_ses1_speech_0122.wav
  [TRAIN] Tonsill_ses1_speech_0122: conv->post=0.741  conv->pre=0.828  baseline=0.774  delta=-0.033
resample 44100 to 16000 in /home/sepharfi/projects/def-zshakeri/sepehr/CUCO/data_final/Audios/Tonsill/Speech/1/Tonsill_ses1_speech_0129.wav
  [TRAIN] Tonsill_ses1_speech_0129: conv->post=0.833  conv->pre=0.855  baseline=0.786  delta=+0.048
resample 44100 to 16000 in /home/sepharfi/projects/def-zshakeri/sepehr/CUCO/data_final/Audios/Tonsill/Speech/1/Tonsill_ses1_speech_0132.wav
  [TRAIN] Tonsill_ses1_speech_0132: conv->post=0.642  conv->pre=0.795  baseline=0.474  delta=+0.169
resample 44100 to 16000 in /home/sepharfi/projects/def-zshakeri/sepehr/CUCO/data_final/Audios/Tonsill/Speech/1/Tonsill_ses1_speech_0144.wav
  [TRAIN] Tonsill_ses1_speech_0144: conv->post=0.683  conv->pre=0.749  baseline=0.674  delta=+0.008
resample 44100 to 16000 in /home/sepharfi/projects/def-zshakeri/sepehr/CUCO/data_final/Audios/Tonsill/Speech/1/Tonsill_ses1_speech_0145.wav
  [TRAIN] Tonsill_ses1_speech_0145: conv->post=0.710  conv->pre=0.858  baseline=0.647  delta=+0.063

======================================================================
  UNet-VC v2 (cosine content) — Tonsill — SUMMARY
======================================================================
  TEST (5 patients):
    Baseline (pre->post): 0.728 ± 0.070
    Conv -> post:         0.707 ± 0.039
    Conv -> pre:          0.778 ± 0.033
    Improvement:          -0.021
  TRAIN (20 patients):
    Baseline (pre->post): 0.657 ± 0.101
    Conv -> post:         0.692 ± 0.073
    Improvement:          +0.036
======================================================================
Done!
