
The following have been reloaded with a version change:
  1) python/3.11.5 => python/3.10.13

Using cache found in /home/sepharfi/.cache/torch/hub/bshall_knn-vc_master
/project/6086959/sepehr/VoiceConversion/.env/lib/python3.11/site-packages/torch/nn/utils/weight_norm.py:144: FutureWarning: `torch.nn.utils.weight_norm` is deprecated in favor of `torch.nn.utils.parametrizations.weight_norm`.
  WeightNorm.apply(module, name, dim)
Device: cuda
Loading kNN-VC model...
Removing weight norm...
[HiFiGAN] Generator loaded with 16,523,393 parameters.
WavLM-Large loaded with 315,453,120 parameters.

Extracting pre-surgery features...
resample 44100 to 16000 in /home/sepharfi/projects/def-zshakeri/sepehr/CUCO/data_final/Audios/Tonsill/Speech/1/Tonsill_ses1_speech_0007.wav
  Tonsill_ses1_speech_0007.wav: 3451 frames
resample 44100 to 16000 in /home/sepharfi/projects/def-zshakeri/sepehr/CUCO/data_final/Audios/Tonsill/Speech/1/Tonsill_ses1_speech_0011.wav
  Tonsill_ses1_speech_0011.wav: 3599 frames
resample 44100 to 16000 in /home/sepharfi/projects/def-zshakeri/sepehr/CUCO/data_final/Audios/Tonsill/Speech/1/Tonsill_ses1_speech_0026.wav
  Tonsill_ses1_speech_0026.wav: 2523 frames
resample 44100 to 16000 in /home/sepharfi/projects/def-zshakeri/sepehr/CUCO/data_final/Audios/Tonsill/Speech/1/Tonsill_ses1_speech_0042.wav
  Tonsill_ses1_speech_0042.wav: 3453 frames
resample 44100 to 16000 in /home/sepharfi/projects/def-zshakeri/sepehr/CUCO/data_final/Audios/Tonsill/Speech/1/Tonsill_ses1_speech_0045.wav
  Tonsill_ses1_speech_0045.wav: 3337 frames
resample 44100 to 16000 in /home/sepharfi/projects/def-zshakeri/sepehr/CUCO/data_final/Audios/Tonsill/Speech/1/Tonsill_ses1_speech_0062.wav
  Tonsill_ses1_speech_0062.wav: 2833 frames
resample 44100 to 16000 in /home/sepharfi/projects/def-zshakeri/sepehr/CUCO/data_final/Audios/Tonsill/Speech/1/Tonsill_ses1_speech_0063.wav
  Tonsill_ses1_speech_0063.wav: 2979 frames
resample 44100 to 16000 in /home/sepharfi/projects/def-zshakeri/sepehr/CUCO/data_final/Audios/Tonsill/Speech/1/Tonsill_ses1_speech_0078.wav
  Tonsill_ses1_speech_0078.wav: 3655 frames
resample 44100 to 16000 in /home/sepharfi/projects/def-zshakeri/sepehr/CUCO/data_final/Audios/Tonsill/Speech/1/Tonsill_ses1_speech_0080.wav
  Tonsill_ses1_speech_0080.wav: 3016 frames
resample 44100 to 16000 in /home/sepharfi/projects/def-zshakeri/sepehr/CUCO/data_final/Audios/Tonsill/Speech/1/Tonsill_ses1_speech_0081.wav
  Tonsill_ses1_speech_0081.wav: 3294 frames
resample 44100 to 16000 in /home/sepharfi/projects/def-zshakeri/sepehr/CUCO/data_final/Audios/Tonsill/Speech/1/Tonsill_ses1_speech_0085.wav
  Tonsill_ses1_speech_0085.wav: 2332 frames
resample 44100 to 16000 in /home/sepharfi/projects/def-zshakeri/sepehr/CUCO/data_final/Audios/Tonsill/Speech/1/Tonsill_ses1_speech_0087.wav
  Tonsill_ses1_speech_0087.wav: 2925 frames
resample 44100 to 16000 in /home/sepharfi/projects/def-zshakeri/sepehr/CUCO/data_final/Audios/Tonsill/Speech/1/Tonsill_ses1_speech_0089.wav
  Tonsill_ses1_speech_0089.wav: 3014 frames
resample 44100 to 16000 in /home/sepharfi/projects/def-zshakeri/sepehr/CUCO/data_final/Audios/Tonsill/Speech/1/Tonsill_ses1_speech_0092.wav
  Tonsill_ses1_speech_0092.wav: 2986 frames
resample 44100 to 16000 in /home/sepharfi/projects/def-zshakeri/sepehr/CUCO/data_final/Audios/Tonsill/Speech/1/Tonsill_ses1_speech_0099.wav
  Tonsill_ses1_speech_0099.wav: 3317 frames
resample 44100 to 16000 in /home/sepharfi/projects/def-zshakeri/sepehr/CUCO/data_final/Audios/Tonsill/Speech/1/Tonsill_ses1_speech_0108.wav
  Tonsill_ses1_speech_0108.wav: 2847 frames
resample 44100 to 16000 in /home/sepharfi/projects/def-zshakeri/sepehr/CUCO/data_final/Audios/Tonsill/Speech/1/Tonsill_ses1_speech_0109.wav
  Tonsill_ses1_speech_0109.wav: 2793 frames
resample 44100 to 16000 in /home/sepharfi/projects/def-zshakeri/sepehr/CUCO/data_final/Audios/Tonsill/Speech/1/Tonsill_ses1_speech_0110.wav
  Tonsill_ses1_speech_0110.wav: 3019 frames
resample 44100 to 16000 in /home/sepharfi/projects/def-zshakeri/sepehr/CUCO/data_final/Audios/Tonsill/Speech/1/Tonsill_ses1_speech_0111.wav
  Tonsill_ses1_speech_0111.wav: 2323 frames
resample 44100 to 16000 in /home/sepharfi/projects/def-zshakeri/sepehr/CUCO/data_final/Audios/Tonsill/Speech/1/Tonsill_ses1_speech_0112.wav
  Tonsill_ses1_speech_0112.wav: 3224 frames
resample 44100 to 16000 in /home/sepharfi/projects/def-zshakeri/sepehr/CUCO/data_final/Audios/Tonsill/Speech/1/Tonsill_ses1_speech_0122.wav
  Tonsill_ses1_speech_0122.wav: 2757 frames
resample 44100 to 16000 in /home/sepharfi/projects/def-zshakeri/sepehr/CUCO/data_final/Audios/Tonsill/Speech/1/Tonsill_ses1_speech_0125.wav
  Tonsill_ses1_speech_0125.wav: 2766 frames
resample 44100 to 16000 in /home/sepharfi/projects/def-zshakeri/sepehr/CUCO/data_final/Audios/Tonsill/Speech/1/Tonsill_ses1_speech_0129.wav
  Tonsill_ses1_speech_0129.wav: 3088 frames
resample 44100 to 16000 in /home/sepharfi/projects/def-zshakeri/sepehr/CUCO/data_final/Audios/Tonsill/Speech/1/Tonsill_ses1_speech_0132.wav
  Tonsill_ses1_speech_0132.wav: 2495 frames
resample 44100 to 16000 in /home/sepharfi/projects/def-zshakeri/sepehr/CUCO/data_final/Audios/Tonsill/Speech/1/Tonsill_ses1_speech_0137.wav
  Tonsill_ses1_speech_0137.wav: 3020 frames
resample 44100 to 16000 in /home/sepharfi/projects/def-zshakeri/sepehr/CUCO/data_final/Audios/Tonsill/Speech/1/Tonsill_ses1_speech_0144.wav
  Tonsill_ses1_speech_0144.wav: 2969 frames
resample 44100 to 16000 in /home/sepharfi/projects/def-zshakeri/sepehr/CUCO/data_final/Audios/Tonsill/Speech/1/Tonsill_ses1_speech_0145.wav
  Tonsill_ses1_speech_0145.wav: 2871 frames
resample 44100 to 16000 in /home/sepharfi/projects/def-zshakeri/sepehr/CUCO/data_final/Audios/Tonsill/Speech/1/Tonsill_ses1_speech_0147.wav
  Tonsill_ses1_speech_0147.wav: 2845 frames
  Total: 83731 frames (27.9 min)

Extracting post-surgery features...
resample 44100 to 16000 in /home/sepharfi/projects/def-zshakeri/sepehr/CUCO/data_final/Audios/Tonsill/Speech/2/Tonsill_ses2_speech_0007.wav
  Tonsill_ses2_speech_0007.wav: 3179 frames
resample 44100 to 16000 in /home/sepharfi/projects/def-zshakeri/sepehr/CUCO/data_final/Audios/Tonsill/Speech/2/Tonsill_ses2_speech_0011.wav
  Tonsill_ses2_speech_0011.wav: 3266 frames
resample 44100 to 16000 in /home/sepharfi/projects/def-zshakeri/sepehr/CUCO/data_final/Audios/Tonsill/Speech/2/Tonsill_ses2_speech_0026.wav
  Tonsill_ses2_speech_0026.wav: 4785 frames
resample 44100 to 16000 in /home/sepharfi/projects/def-zshakeri/sepehr/CUCO/data_final/Audios/Tonsill/Speech/2/Tonsill_ses2_speech_0042.wav
  Tonsill_ses2_speech_0042.wav: 3055 frames
resample 44100 to 16000 in /home/sepharfi/projects/def-zshakeri/sepehr/CUCO/data_final/Audios/Tonsill/Speech/2/Tonsill_ses2_speech_0045.wav
  Tonsill_ses2_speech_0045.wav: 2791 frames
resample 44100 to 16000 in /home/sepharfi/projects/def-zshakeri/sepehr/CUCO/data_final/Audios/Tonsill/Speech/2/Tonsill_ses2_speech_0062.wav
  Tonsill_ses2_speech_0062.wav: 3244 frames
resample 44100 to 16000 in /home/sepharfi/projects/def-zshakeri/sepehr/CUCO/data_final/Audios/Tonsill/Speech/2/Tonsill_ses2_speech_0063.wav
  Tonsill_ses2_speech_0063.wav: 3156 frames
resample 44100 to 16000 in /home/sepharfi/projects/def-zshakeri/sepehr/CUCO/data_final/Audios/Tonsill/Speech/2/Tonsill_ses2_speech_0078.wav
  Tonsill_ses2_speech_0078.wav: 3148 frames
resample 44100 to 16000 in /home/sepharfi/projects/def-zshakeri/sepehr/CUCO/data_final/Audios/Tonsill/Speech/2/Tonsill_ses2_speech_0080.wav
  Tonsill_ses2_speech_0080.wav: 2861 frames
resample 44100 to 16000 in /home/sepharfi/projects/def-zshakeri/sepehr/CUCO/data_final/Audios/Tonsill/Speech/2/Tonsill_ses2_speech_0081.wav
  Tonsill_ses2_speech_0081.wav: 2526 frames
resample 44100 to 16000 in /home/sepharfi/projects/def-zshakeri/sepehr/CUCO/data_final/Audios/Tonsill/Speech/2/Tonsill_ses2_speech_0085.wav
  Tonsill_ses2_speech_0085.wav: 2790 frames
resample 44100 to 16000 in /home/sepharfi/projects/def-zshakeri/sepehr/CUCO/data_final/Audios/Tonsill/Speech/2/Tonsill_ses2_speech_0087.wav
  Tonsill_ses2_speech_0087.wav: 2950 frames
resample 44100 to 16000 in /home/sepharfi/projects/def-zshakeri/sepehr/CUCO/data_final/Audios/Tonsill/Speech/2/Tonsill_ses2_speech_0089.wav
  Tonsill_ses2_speech_0089.wav: 3094 frames
resample 44100 to 16000 in /home/sepharfi/projects/def-zshakeri/sepehr/CUCO/data_final/Audios/Tonsill/Speech/2/Tonsill_ses2_speech_0092.wav
  Tonsill_ses2_speech_0092.wav: 2445 frames
resample 44100 to 16000 in /home/sepharfi/projects/def-zshakeri/sepehr/CUCO/data_final/Audios/Tonsill/Speech/2/Tonsill_ses2_speech_0099.wav
  Tonsill_ses2_speech_0099.wav: 2771 frames
resample 44100 to 16000 in /home/sepharfi/projects/def-zshakeri/sepehr/CUCO/data_final/Audios/Tonsill/Speech/2/Tonsill_ses2_speech_0108.wav
  Tonsill_ses2_speech_0108.wav: 2591 frames
resample 44100 to 16000 in /home/sepharfi/projects/def-zshakeri/sepehr/CUCO/data_final/Audios/Tonsill/Speech/2/Tonsill_ses2_speech_0109.wav
  Tonsill_ses2_speech_0109.wav: 2581 frames
resample 44100 to 16000 in /home/sepharfi/projects/def-zshakeri/sepehr/CUCO/data_final/Audios/Tonsill/Speech/2/Tonsill_ses2_speech_0110.wav
  Tonsill_ses2_speech_0110.wav: 3037 frames
resample 44100 to 16000 in /home/sepharfi/projects/def-zshakeri/sepehr/CUCO/data_final/Audios/Tonsill/Speech/2/Tonsill_ses2_speech_0111.wav
  Tonsill_ses2_speech_0111.wav: 3989 frames
resample 44100 to 16000 in /home/sepharfi/projects/def-zshakeri/sepehr/CUCO/data_final/Audios/Tonsill/Speech/2/Tonsill_ses2_speech_0112.wav
  Tonsill_ses2_speech_0112.wav: 3058 frames
resample 44100 to 16000 in /home/sepharfi/projects/def-zshakeri/sepehr/CUCO/data_final/Audios/Tonsill/Speech/2/Tonsill_ses2_speech_0122.wav
  Tonsill_ses2_speech_0122.wav: 3004 frames
resample 44100 to 16000 in /home/sepharfi/projects/def-zshakeri/sepehr/CUCO/data_final/Audios/Tonsill/Speech/2/Tonsill_ses2_speech_0125.wav
  Tonsill_ses2_speech_0125.wav: 2975 frames
resample 44100 to 16000 in /home/sepharfi/projects/def-zshakeri/sepehr/CUCO/data_final/Audios/Tonsill/Speech/2/Tonsill_ses2_speech_0129.wav
  Tonsill_ses2_speech_0129.wav: 2974 frames
resample 44100 to 16000 in /home/sepharfi/projects/def-zshakeri/sepehr/CUCO/data_final/Audios/Tonsill/Speech/2/Tonsill_ses2_speech_0132.wav
  Tonsill_ses2_speech_0132.wav: 2877 frames
resample 44100 to 16000 in /home/sepharfi/projects/def-zshakeri/sepehr/CUCO/data_final/Audios/Tonsill/Speech/2/Tonsill_ses2_speech_0137.wav
  Tonsill_ses2_speech_0137.wav: 2954 frames
resample 44100 to 16000 in /home/sepharfi/projects/def-zshakeri/sepehr/CUCO/data_final/Audios/Tonsill/Speech/2/Tonsill_ses2_speech_0144.wav
  Tonsill_ses2_speech_0144.wav: 4204 frames
resample 44100 to 16000 in /home/sepharfi/projects/def-zshakeri/sepehr/CUCO/data_final/Audios/Tonsill/Speech/2/Tonsill_ses2_speech_0145.wav
  Tonsill_ses2_speech_0145.wav: 3215 frames
resample 44100 to 16000 in /home/sepharfi/projects/def-zshakeri/sepehr/CUCO/data_final/Audios/Tonsill/Speech/2/Tonsill_ses2_speech_0147.wav
  Tonsill_ses2_speech_0147.wav: 2883 frames
  Total: 86403 frames (28.8 min)

Train paired: 4450, Val: 683, Post unpaired: 4432
Generator parameters: 4,384,513
Discriminator parameters: 2,624,257
Epoch   1/400 [WARMUP] recon=5.001403  g_adv=0.0000  d_loss=0.0000  val=4.708040  alpha=0.1784
  -> Saved best model (val=4.708040)
Epoch   2/400 [WARMUP] recon=4.790116  g_adv=0.0000  d_loss=0.0000  val=4.718630  alpha=0.2440
Epoch   3/400 [WARMUP] recon=4.629578  g_adv=0.0000  d_loss=0.0000  val=4.681554  alpha=0.3096
  -> Saved best model (val=4.681554)
Epoch   4/400 [WARMUP] recon=4.476739  g_adv=0.0000  d_loss=0.0000  val=4.617525  alpha=0.3686
  -> Saved best model (val=4.617525)
Epoch   5/400 [WARMUP] recon=4.350168  g_adv=0.0000  d_loss=0.0000  val=4.562174  alpha=0.4172
  -> Saved best model (val=4.562174)
Epoch   6/400 [WARMUP] recon=4.255677  g_adv=0.0000  d_loss=0.0000  val=4.517054  alpha=0.4573
  -> Saved best model (val=4.517054)
Epoch   7/400 [WARMUP] recon=4.181600  g_adv=0.0000  d_loss=0.0000  val=4.487173  alpha=0.4906
  -> Saved best model (val=4.487173)
Epoch   8/400 [WARMUP] recon=4.126805  g_adv=0.0000  d_loss=0.0000  val=4.468920  alpha=0.5194
  -> Saved best model (val=4.468920)
Epoch   9/400 [WARMUP] recon=4.080412  g_adv=0.0000  d_loss=0.0000  val=4.442563  alpha=0.5456
  -> Saved best model (val=4.442563)
Epoch  10/400 [WARMUP] recon=4.038752  g_adv=0.0000  d_loss=0.0000  val=4.427747  alpha=0.5695
  -> Saved best model (val=4.427747)
Epoch  11/400 [WARMUP] recon=4.001540  g_adv=0.0000  d_loss=0.0000  val=4.424199  alpha=0.5922
  -> Saved best model (val=4.424199)
Epoch  12/400 [WARMUP] recon=3.967382  g_adv=0.0000  d_loss=0.0000  val=4.413949  alpha=0.6133
  -> Saved best model (val=4.413949)
Epoch  13/400 [WARMUP] recon=3.932974  g_adv=0.0000  d_loss=0.0000  val=4.398913  alpha=0.6338
  -> Saved best model (val=4.398913)
Epoch  14/400 [WARMUP] recon=3.900747  g_adv=0.0000  d_loss=0.0000  val=4.398382  alpha=0.6534
  -> Saved best model (val=4.398382)
Epoch  15/400 [WARMUP] recon=3.871375  g_adv=0.0000  d_loss=0.0000  val=4.385957  alpha=0.6727
  -> Saved best model (val=4.385957)
Epoch  16/400 [WARMUP] recon=3.842415  g_adv=0.0000  d_loss=0.0000  val=4.402301  alpha=0.6912
Epoch  17/400 [WARMUP] recon=3.818383  g_adv=0.0000  d_loss=0.0000  val=4.393530  alpha=0.7092
Epoch  18/400 [WARMUP] recon=3.795970  g_adv=0.0000  d_loss=0.0000  val=4.384492  alpha=0.7268
  -> Saved best model (val=4.384492)
Epoch  19/400 [WARMUP] recon=3.772661  g_adv=0.0000  d_loss=0.0000  val=4.386679  alpha=0.7440
Epoch  20/400 [WARMUP] recon=3.755973  g_adv=0.0000  d_loss=0.0000  val=4.377202  alpha=0.7605
  -> Saved best model (val=4.377202)
Epoch  21/400 [WARMUP] recon=3.736848  g_adv=0.0000  d_loss=0.0000  val=4.371044  alpha=0.7766
  -> Saved best model (val=4.371044)
Epoch  22/400 [WARMUP] recon=3.717957  g_adv=0.0000  d_loss=0.0000  val=4.371377  alpha=0.7920
Epoch  23/400 [WARMUP] recon=3.704268  g_adv=0.0000  d_loss=0.0000  val=4.380537  alpha=0.8073
Epoch  24/400 [WARMUP] recon=3.689550  g_adv=0.0000  d_loss=0.0000  val=4.383451  alpha=0.8217
Epoch  25/400 [WARMUP] recon=3.675544  g_adv=0.0000  d_loss=0.0000  val=4.379717  alpha=0.8361
Epoch  26/400 [WARMUP] recon=3.662565  g_adv=0.0000  d_loss=0.0000  val=4.377089  alpha=0.8496
Epoch  27/400 [WARMUP] recon=3.652907  g_adv=0.0000  d_loss=0.0000  val=4.379774  alpha=0.8627
Epoch  28/400 [WARMUP] recon=3.640805  g_adv=0.0000  d_loss=0.0000  val=4.379053  alpha=0.8760
Epoch  29/400 [WARMUP] recon=3.630752  g_adv=0.0000  d_loss=0.0000  val=4.377757  alpha=0.8889
Epoch  30/400 [WARMUP] recon=3.620210  g_adv=0.0000  d_loss=0.0000  val=4.376174  alpha=0.9011
Epoch  31/400 [WARMUP] recon=3.615440  g_adv=0.0000  d_loss=0.0000  val=4.367238  alpha=0.9129
  -> Saved best model (val=4.367238)
Epoch  32/400 [WARMUP] recon=3.604445  g_adv=0.0000  d_loss=0.0000  val=4.378040  alpha=0.9244
Epoch  33/400 [WARMUP] recon=3.596562  g_adv=0.0000  d_loss=0.0000  val=4.369576  alpha=0.9360
Epoch  34/400 [WARMUP] recon=3.589574  g_adv=0.0000  d_loss=0.0000  val=4.384492  alpha=0.9470
Epoch  35/400 [WARMUP] recon=3.581020  g_adv=0.0000  d_loss=0.0000  val=4.374933  alpha=0.9579
Epoch  36/400 [WARMUP] recon=3.574983  g_adv=0.0000  d_loss=0.0000  val=4.383928  alpha=0.9690
Epoch  37/400 [WARMUP] recon=3.568726  g_adv=0.0000  d_loss=0.0000  val=4.387272  alpha=0.9795
Epoch  38/400 [WARMUP] recon=3.560883  g_adv=0.0000  d_loss=0.0000  val=4.385442  alpha=0.9901
Epoch  39/400 [WARMUP] recon=3.556665  g_adv=0.0000  d_loss=0.0000  val=4.387960  alpha=1.0002
Epoch  40/400 [WARMUP] recon=3.550808  g_adv=0.0000  d_loss=0.0000  val=4.389986  alpha=1.0100
Epoch  41/400 [WARMUP] recon=3.545718  g_adv=0.0000  d_loss=0.0000  val=4.381213  alpha=1.0204
Epoch  42/400 [WARMUP] recon=3.541585  g_adv=0.0000  d_loss=0.0000  val=4.388421  alpha=1.0301
Epoch  43/400 [WARMUP] recon=3.534875  g_adv=0.0000  d_loss=0.0000  val=4.385784  alpha=1.0397
Epoch  44/400 [WARMUP] recon=3.530027  g_adv=0.0000  d_loss=0.0000  val=4.393467  alpha=1.0493
Epoch  45/400 [WARMUP] recon=3.525803  g_adv=0.0000  d_loss=0.0000  val=4.386646  alpha=1.0584
Epoch  46/400 [WARMUP] recon=3.521142  g_adv=0.0000  d_loss=0.0000  val=4.384029  alpha=1.0681
Epoch  47/400 [WARMUP] recon=3.518822  g_adv=0.0000  d_loss=0.0000  val=4.392386  alpha=1.0774
Epoch  48/400 [WARMUP] recon=3.512910  g_adv=0.0000  d_loss=0.0000  val=4.388721  alpha=1.0869
Epoch  49/400 [WARMUP] recon=3.510335  g_adv=0.0000  d_loss=0.0000  val=4.378391  alpha=1.0953
Epoch  50/400 [WARMUP] recon=3.504032  g_adv=0.0000  d_loss=0.0000  val=4.392030  alpha=1.1042
Epoch  51/400  recon=3.519077  g_adv=0.7819  d_loss=0.6595  val=4.460893  alpha=1.0934
Epoch  52/400  recon=3.565651  g_adv=0.9088  d_loss=0.6547  val=4.436208  alpha=0.9781
Epoch  53/400  recon=3.563122  g_adv=1.2272  d_loss=0.5011  val=4.469918  alpha=0.9684
Epoch  54/400  recon=3.594541  g_adv=1.5349  d_loss=0.4267  val=4.495963  alpha=0.9457
Epoch  55/400  recon=3.631384  g_adv=1.7709  d_loss=0.3743  val=4.556460  alpha=0.9200
Epoch  56/400  recon=3.712539  g_adv=1.8601  d_loss=0.4121  val=4.590946  alpha=0.8596
Epoch  57/400  recon=3.816460  g_adv=1.4059  d_loss=0.9517  val=4.447323  alpha=0.7287
Epoch  58/400  recon=3.697157  g_adv=1.7161  d_loss=0.4579  val=4.761964  alpha=0.7112
Epoch  59/400  recon=3.870119  g_adv=2.0780  d_loss=0.4648  val=4.673478  alpha=0.6174
Epoch  60/400  recon=3.755361  g_adv=1.7047  d_loss=0.3998  val=4.576068  alpha=0.6357
Epoch  61/400  recon=3.738807  g_adv=2.4595  d_loss=0.2118  val=4.605044  alpha=0.6566
Epoch  62/400  recon=3.750250  g_adv=2.8123  d_loss=0.1546  val=4.609782  alpha=0.6961
Epoch  63/400  recon=3.821251  g_adv=2.8514  d_loss=0.3056  val=4.559489  alpha=0.7223
Epoch  64/400  recon=3.858998  g_adv=1.7199  d_loss=0.5368  val=4.565290  alpha=0.7137
Epoch  65/400  recon=3.840497  g_adv=1.8394  d_loss=0.4839  val=4.566033  alpha=0.6939
Epoch  66/400  recon=3.880521  g_adv=1.9039  d_loss=0.5161  val=4.645744  alpha=0.6710
Epoch  67/400  recon=3.894442  g_adv=2.4838  d_loss=0.3839  val=4.644900  alpha=0.6120
Epoch  68/400  recon=3.890691  g_adv=2.9355  d_loss=0.2161  val=4.623971  alpha=0.6356
Epoch  69/400  recon=3.903579  g_adv=2.1514  d_loss=0.4256  val=4.589222  alpha=0.6492
Epoch  70/400  recon=3.893696  g_adv=2.0004  d_loss=0.4636  val=4.612672  alpha=0.6795
Epoch  71/400  recon=3.937560  g_adv=2.1195  d_loss=0.4103  val=4.516866  alpha=0.6762
Epoch  72/400  recon=3.944824  g_adv=2.3258  d_loss=0.3745  val=4.621089  alpha=0.6653
Epoch  73/400  recon=3.958113  g_adv=2.6100  d_loss=0.2993  val=4.707622  alpha=0.6478
Epoch  74/400  recon=3.957395  g_adv=3.0156  d_loss=0.1897  val=4.698932  alpha=0.6208
Epoch  75/400  recon=3.984397  g_adv=3.1637  d_loss=0.1853  val=4.594241  alpha=0.6237
Epoch  76/400  recon=3.982609  g_adv=3.1421  d_loss=0.1820  val=4.619312  alpha=0.6480
Epoch  77/400  recon=4.033888  g_adv=2.7476  d_loss=0.3189  val=4.608246  alpha=0.6590
Epoch  78/400  recon=4.034574  g_adv=2.8517  d_loss=0.2624  val=4.665262  alpha=0.6491
Epoch  79/400  recon=4.044638  g_adv=3.0239  d_loss=0.1940  val=4.717757  alpha=0.6093
Epoch  80/400  recon=4.027418  g_adv=3.4857  d_loss=0.1088  val=4.668737  alpha=0.6247
Epoch  81/400  recon=3.991009  g_adv=3.3639  d_loss=0.1148  val=4.699861  alpha=0.6753

Early stopping at epoch 81 (patience=50)

Training complete. Best val loss: 4.367238
Using cache found in /home/sepharfi/.cache/torch/hub/bshall_knn-vc_master
/project/6086959/sepehr/VoiceConversion/.env/lib/python3.11/site-packages/torch/nn/utils/weight_norm.py:144: FutureWarning: `torch.nn.utils.weight_norm` is deprecated in favor of `torch.nn.utils.parametrizations.weight_norm`.
  WeightNorm.apply(module, name, dim)
Device: cuda
Loading kNN-VC model...
Removing weight norm...
[HiFiGAN] Generator loaded with 16,523,393 parameters.
WavLM-Large loaded with 315,453,120 parameters.
Loading checkpoint: /project/6086959/sepehr/VoiceConversion/unet_adv_vc/scripts/../checkpoints/best_model.pt
Loaded model from epoch 31 (val_loss=4.367238, alpha=0.9129)
Converting 28 files...
resample 44100 to 16000 in /home/sepharfi/projects/def-zshakeri/sepehr/CUCO/data_final/Audios/Tonsill/Speech/1/Tonsill_ses1_speech_0007.wav
  Tonsill_ses1_speech_0007.wav -> Tonsill_ses1_speech_0007.wav (69.0s)
resample 44100 to 16000 in /home/sepharfi/projects/def-zshakeri/sepehr/CUCO/data_final/Audios/Tonsill/Speech/1/Tonsill_ses1_speech_0011.wav
  Tonsill_ses1_speech_0011.wav -> Tonsill_ses1_speech_0011.wav (72.0s)
resample 44100 to 16000 in /home/sepharfi/projects/def-zshakeri/sepehr/CUCO/data_final/Audios/Tonsill/Speech/1/Tonsill_ses1_speech_0026.wav
  Tonsill_ses1_speech_0026.wav -> Tonsill_ses1_speech_0026.wav (50.5s)
resample 44100 to 16000 in /home/sepharfi/projects/def-zshakeri/sepehr/CUCO/data_final/Audios/Tonsill/Speech/1/Tonsill_ses1_speech_0042.wav
  Tonsill_ses1_speech_0042.wav -> Tonsill_ses1_speech_0042.wav (69.1s)
resample 44100 to 16000 in /home/sepharfi/projects/def-zshakeri/sepehr/CUCO/data_final/Audios/Tonsill/Speech/1/Tonsill_ses1_speech_0045.wav
  Tonsill_ses1_speech_0045.wav -> Tonsill_ses1_speech_0045.wav (66.7s)
resample 44100 to 16000 in /home/sepharfi/projects/def-zshakeri/sepehr/CUCO/data_final/Audios/Tonsill/Speech/1/Tonsill_ses1_speech_0062.wav
  Tonsill_ses1_speech_0062.wav -> Tonsill_ses1_speech_0062.wav (56.7s)
resample 44100 to 16000 in /home/sepharfi/projects/def-zshakeri/sepehr/CUCO/data_final/Audios/Tonsill/Speech/1/Tonsill_ses1_speech_0063.wav
  Tonsill_ses1_speech_0063.wav -> Tonsill_ses1_speech_0063.wav (59.6s)
resample 44100 to 16000 in /home/sepharfi/projects/def-zshakeri/sepehr/CUCO/data_final/Audios/Tonsill/Speech/1/Tonsill_ses1_speech_0078.wav
  Tonsill_ses1_speech_0078.wav -> Tonsill_ses1_speech_0078.wav (73.1s)
resample 44100 to 16000 in /home/sepharfi/projects/def-zshakeri/sepehr/CUCO/data_final/Audios/Tonsill/Speech/1/Tonsill_ses1_speech_0080.wav
  Tonsill_ses1_speech_0080.wav -> Tonsill_ses1_speech_0080.wav (60.3s)
resample 44100 to 16000 in /home/sepharfi/projects/def-zshakeri/sepehr/CUCO/data_final/Audios/Tonsill/Speech/1/Tonsill_ses1_speech_0081.wav
  Tonsill_ses1_speech_0081.wav -> Tonsill_ses1_speech_0081.wav (65.9s)
resample 44100 to 16000 in /home/sepharfi/projects/def-zshakeri/sepehr/CUCO/data_final/Audios/Tonsill/Speech/1/Tonsill_ses1_speech_0085.wav
  Tonsill_ses1_speech_0085.wav -> Tonsill_ses1_speech_0085.wav (46.6s)
resample 44100 to 16000 in /home/sepharfi/projects/def-zshakeri/sepehr/CUCO/data_final/Audios/Tonsill/Speech/1/Tonsill_ses1_speech_0087.wav
  Tonsill_ses1_speech_0087.wav -> Tonsill_ses1_speech_0087.wav (58.5s)
resample 44100 to 16000 in /home/sepharfi/projects/def-zshakeri/sepehr/CUCO/data_final/Audios/Tonsill/Speech/1/Tonsill_ses1_speech_0089.wav
  Tonsill_ses1_speech_0089.wav -> Tonsill_ses1_speech_0089.wav (60.3s)
resample 44100 to 16000 in /home/sepharfi/projects/def-zshakeri/sepehr/CUCO/data_final/Audios/Tonsill/Speech/1/Tonsill_ses1_speech_0092.wav
  Tonsill_ses1_speech_0092.wav -> Tonsill_ses1_speech_0092.wav (59.7s)
resample 44100 to 16000 in /home/sepharfi/projects/def-zshakeri/sepehr/CUCO/data_final/Audios/Tonsill/Speech/1/Tonsill_ses1_speech_0099.wav
  Tonsill_ses1_speech_0099.wav -> Tonsill_ses1_speech_0099.wav (66.3s)
resample 44100 to 16000 in /home/sepharfi/projects/def-zshakeri/sepehr/CUCO/data_final/Audios/Tonsill/Speech/1/Tonsill_ses1_speech_0108.wav
  Tonsill_ses1_speech_0108.wav -> Tonsill_ses1_speech_0108.wav (56.9s)
resample 44100 to 16000 in /home/sepharfi/projects/def-zshakeri/sepehr/CUCO/data_final/Audios/Tonsill/Speech/1/Tonsill_ses1_speech_0109.wav
  Tonsill_ses1_speech_0109.wav -> Tonsill_ses1_speech_0109.wav (55.9s)
resample 44100 to 16000 in /home/sepharfi/projects/def-zshakeri/sepehr/CUCO/data_final/Audios/Tonsill/Speech/1/Tonsill_ses1_speech_0110.wav
  Tonsill_ses1_speech_0110.wav -> Tonsill_ses1_speech_0110.wav (60.4s)
resample 44100 to 16000 in /home/sepharfi/projects/def-zshakeri/sepehr/CUCO/data_final/Audios/Tonsill/Speech/1/Tonsill_ses1_speech_0111.wav
  Tonsill_ses1_speech_0111.wav -> Tonsill_ses1_speech_0111.wav (46.5s)
resample 44100 to 16000 in /home/sepharfi/projects/def-zshakeri/sepehr/CUCO/data_final/Audios/Tonsill/Speech/1/Tonsill_ses1_speech_0112.wav
  Tonsill_ses1_speech_0112.wav -> Tonsill_ses1_speech_0112.wav (64.5s)
resample 44100 to 16000 in /home/sepharfi/projects/def-zshakeri/sepehr/CUCO/data_final/Audios/Tonsill/Speech/1/Tonsill_ses1_speech_0122.wav
  Tonsill_ses1_speech_0122.wav -> Tonsill_ses1_speech_0122.wav (55.1s)
resample 44100 to 16000 in /home/sepharfi/projects/def-zshakeri/sepehr/CUCO/data_final/Audios/Tonsill/Speech/1/Tonsill_ses1_speech_0125.wav
  Tonsill_ses1_speech_0125.wav -> Tonsill_ses1_speech_0125.wav (55.3s)
resample 44100 to 16000 in /home/sepharfi/projects/def-zshakeri/sepehr/CUCO/data_final/Audios/Tonsill/Speech/1/Tonsill_ses1_speech_0129.wav
  Tonsill_ses1_speech_0129.wav -> Tonsill_ses1_speech_0129.wav (61.8s)
resample 44100 to 16000 in /home/sepharfi/projects/def-zshakeri/sepehr/CUCO/data_final/Audios/Tonsill/Speech/1/Tonsill_ses1_speech_0132.wav
  Tonsill_ses1_speech_0132.wav -> Tonsill_ses1_speech_0132.wav (49.9s)
resample 44100 to 16000 in /home/sepharfi/projects/def-zshakeri/sepehr/CUCO/data_final/Audios/Tonsill/Speech/1/Tonsill_ses1_speech_0137.wav
  Tonsill_ses1_speech_0137.wav -> Tonsill_ses1_speech_0137.wav (60.4s)
resample 44100 to 16000 in /home/sepharfi/projects/def-zshakeri/sepehr/CUCO/data_final/Audios/Tonsill/Speech/1/Tonsill_ses1_speech_0144.wav
  Tonsill_ses1_speech_0144.wav -> Tonsill_ses1_speech_0144.wav (59.4s)
resample 44100 to 16000 in /home/sepharfi/projects/def-zshakeri/sepehr/CUCO/data_final/Audios/Tonsill/Speech/1/Tonsill_ses1_speech_0145.wav
  Tonsill_ses1_speech_0145.wav -> Tonsill_ses1_speech_0145.wav (57.4s)
resample 44100 to 16000 in /home/sepharfi/projects/def-zshakeri/sepehr/CUCO/data_final/Audios/Tonsill/Speech/1/Tonsill_ses1_speech_0147.wav
  Tonsill_ses1_speech_0147.wav -> Tonsill_ses1_speech_0147.wav (56.9s)
Done.
Warning: You are sending unauthenticated requests to the HF Hub. Please set a HF_TOKEN to enable higher rate limits and faster downloads.
Evaluating 28 converted files...
Source dir: /home/sepharfi/projects/def-zshakeri/sepehr/CUCO/data_final/Audios/Tonsill/Speech/1
Target dir: /home/sepharfi/projects/def-zshakeri/sepehr/CUCO/data_final/Audios/Tonsill/Speech/2

  [Loaded ECAPA-TDNN speaker encoder]
  Tonsill_ses1_speech_0007: SpkSim(t)=0.749 SpkSim(s)=0.783 LSD(t)=1.79 SED(t)=2.0
  Tonsill_ses1_speech_0011: SpkSim(t)=0.822 SpkSim(s)=0.879 LSD(t)=1.82 SED(t)=3.3
  Tonsill_ses1_speech_0026: SpkSim(t)=0.714 SpkSim(s)=0.570 LSD(t)=2.08 SED(t)=2.2
  Tonsill_ses1_speech_0042: SpkSim(t)=0.819 SpkSim(s)=0.712 LSD(t)=1.91 SED(t)=1.5
  Tonsill_ses1_speech_0045: SpkSim(t)=0.818 SpkSim(s)=0.840 LSD(t)=2.08 SED(t)=2.1
  Tonsill_ses1_speech_0062: SpkSim(t)=0.784 SpkSim(s)=0.645 LSD(t)=1.87 SED(t)=3.1
  Tonsill_ses1_speech_0063: SpkSim(t)=0.771 SpkSim(s)=0.796 LSD(t)=1.88 SED(t)=2.9
  Tonsill_ses1_speech_0078: SpkSim(t)=0.785 SpkSim(s)=0.653 LSD(t)=1.78 SED(t)=2.7
  Tonsill_ses1_speech_0080: SpkSim(t)=0.795 SpkSim(s)=0.556 LSD(t)=2.04 SED(t)=3.6
  Tonsill_ses1_speech_0081: SpkSim(t)=0.794 SpkSim(s)=0.762 LSD(t)=1.98 SED(t)=1.5
  Tonsill_ses1_speech_0085: SpkSim(t)=0.798 SpkSim(s)=0.769 LSD(t)=2.11 SED(t)=2.2
  Tonsill_ses1_speech_0087: SpkSim(t)=0.850 SpkSim(s)=0.781 LSD(t)=1.92 SED(t)=1.8
  Tonsill_ses1_speech_0089: SpkSim(t)=0.751 SpkSim(s)=0.765 LSD(t)=2.08 SED(t)=2.9
  Tonsill_ses1_speech_0092: SpkSim(t)=0.758 SpkSim(s)=0.772 LSD(t)=1.88 SED(t)=1.5
  Tonsill_ses1_speech_0099: SpkSim(t)=0.747 SpkSim(s)=0.769 LSD(t)=1.86 SED(t)=2.0
  Tonsill_ses1_speech_0108: SpkSim(t)=0.804 SpkSim(s)=0.533 LSD(t)=1.93 SED(t)=2.8
  Tonsill_ses1_speech_0109: SpkSim(t)=0.834 SpkSim(s)=0.778 LSD(t)=1.96 SED(t)=3.2
  Tonsill_ses1_speech_0110: SpkSim(t)=0.765 SpkSim(s)=0.802 LSD(t)=2.24 SED(t)=4.7
  Tonsill_ses1_speech_0111: SpkSim(t)=0.660 SpkSim(s)=0.701 LSD(t)=1.85 SED(t)=6.5
  Tonsill_ses1_speech_0112: SpkSim(t)=0.776 SpkSim(s)=0.863 LSD(t)=2.02 SED(t)=2.9
  Tonsill_ses1_speech_0122: SpkSim(t)=0.844 SpkSim(s)=0.802 LSD(t)=2.07 SED(t)=2.5
  Tonsill_ses1_speech_0125: SpkSim(t)=0.744 SpkSim(s)=0.732 LSD(t)=2.20 SED(t)=2.8
  Tonsill_ses1_speech_0129: SpkSim(t)=0.886 SpkSim(s)=0.834 LSD(t)=1.82 SED(t)=1.9
  Tonsill_ses1_speech_0132: SpkSim(t)=0.839 SpkSim(s)=0.541 LSD(t)=1.79 SED(t)=1.7
  Tonsill_ses1_speech_0137: SpkSim(t)=0.803 SpkSim(s)=0.810 LSD(t)=2.13 SED(t)=2.4
  Tonsill_ses1_speech_0144: SpkSim(t)=0.637 SpkSim(s)=0.753 LSD(t)=2.15 SED(t)=2.3
  Tonsill_ses1_speech_0145: SpkSim(t)=0.838 SpkSim(s)=0.641 LSD(t)=1.76 SED(t)=2.1
  Tonsill_ses1_speech_0147: SpkSim(t)=0.666 SpkSim(s)=0.779 LSD(t)=2.00 SED(t)=4.5

======================================================================
  UNet-Adv-VC — Evaluation Summary
======================================================================

  Baseline (real pre vs real post — same patient, no conversion):
    Speaker Similarity:  0.661 +/- 0.118
    LSD:                 1.86 +/- 0.13 dB
    SED:                 4.68 +/- 2.59 dB

  Voice Identity Match — 28 paired samples:
    Converted vs Target post (higher=better):  0.780 +/- 0.058
    Converted vs Source pre  (reference):      0.736 +/- 0.095

  Spectral Quality:
    LSD to target (lower=better):       1.97 +/- 0.13 dB
    SED to target (lower=better):       2.70 +/- 1.08 dB

  Content Preservation (source vs converted):
    LSD (lower=preserved):              1.32 +/- 0.08 dB
    SED (lower=preserved):              3.75 +/- 2.12 dB

  Conversion Effectiveness:
    Baseline (pre vs post same patient):        0.661
    Converted vs target post-surgery:           0.780
    Converted vs source pre-surgery:            0.736
    -> Converted voice is CLOSER to post-surgery than to pre-surgery
    SED reduction vs baseline: +42.3%
======================================================================
