
The following have been reloaded with a version change:
  1) python/3.11.5 => python/3.10.13

==========================================
  Tonsill — 5-fold CV + held-out test
==========================================
Using cache found in /home/sepharfi/.cache/torch/hub/bshall_knn-vc_master
/project/6086959/sepehr/VoiceConversion/.env/lib/python3.11/site-packages/torch/nn/utils/weight_norm.py:144: FutureWarning: `torch.nn.utils.weight_norm` is deprecated in favor of `torch.nn.utils.parametrizations.weight_norm`.
  WeightNorm.apply(module, name, dim)
Device: cuda
Loading kNN-VC model...
Removing weight norm...
[HiFiGAN] Generator loaded with 16,523,393 parameters.
WavLM-Large loaded with 315,453,120 parameters.

Extracting pre-surgery features...
resample 44100 to 16000 in /home/sepharfi/projects/def-zshakeri/sepehr/CUCO/data_final/Audios/Tonsill/Speech/1/Tonsill_ses1_speech_0007.wav
  Tonsill_ses1_speech_0007.wav: 3451 frames
resample 44100 to 16000 in /home/sepharfi/projects/def-zshakeri/sepehr/CUCO/data_final/Audios/Tonsill/Speech/1/Tonsill_ses1_speech_0011.wav
  Tonsill_ses1_speech_0011.wav: 3599 frames
resample 44100 to 16000 in /home/sepharfi/projects/def-zshakeri/sepehr/CUCO/data_final/Audios/Tonsill/Speech/1/Tonsill_ses1_speech_0026.wav
  Tonsill_ses1_speech_0026.wav: 2523 frames
resample 44100 to 16000 in /home/sepharfi/projects/def-zshakeri/sepehr/CUCO/data_final/Audios/Tonsill/Speech/1/Tonsill_ses1_speech_0042.wav
  Tonsill_ses1_speech_0042.wav: 3453 frames
resample 44100 to 16000 in /home/sepharfi/projects/def-zshakeri/sepehr/CUCO/data_final/Audios/Tonsill/Speech/1/Tonsill_ses1_speech_0045.wav
  Tonsill_ses1_speech_0045.wav: 3337 frames
resample 44100 to 16000 in /home/sepharfi/projects/def-zshakeri/sepehr/CUCO/data_final/Audios/Tonsill/Speech/1/Tonsill_ses1_speech_0062.wav
  Tonsill_ses1_speech_0062.wav: 2833 frames
resample 44100 to 16000 in /home/sepharfi/projects/def-zshakeri/sepehr/CUCO/data_final/Audios/Tonsill/Speech/1/Tonsill_ses1_speech_0063.wav
  Tonsill_ses1_speech_0063.wav: 2979 frames
resample 44100 to 16000 in /home/sepharfi/projects/def-zshakeri/sepehr/CUCO/data_final/Audios/Tonsill/Speech/1/Tonsill_ses1_speech_0078.wav
  Tonsill_ses1_speech_0078.wav: 3655 frames
resample 44100 to 16000 in /home/sepharfi/projects/def-zshakeri/sepehr/CUCO/data_final/Audios/Tonsill/Speech/1/Tonsill_ses1_speech_0080.wav
  Tonsill_ses1_speech_0080.wav: 3016 frames
resample 44100 to 16000 in /home/sepharfi/projects/def-zshakeri/sepehr/CUCO/data_final/Audios/Tonsill/Speech/1/Tonsill_ses1_speech_0081.wav
  Tonsill_ses1_speech_0081.wav: 3294 frames
resample 44100 to 16000 in /home/sepharfi/projects/def-zshakeri/sepehr/CUCO/data_final/Audios/Tonsill/Speech/1/Tonsill_ses1_speech_0085.wav
  Tonsill_ses1_speech_0085.wav: 2332 frames
resample 44100 to 16000 in /home/sepharfi/projects/def-zshakeri/sepehr/CUCO/data_final/Audios/Tonsill/Speech/1/Tonsill_ses1_speech_0087.wav
  Tonsill_ses1_speech_0087.wav: 2925 frames
resample 44100 to 16000 in /home/sepharfi/projects/def-zshakeri/sepehr/CUCO/data_final/Audios/Tonsill/Speech/1/Tonsill_ses1_speech_0089.wav
  Tonsill_ses1_speech_0089.wav: 3014 frames
resample 44100 to 16000 in /home/sepharfi/projects/def-zshakeri/sepehr/CUCO/data_final/Audios/Tonsill/Speech/1/Tonsill_ses1_speech_0092.wav
  Tonsill_ses1_speech_0092.wav: 2986 frames
resample 44100 to 16000 in /home/sepharfi/projects/def-zshakeri/sepehr/CUCO/data_final/Audios/Tonsill/Speech/1/Tonsill_ses1_speech_0099.wav
  Tonsill_ses1_speech_0099.wav: 3317 frames
resample 44100 to 16000 in /home/sepharfi/projects/def-zshakeri/sepehr/CUCO/data_final/Audios/Tonsill/Speech/1/Tonsill_ses1_speech_0108.wav
  Tonsill_ses1_speech_0108.wav: 2847 frames
resample 44100 to 16000 in /home/sepharfi/projects/def-zshakeri/sepehr/CUCO/data_final/Audios/Tonsill/Speech/1/Tonsill_ses1_speech_0109.wav
  Tonsill_ses1_speech_0109.wav: 2793 frames
resample 44100 to 16000 in /home/sepharfi/projects/def-zshakeri/sepehr/CUCO/data_final/Audios/Tonsill/Speech/1/Tonsill_ses1_speech_0110.wav
  Tonsill_ses1_speech_0110.wav: 3019 frames
resample 44100 to 16000 in /home/sepharfi/projects/def-zshakeri/sepehr/CUCO/data_final/Audios/Tonsill/Speech/1/Tonsill_ses1_speech_0111.wav
  Tonsill_ses1_speech_0111.wav: 2323 frames
resample 44100 to 16000 in /home/sepharfi/projects/def-zshakeri/sepehr/CUCO/data_final/Audios/Tonsill/Speech/1/Tonsill_ses1_speech_0112.wav
  Tonsill_ses1_speech_0112.wav: 3224 frames
resample 44100 to 16000 in /home/sepharfi/projects/def-zshakeri/sepehr/CUCO/data_final/Audios/Tonsill/Speech/1/Tonsill_ses1_speech_0122.wav
  Tonsill_ses1_speech_0122.wav: 2757 frames
resample 44100 to 16000 in /home/sepharfi/projects/def-zshakeri/sepehr/CUCO/data_final/Audios/Tonsill/Speech/1/Tonsill_ses1_speech_0125.wav
  Tonsill_ses1_speech_0125.wav: 2766 frames
resample 44100 to 16000 in /home/sepharfi/projects/def-zshakeri/sepehr/CUCO/data_final/Audios/Tonsill/Speech/1/Tonsill_ses1_speech_0129.wav
  Tonsill_ses1_speech_0129.wav: 3088 frames
resample 44100 to 16000 in /home/sepharfi/projects/def-zshakeri/sepehr/CUCO/data_final/Audios/Tonsill/Speech/1/Tonsill_ses1_speech_0132.wav
  Tonsill_ses1_speech_0132.wav: 2495 frames
resample 44100 to 16000 in /home/sepharfi/projects/def-zshakeri/sepehr/CUCO/data_final/Audios/Tonsill/Speech/1/Tonsill_ses1_speech_0137.wav
  Tonsill_ses1_speech_0137.wav: 3020 frames
resample 44100 to 16000 in /home/sepharfi/projects/def-zshakeri/sepehr/CUCO/data_final/Audios/Tonsill/Speech/1/Tonsill_ses1_speech_0144.wav
  Tonsill_ses1_speech_0144.wav: 2969 frames
resample 44100 to 16000 in /home/sepharfi/projects/def-zshakeri/sepehr/CUCO/data_final/Audios/Tonsill/Speech/1/Tonsill_ses1_speech_0145.wav
  Tonsill_ses1_speech_0145.wav: 2871 frames
resample 44100 to 16000 in /home/sepharfi/projects/def-zshakeri/sepehr/CUCO/data_final/Audios/Tonsill/Speech/1/Tonsill_ses1_speech_0147.wav
  Tonsill_ses1_speech_0147.wav: 2845 frames
  Total: 83731 frames (27.9 min)

Extracting post-surgery features...
resample 44100 to 16000 in /home/sepharfi/projects/def-zshakeri/sepehr/CUCO/data_final/Audios/Tonsill/Speech/2/Tonsill_ses2_speech_0007.wav
  Tonsill_ses2_speech_0007.wav: 3179 frames
resample 44100 to 16000 in /home/sepharfi/projects/def-zshakeri/sepehr/CUCO/data_final/Audios/Tonsill/Speech/2/Tonsill_ses2_speech_0011.wav
  Tonsill_ses2_speech_0011.wav: 3266 frames
resample 44100 to 16000 in /home/sepharfi/projects/def-zshakeri/sepehr/CUCO/data_final/Audios/Tonsill/Speech/2/Tonsill_ses2_speech_0026.wav
  Tonsill_ses2_speech_0026.wav: 4785 frames
resample 44100 to 16000 in /home/sepharfi/projects/def-zshakeri/sepehr/CUCO/data_final/Audios/Tonsill/Speech/2/Tonsill_ses2_speech_0042.wav
  Tonsill_ses2_speech_0042.wav: 3055 frames
resample 44100 to 16000 in /home/sepharfi/projects/def-zshakeri/sepehr/CUCO/data_final/Audios/Tonsill/Speech/2/Tonsill_ses2_speech_0045.wav
  Tonsill_ses2_speech_0045.wav: 2791 frames
resample 44100 to 16000 in /home/sepharfi/projects/def-zshakeri/sepehr/CUCO/data_final/Audios/Tonsill/Speech/2/Tonsill_ses2_speech_0062.wav
  Tonsill_ses2_speech_0062.wav: 3244 frames
resample 44100 to 16000 in /home/sepharfi/projects/def-zshakeri/sepehr/CUCO/data_final/Audios/Tonsill/Speech/2/Tonsill_ses2_speech_0063.wav
  Tonsill_ses2_speech_0063.wav: 3156 frames
resample 44100 to 16000 in /home/sepharfi/projects/def-zshakeri/sepehr/CUCO/data_final/Audios/Tonsill/Speech/2/Tonsill_ses2_speech_0078.wav
  Tonsill_ses2_speech_0078.wav: 3148 frames
resample 44100 to 16000 in /home/sepharfi/projects/def-zshakeri/sepehr/CUCO/data_final/Audios/Tonsill/Speech/2/Tonsill_ses2_speech_0080.wav
  Tonsill_ses2_speech_0080.wav: 2861 frames
resample 44100 to 16000 in /home/sepharfi/projects/def-zshakeri/sepehr/CUCO/data_final/Audios/Tonsill/Speech/2/Tonsill_ses2_speech_0081.wav
  Tonsill_ses2_speech_0081.wav: 2526 frames
resample 44100 to 16000 in /home/sepharfi/projects/def-zshakeri/sepehr/CUCO/data_final/Audios/Tonsill/Speech/2/Tonsill_ses2_speech_0085.wav
  Tonsill_ses2_speech_0085.wav: 2790 frames
resample 44100 to 16000 in /home/sepharfi/projects/def-zshakeri/sepehr/CUCO/data_final/Audios/Tonsill/Speech/2/Tonsill_ses2_speech_0087.wav
  Tonsill_ses2_speech_0087.wav: 2950 frames
resample 44100 to 16000 in /home/sepharfi/projects/def-zshakeri/sepehr/CUCO/data_final/Audios/Tonsill/Speech/2/Tonsill_ses2_speech_0089.wav
  Tonsill_ses2_speech_0089.wav: 3094 frames
resample 44100 to 16000 in /home/sepharfi/projects/def-zshakeri/sepehr/CUCO/data_final/Audios/Tonsill/Speech/2/Tonsill_ses2_speech_0092.wav
  Tonsill_ses2_speech_0092.wav: 2445 frames
resample 44100 to 16000 in /home/sepharfi/projects/def-zshakeri/sepehr/CUCO/data_final/Audios/Tonsill/Speech/2/Tonsill_ses2_speech_0099.wav
  Tonsill_ses2_speech_0099.wav: 2771 frames
resample 44100 to 16000 in /home/sepharfi/projects/def-zshakeri/sepehr/CUCO/data_final/Audios/Tonsill/Speech/2/Tonsill_ses2_speech_0108.wav
  Tonsill_ses2_speech_0108.wav: 2591 frames
resample 44100 to 16000 in /home/sepharfi/projects/def-zshakeri/sepehr/CUCO/data_final/Audios/Tonsill/Speech/2/Tonsill_ses2_speech_0109.wav
  Tonsill_ses2_speech_0109.wav: 2581 frames
resample 44100 to 16000 in /home/sepharfi/projects/def-zshakeri/sepehr/CUCO/data_final/Audios/Tonsill/Speech/2/Tonsill_ses2_speech_0110.wav
  Tonsill_ses2_speech_0110.wav: 3037 frames
resample 44100 to 16000 in /home/sepharfi/projects/def-zshakeri/sepehr/CUCO/data_final/Audios/Tonsill/Speech/2/Tonsill_ses2_speech_0111.wav
  Tonsill_ses2_speech_0111.wav: 3989 frames
resample 44100 to 16000 in /home/sepharfi/projects/def-zshakeri/sepehr/CUCO/data_final/Audios/Tonsill/Speech/2/Tonsill_ses2_speech_0112.wav
  Tonsill_ses2_speech_0112.wav: 3058 frames
resample 44100 to 16000 in /home/sepharfi/projects/def-zshakeri/sepehr/CUCO/data_final/Audios/Tonsill/Speech/2/Tonsill_ses2_speech_0122.wav
  Tonsill_ses2_speech_0122.wav: 3004 frames
resample 44100 to 16000 in /home/sepharfi/projects/def-zshakeri/sepehr/CUCO/data_final/Audios/Tonsill/Speech/2/Tonsill_ses2_speech_0125.wav
  Tonsill_ses2_speech_0125.wav: 2975 frames
resample 44100 to 16000 in /home/sepharfi/projects/def-zshakeri/sepehr/CUCO/data_final/Audios/Tonsill/Speech/2/Tonsill_ses2_speech_0129.wav
  Tonsill_ses2_speech_0129.wav: 2974 frames
resample 44100 to 16000 in /home/sepharfi/projects/def-zshakeri/sepehr/CUCO/data_final/Audios/Tonsill/Speech/2/Tonsill_ses2_speech_0132.wav
  Tonsill_ses2_speech_0132.wav: 2877 frames
resample 44100 to 16000 in /home/sepharfi/projects/def-zshakeri/sepehr/CUCO/data_final/Audios/Tonsill/Speech/2/Tonsill_ses2_speech_0137.wav
  Tonsill_ses2_speech_0137.wav: 2954 frames
resample 44100 to 16000 in /home/sepharfi/projects/def-zshakeri/sepehr/CUCO/data_final/Audios/Tonsill/Speech/2/Tonsill_ses2_speech_0144.wav
  Tonsill_ses2_speech_0144.wav: 4204 frames
resample 44100 to 16000 in /home/sepharfi/projects/def-zshakeri/sepehr/CUCO/data_final/Audios/Tonsill/Speech/2/Tonsill_ses2_speech_0145.wav
  Tonsill_ses2_speech_0145.wav: 3215 frames
resample 44100 to 16000 in /home/sepharfi/projects/def-zshakeri/sepehr/CUCO/data_final/Audios/Tonsill/Speech/2/Tonsill_ses2_speech_0147.wav
  Tonsill_ses2_speech_0147.wav: 2883 frames
  Total: 86403 frames (28.8 min)

============================================================
  Total patients: 28
  Held-out test (5): ['Tonsill_ses1_speech_0085', 'Tonsill_ses1_speech_0109', 'Tonsill_ses1_speech_0111', 'Tonsill_ses1_speech_0125', 'Tonsill_ses1_speech_0147']
  CV pool (23): 23 patients
============================================================

============================================================
  5-Fold Cross-Validation
============================================================

Fold 1/5: train=19 patients, val=4 patients
  Fold 1 Train: 3553 segs (19 patients), Val: 782 segs (4 patients)
    Fold 1 Epoch   1  val=4.619391  alpha=0.1630
    Fold 1 Epoch  20  val=4.302686  alpha=0.6965
    Fold 1 Epoch  40  val=4.303546  alpha=0.9240
    Fold 1 Epoch  60  val=4.278625  alpha=1.0838
    Fold 1 Epoch  80  val=4.286484  alpha=1.2139
    Fold 1 Early stopping at epoch 93
    Fold 1 Best val loss: 4.254206

Fold 2/5: train=19 patients, val=4 patients
  Fold 2 Train: 3618 segs (19 patients), Val: 717 segs (4 patients)
    Fold 2 Epoch   1  val=4.941158  alpha=0.1650
    Fold 2 Epoch  20  val=4.637827  alpha=0.6992
    Fold 2 Epoch  40  val=4.622310  alpha=0.9299
    Fold 2 Epoch  60  val=4.607388  alpha=1.0881
    Fold 2 Epoch  80  val=4.610474  alpha=1.2119
    Fold 2 Early stopping at epoch 91
    Fold 2 Best val loss: 4.576521

Fold 3/5: train=19 patients, val=4 patients
  Fold 3 Train: 3577 segs (19 patients), Val: 758 segs (4 patients)
    Fold 3 Epoch   1  val=4.497475  alpha=0.1636
    Fold 3 Epoch  20  val=4.299142  alpha=0.7026
    Fold 3 Epoch  40  val=4.293508  alpha=0.9283
    Fold 3 Epoch  60  val=4.294732  alpha=1.0883
    Fold 3 Epoch  80  val=4.284513  alpha=1.2194
    Fold 3 Epoch 100  val=4.303984  alpha=1.3341
    Fold 3 Epoch 120  val=4.296162  alpha=1.4441
    Fold 3 Early stopping at epoch 120
    Fold 3 Best val loss: 4.284513

Fold 4/5: train=19 patients, val=4 patients
  Fold 4 Train: 3583 segs (19 patients), Val: 752 segs (4 patients)
    Fold 4 Epoch   1  val=4.498369  alpha=0.1635
    Fold 4 Epoch  20  val=4.231977  alpha=0.6935
    Fold 4 Epoch  40  val=4.235718  alpha=0.9185
    Fold 4 Epoch  60  val=4.221493  alpha=1.0841
    Fold 4 Early stopping at epoch 68
    Fold 4 Best val loss: 4.200261

Fold 5/5: train=16 patients, val=7 patients
  Fold 5 Train: 3009 segs (16 patients), Val: 1326 segs (7 patients)
    Fold 5 Epoch   1  val=4.521982  alpha=0.1545
    Fold 5 Epoch  20  val=4.305110  alpha=0.6529
    Fold 5 Epoch  40  val=4.291082  alpha=0.8702
    Fold 5 Epoch  60  val=4.287881  alpha=1.0221
    Fold 5 Early stopping at epoch 76
    Fold 5 Best val loss: 4.258243

============================================================
  CV Results: 4.314749 +/- 0.133720
  Per-fold: ['4.254206', '4.576521', '4.284513', '4.200261', '4.258243']
============================================================

Training final model on all 23 CV patients...
  Final Train: 3009 segs (16 patients), Val: 1326 segs (7 patients)
    Final Epoch   1  val=4.525652  alpha=0.1539
    Final Epoch  20  val=4.299344  alpha=0.6545
    Final Epoch  40  val=4.264465  alpha=0.8714
    Final Epoch  60  val=4.279721  alpha=1.0232
    Final Epoch  80  val=4.279611  alpha=1.1473
    Final Epoch 100  val=4.267122  alpha=1.2536
    Final Early stopping at epoch 106
    Final Best val loss: 4.257101

Done. Final model: checkpoints_kfold_tonsill/best_model.pt
Test patients (5): ['Tonsill_ses1_speech_0085', 'Tonsill_ses1_speech_0109', 'Tonsill_ses1_speech_0111', 'Tonsill_ses1_speech_0125', 'Tonsill_ses1_speech_0147']
Run inference on test patients only:
  python scripts/inference_kfold.py --checkpoint checkpoints_kfold_tonsill/best_model.pt
Using cache found in /home/sepharfi/.cache/torch/hub/bshall_knn-vc_master
/project/6086959/sepehr/VoiceConversion/.env/lib/python3.11/site-packages/torch/nn/utils/weight_norm.py:144: FutureWarning: `torch.nn.utils.weight_norm` is deprecated in favor of `torch.nn.utils.parametrizations.weight_norm`.
  WeightNorm.apply(module, name, dim)
Device: cuda
Loading kNN-VC model...
Removing weight norm...
[HiFiGAN] Generator loaded with 16,523,393 parameters.
WavLM-Large loaded with 315,453,120 parameters.
Loading checkpoint: checkpoints_kfold_tonsill/best_model.pt
Loaded model from epoch 66 (val=4.257101, alpha=1.0624)

Converting 5 held-out test patients...
resample 44100 to 16000 in /home/sepharfi/projects/def-zshakeri/sepehr/CUCO/data_final/Audios/Tonsill/Speech/1/Tonsill_ses1_speech_0085.wav
  Tonsill_ses1_speech_0085.wav -> Tonsill_ses1_speech_0085.wav (46.6s)
resample 44100 to 16000 in /home/sepharfi/projects/def-zshakeri/sepehr/CUCO/data_final/Audios/Tonsill/Speech/1/Tonsill_ses1_speech_0109.wav
  Tonsill_ses1_speech_0109.wav -> Tonsill_ses1_speech_0109.wav (55.9s)
resample 44100 to 16000 in /home/sepharfi/projects/def-zshakeri/sepehr/CUCO/data_final/Audios/Tonsill/Speech/1/Tonsill_ses1_speech_0111.wav
  Tonsill_ses1_speech_0111.wav -> Tonsill_ses1_speech_0111.wav (46.5s)
resample 44100 to 16000 in /home/sepharfi/projects/def-zshakeri/sepehr/CUCO/data_final/Audios/Tonsill/Speech/1/Tonsill_ses1_speech_0125.wav
  Tonsill_ses1_speech_0125.wav -> Tonsill_ses1_speech_0125.wav (55.3s)
resample 44100 to 16000 in /home/sepharfi/projects/def-zshakeri/sepehr/CUCO/data_final/Audios/Tonsill/Speech/1/Tonsill_ses1_speech_0147.wav
  Tonsill_ses1_speech_0147.wav -> Tonsill_ses1_speech_0147.wav (56.9s)
Done.
Warning: You are sending unauthenticated requests to the HF Hub. Please set a HF_TOKEN to enable higher rate limits and faster downloads.
Evaluating 5 converted files...
Source dir: /home/sepharfi/projects/def-zshakeri/sepehr/CUCO/data_final/Audios/Tonsill/Speech/1
Target dir: /home/sepharfi/projects/def-zshakeri/sepehr/CUCO/data_final/Audios/Tonsill/Speech/2

  [Loaded ECAPA-TDNN speaker encoder]
  Tonsill_ses1_speech_0085: SpkSim(t)=0.720 SpkSim(s)=0.765 LSD(t)=2.06 SED(t)=5.3
  Tonsill_ses1_speech_0109: SpkSim(t)=0.771 SpkSim(s)=0.767 LSD(t)=2.17 SED(t)=8.4
  Tonsill_ses1_speech_0111: SpkSim(t)=0.731 SpkSim(s)=0.636 LSD(t)=1.88 SED(t)=7.3
  Tonsill_ses1_speech_0125: SpkSim(t)=0.723 SpkSim(s)=0.754 LSD(t)=2.13 SED(t)=3.0
  Tonsill_ses1_speech_0147: SpkSim(t)=0.676 SpkSim(s)=0.759 LSD(t)=1.98 SED(t)=5.3

======================================================================
  UNet-VC (Tonsill, test only) — Evaluation Summary
======================================================================

  Baseline (real pre vs real post — same patient, no conversion):
    Speaker Similarity:  0.728 +/- 0.070
    LSD:                 1.90 +/- 0.07 dB
    SED:                 5.39 +/- 3.35 dB

  Voice Identity Match — 5 paired samples:
    Converted vs Target post (higher=better):  0.724 +/- 0.030
    Converted vs Source pre  (reference):      0.736 +/- 0.050

  Spectral Quality:
    LSD to target (lower=better):       2.04 +/- 0.11 dB
    SED to target (lower=better):       5.85 +/- 1.86 dB

  Content Preservation (source vs converted):
    LSD (lower=preserved):              1.29 +/- 0.04 dB
    SED (lower=preserved):              2.58 +/- 0.72 dB

  Conversion Effectiveness:
    Baseline (pre vs post same patient):        0.728
    Converted vs target post-surgery:           0.724
    Converted vs source pre-surgery:            0.736
    -> Converted voice is still closer to pre-surgery (minimal conversion)
    SED reduction vs baseline: -8.6%
======================================================================

==========================================
  Fess — 5-fold CV + held-out test
==========================================
Using cache found in /home/sepharfi/.cache/torch/hub/bshall_knn-vc_master
/project/6086959/sepehr/VoiceConversion/.env/lib/python3.11/site-packages/torch/nn/utils/weight_norm.py:144: FutureWarning: `torch.nn.utils.weight_norm` is deprecated in favor of `torch.nn.utils.parametrizations.weight_norm`.
  WeightNorm.apply(module, name, dim)
Device: cuda
Loading kNN-VC model...
Removing weight norm...
[HiFiGAN] Generator loaded with 16,523,393 parameters.
WavLM-Large loaded with 315,453,120 parameters.

Extracting pre-surgery features...
resample 44100 to 16000 in /home/sepharfi/projects/def-zshakeri/sepehr/CUCO/data_final/Audios/Fess/Speech/1/FESS_ses1_speech_0017.wav
  FESS_ses1_speech_0017.wav: 3541 frames
resample 44100 to 16000 in /home/sepharfi/projects/def-zshakeri/sepehr/CUCO/data_final/Audios/Fess/Speech/1/FESS_ses1_speech_0029.wav
  FESS_ses1_speech_0029.wav: 2228 frames
resample 44100 to 16000 in /home/sepharfi/projects/def-zshakeri/sepehr/CUCO/data_final/Audios/Fess/Speech/1/FESS_ses1_speech_0030.wav
  FESS_ses1_speech_0030.wav: 1900 frames
resample 44100 to 16000 in /home/sepharfi/projects/def-zshakeri/sepehr/CUCO/data_final/Audios/Fess/Speech/1/FESS_ses1_speech_0032.wav
  FESS_ses1_speech_0032.wav: 2880 frames
resample 44100 to 16000 in /home/sepharfi/projects/def-zshakeri/sepehr/CUCO/data_final/Audios/Fess/Speech/1/FESS_ses1_speech_0036.wav
  FESS_ses1_speech_0036.wav: 2884 frames
resample 44100 to 16000 in /home/sepharfi/projects/def-zshakeri/sepehr/CUCO/data_final/Audios/Fess/Speech/1/FESS_ses1_speech_0040.wav
  FESS_ses1_speech_0040.wav: 3073 frames
resample 44100 to 16000 in /home/sepharfi/projects/def-zshakeri/sepehr/CUCO/data_final/Audios/Fess/Speech/1/FESS_ses1_speech_0043.wav
  FESS_ses1_speech_0043.wav: 3667 frames
resample 44100 to 16000 in /home/sepharfi/projects/def-zshakeri/sepehr/CUCO/data_final/Audios/Fess/Speech/1/FESS_ses1_speech_0046.wav
  FESS_ses1_speech_0046.wav: 3390 frames
resample 44100 to 16000 in /home/sepharfi/projects/def-zshakeri/sepehr/CUCO/data_final/Audios/Fess/Speech/1/FESS_ses1_speech_0049.wav
  FESS_ses1_speech_0049.wav: 3255 frames
resample 44100 to 16000 in /home/sepharfi/projects/def-zshakeri/sepehr/CUCO/data_final/Audios/Fess/Speech/1/FESS_ses1_speech_0055.wav
  FESS_ses1_speech_0055.wav: 2752 frames
resample 44100 to 16000 in /home/sepharfi/projects/def-zshakeri/sepehr/CUCO/data_final/Audios/Fess/Speech/1/FESS_ses1_speech_0057.wav
  FESS_ses1_speech_0057.wav: 1855 frames
resample 44100 to 16000 in /home/sepharfi/projects/def-zshakeri/sepehr/CUCO/data_final/Audios/Fess/Speech/1/FESS_ses1_speech_0084.wav
  FESS_ses1_speech_0084.wav: 2884 frames
resample 44100 to 16000 in /home/sepharfi/projects/def-zshakeri/sepehr/CUCO/data_final/Audios/Fess/Speech/1/FESS_ses1_speech_0086.wav
  FESS_ses1_speech_0086.wav: 2647 frames
resample 44100 to 16000 in /home/sepharfi/projects/def-zshakeri/sepehr/CUCO/data_final/Audios/Fess/Speech/1/FESS_ses1_speech_0088.wav
  FESS_ses1_speech_0088.wav: 2841 frames
resample 44100 to 16000 in /home/sepharfi/projects/def-zshakeri/sepehr/CUCO/data_final/Audios/Fess/Speech/1/FESS_ses1_speech_0095.wav
  FESS_ses1_speech_0095.wav: 2998 frames
resample 44100 to 16000 in /home/sepharfi/projects/def-zshakeri/sepehr/CUCO/data_final/Audios/Fess/Speech/1/FESS_ses1_speech_0096.wav
  FESS_ses1_speech_0096.wav: 3002 frames
resample 44100 to 16000 in /home/sepharfi/projects/def-zshakeri/sepehr/CUCO/data_final/Audios/Fess/Speech/1/FESS_ses1_speech_0107.wav
  FESS_ses1_speech_0107.wav: 3075 frames
resample 44100 to 16000 in /home/sepharfi/projects/def-zshakeri/sepehr/CUCO/data_final/Audios/Fess/Speech/1/FESS_ses1_speech_0115.wav
  FESS_ses1_speech_0115.wav: 2525 frames
resample 44100 to 16000 in /home/sepharfi/projects/def-zshakeri/sepehr/CUCO/data_final/Audios/Fess/Speech/1/FESS_ses1_speech_0116.wav
  FESS_ses1_speech_0116.wav: 2782 frames
resample 44100 to 16000 in /home/sepharfi/projects/def-zshakeri/sepehr/CUCO/data_final/Audios/Fess/Speech/1/FESS_ses1_speech_0117.wav
  FESS_ses1_speech_0117.wav: 2771 frames
resample 44100 to 16000 in /home/sepharfi/projects/def-zshakeri/sepehr/CUCO/data_final/Audios/Fess/Speech/1/FESS_ses1_speech_0118.wav
  FESS_ses1_speech_0118.wav: 3101 frames
resample 44100 to 16000 in /home/sepharfi/projects/def-zshakeri/sepehr/CUCO/data_final/Audios/Fess/Speech/1/FESS_ses1_speech_0119.wav
  FESS_ses1_speech_0119.wav: 3391 frames
resample 44100 to 16000 in /home/sepharfi/projects/def-zshakeri/sepehr/CUCO/data_final/Audios/Fess/Speech/1/FESS_ses1_speech_0120.wav
  FESS_ses1_speech_0120.wav: 2699 frames
resample 44100 to 16000 in /home/sepharfi/projects/def-zshakeri/sepehr/CUCO/data_final/Audios/Fess/Speech/1/FESS_ses1_speech_0121.wav
  FESS_ses1_speech_0121.wav: 2938 frames
resample 44100 to 16000 in /home/sepharfi/projects/def-zshakeri/sepehr/CUCO/data_final/Audios/Fess/Speech/1/FESS_ses1_speech_0123.wav
  FESS_ses1_speech_0123.wav: 2628 frames
resample 44100 to 16000 in /home/sepharfi/projects/def-zshakeri/sepehr/CUCO/data_final/Audios/Fess/Speech/1/FESS_ses1_speech_0124.wav
  FESS_ses1_speech_0124.wav: 2345 frames
resample 44100 to 16000 in /home/sepharfi/projects/def-zshakeri/sepehr/CUCO/data_final/Audios/Fess/Speech/1/FESS_ses1_speech_0130.wav
  FESS_ses1_speech_0130.wav: 2972 frames
  Total: 77024 frames (25.7 min)

Extracting post-surgery features...
resample 44100 to 16000 in /home/sepharfi/projects/def-zshakeri/sepehr/CUCO/data_final/Audios/Fess/Speech/2/FESS_ses2_speech_0017.wav
  FESS_ses2_speech_0017.wav: 3271 frames
resample 44100 to 16000 in /home/sepharfi/projects/def-zshakeri/sepehr/CUCO/data_final/Audios/Fess/Speech/2/FESS_ses2_speech_0029.wav
  FESS_ses2_speech_0029.wav: 3391 frames
resample 44100 to 16000 in /home/sepharfi/projects/def-zshakeri/sepehr/CUCO/data_final/Audios/Fess/Speech/2/FESS_ses2_speech_0030.wav
  FESS_ses2_speech_0030.wav: 2326 frames
resample 44100 to 16000 in /home/sepharfi/projects/def-zshakeri/sepehr/CUCO/data_final/Audios/Fess/Speech/2/FESS_ses2_speech_0032.wav
  FESS_ses2_speech_0032.wav: 1132 frames
resample 44100 to 16000 in /home/sepharfi/projects/def-zshakeri/sepehr/CUCO/data_final/Audios/Fess/Speech/2/FESS_ses2_speech_0036.wav
  FESS_ses2_speech_0036.wav: 3109 frames
resample 44100 to 16000 in /home/sepharfi/projects/def-zshakeri/sepehr/CUCO/data_final/Audios/Fess/Speech/2/FESS_ses2_speech_0040.wav
  FESS_ses2_speech_0040.wav: 3318 frames
resample 44100 to 16000 in /home/sepharfi/projects/def-zshakeri/sepehr/CUCO/data_final/Audios/Fess/Speech/2/FESS_ses2_speech_0043.wav
  FESS_ses2_speech_0043.wav: 2993 frames
resample 44100 to 16000 in /home/sepharfi/projects/def-zshakeri/sepehr/CUCO/data_final/Audios/Fess/Speech/2/FESS_ses2_speech_0046.wav
  FESS_ses2_speech_0046.wav: 3017 frames
resample 44100 to 16000 in /home/sepharfi/projects/def-zshakeri/sepehr/CUCO/data_final/Audios/Fess/Speech/2/FESS_ses2_speech_0049.wav
  FESS_ses2_speech_0049.wav: 3255 frames
resample 44100 to 16000 in /home/sepharfi/projects/def-zshakeri/sepehr/CUCO/data_final/Audios/Fess/Speech/2/FESS_ses2_speech_0055.wav
  FESS_ses2_speech_0055.wav: 2974 frames
resample 44100 to 16000 in /home/sepharfi/projects/def-zshakeri/sepehr/CUCO/data_final/Audios/Fess/Speech/2/FESS_ses2_speech_0057.wav
  FESS_ses2_speech_0057.wav: 3720 frames
resample 44100 to 16000 in /home/sepharfi/projects/def-zshakeri/sepehr/CUCO/data_final/Audios/Fess/Speech/2/FESS_ses2_speech_0084.wav
  FESS_ses2_speech_0084.wav: 2997 frames
resample 44100 to 16000 in /home/sepharfi/projects/def-zshakeri/sepehr/CUCO/data_final/Audios/Fess/Speech/2/FESS_ses2_speech_0086.wav
  FESS_ses2_speech_0086.wav: 2880 frames
resample 44100 to 16000 in /home/sepharfi/projects/def-zshakeri/sepehr/CUCO/data_final/Audios/Fess/Speech/2/FESS_ses2_speech_0088.wav
  FESS_ses2_speech_0088.wav: 2901 frames
resample 44100 to 16000 in /home/sepharfi/projects/def-zshakeri/sepehr/CUCO/data_final/Audios/Fess/Speech/2/FESS_ses2_speech_0095.wav
  FESS_ses2_speech_0095.wav: 3351 frames
resample 44100 to 16000 in /home/sepharfi/projects/def-zshakeri/sepehr/CUCO/data_final/Audios/Fess/Speech/2/FESS_ses2_speech_0096.wav
  FESS_ses2_speech_0096.wav: 3072 frames
resample 44100 to 16000 in /home/sepharfi/projects/def-zshakeri/sepehr/CUCO/data_final/Audios/Fess/Speech/2/FESS_ses2_speech_0107.wav
  FESS_ses2_speech_0107.wav: 3027 frames
resample 44100 to 16000 in /home/sepharfi/projects/def-zshakeri/sepehr/CUCO/data_final/Audios/Fess/Speech/2/FESS_ses2_speech_0115.wav
  FESS_ses2_speech_0115.wav: 2892 frames
resample 44100 to 16000 in /home/sepharfi/projects/def-zshakeri/sepehr/CUCO/data_final/Audios/Fess/Speech/2/FESS_ses2_speech_0116.wav
  FESS_ses2_speech_0116.wav: 3142 frames
resample 44100 to 16000 in /home/sepharfi/projects/def-zshakeri/sepehr/CUCO/data_final/Audios/Fess/Speech/2/FESS_ses2_speech_0117.wav
  FESS_ses2_speech_0117.wav: 3066 frames
resample 44100 to 16000 in /home/sepharfi/projects/def-zshakeri/sepehr/CUCO/data_final/Audios/Fess/Speech/2/FESS_ses2_speech_0118.wav
  FESS_ses2_speech_0118.wav: 3181 frames
resample 44100 to 16000 in /home/sepharfi/projects/def-zshakeri/sepehr/CUCO/data_final/Audios/Fess/Speech/2/FESS_ses2_speech_0119.wav
  FESS_ses2_speech_0119.wav: 2968 frames
resample 44100 to 16000 in /home/sepharfi/projects/def-zshakeri/sepehr/CUCO/data_final/Audios/Fess/Speech/2/FESS_ses2_speech_0120.wav
  FESS_ses2_speech_0120.wav: 3071 frames
resample 44100 to 16000 in /home/sepharfi/projects/def-zshakeri/sepehr/CUCO/data_final/Audios/Fess/Speech/2/FESS_ses2_speech_0121.wav
  FESS_ses2_speech_0121.wav: 2845 frames
resample 44100 to 16000 in /home/sepharfi/projects/def-zshakeri/sepehr/CUCO/data_final/Audios/Fess/Speech/2/FESS_ses2_speech_0123.wav
  FESS_ses2_speech_0123.wav: 2823 frames
resample 44100 to 16000 in /home/sepharfi/projects/def-zshakeri/sepehr/CUCO/data_final/Audios/Fess/Speech/2/FESS_ses2_speech_0124.wav
  FESS_ses2_speech_0124.wav: 2836 frames
resample 44100 to 16000 in /home/sepharfi/projects/def-zshakeri/sepehr/CUCO/data_final/Audios/Fess/Speech/2/FESS_ses2_speech_0130.wav
  FESS_ses2_speech_0130.wav: 2541 frames
  Total: 80099 frames (26.7 min)

============================================================
  Total patients: 27
  Held-out test (5): ['FESS_ses1_speech_0055', 'FESS_ses1_speech_0086', 'FESS_ses1_speech_0107', 'FESS_ses1_speech_0117', 'FESS_ses1_speech_0130']
  CV pool (22): 22 patients
============================================================

============================================================
  5-Fold Cross-Validation
============================================================

Fold 1/5: train=18 patients, val=4 patients
  Fold 1 Train: 3078 segs (18 patients), Val: 770 segs (4 patients)
    Fold 1 Epoch   1  val=4.313892  alpha=0.1538
    Fold 1 Epoch  20  val=4.198918  alpha=0.6529
    Fold 1 Epoch  40  val=4.187518  alpha=0.8781
    Fold 1 Epoch  60  val=4.174664  alpha=1.0359
    Fold 1 Epoch  80  val=4.193190  alpha=1.1575
    Fold 1 Epoch 100  val=4.193765  alpha=1.2560
    Fold 1 Early stopping at epoch 113
    Fold 1 Best val loss: 4.168294

Fold 2/5: train=18 patients, val=4 patients
  Fold 2 Train: 3235 segs (18 patients), Val: 613 segs (4 patients)
    Fold 2 Epoch   1  val=4.341995  alpha=0.1567
    Fold 2 Epoch  20  val=4.177738  alpha=0.6655
    Fold 2 Epoch  40  val=4.147362  alpha=0.8923
    Fold 2 Epoch  60  val=4.168196  alpha=1.0505
    Fold 2 Epoch  80  val=4.136797  alpha=1.1741
    Fold 2 Epoch 100  val=4.136785  alpha=1.2757
    Fold 2 Epoch 120  val=4.135938  alpha=1.3640
    Fold 2 Epoch 140  val=4.130580  alpha=1.4421
    Fold 2 Early stopping at epoch 148
    Fold 2 Best val loss: 4.118207

Fold 3/5: train=18 patients, val=4 patients
  Fold 3 Train: 3153 segs (18 patients), Val: 695 segs (4 patients)
    Fold 3 Epoch   1  val=4.328862  alpha=0.1539
    Fold 3 Epoch  20  val=4.157248  alpha=0.6580
    Fold 3 Epoch  40  val=4.130406  alpha=0.8789
    Fold 3 Epoch  60  val=4.156039  alpha=1.0343
    Fold 3 Epoch  80  val=4.146472  alpha=1.1586
    Fold 3 Early stopping at epoch 81
    Fold 3 Best val loss: 4.125459

Fold 4/5: train=18 patients, val=4 patients
  Fold 4 Train: 3211 segs (18 patients), Val: 637 segs (4 patients)
    Fold 4 Epoch   1  val=5.016436  alpha=0.1538
    Fold 4 Epoch  20  val=4.780981  alpha=0.6578
    Fold 4 Epoch  40  val=4.764329  alpha=0.8738
    Fold 4 Epoch  60  val=4.757043  alpha=1.0295
    Fold 4 Epoch  80  val=4.745478  alpha=1.1632
    Fold 4 Epoch 100  val=4.762368  alpha=1.2857
    Fold 4 Early stopping at epoch 113
    Fold 4 Best val loss: 4.732084

Fold 5/5: train=16 patients, val=6 patients
  Fold 5 Train: 2715 segs (16 patients), Val: 1133 segs (6 patients)
    Fold 5 Epoch   1  val=4.280146  alpha=0.1463
    Fold 5 Epoch  20  val=4.099520  alpha=0.6214
    Fold 5 Epoch  40  val=4.112310  alpha=0.8292
    Fold 5 Epoch  60  val=4.089528  alpha=0.9732
    Fold 5 Epoch  80  val=4.094172  alpha=1.0867
    Fold 5 Epoch 100  val=4.090756  alpha=1.1831
    Fold 5 Early stopping at epoch 107
    Fold 5 Best val loss: 4.076737

============================================================
  CV Results: 4.244156 +/- 0.245687
  Per-fold: ['4.168294', '4.118207', '4.125459', '4.732084', '4.076737']
============================================================

Training final model on all 22 CV patients...
  Final Train: 2715 segs (16 patients), Val: 1133 segs (6 patients)
    Final Epoch   1  val=4.293568  alpha=0.1458
    Final Epoch  20  val=4.126853  alpha=0.6243
    Final Epoch  40  val=4.121866  alpha=0.8281
    Final Epoch  60  val=4.112929  alpha=0.9683
    Final Epoch  80  val=4.106516  alpha=1.0807
    Final Early stopping at epoch 85
    Final Best val loss: 4.087511

Done. Final model: checkpoints_kfold_fess/best_model.pt
Test patients (5): ['FESS_ses1_speech_0055', 'FESS_ses1_speech_0086', 'FESS_ses1_speech_0107', 'FESS_ses1_speech_0117', 'FESS_ses1_speech_0130']
Run inference on test patients only:
  python scripts/inference_kfold.py --checkpoint checkpoints_kfold_fess/best_model.pt
Using cache found in /home/sepharfi/.cache/torch/hub/bshall_knn-vc_master
/project/6086959/sepehr/VoiceConversion/.env/lib/python3.11/site-packages/torch/nn/utils/weight_norm.py:144: FutureWarning: `torch.nn.utils.weight_norm` is deprecated in favor of `torch.nn.utils.parametrizations.weight_norm`.
  WeightNorm.apply(module, name, dim)
Device: cuda
Loading kNN-VC model...
Removing weight norm...
[HiFiGAN] Generator loaded with 16,523,393 parameters.
WavLM-Large loaded with 315,453,120 parameters.
Loading checkpoint: checkpoints_kfold_fess/best_model.pt
Loaded model from epoch 45 (val=4.087511, alpha=0.8672)

Converting 5 held-out test patients...
resample 44100 to 16000 in /home/sepharfi/projects/def-zshakeri/sepehr/CUCO/data_final/Audios/Fess/Speech/1/FESS_ses1_speech_0055.wav
  FESS_ses1_speech_0055.wav -> FESS_ses1_speech_0055.wav (55.0s)
resample 44100 to 16000 in /home/sepharfi/projects/def-zshakeri/sepehr/CUCO/data_final/Audios/Fess/Speech/1/FESS_ses1_speech_0086.wav
  FESS_ses1_speech_0086.wav -> FESS_ses1_speech_0086.wav (52.9s)
resample 44100 to 16000 in /home/sepharfi/projects/def-zshakeri/sepehr/CUCO/data_final/Audios/Fess/Speech/1/FESS_ses1_speech_0107.wav
  FESS_ses1_speech_0107.wav -> FESS_ses1_speech_0107.wav (61.5s)
resample 44100 to 16000 in /home/sepharfi/projects/def-zshakeri/sepehr/CUCO/data_final/Audios/Fess/Speech/1/FESS_ses1_speech_0117.wav
  FESS_ses1_speech_0117.wav -> FESS_ses1_speech_0117.wav (55.4s)
resample 44100 to 16000 in /home/sepharfi/projects/def-zshakeri/sepehr/CUCO/data_final/Audios/Fess/Speech/1/FESS_ses1_speech_0130.wav
  FESS_ses1_speech_0130.wav -> FESS_ses1_speech_0130.wav (59.4s)
Done.
Warning: You are sending unauthenticated requests to the HF Hub. Please set a HF_TOKEN to enable higher rate limits and faster downloads.
Evaluating 5 converted files...
Source dir: /home/sepharfi/projects/def-zshakeri/sepehr/CUCO/data_final/Audios/Fess/Speech/1
Target dir: /home/sepharfi/projects/def-zshakeri/sepehr/CUCO/data_final/Audios/Fess/Speech/2

  [Loaded ECAPA-TDNN speaker encoder]
  FESS_ses1_speech_0055: SpkSim(t)=0.782 SpkSim(s)=0.816 LSD(t)=1.92 SED(t)=2.2
  FESS_ses1_speech_0086: SpkSim(t)=0.737 SpkSim(s)=0.801 LSD(t)=1.99 SED(t)=3.9
  FESS_ses1_speech_0107: SpkSim(t)=0.745 SpkSim(s)=0.876 LSD(t)=2.06 SED(t)=2.5
  FESS_ses1_speech_0117: SpkSim(t)=0.760 SpkSim(s)=0.865 LSD(t)=2.09 SED(t)=7.5
  FESS_ses1_speech_0130: SpkSim(t)=0.679 SpkSim(s)=0.809 LSD(t)=1.93 SED(t)=2.1

======================================================================
  UNet-VC (Fess, test only) — Evaluation Summary
======================================================================

  Baseline (real pre vs real post — same patient, no conversion):
    Speaker Similarity:  0.851 +/- 0.058
    LSD:                 1.83 +/- 0.06 dB
    SED:                 3.16 +/- 2.09 dB

  Voice Identity Match — 5 paired samples:
    Converted vs Target post (higher=better):  0.740 +/- 0.034
    Converted vs Source pre  (reference):      0.834 +/- 0.031

  Spectral Quality:
    LSD to target (lower=better):       2.00 +/- 0.07 dB
    SED to target (lower=better):       3.63 +/- 2.04 dB

  Content Preservation (source vs converted):
    LSD (lower=preserved):              1.19 +/- 0.03 dB
    SED (lower=preserved):              1.56 +/- 0.20 dB

  Conversion Effectiveness:
    Baseline (pre vs post same patient):        0.851
    Converted vs target post-surgery:           0.740
    Converted vs source pre-surgery:            0.834
    -> Converted voice is still closer to pre-surgery (minimal conversion)
    SED reduction vs baseline: -14.9%
======================================================================

==========================================
  Sept — 5-fold CV + held-out test
==========================================
Using cache found in /home/sepharfi/.cache/torch/hub/bshall_knn-vc_master
/project/6086959/sepehr/VoiceConversion/.env/lib/python3.11/site-packages/torch/nn/utils/weight_norm.py:144: FutureWarning: `torch.nn.utils.weight_norm` is deprecated in favor of `torch.nn.utils.parametrizations.weight_norm`.
  WeightNorm.apply(module, name, dim)
Device: cuda
Loading kNN-VC model...
Removing weight norm...
[HiFiGAN] Generator loaded with 16,523,393 parameters.
WavLM-Large loaded with 315,453,120 parameters.

Extracting pre-surgery features...
resample 44100 to 16000 in /home/sepharfi/projects/def-zshakeri/sepehr/CUCO/data_final/Audios/Sept/Speech/1/Sept_0005.wav
  Sept_0005.wav: 3260 frames
resample 44100 to 16000 in /home/sepharfi/projects/def-zshakeri/sepehr/CUCO/data_final/Audios/Sept/Speech/1/Sept_0008.wav
  Sept_0008.wav: 3746 frames
resample 44100 to 16000 in /home/sepharfi/projects/def-zshakeri/sepehr/CUCO/data_final/Audios/Sept/Speech/1/Sept_0010.wav
  Sept_0010.wav: 3824 frames
resample 44100 to 16000 in /home/sepharfi/projects/def-zshakeri/sepehr/CUCO/data_final/Audios/Sept/Speech/1/Sept_0016.wav
  Sept_0016.wav: 2958 frames
resample 44100 to 16000 in /home/sepharfi/projects/def-zshakeri/sepehr/CUCO/data_final/Audios/Sept/Speech/1/Sept_0018.wav
  Sept_0018.wav: 3194 frames
resample 44100 to 16000 in /home/sepharfi/projects/def-zshakeri/sepehr/CUCO/data_final/Audios/Sept/Speech/1/Sept_0023.wav
  Sept_0023.wav: 2384 frames
resample 44100 to 16000 in /home/sepharfi/projects/def-zshakeri/sepehr/CUCO/data_final/Audios/Sept/Speech/1/Sept_0024.wav
  Sept_0024.wav: 2466 frames
resample 44100 to 16000 in /home/sepharfi/projects/def-zshakeri/sepehr/CUCO/data_final/Audios/Sept/Speech/1/Sept_0025.wav
  Sept_0025.wav: 3113 frames
resample 44100 to 16000 in /home/sepharfi/projects/def-zshakeri/sepehr/CUCO/data_final/Audios/Sept/Speech/1/Sept_0027.wav
  Sept_0027.wav: 3148 frames
resample 44100 to 16000 in /home/sepharfi/projects/def-zshakeri/sepehr/CUCO/data_final/Audios/Sept/Speech/1/Sept_0031.wav
  Sept_0031.wav: 2516 frames
resample 44100 to 16000 in /home/sepharfi/projects/def-zshakeri/sepehr/CUCO/data_final/Audios/Sept/Speech/1/Sept_0033.wav
  Sept_0033.wav: 2731 frames
resample 44100 to 16000 in /home/sepharfi/projects/def-zshakeri/sepehr/CUCO/data_final/Audios/Sept/Speech/1/Sept_0034.wav
  Sept_0034.wav: 3126 frames
resample 44100 to 16000 in /home/sepharfi/projects/def-zshakeri/sepehr/CUCO/data_final/Audios/Sept/Speech/1/Sept_0037.wav
  Sept_0037.wav: 4463 frames
resample 44100 to 16000 in /home/sepharfi/projects/def-zshakeri/sepehr/CUCO/data_final/Audios/Sept/Speech/1/Sept_0038.wav
  Sept_0038.wav: 2045 frames
resample 44100 to 16000 in /home/sepharfi/projects/def-zshakeri/sepehr/CUCO/data_final/Audios/Sept/Speech/1/Sept_0039.wav
  Sept_0039.wav: 2913 frames
resample 44100 to 16000 in /home/sepharfi/projects/def-zshakeri/sepehr/CUCO/data_final/Audios/Sept/Speech/1/Sept_0044.wav
  Sept_0044.wav: 2761 frames
resample 44100 to 16000 in /home/sepharfi/projects/def-zshakeri/sepehr/CUCO/data_final/Audios/Sept/Speech/1/Sept_0048.wav
  Sept_0048.wav: 2609 frames
resample 44100 to 16000 in /home/sepharfi/projects/def-zshakeri/sepehr/CUCO/data_final/Audios/Sept/Speech/1/Sept_0050.wav
  Sept_0050.wav: 2662 frames
resample 44100 to 16000 in /home/sepharfi/projects/def-zshakeri/sepehr/CUCO/data_final/Audios/Sept/Speech/1/Sept_0054.wav
  Sept_0054.wav: 3078 frames
resample 44100 to 16000 in /home/sepharfi/projects/def-zshakeri/sepehr/CUCO/data_final/Audios/Sept/Speech/1/Sept_0061.wav
  Sept_0061.wav: 2987 frames
resample 44100 to 16000 in /home/sepharfi/projects/def-zshakeri/sepehr/CUCO/data_final/Audios/Sept/Speech/1/Sept_0064.wav
  Sept_0064.wav: 2288 frames
resample 44100 to 16000 in /home/sepharfi/projects/def-zshakeri/sepehr/CUCO/data_final/Audios/Sept/Speech/1/Sept_0066.wav
  Sept_0066.wav: 2976 frames
resample 44100 to 16000 in /home/sepharfi/projects/def-zshakeri/sepehr/CUCO/data_final/Audios/Sept/Speech/1/Sept_0068.wav
  Sept_0068.wav: 2450 frames
resample 44100 to 16000 in /home/sepharfi/projects/def-zshakeri/sepehr/CUCO/data_final/Audios/Sept/Speech/1/Sept_0074.wav
  Sept_0074.wav: 2900 frames
resample 44100 to 16000 in /home/sepharfi/projects/def-zshakeri/sepehr/CUCO/data_final/Audios/Sept/Speech/1/Sept_0075.wav
  Sept_0075.wav: 3052 frames
resample 44100 to 16000 in /home/sepharfi/projects/def-zshakeri/sepehr/CUCO/data_final/Audios/Sept/Speech/1/Sept_0076.wav
  Sept_0076.wav: 2633 frames
resample 44100 to 16000 in /home/sepharfi/projects/def-zshakeri/sepehr/CUCO/data_final/Audios/Sept/Speech/1/Sept_0077.wav
  Sept_0077.wav: 3014 frames
resample 44100 to 16000 in /home/sepharfi/projects/def-zshakeri/sepehr/CUCO/data_final/Audios/Sept/Speech/1/Sept_0079.wav
  Sept_0079.wav: 3301 frames
resample 44100 to 16000 in /home/sepharfi/projects/def-zshakeri/sepehr/CUCO/data_final/Audios/Sept/Speech/1/Sept_0082.wav
  Sept_0082.wav: 3029 frames
resample 44100 to 16000 in /home/sepharfi/projects/def-zshakeri/sepehr/CUCO/data_final/Audios/Sept/Speech/1/Sept_0083.wav
  Sept_0083.wav: 2825 frames
resample 44100 to 16000 in /home/sepharfi/projects/def-zshakeri/sepehr/CUCO/data_final/Audios/Sept/Speech/1/Sept_0090.wav
  Sept_0090.wav: 2507 frames
resample 44100 to 16000 in /home/sepharfi/projects/def-zshakeri/sepehr/CUCO/data_final/Audios/Sept/Speech/1/Sept_0091.wav
  Sept_0091.wav: 2908 frames
  Total: 93867 frames (31.3 min)

Extracting post-surgery features...
resample 44100 to 16000 in /home/sepharfi/projects/def-zshakeri/sepehr/CUCO/data_final/Audios/Sept/Speech/2/Sept_0005.wav
  Sept_0005.wav: 3277 frames
resample 44100 to 16000 in /home/sepharfi/projects/def-zshakeri/sepehr/CUCO/data_final/Audios/Sept/Speech/2/Sept_0008.wav
  Sept_0008.wav: 3285 frames
resample 8000 to 16000 in /home/sepharfi/projects/def-zshakeri/sepehr/CUCO/data_final/Audios/Sept/Speech/2/Sept_0010.wav
  Sept_0010.wav: 3347 frames
resample 44100 to 16000 in /home/sepharfi/projects/def-zshakeri/sepehr/CUCO/data_final/Audios/Sept/Speech/2/Sept_0016.wav
  Sept_0016.wav: 3062 frames
resample 44100 to 16000 in /home/sepharfi/projects/def-zshakeri/sepehr/CUCO/data_final/Audios/Sept/Speech/2/Sept_0018.wav
  Sept_0018.wav: 3387 frames
resample 44100 to 16000 in /home/sepharfi/projects/def-zshakeri/sepehr/CUCO/data_final/Audios/Sept/Speech/2/Sept_0023.wav
  Sept_0023.wav: 3085 frames
resample 44100 to 16000 in /home/sepharfi/projects/def-zshakeri/sepehr/CUCO/data_final/Audios/Sept/Speech/2/Sept_0024.wav
  Sept_0024.wav: 3077 frames
resample 44100 to 16000 in /home/sepharfi/projects/def-zshakeri/sepehr/CUCO/data_final/Audios/Sept/Speech/2/Sept_0025.wav
  Sept_0025.wav: 3210 frames
resample 44100 to 16000 in /home/sepharfi/projects/def-zshakeri/sepehr/CUCO/data_final/Audios/Sept/Speech/2/Sept_0027.wav
  Sept_0027.wav: 2524 frames
resample 44100 to 16000 in /home/sepharfi/projects/def-zshakeri/sepehr/CUCO/data_final/Audios/Sept/Speech/2/Sept_0031.wav
  Sept_0031.wav: 3087 frames
resample 44100 to 16000 in /home/sepharfi/projects/def-zshakeri/sepehr/CUCO/data_final/Audios/Sept/Speech/2/Sept_0033.wav
  Sept_0033.wav: 1933 frames
resample 44100 to 16000 in /home/sepharfi/projects/def-zshakeri/sepehr/CUCO/data_final/Audios/Sept/Speech/2/Sept_0034.wav
  Sept_0034.wav: 3114 frames
resample 44100 to 16000 in /home/sepharfi/projects/def-zshakeri/sepehr/CUCO/data_final/Audios/Sept/Speech/2/Sept_0037.wav
  Sept_0037.wav: 3103 frames
resample 44100 to 16000 in /home/sepharfi/projects/def-zshakeri/sepehr/CUCO/data_final/Audios/Sept/Speech/2/Sept_0038.wav
  Sept_0038.wav: 2527 frames
resample 44100 to 16000 in /home/sepharfi/projects/def-zshakeri/sepehr/CUCO/data_final/Audios/Sept/Speech/2/Sept_0039.wav
  Sept_0039.wav: 2992 frames
resample 44100 to 16000 in /home/sepharfi/projects/def-zshakeri/sepehr/CUCO/data_final/Audios/Sept/Speech/2/Sept_0044.wav
  Sept_0044.wav: 2623 frames
resample 44100 to 16000 in /home/sepharfi/projects/def-zshakeri/sepehr/CUCO/data_final/Audios/Sept/Speech/2/Sept_0048.wav
  Sept_0048.wav: 2760 frames
resample 44100 to 16000 in /home/sepharfi/projects/def-zshakeri/sepehr/CUCO/data_final/Audios/Sept/Speech/2/Sept_0050.wav
  Sept_0050.wav: 3095 frames
resample 44100 to 16000 in /home/sepharfi/projects/def-zshakeri/sepehr/CUCO/data_final/Audios/Sept/Speech/2/Sept_0054.wav
  Sept_0054.wav: 2901 frames
resample 44100 to 16000 in /home/sepharfi/projects/def-zshakeri/sepehr/CUCO/data_final/Audios/Sept/Speech/2/Sept_0061.wav
  Sept_0061.wav: 2874 frames
resample 44100 to 16000 in /home/sepharfi/projects/def-zshakeri/sepehr/CUCO/data_final/Audios/Sept/Speech/2/Sept_0064.wav
  Sept_0064.wav: 3219 frames
resample 44100 to 16000 in /home/sepharfi/projects/def-zshakeri/sepehr/CUCO/data_final/Audios/Sept/Speech/2/Sept_0066.wav
  Sept_0066.wav: 2786 frames
resample 44100 to 16000 in /home/sepharfi/projects/def-zshakeri/sepehr/CUCO/data_final/Audios/Sept/Speech/2/Sept_0068.wav
  Sept_0068.wav: 2900 frames
resample 44100 to 16000 in /home/sepharfi/projects/def-zshakeri/sepehr/CUCO/data_final/Audios/Sept/Speech/2/Sept_0074.wav
  Sept_0074.wav: 2997 frames
resample 44100 to 16000 in /home/sepharfi/projects/def-zshakeri/sepehr/CUCO/data_final/Audios/Sept/Speech/2/Sept_0075.wav
  Sept_0075.wav: 3225 frames
resample 44100 to 16000 in /home/sepharfi/projects/def-zshakeri/sepehr/CUCO/data_final/Audios/Sept/Speech/2/Sept_0076.wav
  Sept_0076.wav: 3165 frames
resample 44100 to 16000 in /home/sepharfi/projects/def-zshakeri/sepehr/CUCO/data_final/Audios/Sept/Speech/2/Sept_0077.wav
  Sept_0077.wav: 2907 frames
resample 44100 to 16000 in /home/sepharfi/projects/def-zshakeri/sepehr/CUCO/data_final/Audios/Sept/Speech/2/Sept_0079.wav
  Sept_0079.wav: 3058 frames
resample 44100 to 16000 in /home/sepharfi/projects/def-zshakeri/sepehr/CUCO/data_final/Audios/Sept/Speech/2/Sept_0082.wav
  Sept_0082.wav: 3041 frames
resample 44100 to 16000 in /home/sepharfi/projects/def-zshakeri/sepehr/CUCO/data_final/Audios/Sept/Speech/2/Sept_0083.wav
  Sept_0083.wav: 2787 frames
resample 44100 to 16000 in /home/sepharfi/projects/def-zshakeri/sepehr/CUCO/data_final/Audios/Sept/Speech/2/Sept_0090.wav
  Sept_0090.wav: 2346 frames
resample 44100 to 16000 in /home/sepharfi/projects/def-zshakeri/sepehr/CUCO/data_final/Audios/Sept/Speech/2/Sept_0091.wav
  Sept_0091.wav: 2790 frames
  Total: 94484 frames (31.5 min)

============================================================
  Total patients: 32
  Held-out test (5): ['Sept_0023', 'Sept_0033', 'Sept_0044', 'Sept_0076', 'Sept_0077']
  CV pool (27): 27 patients
============================================================

============================================================
  5-Fold Cross-Validation
============================================================

Fold 1/5: train=22 patients, val=5 patients
  Fold 1 Train: 4067 segs (22 patients), Val: 862 segs (5 patients)
    Fold 1 Epoch   1  val=4.272089  alpha=0.1689
    Fold 1 Epoch  20  val=3.995001  alpha=0.7136
    Fold 1 Epoch  40  val=4.007046  alpha=0.9704
    Fold 1 Early stopping at epoch 56
    Fold 1 Best val loss: 3.979195

Fold 2/5: train=22 patients, val=5 patients
  Fold 2 Train: 3958 segs (22 patients), Val: 971 segs (5 patients)
    Fold 2 Epoch   1  val=4.015079  alpha=0.1652
    Fold 2 Epoch  20  val=3.851159  alpha=0.7139
    Fold 2 Epoch  40  val=3.837600  alpha=0.9518
    Fold 2 Epoch  60  val=3.842128  alpha=1.1150
    Fold 2 Epoch  80  val=3.835972  alpha=1.2546
    Fold 2 Early stopping at epoch 85
    Fold 2 Best val loss: 3.825974

Fold 3/5: train=22 patients, val=5 patients
  Fold 3 Train: 4055 segs (22 patients), Val: 874 segs (5 patients)
    Fold 3 Epoch   1  val=4.211001  alpha=0.1671
    Fold 3 Epoch  20  val=3.972376  alpha=0.7081
    Fold 3 Epoch  40  val=3.989326  alpha=0.9442
    Fold 3 Epoch  60  val=3.977010  alpha=1.1070
    Fold 3 Epoch  80  val=3.992501  alpha=1.2413
    Fold 3 Epoch 100  val=4.001721  alpha=1.3497
    Fold 3 Early stopping at epoch 107
    Fold 3 Best val loss: 3.967039

Fold 4/5: train=22 patients, val=5 patients
  Fold 4 Train: 4059 segs (22 patients), Val: 870 segs (5 patients)
    Fold 4 Epoch   1  val=4.524202  alpha=0.1673
    Fold 4 Epoch  20  val=4.249963  alpha=0.7123
    Fold 4 Epoch  40  val=4.258221  alpha=0.9522
    Fold 4 Epoch  60  val=4.275939  alpha=1.1148
    Fold 4 Early stopping at epoch 63
    Fold 4 Best val loss: 4.233562

Fold 5/5: train=20 patients, val=7 patients
  Fold 5 Train: 3577 segs (20 patients), Val: 1352 segs (7 patients)
    Fold 5 Epoch   1  val=4.178083  alpha=0.1599
    Fold 5 Epoch  20  val=3.954772  alpha=0.6823
    Fold 5 Epoch  40  val=3.951435  alpha=0.9112
    Fold 5 Epoch  60  val=3.938222  alpha=1.0698
    Fold 5 Epoch  80  val=3.945709  alpha=1.1992
    Fold 5 Early stopping at epoch 83
    Fold 5 Best val loss: 3.929477

============================================================
  CV Results: 3.987050 +/- 0.134529
  Per-fold: ['3.979195', '3.825974', '3.967039', '4.233562', '3.929477']
============================================================

Training final model on all 27 CV patients...
  Final Train: 3577 segs (20 patients), Val: 1352 segs (7 patients)
    Final Epoch   1  val=4.180439  alpha=0.1596
    Final Epoch  20  val=3.943690  alpha=0.6814
    Final Epoch  40  val=3.940248  alpha=0.9199
    Final Early stopping at epoch 59
    Final Best val loss: 3.919128

Done. Final model: checkpoints_kfold_sept/best_model.pt
Test patients (5): ['Sept_0023', 'Sept_0033', 'Sept_0044', 'Sept_0076', 'Sept_0077']
Run inference on test patients only:
  python scripts/inference_kfold.py --checkpoint checkpoints_kfold_sept/best_model.pt
Using cache found in /home/sepharfi/.cache/torch/hub/bshall_knn-vc_master
/project/6086959/sepehr/VoiceConversion/.env/lib/python3.11/site-packages/torch/nn/utils/weight_norm.py:144: FutureWarning: `torch.nn.utils.weight_norm` is deprecated in favor of `torch.nn.utils.parametrizations.weight_norm`.
  WeightNorm.apply(module, name, dim)
Device: cuda
Loading kNN-VC model...
Removing weight norm...
[HiFiGAN] Generator loaded with 16,523,393 parameters.
WavLM-Large loaded with 315,453,120 parameters.
Loading checkpoint: checkpoints_kfold_sept/best_model.pt
Loaded model from epoch 19 (val=3.919128, alpha=0.6663)

Converting 5 held-out test patients...
resample 44100 to 16000 in /home/sepharfi/projects/def-zshakeri/sepehr/CUCO/data_final/Audios/Sept/Speech/1/Sept_0023.wav
  Sept_0023.wav -> Sept_0023.wav (47.7s)
resample 44100 to 16000 in /home/sepharfi/projects/def-zshakeri/sepehr/CUCO/data_final/Audios/Sept/Speech/1/Sept_0033.wav
  Sept_0033.wav -> Sept_0033.wav (54.6s)
resample 44100 to 16000 in /home/sepharfi/projects/def-zshakeri/sepehr/CUCO/data_final/Audios/Sept/Speech/1/Sept_0044.wav
  Sept_0044.wav -> Sept_0044.wav (55.2s)
resample 44100 to 16000 in /home/sepharfi/projects/def-zshakeri/sepehr/CUCO/data_final/Audios/Sept/Speech/1/Sept_0076.wav
  Sept_0076.wav -> Sept_0076.wav (52.7s)
resample 44100 to 16000 in /home/sepharfi/projects/def-zshakeri/sepehr/CUCO/data_final/Audios/Sept/Speech/1/Sept_0077.wav
  Sept_0077.wav -> Sept_0077.wav (60.3s)
Done.
Warning: You are sending unauthenticated requests to the HF Hub. Please set a HF_TOKEN to enable higher rate limits and faster downloads.
Evaluating 5 converted files...
Source dir: /home/sepharfi/projects/def-zshakeri/sepehr/CUCO/data_final/Audios/Sept/Speech/1
Target dir: /home/sepharfi/projects/def-zshakeri/sepehr/CUCO/data_final/Audios/Sept/Speech/2

  [Loaded ECAPA-TDNN speaker encoder]
  Sept_0023: SpkSim(t)=0.794 SpkSim(s)=0.863 LSD(t)=2.10 SED(t)=2.5
  Sept_0033: SpkSim(t)=0.739 SpkSim(s)=0.859 LSD(t)=1.71 SED(t)=2.8
  Sept_0044: SpkSim(t)=0.668 SpkSim(s)=0.781 LSD(t)=2.00 SED(t)=1.1
  Sept_0076: SpkSim(t)=0.789 SpkSim(s)=0.840 LSD(t)=1.80 SED(t)=3.2
  Sept_0077: SpkSim(t)=0.773 SpkSim(s)=0.856 LSD(t)=2.18 SED(t)=2.7

======================================================================
  UNet-VC (Sept, test only) — Evaluation Summary
======================================================================

  Baseline (real pre vs real post — same patient, no conversion):
    Speaker Similarity:  0.839 +/- 0.049
    LSD:                 1.77 +/- 0.18 dB
    SED:                 2.19 +/- 0.72 dB

  Voice Identity Match — 5 paired samples:
    Converted vs Target post (higher=better):  0.752 +/- 0.047
    Converted vs Source pre  (reference):      0.840 +/- 0.030

  Spectral Quality:
    LSD to target (lower=better):       1.96 +/- 0.18 dB
    SED to target (lower=better):       2.47 +/- 0.71 dB

  Content Preservation (source vs converted):
    LSD (lower=preserved):              1.21 +/- 0.04 dB
    SED (lower=preserved):              1.53 +/- 0.14 dB

  Conversion Effectiveness:
    Baseline (pre vs post same patient):        0.839
    Converted vs target post-surgery:           0.752
    Converted vs source pre-surgery:            0.840
    -> Converted voice is still closer to pre-surgery (minimal conversion)
    SED reduction vs baseline: -12.7%
======================================================================

==========================================
  All done!
==========================================
