================================================
  UNet-VC (NO augmentation, NO fine-tuned HiFi-GAN)
  Baseline training + eval with stock vocoder.
================================================
Using cache found in /home/sepharfi/.cache/torch/hub/bshall_knn-vc_master
/home/sepharfi/envs/myenv/lib/python3.11/site-packages/torch/nn/utils/weight_norm.py:144: FutureWarning: `torch.nn.utils.weight_norm` is deprecated in favor of `torch.nn.utils.parametrizations.weight_norm`.
  WeightNorm.apply(module, name, dim)
Device: cuda
Loading kNN-VC model...
Removing weight norm...
[HiFiGAN] Generator loaded with 16,523,393 parameters.
WavLM-Large loaded with 315,453,120 parameters.

Extracting pre-surgery features (282 files)...
resample 44100 to 16000 in /home/sepharfi/projects/def-zshakeri/sepharfi/CUCO/data_final/Audios/Tonsill/Speech/1/Tonsill_ses1_speech_0007.wav
resample 44100 to 16000 in /home/sepharfi/projects/def-zshakeri/sepharfi/CUCO/data_final/Audios/Tonsill/TDU/Agua/1/Tonsill_ses1_agua_0007.wav
resample 44100 to 16000 in /home/sepharfi/projects/def-zshakeri/sepharfi/CUCO/data_final/Audios/Tonsill/TDU/Brasero/1/Tonsill_ses1_brasero_0007.wav
resample 44100 to 16000 in /home/sepharfi/projects/def-zshakeri/sepharfi/CUCO/data_final/Audios/Tonsill/TDU/Dia/1/Tonsill_ses1_dia_0007.wav
resample 44100 to 16000 in /home/sepharfi/projects/def-zshakeri/sepharfi/CUCO/data_final/Audios/Tonsill/TDU/Mesa/1/Tonsill_ses1_mesa_0007.wav
resample 44100 to 16000 in /home/sepharfi/projects/def-zshakeri/sepharfi/CUCO/data_final/Audios/Tonsill/Vowels/A/1/Tonsill_ses1_a_0007.wav
resample 44100 to 16000 in /home/sepharfi/projects/def-zshakeri/sepharfi/CUCO/data_final/Audios/Tonsill/Vowels/E/1/Tonsill_ses1_e_0007.wav
resample 44100 to 16000 in /home/sepharfi/projects/def-zshakeri/sepharfi/CUCO/data_final/Audios/Tonsill/Vowels/I/1/Tonsill_ses1_i_0007.wav
resample 44100 to 16000 in /home/sepharfi/projects/def-zshakeri/sepharfi/CUCO/data_final/Audios/Tonsill/Vowels/O/1/Tonsill_ses1_o_0007.wav
resample 44100 to 16000 in /home/sepharfi/projects/def-zshakeri/sepharfi/CUCO/data_final/Audios/Tonsill/Vowels/U/1/Tonsill_ses1_u_0007.wav
resample 44100 to 16000 in /home/sepharfi/projects/def-zshakeri/sepharfi/CUCO/data_final/Audios/Tonsill/Sustained vowels/A1/1/Tonsill_ses1_a1_0007.wav
resample 44100 to 16000 in /home/sepharfi/projects/def-zshakeri/sepharfi/CUCO/data_final/Audios/Tonsill/Sustained vowels/A2/1/Tonsill_ses1_a2_0007.wav
resample 44100 to 16000 in /home/sepharfi/projects/def-zshakeri/sepharfi/CUCO/data_final/Audios/Tonsill/Sustained vowels/A3/1/Tonsill_ses1_a3_0007.wav
resample 44100 to 16000 in /home/sepharfi/projects/def-zshakeri/sepharfi/CUCO/data_final/Audios/Tonsill/Speech/1/Tonsill_ses1_speech_0011.wav
resample 44100 to 16000 in /home/sepharfi/projects/def-zshakeri/sepharfi/CUCO/data_final/Audios/Tonsill/TDU/Agua/1/Tonsill_ses1_agua_0011.wav
resample 44100 to 16000 in /home/sepharfi/projects/def-zshakeri/sepharfi/CUCO/data_final/Audios/Tonsill/TDU/Brasero/1/Tonsill_ses1_brasero_0011.wav
resample 44100 to 16000 in /home/sepharfi/projects/def-zshakeri/sepharfi/CUCO/data_final/Audios/Tonsill/TDU/Dia/1/Tonsill_ses1_dia_0011.wav
resample 44100 to 16000 in /home/sepharfi/projects/def-zshakeri/sepharfi/CUCO/data_final/Audios/Tonsill/TDU/Mesa/1/Tonsill_ses1_mesa_0011.wav
resample 44100 to 16000 in /home/sepharfi/projects/def-zshakeri/sepharfi/CUCO/data_final/Audios/Tonsill/Vowels/A/1/Tonsill_ses1_a_0011.wav
resample 44100 to 16000 in /home/sepharfi/projects/def-zshakeri/sepharfi/CUCO/data_final/Audios/Tonsill/Vowels/E/1/Tonsill_ses1_e_0011.wav
resample 44100 to 16000 in /home/sepharfi/projects/def-zshakeri/sepharfi/CUCO/data_final/Audios/Tonsill/Vowels/I/1/Tonsill_ses1_i_0011.wav
resample 44100 to 16000 in /home/sepharfi/projects/def-zshakeri/sepharfi/CUCO/data_final/Audios/Tonsill/Vowels/O/1/Tonsill_ses1_o_0011.wav
resample 44100 to 16000 in /home/sepharfi/projects/def-zshakeri/sepharfi/CUCO/data_final/Audios/Tonsill/Vowels/U/1/Tonsill_ses1_u_0011.wav
resample 44100 to 16000 in /home/sepharfi/projects/def-zshakeri/sepharfi/CUCO/data_final/Audios/Tonsill/Sustained vowels/A1/1/Tonsill_ses1_a1_0011.wav
resample 44100 to 16000 in /home/sepharfi/projects/def-zshakeri/sepharfi/CUCO/data_final/Audios/Tonsill/Sustained vowels/A2/1/Tonsill_ses1_a2_0011.wav
resample 44100 to 16000 in /home/sepharfi/projects/def-zshakeri/sepharfi/CUCO/data_final/Audios/Tonsill/Sustained vowels/A3/1/Tonsill_ses1_a3_0011.wav
resample 44100 to 16000 in /home/sepharfi/projects/def-zshakeri/sepharfi/CUCO/data_final/Audios/Tonsill/Speech/1/Tonsill_ses1_speech_0026.wav
resample 44100 to 16000 in /home/sepharfi/projects/def-zshakeri/sepharfi/CUCO/data_final/Audios/Tonsill/TDU/Agua/1/Tonsill_ses1_agua_0026.wav
resample 44100 to 16000 in /home/sepharfi/projects/def-zshakeri/sepharfi/CUCO/data_final/Audios/Tonsill/TDU/Brasero/1/Tonsill_ses1_brasero_0026.wav
resample 44100 to 16000 in /home/sepharfi/projects/def-zshakeri/sepharfi/CUCO/data_final/Audios/Tonsill/TDU/Dia/1/Tonsill_ses1_dia_0026.wav
resample 44100 to 16000 in /home/sepharfi/projects/def-zshakeri/sepharfi/CUCO/data_final/Audios/Tonsill/TDU/Mesa/1/Tonsill_ses1_mesa_0026.wav
resample 44100 to 16000 in /home/sepharfi/projects/def-zshakeri/sepharfi/CUCO/data_final/Audios/Tonsill/Vowels/A/1/Tonsill_ses1_a_0026.wav
resample 44100 to 16000 in /home/sepharfi/projects/def-zshakeri/sepharfi/CUCO/data_final/Audios/Tonsill/Vowels/E/1/Tonsill_ses1_e_0026.wav
resample 44100 to 16000 in /home/sepharfi/projects/def-zshakeri/sepharfi/CUCO/data_final/Audios/Tonsill/Vowels/I/1/Tonsill_ses1_i_0026.wav
resample 44100 to 16000 in /home/sepharfi/projects/def-zshakeri/sepharfi/CUCO/data_final/Audios/Tonsill/Vowels/O/1/Tonsill_ses1_o_0026.wav
resample 44100 to 16000 in /home/sepharfi/projects/def-zshakeri/sepharfi/CUCO/data_final/Audios/Tonsill/Vowels/U/1/Tonsill_ses1_u_0026.wav
resample 44100 to 16000 in /home/sepharfi/projects/def-zshakeri/sepharfi/CUCO/data_final/Audios/Tonsill/Sustained vowels/A1/1/Tonsill_ses1_a1_0026.wav
resample 44100 to 16000 in /home/sepharfi/projects/def-zshakeri/sepharfi/CUCO/data_final/Audios/Tonsill/Sustained vowels/A2/1/Tonsill_ses1_a2_0026.wav
resample 44100 to 16000 in /home/sepharfi/projects/def-zshakeri/sepharfi/CUCO/data_final/Audios/Tonsill/Sustained vowels/A3/1/Tonsill_ses1_a3_0026.wav
resample 44100 to 16000 in /home/sepharfi/projects/def-zshakeri/sepharfi/CUCO/data_final/Audios/Tonsill/Speech/1/Tonsill_ses1_speech_0042.wav
resample 44100 to 16000 in /home/sepharfi/projects/def-zshakeri/sepharfi/CUCO/data_final/Audios/Tonsill/TDU/Agua/1/Tonsill_ses1_agua_0042.wav
resample 44100 to 16000 in /home/sepharfi/projects/def-zshakeri/sepharfi/CUCO/data_final/Audios/Tonsill/TDU/Brasero/1/Tonsill_ses1_brasero_0042.wav
resample 44100 to 16000 in /home/sepharfi/projects/def-zshakeri/sepharfi/CUCO/data_final/Audios/Tonsill/TDU/Dia/1/Tonsill_ses1_dia_0042.wav
resample 44100 to 16000 in /home/sepharfi/projects/def-zshakeri/sepharfi/CUCO/data_final/Audios/Tonsill/TDU/Mesa/1/Tonsill_ses1_mesa_0042.wav
resample 44100 to 16000 in /home/sepharfi/projects/def-zshakeri/sepharfi/CUCO/data_final/Audios/Tonsill/Vowels/A/1/Tonsill_ses1_a_0042.wav
resample 44100 to 16000 in /home/sepharfi/projects/def-zshakeri/sepharfi/CUCO/data_final/Audios/Tonsill/Vowels/E/1/Tonsill_ses1_e_0042.wav
resample 44100 to 16000 in /home/sepharfi/projects/def-zshakeri/sepharfi/CUCO/data_final/Audios/Tonsill/Vowels/I/1/Tonsill_ses1_i_0042.wav
resample 44100 to 16000 in /home/sepharfi/projects/def-zshakeri/sepharfi/CUCO/data_final/Audios/Tonsill/Vowels/O/1/Tonsill_ses1_o_0042.wav
resample 44100 to 16000 in /home/sepharfi/projects/def-zshakeri/sepharfi/CUCO/data_final/Audios/Tonsill/Vowels/U/1/Tonsill_ses1_u_0042.wav
resample 44100 to 16000 in /home/sepharfi/projects/def-zshakeri/sepharfi/CUCO/data_final/Audios/Tonsill/Sustained vowels/A1/1/Tonsill_ses1_a1_0042.wav
resample 44100 to 16000 in /home/sepharfi/projects/def-zshakeri/sepharfi/CUCO/data_final/Audios/Tonsill/Sustained vowels/A2/1/Tonsill_ses1_a2_0042.wav
resample 44100 to 16000 in /home/sepharfi/projects/def-zshakeri/sepharfi/CUCO/data_final/Audios/Tonsill/Sustained vowels/A3/1/Tonsill_ses1_a3_0042.wav
resample 44100 to 16000 in /home/sepharfi/projects/def-zshakeri/sepharfi/CUCO/data_final/Audios/Tonsill/Speech/1/Tonsill_ses1_speech_0062.wav
resample 44100 to 16000 in /home/sepharfi/projects/def-zshakeri/sepharfi/CUCO/data_final/Audios/Tonsill/TDU/Agua/1/Tonsill_ses1_agua_0062.wav
resample 44100 to 16000 in /home/sepharfi/projects/def-zshakeri/sepharfi/CUCO/data_final/Audios/Tonsill/TDU/Brasero/1/Tonsill_ses1_brasero_0062.wav
resample 44100 to 16000 in /home/sepharfi/projects/def-zshakeri/sepharfi/CUCO/data_final/Audios/Tonsill/TDU/Dia/1/Tonsill_ses1_dia_0062.wav
resample 44100 to 16000 in /home/sepharfi/projects/def-zshakeri/sepharfi/CUCO/data_final/Audios/Tonsill/TDU/Mesa/1/Tonsill_ses1_mesa_0062.wav
resample 44100 to 16000 in /home/sepharfi/projects/def-zshakeri/sepharfi/CUCO/data_final/Audios/Tonsill/Vowels/A/1/Tonsill_ses1_a_0062.wav
resample 44100 to 16000 in /home/sepharfi/projects/def-zshakeri/sepharfi/CUCO/data_final/Audios/Tonsill/Vowels/E/1/Tonsill_ses1_e_0062.wav
resample 44100 to 16000 in /home/sepharfi/projects/def-zshakeri/sepharfi/CUCO/data_final/Audios/Tonsill/Vowels/I/1/Tonsill_ses1_i_0062.wav
resample 44100 to 16000 in /home/sepharfi/projects/def-zshakeri/sepharfi/CUCO/data_final/Audios/Tonsill/Vowels/O/1/Tonsill_ses1_o_0062.wav
resample 44100 to 16000 in /home/sepharfi/projects/def-zshakeri/sepharfi/CUCO/data_final/Audios/Tonsill/Vowels/U/1/Tonsill_ses1_u_0062.wav
resample 44100 to 16000 in /home/sepharfi/projects/def-zshakeri/sepharfi/CUCO/data_final/Audios/Tonsill/Sustained vowels/A1/1/Tonsill_ses1_a1_0062.wav
resample 44100 to 16000 in /home/sepharfi/projects/def-zshakeri/sepharfi/CUCO/data_final/Audios/Tonsill/Sustained vowels/A2/1/Tonsill_ses1_a2_0062.wav
resample 44100 to 16000 in /home/sepharfi/projects/def-zshakeri/sepharfi/CUCO/data_final/Audios/Tonsill/Sustained vowels/A3/1/Tonsill_ses1_a3_0062.wav
resample 44100 to 16000 in /home/sepharfi/projects/def-zshakeri/sepharfi/CUCO/data_final/Audios/Tonsill/Speech/1/Tonsill_ses1_speech_0063.wav
resample 44100 to 16000 in /home/sepharfi/projects/def-zshakeri/sepharfi/CUCO/data_final/Audios/Tonsill/TDU/Agua/1/Tonsill_ses1_agua_0063.wav
resample 44100 to 16000 in /home/sepharfi/projects/def-zshakeri/sepharfi/CUCO/data_final/Audios/Tonsill/TDU/Brasero/1/Tonsill_ses1_brasero_0063.wav
resample 44100 to 16000 in /home/sepharfi/projects/def-zshakeri/sepharfi/CUCO/data_final/Audios/Tonsill/TDU/Dia/1/Tonsill_ses1_dia_0063.wav
resample 44100 to 16000 in /home/sepharfi/projects/def-zshakeri/sepharfi/CUCO/data_final/Audios/Tonsill/TDU/Mesa/1/Tonsill_ses1_mesa_0063.wav
resample 44100 to 16000 in /home/sepharfi/projects/def-zshakeri/sepharfi/CUCO/data_final/Audios/Tonsill/Vowels/A/1/Tonsill_ses1_a_0063.wav
resample 44100 to 16000 in /home/sepharfi/projects/def-zshakeri/sepharfi/CUCO/data_final/Audios/Tonsill/Vowels/E/1/Tonsill_ses1_e_0063.wav
resample 44100 to 16000 in /home/sepharfi/projects/def-zshakeri/sepharfi/CUCO/data_final/Audios/Tonsill/Vowels/I/1/Tonsill_ses1_i_0063.wav
resample 44100 to 16000 in /home/sepharfi/projects/def-zshakeri/sepharfi/CUCO/data_final/Audios/Tonsill/Vowels/O/1/Tonsill_ses1_o_0063.wav
resample 44100 to 16000 in /home/sepharfi/projects/def-zshakeri/sepharfi/CUCO/data_final/Audios/Tonsill/Vowels/U/1/Tonsill_ses1_u_0063.wav
resample 44100 to 16000 in /home/sepharfi/projects/def-zshakeri/sepharfi/CUCO/data_final/Audios/Tonsill/Sustained vowels/A1/1/Tonsill_ses1_a1_0063.wav
resample 44100 to 16000 in /home/sepharfi/projects/def-zshakeri/sepharfi/CUCO/data_final/Audios/Tonsill/Sustained vowels/A2/1/Tonsill_ses1_a2_0063.wav
resample 44100 to 16000 in /home/sepharfi/projects/def-zshakeri/sepharfi/CUCO/data_final/Audios/Tonsill/Sustained vowels/A3/1/Tonsill_ses1_a3_0063.wav
resample 44100 to 16000 in /home/sepharfi/projects/def-zshakeri/sepharfi/CUCO/data_final/Audios/Tonsill/Speech/1/Tonsill_ses1_speech_0078.wav
resample 44100 to 16000 in /home/sepharfi/projects/def-zshakeri/sepharfi/CUCO/data_final/Audios/Tonsill/TDU/Agua/1/Tonsill_ses1_agua_0078.wav
resample 44100 to 16000 in /home/sepharfi/projects/def-zshakeri/sepharfi/CUCO/data_final/Audios/Tonsill/TDU/Brasero/1/Tonsill_ses1_brasero_0078.wav
resample 44100 to 16000 in /home/sepharfi/projects/def-zshakeri/sepharfi/CUCO/data_final/Audios/Tonsill/TDU/Dia/1/Tonsill_ses1_dia_0078.wav
resample 44100 to 16000 in /home/sepharfi/projects/def-zshakeri/sepharfi/CUCO/data_final/Audios/Tonsill/Vowels/A/1/Tonsill_ses1_a_0078.wav
resample 44100 to 16000 in /home/sepharfi/projects/def-zshakeri/sepharfi/CUCO/data_final/Audios/Tonsill/Vowels/E/1/Tonsill_ses1_e_0078.wav
resample 44100 to 16000 in /home/sepharfi/projects/def-zshakeri/sepharfi/CUCO/data_final/Audios/Tonsill/Vowels/I/1/Tonsill_ses1_i_0078.wav
resample 44100 to 16000 in /home/sepharfi/projects/def-zshakeri/sepharfi/CUCO/data_final/Audios/Tonsill/Vowels/O/1/Tonsill_ses1_o_0078.wav
resample 44100 to 16000 in /home/sepharfi/projects/def-zshakeri/sepharfi/CUCO/data_final/Audios/Tonsill/Vowels/U/1/Tonsill_ses1_u_0078.wav
resample 44100 to 16000 in /home/sepharfi/projects/def-zshakeri/sepharfi/CUCO/data_final/Audios/Tonsill/Sustained vowels/A1/1/Tonsill_ses1_a1_0078.wav
resample 44100 to 16000 in /home/sepharfi/projects/def-zshakeri/sepharfi/CUCO/data_final/Audios/Tonsill/Sustained vowels/A2/1/Tonsill_ses1_a2_0078.wav
resample 44100 to 16000 in /home/sepharfi/projects/def-zshakeri/sepharfi/CUCO/data_final/Audios/Tonsill/Sustained vowels/A3/1/Tonsill_ses1_a3_0078.wav
resample 44100 to 16000 in /home/sepharfi/projects/def-zshakeri/sepharfi/CUCO/data_final/Audios/Tonsill/Speech/1/Tonsill_ses1_speech_0080.wav
resample 44100 to 16000 in /home/sepharfi/projects/def-zshakeri/sepharfi/CUCO/data_final/Audios/Tonsill/TDU/Agua/1/Tonsill_ses1_agua_0080.wav
resample 44100 to 16000 in /home/sepharfi/projects/def-zshakeri/sepharfi/CUCO/data_final/Audios/Tonsill/TDU/Brasero/1/Tonsill_ses1_brasero_0080.wav
resample 44100 to 16000 in /home/sepharfi/projects/def-zshakeri/sepharfi/CUCO/data_final/Audios/Tonsill/TDU/Dia/1/Tonsill_ses1_dia_0080.wav
resample 44100 to 16000 in /home/sepharfi/projects/def-zshakeri/sepharfi/CUCO/data_final/Audios/Tonsill/TDU/Mesa/1/Tonsill_ses1_mesa_0080.wav
resample 44100 to 16000 in /home/sepharfi/projects/def-zshakeri/sepharfi/CUCO/data_final/Audios/Tonsill/Sustained vowels/A1/1/Tonsill_ses1_a1_0080.wav
resample 44100 to 16000 in /home/sepharfi/projects/def-zshakeri/sepharfi/CUCO/data_final/Audios/Tonsill/Sustained vowels/A2/1/Tonsill_ses1_a2_0080.wav
resample 44100 to 16000 in /home/sepharfi/projects/def-zshakeri/sepharfi/CUCO/data_final/Audios/Tonsill/Sustained vowels/A3/1/Tonsill_ses1_a3_0080.wav
resample 44100 to 16000 in /home/sepharfi/projects/def-zshakeri/sepharfi/CUCO/data_final/Audios/Tonsill/Speech/1/Tonsill_ses1_speech_0081.wav
resample 44100 to 16000 in /home/sepharfi/projects/def-zshakeri/sepharfi/CUCO/data_final/Audios/Tonsill/TDU/Agua/1/Tonsill_ses1_agua_0081.wav
resample 44100 to 16000 in /home/sepharfi/projects/def-zshakeri/sepharfi/CUCO/data_final/Audios/Tonsill/TDU/Brasero/1/Tonsill_ses1_brasero_0081.wav
resample 44100 to 16000 in /home/sepharfi/projects/def-zshakeri/sepharfi/CUCO/data_final/Audios/Tonsill/TDU/Dia/1/Tonsill_ses1_dia_0081.wav
resample 44100 to 16000 in /home/sepharfi/projects/def-zshakeri/sepharfi/CUCO/data_final/Audios/Tonsill/TDU/Mesa/1/Tonsill_ses1_mesa_0081.wav
resample 44100 to 16000 in /home/sepharfi/projects/def-zshakeri/sepharfi/CUCO/data_final/Audios/Tonsill/Vowels/A/1/Tonsill_ses1_a_0081.wav
resample 44100 to 16000 in /home/sepharfi/projects/def-zshakeri/sepharfi/CUCO/data_final/Audios/Tonsill/Vowels/E/1/Tonsill_ses1_e_0081.wav
resample 44100 to 16000 in /home/sepharfi/projects/def-zshakeri/sepharfi/CUCO/data_final/Audios/Tonsill/Vowels/I/1/Tonsill_ses1_i_0081.wav
resample 44100 to 16000 in /home/sepharfi/projects/def-zshakeri/sepharfi/CUCO/data_final/Audios/Tonsill/Vowels/O/1/Tonsill_ses1_o_0081.wav
resample 44100 to 16000 in /home/sepharfi/projects/def-zshakeri/sepharfi/CUCO/data_final/Audios/Tonsill/Vowels/U/1/Tonsill_ses1_u_0081.wav
resample 44100 to 16000 in /home/sepharfi/projects/def-zshakeri/sepharfi/CUCO/data_final/Audios/Tonsill/Sustained vowels/A1/1/Tonsill_ses1_a1_0081.wav
resample 44100 to 16000 in /home/sepharfi/projects/def-zshakeri/sepharfi/CUCO/data_final/Audios/Tonsill/Sustained vowels/A2/1/Tonsill_ses1_a2_0081.wav
resample 44100 to 16000 in /home/sepharfi/projects/def-zshakeri/sepharfi/CUCO/data_final/Audios/Tonsill/Sustained vowels/A3/1/Tonsill_ses1_a3_0081.wav
resample 44100 to 16000 in /home/sepharfi/projects/def-zshakeri/sepharfi/CUCO/data_final/Audios/Tonsill/Speech/1/Tonsill_ses1_speech_0087.wav
resample 44100 to 16000 in /home/sepharfi/projects/def-zshakeri/sepharfi/CUCO/data_final/Audios/Tonsill/TDU/Agua/1/Tonsill_ses1_agua_0087.wav
resample 44100 to 16000 in /home/sepharfi/projects/def-zshakeri/sepharfi/CUCO/data_final/Audios/Tonsill/TDU/Brasero/1/Tonsill_ses1_brasero_0087.wav
resample 44100 to 16000 in /home/sepharfi/projects/def-zshakeri/sepharfi/CUCO/data_final/Audios/Tonsill/TDU/Dia/1/Tonsill_ses1_dia_0087.wav
resample 44100 to 16000 in /home/sepharfi/projects/def-zshakeri/sepharfi/CUCO/data_final/Audios/Tonsill/TDU/Mesa/1/Tonsill_ses1_mesa_0087.wav
resample 44100 to 16000 in /home/sepharfi/projects/def-zshakeri/sepharfi/CUCO/data_final/Audios/Tonsill/Vowels/A/1/Tonsill_ses1_a_0087.wav
resample 44100 to 16000 in /home/sepharfi/projects/def-zshakeri/sepharfi/CUCO/data_final/Audios/Tonsill/Vowels/E/1/Tonsill_ses1_e_0087.wav
resample 44100 to 16000 in /home/sepharfi/projects/def-zshakeri/sepharfi/CUCO/data_final/Audios/Tonsill/Vowels/I/1/Tonsill_ses1_i_0087.wav
resample 44100 to 16000 in /home/sepharfi/projects/def-zshakeri/sepharfi/CUCO/data_final/Audios/Tonsill/Vowels/O/1/Tonsill_ses1_o_0087.wav
resample 44100 to 16000 in /home/sepharfi/projects/def-zshakeri/sepharfi/CUCO/data_final/Audios/Tonsill/Vowels/U/1/Tonsill_ses1_u_0087.wav
resample 44100 to 16000 in /home/sepharfi/projects/def-zshakeri/sepharfi/CUCO/data_final/Audios/Tonsill/Sustained vowels/A1/1/Tonsill_ses1_a1_0087.wav
resample 44100 to 16000 in /home/sepharfi/projects/def-zshakeri/sepharfi/CUCO/data_final/Audios/Tonsill/Sustained vowels/A2/1/Tonsill_ses1_a2_0087.wav
resample 44100 to 16000 in /home/sepharfi/projects/def-zshakeri/sepharfi/CUCO/data_final/Audios/Tonsill/Sustained vowels/A3/1/Tonsill_ses1_a3_0087.wav
resample 44100 to 16000 in /home/sepharfi/projects/def-zshakeri/sepharfi/CUCO/data_final/Audios/Tonsill/Speech/1/Tonsill_ses1_speech_0089.wav
resample 44100 to 16000 in /home/sepharfi/projects/def-zshakeri/sepharfi/CUCO/data_final/Audios/Tonsill/TDU/Agua/1/Tonsill_ses1_agua_0089.wav
resample 44100 to 16000 in /home/sepharfi/projects/def-zshakeri/sepharfi/CUCO/data_final/Audios/Tonsill/TDU/Brasero/1/Tonsill_ses1_brasero_0089.wav
resample 44100 to 16000 in /home/sepharfi/projects/def-zshakeri/sepharfi/CUCO/data_final/Audios/Tonsill/TDU/Dia/1/Tonsill_ses1_dia_0089.wav
resample 44100 to 16000 in /home/sepharfi/projects/def-zshakeri/sepharfi/CUCO/data_final/Audios/Tonsill/TDU/Mesa/1/Tonsill_ses1_mesa_0089.wav
resample 44100 to 16000 in /home/sepharfi/projects/def-zshakeri/sepharfi/CUCO/data_final/Audios/Tonsill/Vowels/A/1/Tonsill_ses1_a_0089.wav
resample 44100 to 16000 in /home/sepharfi/projects/def-zshakeri/sepharfi/CUCO/data_final/Audios/Tonsill/Vowels/E/1/Tonsill_ses1_e_0089.wav
resample 44100 to 16000 in /home/sepharfi/projects/def-zshakeri/sepharfi/CUCO/data_final/Audios/Tonsill/Vowels/I/1/Tonsill_ses1_i_0089.wav
resample 44100 to 16000 in /home/sepharfi/projects/def-zshakeri/sepharfi/CUCO/data_final/Audios/Tonsill/Vowels/O/1/Tonsill_ses1_o_0089.wav
resample 44100 to 16000 in /home/sepharfi/projects/def-zshakeri/sepharfi/CUCO/data_final/Audios/Tonsill/Vowels/U/1/Tonsill_ses1_u_0089.wav
resample 44100 to 16000 in /home/sepharfi/projects/def-zshakeri/sepharfi/CUCO/data_final/Audios/Tonsill/Sustained vowels/A1/1/Tonsill_ses1_a1_0089.wav
resample 44100 to 16000 in /home/sepharfi/projects/def-zshakeri/sepharfi/CUCO/data_final/Audios/Tonsill/Sustained vowels/A2/1/Tonsill_ses1_a2_0089.wav
resample 44100 to 16000 in /home/sepharfi/projects/def-zshakeri/sepharfi/CUCO/data_final/Audios/Tonsill/Sustained vowels/A3/1/Tonsill_ses1_a3_0089.wav
resample 44100 to 16000 in /home/sepharfi/projects/def-zshakeri/sepharfi/CUCO/data_final/Audios/Tonsill/Speech/1/Tonsill_ses1_speech_0092.wav
resample 44100 to 16000 in /home/sepharfi/projects/def-zshakeri/sepharfi/CUCO/data_final/Audios/Tonsill/TDU/Agua/1/Tonsill_ses1_agua_0092.wav
resample 44100 to 16000 in /home/sepharfi/projects/def-zshakeri/sepharfi/CUCO/data_final/Audios/Tonsill/TDU/Brasero/1/Tonsill_ses1_brasero_0092.wav
resample 44100 to 16000 in /home/sepharfi/projects/def-zshakeri/sepharfi/CUCO/data_final/Audios/Tonsill/TDU/Dia/1/Tonsill_ses1_dia_0092.wav
resample 44100 to 16000 in /home/sepharfi/projects/def-zshakeri/sepharfi/CUCO/data_final/Audios/Tonsill/TDU/Mesa/1/Tonsill_ses1_mesa_0092.wav
resample 44100 to 16000 in /home/sepharfi/projects/def-zshakeri/sepharfi/CUCO/data_final/Audios/Tonsill/Vowels/A/1/Tonsill_ses1_a_0092.wav
resample 44100 to 16000 in /home/sepharfi/projects/def-zshakeri/sepharfi/CUCO/data_final/Audios/Tonsill/Vowels/E/1/Tonsill_ses1_e_0092.wav
resample 44100 to 16000 in /home/sepharfi/projects/def-zshakeri/sepharfi/CUCO/data_final/Audios/Tonsill/Vowels/I/1/Tonsill_ses1_i_0092.wav
resample 44100 to 16000 in /home/sepharfi/projects/def-zshakeri/sepharfi/CUCO/data_final/Audios/Tonsill/Vowels/O/1/Tonsill_ses1_o_0092.wav
resample 44100 to 16000 in /home/sepharfi/projects/def-zshakeri/sepharfi/CUCO/data_final/Audios/Tonsill/Vowels/U/1/Tonsill_ses1_u_0092.wav
resample 44100 to 16000 in /home/sepharfi/projects/def-zshakeri/sepharfi/CUCO/data_final/Audios/Tonsill/Sustained vowels/A1/1/Tonsill_ses1_a1_0092.wav
resample 44100 to 16000 in /home/sepharfi/projects/def-zshakeri/sepharfi/CUCO/data_final/Audios/Tonsill/Sustained vowels/A2/1/Tonsill_ses1_a2_0092.wav
resample 44100 to 16000 in /home/sepharfi/projects/def-zshakeri/sepharfi/CUCO/data_final/Audios/Tonsill/Sustained vowels/A3/1/Tonsill_ses1_a3_0092.wav
resample 44100 to 16000 in /home/sepharfi/projects/def-zshakeri/sepharfi/CUCO/data_final/Audios/Tonsill/Speech/1/Tonsill_ses1_speech_0099.wav
resample 44100 to 16000 in /home/sepharfi/projects/def-zshakeri/sepharfi/CUCO/data_final/Audios/Tonsill/TDU/Agua/1/Tonsill_ses1_agua_0099.wav
resample 44100 to 16000 in /home/sepharfi/projects/def-zshakeri/sepharfi/CUCO/data_final/Audios/Tonsill/TDU/Brasero/1/Tonsill_ses1_brasero_0099.wav
resample 44100 to 16000 in /home/sepharfi/projects/def-zshakeri/sepharfi/CUCO/data_final/Audios/Tonsill/TDU/Dia/1/Tonsill_ses1_dia_0099.wav
resample 44100 to 16000 in /home/sepharfi/projects/def-zshakeri/sepharfi/CUCO/data_final/Audios/Tonsill/TDU/Mesa/1/Tonsill_ses1_mesa_0099.wav
resample 44100 to 16000 in /home/sepharfi/projects/def-zshakeri/sepharfi/CUCO/data_final/Audios/Tonsill/Vowels/A/1/Tonsill_ses1_a_0099.wav
resample 44100 to 16000 in /home/sepharfi/projects/def-zshakeri/sepharfi/CUCO/data_final/Audios/Tonsill/Vowels/E/1/Tonsill_ses1_e_0099.wav
resample 44100 to 16000 in /home/sepharfi/projects/def-zshakeri/sepharfi/CUCO/data_final/Audios/Tonsill/Vowels/I/1/Tonsill_ses1_i_0099.wav
resample 44100 to 16000 in /home/sepharfi/projects/def-zshakeri/sepharfi/CUCO/data_final/Audios/Tonsill/Vowels/O/1/Tonsill_ses1_o_0099.wav
resample 44100 to 16000 in /home/sepharfi/projects/def-zshakeri/sepharfi/CUCO/data_final/Audios/Tonsill/Vowels/U/1/Tonsill_ses1_u_0099.wav
resample 44100 to 16000 in /home/sepharfi/projects/def-zshakeri/sepharfi/CUCO/data_final/Audios/Tonsill/Sustained vowels/A1/1/Tonsill_ses1_a1_0099.wav
resample 44100 to 16000 in /home/sepharfi/projects/def-zshakeri/sepharfi/CUCO/data_final/Audios/Tonsill/Sustained vowels/A2/1/Tonsill_ses1_a2_0099.wav
resample 44100 to 16000 in /home/sepharfi/projects/def-zshakeri/sepharfi/CUCO/data_final/Audios/Tonsill/Sustained vowels/A3/1/Tonsill_ses1_a3_0099.wav
resample 44100 to 16000 in /home/sepharfi/projects/def-zshakeri/sepharfi/CUCO/data_final/Audios/Tonsill/Speech/1/Tonsill_ses1_speech_0108.wav
resample 44100 to 16000 in /home/sepharfi/projects/def-zshakeri/sepharfi/CUCO/data_final/Audios/Tonsill/TDU/Agua/1/Tonsill_ses1_agua_0108.wav
resample 44100 to 16000 in /home/sepharfi/projects/def-zshakeri/sepharfi/CUCO/data_final/Audios/Tonsill/TDU/Brasero/1/Tonsill_ses1_brasero_0108.wav
resample 44100 to 16000 in /home/sepharfi/projects/def-zshakeri/sepharfi/CUCO/data_final/Audios/Tonsill/TDU/Dia/1/Tonsill_ses1_dia_0108.wav
resample 44100 to 16000 in /home/sepharfi/projects/def-zshakeri/sepharfi/CUCO/data_final/Audios/Tonsill/TDU/Mesa/1/Tonsill_ses1_mesa_0108.wav
resample 44100 to 16000 in /home/sepharfi/projects/def-zshakeri/sepharfi/CUCO/data_final/Audios/Tonsill/Vowels/A/1/Tonsill_ses1_a_0108.wav
resample 44100 to 16000 in /home/sepharfi/projects/def-zshakeri/sepharfi/CUCO/data_final/Audios/Tonsill/Vowels/E/1/Tonsill_ses1_e_0108.wav
resample 44100 to 16000 in /home/sepharfi/projects/def-zshakeri/sepharfi/CUCO/data_final/Audios/Tonsill/Vowels/I/1/Tonsill_ses1_i_0108.wav
resample 44100 to 16000 in /home/sepharfi/projects/def-zshakeri/sepharfi/CUCO/data_final/Audios/Tonsill/Vowels/O/1/Tonsill_ses1_o_0108.wav
resample 44100 to 16000 in /home/sepharfi/projects/def-zshakeri/sepharfi/CUCO/data_final/Audios/Tonsill/Vowels/U/1/Tonsill_ses1_u_0108.wav
resample 44100 to 16000 in /home/sepharfi/projects/def-zshakeri/sepharfi/CUCO/data_final/Audios/Tonsill/Sustained vowels/A1/1/Tonsill_ses1_a1_0108.wav
resample 44100 to 16000 in /home/sepharfi/projects/def-zshakeri/sepharfi/CUCO/data_final/Audios/Tonsill/Sustained vowels/A2/1/Tonsill_ses1_a2_0108.wav
resample 44100 to 16000 in /home/sepharfi/projects/def-zshakeri/sepharfi/CUCO/data_final/Audios/Tonsill/Sustained vowels/A3/1/Tonsill_ses1_a3_0108.wav
resample 44100 to 16000 in /home/sepharfi/projects/def-zshakeri/sepharfi/CUCO/data_final/Audios/Tonsill/Speech/1/Tonsill_ses1_speech_0109.wav
resample 44100 to 16000 in /home/sepharfi/projects/def-zshakeri/sepharfi/CUCO/data_final/Audios/Tonsill/TDU/Agua/1/Tonsill_ses1_agua_0109.wav
resample 44100 to 16000 in /home/sepharfi/projects/def-zshakeri/sepharfi/CUCO/data_final/Audios/Tonsill/TDU/Brasero/1/Tonsill_ses1_brasero_0109.wav
resample 44100 to 16000 in /home/sepharfi/projects/def-zshakeri/sepharfi/CUCO/data_final/Audios/Tonsill/TDU/Dia/1/Tonsill_ses1_dia_0109.wav
resample 44100 to 16000 in /home/sepharfi/projects/def-zshakeri/sepharfi/CUCO/data_final/Audios/Tonsill/TDU/Mesa/1/Tonsill_ses1_mesa_0109.wav
resample 44100 to 16000 in /home/sepharfi/projects/def-zshakeri/sepharfi/CUCO/data_final/Audios/Tonsill/Vowels/A/1/Tonsill_ses1_a_0109.wav
resample 44100 to 16000 in /home/sepharfi/projects/def-zshakeri/sepharfi/CUCO/data_final/Audios/Tonsill/Vowels/E/1/Tonsill_ses1_e_0109.wav
resample 44100 to 16000 in /home/sepharfi/projects/def-zshakeri/sepharfi/CUCO/data_final/Audios/Tonsill/Vowels/I/1/Tonsill_ses1_i_0109.wav
resample 44100 to 16000 in /home/sepharfi/projects/def-zshakeri/sepharfi/CUCO/data_final/Audios/Tonsill/Vowels/O/1/Tonsill_ses1_o_0109.wav
resample 44100 to 16000 in /home/sepharfi/projects/def-zshakeri/sepharfi/CUCO/data_final/Audios/Tonsill/Vowels/U/1/Tonsill_ses1_u_0109.wav
resample 44100 to 16000 in /home/sepharfi/projects/def-zshakeri/sepharfi/CUCO/data_final/Audios/Tonsill/Sustained vowels/A1/1/Tonsill_ses1_a1_0109.wav
resample 44100 to 16000 in /home/sepharfi/projects/def-zshakeri/sepharfi/CUCO/data_final/Audios/Tonsill/Sustained vowels/A2/1/Tonsill_ses1_a2_0109.wav
resample 44100 to 16000 in /home/sepharfi/projects/def-zshakeri/sepharfi/CUCO/data_final/Audios/Tonsill/Sustained vowels/A3/1/Tonsill_ses1_a3_0109.wav
resample 44100 to 16000 in /home/sepharfi/projects/def-zshakeri/sepharfi/CUCO/data_final/Audios/Tonsill/Speech/1/Tonsill_ses1_speech_0111.wav
resample 44100 to 16000 in /home/sepharfi/projects/def-zshakeri/sepharfi/CUCO/data_final/Audios/Tonsill/TDU/Agua/1/Tonsill_ses1_agua_0111.wav
resample 44100 to 16000 in /home/sepharfi/projects/def-zshakeri/sepharfi/CUCO/data_final/Audios/Tonsill/TDU/Brasero/1/Tonsill_ses1_brasero_0111.wav
resample 44100 to 16000 in /home/sepharfi/projects/def-zshakeri/sepharfi/CUCO/data_final/Audios/Tonsill/TDU/Dia/1/Tonsill_ses1_dia_0111.wav
resample 44100 to 16000 in /home/sepharfi/projects/def-zshakeri/sepharfi/CUCO/data_final/Audios/Tonsill/TDU/Mesa/1/Tonsill_ses1_mesa_0111.wav
resample 44100 to 16000 in /home/sepharfi/projects/def-zshakeri/sepharfi/CUCO/data_final/Audios/Tonsill/Vowels/A/1/Tonsill_ses1_a_0111.wav
resample 44100 to 16000 in /home/sepharfi/projects/def-zshakeri/sepharfi/CUCO/data_final/Audios/Tonsill/Vowels/E/1/Tonsill_ses1_e_0111.wav
resample 44100 to 16000 in /home/sepharfi/projects/def-zshakeri/sepharfi/CUCO/data_final/Audios/Tonsill/Vowels/I/1/Tonsill_ses1_i_0111.wav
resample 44100 to 16000 in /home/sepharfi/projects/def-zshakeri/sepharfi/CUCO/data_final/Audios/Tonsill/Vowels/O/1/Tonsill_ses1_o_0111.wav
resample 44100 to 16000 in /home/sepharfi/projects/def-zshakeri/sepharfi/CUCO/data_final/Audios/Tonsill/Vowels/U/1/Tonsill_ses1_u_0111.wav
resample 44100 to 16000 in /home/sepharfi/projects/def-zshakeri/sepharfi/CUCO/data_final/Audios/Tonsill/Sustained vowels/A1/1/Tonsill_ses1_a1_0111.wav
resample 44100 to 16000 in /home/sepharfi/projects/def-zshakeri/sepharfi/CUCO/data_final/Audios/Tonsill/Sustained vowels/A2/1/Tonsill_ses1_a2_0111.wav
resample 44100 to 16000 in /home/sepharfi/projects/def-zshakeri/sepharfi/CUCO/data_final/Audios/Tonsill/Sustained vowels/A3/1/Tonsill_ses1_a3_0111.wav
resample 44100 to 16000 in /home/sepharfi/projects/def-zshakeri/sepharfi/CUCO/data_final/Audios/Tonsill/Speech/1/Tonsill_ses1_speech_0112.wav
resample 44100 to 16000 in /home/sepharfi/projects/def-zshakeri/sepharfi/CUCO/data_final/Audios/Tonsill/TDU/Agua/1/Tonsill_ses1_agua_0112.wav
resample 44100 to 16000 in /home/sepharfi/projects/def-zshakeri/sepharfi/CUCO/data_final/Audios/Tonsill/TDU/Brasero/1/Tonsill_ses1_brasero_0112.wav
resample 44100 to 16000 in /home/sepharfi/projects/def-zshakeri/sepharfi/CUCO/data_final/Audios/Tonsill/TDU/Dia/1/Tonsill_ses1_dia_0112.wav
resample 44100 to 16000 in /home/sepharfi/projects/def-zshakeri/sepharfi/CUCO/data_final/Audios/Tonsill/TDU/Mesa/1/Tonsill_ses1_mesa_0112.wav
resample 44100 to 16000 in /home/sepharfi/projects/def-zshakeri/sepharfi/CUCO/data_final/Audios/Tonsill/Vowels/A/1/Tonsill_ses1_a_0112.wav
resample 44100 to 16000 in /home/sepharfi/projects/def-zshakeri/sepharfi/CUCO/data_final/Audios/Tonsill/Vowels/E/1/Tonsill_ses1_e_0112.wav
resample 44100 to 16000 in /home/sepharfi/projects/def-zshakeri/sepharfi/CUCO/data_final/Audios/Tonsill/Vowels/I/1/Tonsill_ses1_i_0112.wav
resample 44100 to 16000 in /home/sepharfi/projects/def-zshakeri/sepharfi/CUCO/data_final/Audios/Tonsill/Vowels/O/1/Tonsill_ses1_o_0112.wav
resample 44100 to 16000 in /home/sepharfi/projects/def-zshakeri/sepharfi/CUCO/data_final/Audios/Tonsill/Vowels/U/1/Tonsill_ses1_u_0112.wav
resample 44100 to 16000 in /home/sepharfi/projects/def-zshakeri/sepharfi/CUCO/data_final/Audios/Tonsill/Sustained vowels/A1/1/Tonsill_ses1_a1_0112.wav
resample 44100 to 16000 in /home/sepharfi/projects/def-zshakeri/sepharfi/CUCO/data_final/Audios/Tonsill/Sustained vowels/A2/1/Tonsill_ses1_a2_0112.wav
resample 44100 to 16000 in /home/sepharfi/projects/def-zshakeri/sepharfi/CUCO/data_final/Audios/Tonsill/Sustained vowels/A3/1/Tonsill_ses1_a3_0112.wav
resample 44100 to 16000 in /home/sepharfi/projects/def-zshakeri/sepharfi/CUCO/data_final/Audios/Tonsill/Speech/1/Tonsill_ses1_speech_0125.wav
resample 44100 to 16000 in /home/sepharfi/projects/def-zshakeri/sepharfi/CUCO/data_final/Audios/Tonsill/TDU/Agua/1/Tonsill_ses1_agua_0125.wav
resample 44100 to 16000 in /home/sepharfi/projects/def-zshakeri/sepharfi/CUCO/data_final/Audios/Tonsill/TDU/Brasero/1/Tonsill_ses1_brasero_0125.wav
resample 44100 to 16000 in /home/sepharfi/projects/def-zshakeri/sepharfi/CUCO/data_final/Audios/Tonsill/TDU/Dia/1/Tonsill_ses1_dia_0125.wav
resample 44100 to 16000 in /home/sepharfi/projects/def-zshakeri/sepharfi/CUCO/data_final/Audios/Tonsill/TDU/Mesa/1/Tonsill_ses1_mesa_0125.wav
resample 44100 to 16000 in /home/sepharfi/projects/def-zshakeri/sepharfi/CUCO/data_final/Audios/Tonsill/Vowels/A/1/Tonsill_ses1_a_0125.wav
resample 44100 to 16000 in /home/sepharfi/projects/def-zshakeri/sepharfi/CUCO/data_final/Audios/Tonsill/Vowels/E/1/Tonsill_ses1_e_0125.wav
resample 44100 to 16000 in /home/sepharfi/projects/def-zshakeri/sepharfi/CUCO/data_final/Audios/Tonsill/Vowels/I/1/Tonsill_ses1_i_0125.wav
resample 44100 to 16000 in /home/sepharfi/projects/def-zshakeri/sepharfi/CUCO/data_final/Audios/Tonsill/Vowels/O/1/Tonsill_ses1_o_0125.wav
resample 44100 to 16000 in /home/sepharfi/projects/def-zshakeri/sepharfi/CUCO/data_final/Audios/Tonsill/Vowels/U/1/Tonsill_ses1_u_0125.wav
resample 44100 to 16000 in /home/sepharfi/projects/def-zshakeri/sepharfi/CUCO/data_final/Audios/Tonsill/Sustained vowels/A1/1/Tonsill_ses1_a1_0125.wav
resample 44100 to 16000 in /home/sepharfi/projects/def-zshakeri/sepharfi/CUCO/data_final/Audios/Tonsill/Sustained vowels/A2/1/Tonsill_ses1_a2_0125.wav
resample 44100 to 16000 in /home/sepharfi/projects/def-zshakeri/sepharfi/CUCO/data_final/Audios/Tonsill/Sustained vowels/A3/1/Tonsill_ses1_a3_0125.wav
resample 44100 to 16000 in /home/sepharfi/projects/def-zshakeri/sepharfi/CUCO/data_final/Audios/Tonsill/Speech/1/Tonsill_ses1_speech_0129.wav
resample 44100 to 16000 in /home/sepharfi/projects/def-zshakeri/sepharfi/CUCO/data_final/Audios/Tonsill/TDU/Agua/1/Tonsill_ses1_agua_0129.wav
resample 44100 to 16000 in /home/sepharfi/projects/def-zshakeri/sepharfi/CUCO/data_final/Audios/Tonsill/TDU/Brasero/1/Tonsill_ses1_brasero_0129.wav
resample 44100 to 16000 in /home/sepharfi/projects/def-zshakeri/sepharfi/CUCO/data_final/Audios/Tonsill/TDU/Dia/1/Tonsill_ses1_dia_0129.wav
resample 44100 to 16000 in /home/sepharfi/projects/def-zshakeri/sepharfi/CUCO/data_final/Audios/Tonsill/TDU/Mesa/1/Tonsill_ses1_mesa_0129.wav
resample 44100 to 16000 in /home/sepharfi/projects/def-zshakeri/sepharfi/CUCO/data_final/Audios/Tonsill/Vowels/A/1/Tonsill_ses1_a_0129.wav
resample 44100 to 16000 in /home/sepharfi/projects/def-zshakeri/sepharfi/CUCO/data_final/Audios/Tonsill/Vowels/E/1/Tonsill_ses1_e_0129.wav
resample 44100 to 16000 in /home/sepharfi/projects/def-zshakeri/sepharfi/CUCO/data_final/Audios/Tonsill/Vowels/I/1/Tonsill_ses1_i_0129.wav
resample 44100 to 16000 in /home/sepharfi/projects/def-zshakeri/sepharfi/CUCO/data_final/Audios/Tonsill/Vowels/O/1/Tonsill_ses1_o_0129.wav
resample 44100 to 16000 in /home/sepharfi/projects/def-zshakeri/sepharfi/CUCO/data_final/Audios/Tonsill/Vowels/U/1/Tonsill_ses1_u_0129.wav
resample 44100 to 16000 in /home/sepharfi/projects/def-zshakeri/sepharfi/CUCO/data_final/Audios/Tonsill/Sustained vowels/A1/1/Tonsill_ses1_a1_0129.wav
resample 44100 to 16000 in /home/sepharfi/projects/def-zshakeri/sepharfi/CUCO/data_final/Audios/Tonsill/Sustained vowels/A2/1/Tonsill_ses1_a2_0129.wav
resample 44100 to 16000 in /home/sepharfi/projects/def-zshakeri/sepharfi/CUCO/data_final/Audios/Tonsill/Sustained vowels/A3/1/Tonsill_ses1_a3_0129.wav
resample 44100 to 16000 in /home/sepharfi/projects/def-zshakeri/sepharfi/CUCO/data_final/Audios/Tonsill/Speech/1/Tonsill_ses1_speech_0137.wav
resample 44100 to 16000 in /home/sepharfi/projects/def-zshakeri/sepharfi/CUCO/data_final/Audios/Tonsill/TDU/Mesa/1/Tonsill_ses1_mesa_0137.wav
resample 44100 to 16000 in /home/sepharfi/projects/def-zshakeri/sepharfi/CUCO/data_final/Audios/Tonsill/Speech/1/Tonsill_ses1_speech_0144.wav
resample 44100 to 16000 in /home/sepharfi/projects/def-zshakeri/sepharfi/CUCO/data_final/Audios/Tonsill/TDU/Agua/1/Tonsill_ses1_agua_0144.wav
resample 44100 to 16000 in /home/sepharfi/projects/def-zshakeri/sepharfi/CUCO/data_final/Audios/Tonsill/TDU/Brasero/1/Tonsill_ses1_brasero_0144.wav
resample 44100 to 16000 in /home/sepharfi/projects/def-zshakeri/sepharfi/CUCO/data_final/Audios/Tonsill/TDU/Dia/1/Tonsill_ses1_dia_0144.wav
resample 44100 to 16000 in /home/sepharfi/projects/def-zshakeri/sepharfi/CUCO/data_final/Audios/Tonsill/TDU/Mesa/1/Tonsill_ses1_mesa_0144.wav
resample 44100 to 16000 in /home/sepharfi/projects/def-zshakeri/sepharfi/CUCO/data_final/Audios/Tonsill/Vowels/A/1/Tonsill_ses1_a_0144.wav
resample 44100 to 16000 in /home/sepharfi/projects/def-zshakeri/sepharfi/CUCO/data_final/Audios/Tonsill/Vowels/E/1/Tonsill_ses1_e_0144.wav
resample 44100 to 16000 in /home/sepharfi/projects/def-zshakeri/sepharfi/CUCO/data_final/Audios/Tonsill/Vowels/I/1/Tonsill_ses1_i_0144.wav
resample 44100 to 16000 in /home/sepharfi/projects/def-zshakeri/sepharfi/CUCO/data_final/Audios/Tonsill/Vowels/O/1/Tonsill_ses1_o_0144.wav
resample 44100 to 16000 in /home/sepharfi/projects/def-zshakeri/sepharfi/CUCO/data_final/Audios/Tonsill/Vowels/U/1/Tonsill_ses1_u_0144.wav
resample 44100 to 16000 in /home/sepharfi/projects/def-zshakeri/sepharfi/CUCO/data_final/Audios/Tonsill/Sustained vowels/A1/1/Tonsill_ses1_a1_0144.wav
resample 44100 to 16000 in /home/sepharfi/projects/def-zshakeri/sepharfi/CUCO/data_final/Audios/Tonsill/Sustained vowels/A2/1/Tonsill_ses1_a2_0144.wav
resample 44100 to 16000 in /home/sepharfi/projects/def-zshakeri/sepharfi/CUCO/data_final/Audios/Tonsill/Sustained vowels/A3/1/Tonsill_ses1_a3_0144.wav
resample 44100 to 16000 in /home/sepharfi/projects/def-zshakeri/sepharfi/CUCO/data_final/Audios/Tonsill/Speech/1/Tonsill_ses1_speech_0145.wav
resample 44100 to 16000 in /home/sepharfi/projects/def-zshakeri/sepharfi/CUCO/data_final/Audios/Tonsill/TDU/Agua/1/Tonsill_ses1_agua_0145.wav
resample 44100 to 16000 in /home/sepharfi/projects/def-zshakeri/sepharfi/CUCO/data_final/Audios/Tonsill/TDU/Brasero/1/Tonsill_ses1_brasero_0145.wav
resample 44100 to 16000 in /home/sepharfi/projects/def-zshakeri/sepharfi/CUCO/data_final/Audios/Tonsill/TDU/Dia/1/Tonsill_ses1_dia_0145.wav
resample 44100 to 16000 in /home/sepharfi/projects/def-zshakeri/sepharfi/CUCO/data_final/Audios/Tonsill/TDU/Mesa/1/Tonsill_ses1_mesa_0145.wav
resample 44100 to 16000 in /home/sepharfi/projects/def-zshakeri/sepharfi/CUCO/data_final/Audios/Tonsill/Vowels/A/1/Tonsill_ses1_a_0145.wav
resample 44100 to 16000 in /home/sepharfi/projects/def-zshakeri/sepharfi/CUCO/data_final/Audios/Tonsill/Vowels/E/1/Tonsill_ses1_e_0145.wav
resample 44100 to 16000 in /home/sepharfi/projects/def-zshakeri/sepharfi/CUCO/data_final/Audios/Tonsill/Vowels/I/1/Tonsill_ses1_i_0145.wav
resample 44100 to 16000 in /home/sepharfi/projects/def-zshakeri/sepharfi/CUCO/data_final/Audios/Tonsill/Vowels/O/1/Tonsill_ses1_o_0145.wav
resample 44100 to 16000 in /home/sepharfi/projects/def-zshakeri/sepharfi/CUCO/data_final/Audios/Tonsill/Vowels/U/1/Tonsill_ses1_u_0145.wav
resample 44100 to 16000 in /home/sepharfi/projects/def-zshakeri/sepharfi/CUCO/data_final/Audios/Tonsill/Sustained vowels/A1/1/Tonsill_ses1_a1_0145.wav
resample 44100 to 16000 in /home/sepharfi/projects/def-zshakeri/sepharfi/CUCO/data_final/Audios/Tonsill/Sustained vowels/A2/1/Tonsill_ses1_a2_0145.wav
resample 44100 to 16000 in /home/sepharfi/projects/def-zshakeri/sepharfi/CUCO/data_final/Audios/Tonsill/Sustained vowels/A3/1/Tonsill_ses1_a3_0145.wav
resample 44100 to 16000 in /home/sepharfi/projects/def-zshakeri/sepharfi/CUCO/data_final/Audios/Tonsill/Speech/1/Tonsill_ses1_speech_0147.wav
resample 44100 to 16000 in /home/sepharfi/projects/def-zshakeri/sepharfi/CUCO/data_final/Audios/Tonsill/TDU/Agua/1/Tonsill_ses1_agua_0147.wav
resample 44100 to 16000 in /home/sepharfi/projects/def-zshakeri/sepharfi/CUCO/data_final/Audios/Tonsill/TDU/Brasero/1/Tonsill_ses1_brasero_0147.wav
resample 44100 to 16000 in /home/sepharfi/projects/def-zshakeri/sepharfi/CUCO/data_final/Audios/Tonsill/TDU/Dia/1/Tonsill_ses1_dia_0147.wav
resample 44100 to 16000 in /home/sepharfi/projects/def-zshakeri/sepharfi/CUCO/data_final/Audios/Tonsill/TDU/Mesa/1/Tonsill_ses1_mesa_0147.wav
resample 44100 to 16000 in /home/sepharfi/projects/def-zshakeri/sepharfi/CUCO/data_final/Audios/Tonsill/Vowels/A/1/Tonsill_ses1_a_0147.wav
resample 44100 to 16000 in /home/sepharfi/projects/def-zshakeri/sepharfi/CUCO/data_final/Audios/Tonsill/Vowels/E/1/Tonsill_ses1_e_0147.wav
resample 44100 to 16000 in /home/sepharfi/projects/def-zshakeri/sepharfi/CUCO/data_final/Audios/Tonsill/Vowels/I/1/Tonsill_ses1_i_0147.wav
resample 44100 to 16000 in /home/sepharfi/projects/def-zshakeri/sepharfi/CUCO/data_final/Audios/Tonsill/Vowels/O/1/Tonsill_ses1_o_0147.wav
resample 44100 to 16000 in /home/sepharfi/projects/def-zshakeri/sepharfi/CUCO/data_final/Audios/Tonsill/Vowels/U/1/Tonsill_ses1_u_0147.wav
resample 44100 to 16000 in /home/sepharfi/projects/def-zshakeri/sepharfi/CUCO/data_final/Audios/Tonsill/Sustained vowels/A1/1/Tonsill_ses1_a1_0147.wav
resample 44100 to 16000 in /home/sepharfi/projects/def-zshakeri/sepharfi/CUCO/data_final/Audios/Tonsill/Sustained vowels/A2/1/Tonsill_ses1_a2_0147.wav
resample 44100 to 16000 in /home/sepharfi/projects/def-zshakeri/sepharfi/CUCO/data_final/Audios/Tonsill/Sustained vowels/A3/1/Tonsill_ses1_a3_0147.wav
  Total: 89271 frames (29.8 min)

Extracting post-surgery features (282 files)...
resample 44100 to 16000 in /home/sepharfi/projects/def-zshakeri/sepharfi/CUCO/data_final/Audios/Tonsill/Speech/2/Tonsill_ses2_speech_0007.wav
resample 44100 to 16000 in /home/sepharfi/projects/def-zshakeri/sepharfi/CUCO/data_final/Audios/Tonsill/TDU/Agua/2/Tonsill_ses2_agua_0007.wav
resample 44100 to 16000 in /home/sepharfi/projects/def-zshakeri/sepharfi/CUCO/data_final/Audios/Tonsill/TDU/Brasero/2/Tonsill_ses2_brasero_0007.wav
resample 44100 to 16000 in /home/sepharfi/projects/def-zshakeri/sepharfi/CUCO/data_final/Audios/Tonsill/TDU/Dia/2/Tonsill_ses2_dia_0007.wav
resample 44100 to 16000 in /home/sepharfi/projects/def-zshakeri/sepharfi/CUCO/data_final/Audios/Tonsill/TDU/Mesa/2/Tonsill_ses2_mesa_0007.wav
resample 44100 to 16000 in /home/sepharfi/projects/def-zshakeri/sepharfi/CUCO/data_final/Audios/Tonsill/Vowels/A/2/Tonsill_ses2_a_0007.wav
resample 44100 to 16000 in /home/sepharfi/projects/def-zshakeri/sepharfi/CUCO/data_final/Audios/Tonsill/Vowels/E/2/Tonsill_ses2_e_0007.wav
resample 44100 to 16000 in /home/sepharfi/projects/def-zshakeri/sepharfi/CUCO/data_final/Audios/Tonsill/Vowels/I/2/Tonsill_ses2_i_0007.wav
resample 44100 to 16000 in /home/sepharfi/projects/def-zshakeri/sepharfi/CUCO/data_final/Audios/Tonsill/Vowels/O/2/Tonsill_ses2_o_0007.wav
resample 44100 to 16000 in /home/sepharfi/projects/def-zshakeri/sepharfi/CUCO/data_final/Audios/Tonsill/Vowels/U/2/Tonsill_ses2_u_0007.wav
resample 44100 to 16000 in /home/sepharfi/projects/def-zshakeri/sepharfi/CUCO/data_final/Audios/Tonsill/Sustained vowels/A1/2/Tonsill_ses2_a1_0007.wav
resample 44100 to 16000 in /home/sepharfi/projects/def-zshakeri/sepharfi/CUCO/data_final/Audios/Tonsill/Sustained vowels/A2/2/Tonsill_ses2_a2_0007.wav
resample 44100 to 16000 in /home/sepharfi/projects/def-zshakeri/sepharfi/CUCO/data_final/Audios/Tonsill/Sustained vowels/A3/2/Tonsill_ses2_a3_0007.wav
resample 44100 to 16000 in /home/sepharfi/projects/def-zshakeri/sepharfi/CUCO/data_final/Audios/Tonsill/Speech/2/Tonsill_ses2_speech_0011.wav
resample 44100 to 16000 in /home/sepharfi/projects/def-zshakeri/sepharfi/CUCO/data_final/Audios/Tonsill/TDU/Agua/2/Tonsill_ses2_agua_0011.wav
resample 44100 to 16000 in /home/sepharfi/projects/def-zshakeri/sepharfi/CUCO/data_final/Audios/Tonsill/TDU/Brasero/2/Tonsill_ses2_brasero_0011.wav
resample 44100 to 16000 in /home/sepharfi/projects/def-zshakeri/sepharfi/CUCO/data_final/Audios/Tonsill/TDU/Dia/2/Tonsill_ses2_dia_0011.wav
resample 44100 to 16000 in /home/sepharfi/projects/def-zshakeri/sepharfi/CUCO/data_final/Audios/Tonsill/TDU/Mesa/2/Tonsill_ses2_mesa_0011.wav
resample 44100 to 16000 in /home/sepharfi/projects/def-zshakeri/sepharfi/CUCO/data_final/Audios/Tonsill/Vowels/A/2/Tonsill_ses2_a_0011.wav
resample 44100 to 16000 in /home/sepharfi/projects/def-zshakeri/sepharfi/CUCO/data_final/Audios/Tonsill/Vowels/E/2/Tonsill_ses2_e_0011.wav
resample 44100 to 16000 in /home/sepharfi/projects/def-zshakeri/sepharfi/CUCO/data_final/Audios/Tonsill/Vowels/I/2/Tonsill_ses2_i_0011.wav
resample 44100 to 16000 in /home/sepharfi/projects/def-zshakeri/sepharfi/CUCO/data_final/Audios/Tonsill/Vowels/O/2/Tonsill_ses2_o_0011.wav
resample 44100 to 16000 in /home/sepharfi/projects/def-zshakeri/sepharfi/CUCO/data_final/Audios/Tonsill/Vowels/U/2/Tonsill_ses2_u_0011.wav
resample 44100 to 16000 in /home/sepharfi/projects/def-zshakeri/sepharfi/CUCO/data_final/Audios/Tonsill/Sustained vowels/A1/2/Tonsill_ses2_a1_0011.wav
resample 44100 to 16000 in /home/sepharfi/projects/def-zshakeri/sepharfi/CUCO/data_final/Audios/Tonsill/Sustained vowels/A2/2/Tonsill_ses2_a2_0011.wav
resample 44100 to 16000 in /home/sepharfi/projects/def-zshakeri/sepharfi/CUCO/data_final/Audios/Tonsill/Sustained vowels/A3/2/Tonsill_ses2_a3_0011.wav
resample 44100 to 16000 in /home/sepharfi/projects/def-zshakeri/sepharfi/CUCO/data_final/Audios/Tonsill/Speech/2/Tonsill_ses2_speech_0026.wav
resample 44100 to 16000 in /home/sepharfi/projects/def-zshakeri/sepharfi/CUCO/data_final/Audios/Tonsill/TDU/Agua/2/Tonsill_ses2_agua_0026.wav
resample 44100 to 16000 in /home/sepharfi/projects/def-zshakeri/sepharfi/CUCO/data_final/Audios/Tonsill/TDU/Brasero/2/Tonsill_ses2_brasero_0026.wav
resample 44100 to 16000 in /home/sepharfi/projects/def-zshakeri/sepharfi/CUCO/data_final/Audios/Tonsill/TDU/Dia/2/Tonsill_ses2_dia_0026.wav
resample 44100 to 16000 in /home/sepharfi/projects/def-zshakeri/sepharfi/CUCO/data_final/Audios/Tonsill/TDU/Mesa/2/Tonsill_ses2_mesa_0026.wav
resample 44100 to 16000 in /home/sepharfi/projects/def-zshakeri/sepharfi/CUCO/data_final/Audios/Tonsill/Vowels/A/2/Tonsill_ses2_a_0026.wav
resample 44100 to 16000 in /home/sepharfi/projects/def-zshakeri/sepharfi/CUCO/data_final/Audios/Tonsill/Vowels/E/2/Tonsill_ses2_e_0026.wav
resample 44100 to 16000 in /home/sepharfi/projects/def-zshakeri/sepharfi/CUCO/data_final/Audios/Tonsill/Vowels/I/2/Tonsill_ses2_i_0026.wav
resample 44100 to 16000 in /home/sepharfi/projects/def-zshakeri/sepharfi/CUCO/data_final/Audios/Tonsill/Vowels/O/2/Tonsill_ses2_o_0026.wav
resample 44100 to 16000 in /home/sepharfi/projects/def-zshakeri/sepharfi/CUCO/data_final/Audios/Tonsill/Vowels/U/2/Tonsill_ses2_u_0026.wav
resample 44100 to 16000 in /home/sepharfi/projects/def-zshakeri/sepharfi/CUCO/data_final/Audios/Tonsill/Sustained vowels/A1/2/Tonsill_ses2_a1_0026.wav
resample 44100 to 16000 in /home/sepharfi/projects/def-zshakeri/sepharfi/CUCO/data_final/Audios/Tonsill/Sustained vowels/A2/2/Tonsill_ses2_a2_0026.wav
resample 44100 to 16000 in /home/sepharfi/projects/def-zshakeri/sepharfi/CUCO/data_final/Audios/Tonsill/Sustained vowels/A3/2/Tonsill_ses2_a3_0026.wav
resample 44100 to 16000 in /home/sepharfi/projects/def-zshakeri/sepharfi/CUCO/data_final/Audios/Tonsill/Speech/2/Tonsill_ses2_speech_0042.wav
resample 44100 to 16000 in /home/sepharfi/projects/def-zshakeri/sepharfi/CUCO/data_final/Audios/Tonsill/TDU/Agua/2/Tonsill_ses2_agua_0042.wav
resample 44100 to 16000 in /home/sepharfi/projects/def-zshakeri/sepharfi/CUCO/data_final/Audios/Tonsill/TDU/Brasero/2/Tonsill_ses2_brasero_0042.wav
resample 44100 to 16000 in /home/sepharfi/projects/def-zshakeri/sepharfi/CUCO/data_final/Audios/Tonsill/TDU/Dia/2/Tonsill_ses2_dia_0042.wav
resample 44100 to 16000 in /home/sepharfi/projects/def-zshakeri/sepharfi/CUCO/data_final/Audios/Tonsill/TDU/Mesa/2/Tonsill_ses2_mesa_0042.wav
resample 44100 to 16000 in /home/sepharfi/projects/def-zshakeri/sepharfi/CUCO/data_final/Audios/Tonsill/Vowels/A/2/Tonsill_ses2_a_0042.wav
resample 44100 to 16000 in /home/sepharfi/projects/def-zshakeri/sepharfi/CUCO/data_final/Audios/Tonsill/Vowels/E/2/Tonsill_ses2_e_0042.wav
resample 44100 to 16000 in /home/sepharfi/projects/def-zshakeri/sepharfi/CUCO/data_final/Audios/Tonsill/Vowels/I/2/Tonsill_ses2_i_0042.wav
resample 44100 to 16000 in /home/sepharfi/projects/def-zshakeri/sepharfi/CUCO/data_final/Audios/Tonsill/Vowels/O/2/Tonsill_ses2_o_0042.wav
resample 44100 to 16000 in /home/sepharfi/projects/def-zshakeri/sepharfi/CUCO/data_final/Audios/Tonsill/Vowels/U/2/Tonsill_ses2_u_0042.wav
resample 44100 to 16000 in /home/sepharfi/projects/def-zshakeri/sepharfi/CUCO/data_final/Audios/Tonsill/Sustained vowels/A1/2/Tonsill_ses2_a1_0042.wav
resample 44100 to 16000 in /home/sepharfi/projects/def-zshakeri/sepharfi/CUCO/data_final/Audios/Tonsill/Sustained vowels/A2/2/Tonsill_ses2_a2_0042.wav
resample 44100 to 16000 in /home/sepharfi/projects/def-zshakeri/sepharfi/CUCO/data_final/Audios/Tonsill/Sustained vowels/A3/2/Tonsill_ses2_a3_0042.wav
resample 44100 to 16000 in /home/sepharfi/projects/def-zshakeri/sepharfi/CUCO/data_final/Audios/Tonsill/Speech/2/Tonsill_ses2_speech_0062.wav
resample 44100 to 16000 in /home/sepharfi/projects/def-zshakeri/sepharfi/CUCO/data_final/Audios/Tonsill/TDU/Agua/2/Tonsill_ses2_agua_0062.wav
resample 44100 to 16000 in /home/sepharfi/projects/def-zshakeri/sepharfi/CUCO/data_final/Audios/Tonsill/TDU/Brasero/2/Tonsill_ses2_brasero_0062.wav
resample 44100 to 16000 in /home/sepharfi/projects/def-zshakeri/sepharfi/CUCO/data_final/Audios/Tonsill/TDU/Dia/2/Tonsill_ses2_dia_0062.wav
resample 44100 to 16000 in /home/sepharfi/projects/def-zshakeri/sepharfi/CUCO/data_final/Audios/Tonsill/TDU/Mesa/2/Tonsill_ses2_mesa_0062.wav
resample 44100 to 16000 in /home/sepharfi/projects/def-zshakeri/sepharfi/CUCO/data_final/Audios/Tonsill/Vowels/A/2/Tonsill_ses2_a_0062.wav
resample 44100 to 16000 in /home/sepharfi/projects/def-zshakeri/sepharfi/CUCO/data_final/Audios/Tonsill/Vowels/E/2/Tonsill_ses2_e_0062.wav
resample 44100 to 16000 in /home/sepharfi/projects/def-zshakeri/sepharfi/CUCO/data_final/Audios/Tonsill/Vowels/I/2/Tonsill_ses2_i_0062.wav
resample 44100 to 16000 in /home/sepharfi/projects/def-zshakeri/sepharfi/CUCO/data_final/Audios/Tonsill/Vowels/O/2/Tonsill_ses2_o_0062.wav
resample 44100 to 16000 in /home/sepharfi/projects/def-zshakeri/sepharfi/CUCO/data_final/Audios/Tonsill/Vowels/U/2/Tonsill_ses2_u_0062.wav
resample 44100 to 16000 in /home/sepharfi/projects/def-zshakeri/sepharfi/CUCO/data_final/Audios/Tonsill/Sustained vowels/A1/2/Tonsill_ses2_a1_0062.wav
resample 44100 to 16000 in /home/sepharfi/projects/def-zshakeri/sepharfi/CUCO/data_final/Audios/Tonsill/Sustained vowels/A2/2/Tonsill_ses2_a2_0062.wav
resample 44100 to 16000 in /home/sepharfi/projects/def-zshakeri/sepharfi/CUCO/data_final/Audios/Tonsill/Sustained vowels/A3/2/Tonsill_ses2_a3_0062.wav
resample 44100 to 16000 in /home/sepharfi/projects/def-zshakeri/sepharfi/CUCO/data_final/Audios/Tonsill/Speech/2/Tonsill_ses2_speech_0063.wav
resample 44100 to 16000 in /home/sepharfi/projects/def-zshakeri/sepharfi/CUCO/data_final/Audios/Tonsill/TDU/Agua/2/Tonsill_ses2_agua_0063.wav
resample 44100 to 16000 in /home/sepharfi/projects/def-zshakeri/sepharfi/CUCO/data_final/Audios/Tonsill/TDU/Brasero/2/Tonsill_ses2_brasero_0063.wav
resample 44100 to 16000 in /home/sepharfi/projects/def-zshakeri/sepharfi/CUCO/data_final/Audios/Tonsill/TDU/Dia/2/Tonsill_ses2_dia_0063.wav
resample 44100 to 16000 in /home/sepharfi/projects/def-zshakeri/sepharfi/CUCO/data_final/Audios/Tonsill/TDU/Mesa/2/Tonsill_ses2_mesa_0063.wav
resample 44100 to 16000 in /home/sepharfi/projects/def-zshakeri/sepharfi/CUCO/data_final/Audios/Tonsill/Vowels/A/2/Tonsill_ses2_a_0063.wav
resample 44100 to 16000 in /home/sepharfi/projects/def-zshakeri/sepharfi/CUCO/data_final/Audios/Tonsill/Vowels/E/2/Tonsill_ses2_e_0063.wav
resample 44100 to 16000 in /home/sepharfi/projects/def-zshakeri/sepharfi/CUCO/data_final/Audios/Tonsill/Vowels/I/2/Tonsill_ses2_i_0063.wav
resample 44100 to 16000 in /home/sepharfi/projects/def-zshakeri/sepharfi/CUCO/data_final/Audios/Tonsill/Vowels/O/2/Tonsill_ses2_o_0063.wav
resample 44100 to 16000 in /home/sepharfi/projects/def-zshakeri/sepharfi/CUCO/data_final/Audios/Tonsill/Vowels/U/2/Tonsill_ses2_u_0063.wav
resample 44100 to 16000 in /home/sepharfi/projects/def-zshakeri/sepharfi/CUCO/data_final/Audios/Tonsill/Sustained vowels/A1/2/Tonsill_ses2_a1_0063.wav
resample 44100 to 16000 in /home/sepharfi/projects/def-zshakeri/sepharfi/CUCO/data_final/Audios/Tonsill/Sustained vowels/A2/2/Tonsill_ses2_a2_0063.wav
resample 44100 to 16000 in /home/sepharfi/projects/def-zshakeri/sepharfi/CUCO/data_final/Audios/Tonsill/Sustained vowels/A3/2/Tonsill_ses2_a3_0063.wav
resample 44100 to 16000 in /home/sepharfi/projects/def-zshakeri/sepharfi/CUCO/data_final/Audios/Tonsill/Speech/2/Tonsill_ses2_speech_0078.wav
resample 44100 to 16000 in /home/sepharfi/projects/def-zshakeri/sepharfi/CUCO/data_final/Audios/Tonsill/TDU/Agua/2/Tonsill_ses2_agua_0078.wav
resample 44100 to 16000 in /home/sepharfi/projects/def-zshakeri/sepharfi/CUCO/data_final/Audios/Tonsill/TDU/Brasero/2/Tonsill_ses2_brasero_0078.wav
resample 44100 to 16000 in /home/sepharfi/projects/def-zshakeri/sepharfi/CUCO/data_final/Audios/Tonsill/TDU/Dia/2/Tonsill_ses2_dia_0078.wav
resample 44100 to 16000 in /home/sepharfi/projects/def-zshakeri/sepharfi/CUCO/data_final/Audios/Tonsill/Vowels/A/2/Tonsill_ses2_a_0078.wav
resample 44100 to 16000 in /home/sepharfi/projects/def-zshakeri/sepharfi/CUCO/data_final/Audios/Tonsill/Vowels/E/2/Tonsill_ses2_e_0078.wav
resample 44100 to 16000 in /home/sepharfi/projects/def-zshakeri/sepharfi/CUCO/data_final/Audios/Tonsill/Vowels/I/2/Tonsill_ses2_i_0078.wav
resample 44100 to 16000 in /home/sepharfi/projects/def-zshakeri/sepharfi/CUCO/data_final/Audios/Tonsill/Vowels/O/2/Tonsill_ses2_o_0078.wav
resample 44100 to 16000 in /home/sepharfi/projects/def-zshakeri/sepharfi/CUCO/data_final/Audios/Tonsill/Vowels/U/2/Tonsill_ses2_u_0078.wav
resample 44100 to 16000 in /home/sepharfi/projects/def-zshakeri/sepharfi/CUCO/data_final/Audios/Tonsill/Sustained vowels/A1/2/Tonsill_ses2_a1_0078.wav
resample 44100 to 16000 in /home/sepharfi/projects/def-zshakeri/sepharfi/CUCO/data_final/Audios/Tonsill/Sustained vowels/A2/2/Tonsill_ses2_a2_0078.wav
resample 44100 to 16000 in /home/sepharfi/projects/def-zshakeri/sepharfi/CUCO/data_final/Audios/Tonsill/Sustained vowels/A3/2/Tonsill_ses2_a3_0078.wav
resample 44100 to 16000 in /home/sepharfi/projects/def-zshakeri/sepharfi/CUCO/data_final/Audios/Tonsill/Speech/2/Tonsill_ses2_speech_0080.wav
resample 44100 to 16000 in /home/sepharfi/projects/def-zshakeri/sepharfi/CUCO/data_final/Audios/Tonsill/TDU/Agua/2/Tonsill_ses2_agua_0080.wav
resample 44100 to 16000 in /home/sepharfi/projects/def-zshakeri/sepharfi/CUCO/data_final/Audios/Tonsill/TDU/Brasero/2/Tonsill_ses2_brasero_0080.wav
resample 44100 to 16000 in /home/sepharfi/projects/def-zshakeri/sepharfi/CUCO/data_final/Audios/Tonsill/TDU/Dia/2/Tonsill_ses2_dia_0080.wav
resample 44100 to 16000 in /home/sepharfi/projects/def-zshakeri/sepharfi/CUCO/data_final/Audios/Tonsill/TDU/Mesa/2/Tonsill_ses2_mesa_0080.wav
resample 44100 to 16000 in /home/sepharfi/projects/def-zshakeri/sepharfi/CUCO/data_final/Audios/Tonsill/Sustained vowels/A1/2/Tonsill_ses2_a1_0080.wav
resample 44100 to 16000 in /home/sepharfi/projects/def-zshakeri/sepharfi/CUCO/data_final/Audios/Tonsill/Sustained vowels/A2/2/Tonsill_ses2_a2_0080.wav
resample 44100 to 16000 in /home/sepharfi/projects/def-zshakeri/sepharfi/CUCO/data_final/Audios/Tonsill/Sustained vowels/A3/2/Tonsill_ses2_a3_0080.wav
resample 44100 to 16000 in /home/sepharfi/projects/def-zshakeri/sepharfi/CUCO/data_final/Audios/Tonsill/Speech/2/Tonsill_ses2_speech_0081.wav
resample 44100 to 16000 in /home/sepharfi/projects/def-zshakeri/sepharfi/CUCO/data_final/Audios/Tonsill/TDU/Agua/2/Tonsill_ses2_agua_0081.wav
resample 44100 to 16000 in /home/sepharfi/projects/def-zshakeri/sepharfi/CUCO/data_final/Audios/Tonsill/TDU/Brasero/2/Tonsill_ses2_brasero_0081.wav
resample 44100 to 16000 in /home/sepharfi/projects/def-zshakeri/sepharfi/CUCO/data_final/Audios/Tonsill/TDU/Dia/2/Tonsill_ses2_dia_0081.wav
resample 44100 to 16000 in /home/sepharfi/projects/def-zshakeri/sepharfi/CUCO/data_final/Audios/Tonsill/TDU/Mesa/2/Tonsill_ses2_mesa_0081.wav
resample 44100 to 16000 in /home/sepharfi/projects/def-zshakeri/sepharfi/CUCO/data_final/Audios/Tonsill/Vowels/A/2/Tonsill_ses2_a_0081.wav
resample 44100 to 16000 in /home/sepharfi/projects/def-zshakeri/sepharfi/CUCO/data_final/Audios/Tonsill/Vowels/E/2/Tonsill_ses2_e_0081.wav
resample 44100 to 16000 in /home/sepharfi/projects/def-zshakeri/sepharfi/CUCO/data_final/Audios/Tonsill/Vowels/I/2/Tonsill_ses2_i_0081.wav
resample 44100 to 16000 in /home/sepharfi/projects/def-zshakeri/sepharfi/CUCO/data_final/Audios/Tonsill/Vowels/O/2/Tonsill_ses2_o_0081.wav
resample 44100 to 16000 in /home/sepharfi/projects/def-zshakeri/sepharfi/CUCO/data_final/Audios/Tonsill/Vowels/U/2/Tonsill_ses2_u_0081.wav
resample 44100 to 16000 in /home/sepharfi/projects/def-zshakeri/sepharfi/CUCO/data_final/Audios/Tonsill/Sustained vowels/A1/2/Tonsill_ses2_a1_0081.wav
resample 44100 to 16000 in /home/sepharfi/projects/def-zshakeri/sepharfi/CUCO/data_final/Audios/Tonsill/Sustained vowels/A2/2/Tonsill_ses2_a2_0081.wav
resample 44100 to 16000 in /home/sepharfi/projects/def-zshakeri/sepharfi/CUCO/data_final/Audios/Tonsill/Sustained vowels/A3/2/Tonsill_ses2_a3_0081.wav
resample 44100 to 16000 in /home/sepharfi/projects/def-zshakeri/sepharfi/CUCO/data_final/Audios/Tonsill/Speech/2/Tonsill_ses2_speech_0087.wav
resample 44100 to 16000 in /home/sepharfi/projects/def-zshakeri/sepharfi/CUCO/data_final/Audios/Tonsill/TDU/Agua/2/Tonsill_ses2_agua_0087.wav
resample 44100 to 16000 in /home/sepharfi/projects/def-zshakeri/sepharfi/CUCO/data_final/Audios/Tonsill/TDU/Brasero/2/Tonsill_ses2_brasero_0087.wav
resample 44100 to 16000 in /home/sepharfi/projects/def-zshakeri/sepharfi/CUCO/data_final/Audios/Tonsill/TDU/Dia/2/Tonsill_ses2_dia_0087.wav
resample 44100 to 16000 in /home/sepharfi/projects/def-zshakeri/sepharfi/CUCO/data_final/Audios/Tonsill/TDU/Mesa/2/Tonsill_ses2_mesa_0087.wav
resample 44100 to 16000 in /home/sepharfi/projects/def-zshakeri/sepharfi/CUCO/data_final/Audios/Tonsill/Vowels/A/2/Tonsill_ses2_a_0087.wav
resample 44100 to 16000 in /home/sepharfi/projects/def-zshakeri/sepharfi/CUCO/data_final/Audios/Tonsill/Vowels/E/2/Tonsill_ses2_e_0087.wav
resample 44100 to 16000 in /home/sepharfi/projects/def-zshakeri/sepharfi/CUCO/data_final/Audios/Tonsill/Vowels/I/2/Tonsill_ses2_i_0087.wav
resample 44100 to 16000 in /home/sepharfi/projects/def-zshakeri/sepharfi/CUCO/data_final/Audios/Tonsill/Vowels/O/2/Tonsill_ses2_o_0087.wav
resample 44100 to 16000 in /home/sepharfi/projects/def-zshakeri/sepharfi/CUCO/data_final/Audios/Tonsill/Vowels/U/2/Tonsill_ses2_u_0087.wav
resample 44100 to 16000 in /home/sepharfi/projects/def-zshakeri/sepharfi/CUCO/data_final/Audios/Tonsill/Sustained vowels/A1/2/Tonsill_ses2_a1_0087.wav
resample 44100 to 16000 in /home/sepharfi/projects/def-zshakeri/sepharfi/CUCO/data_final/Audios/Tonsill/Sustained vowels/A2/2/Tonsill_ses2_a2_0087.wav
resample 44100 to 16000 in /home/sepharfi/projects/def-zshakeri/sepharfi/CUCO/data_final/Audios/Tonsill/Sustained vowels/A3/2/Tonsill_ses2_a3_0087.wav
resample 44100 to 16000 in /home/sepharfi/projects/def-zshakeri/sepharfi/CUCO/data_final/Audios/Tonsill/Speech/2/Tonsill_ses2_speech_0089.wav
resample 44100 to 16000 in /home/sepharfi/projects/def-zshakeri/sepharfi/CUCO/data_final/Audios/Tonsill/TDU/Agua/2/Tonsill_ses2_agua_0089.wav
resample 44100 to 16000 in /home/sepharfi/projects/def-zshakeri/sepharfi/CUCO/data_final/Audios/Tonsill/TDU/Brasero/2/Tonsill_ses2_brasero_0089.wav
resample 44100 to 16000 in /home/sepharfi/projects/def-zshakeri/sepharfi/CUCO/data_final/Audios/Tonsill/TDU/Dia/2/Tonsill_ses2_dia_0089.wav
resample 44100 to 16000 in /home/sepharfi/projects/def-zshakeri/sepharfi/CUCO/data_final/Audios/Tonsill/TDU/Mesa/2/Tonsill_ses2_mesa_0089.wav
resample 44100 to 16000 in /home/sepharfi/projects/def-zshakeri/sepharfi/CUCO/data_final/Audios/Tonsill/Vowels/A/2/Tonsill_ses2_a_0089.wav
resample 44100 to 16000 in /home/sepharfi/projects/def-zshakeri/sepharfi/CUCO/data_final/Audios/Tonsill/Vowels/E/2/Tonsill_ses2_e_0089.wav
resample 44100 to 16000 in /home/sepharfi/projects/def-zshakeri/sepharfi/CUCO/data_final/Audios/Tonsill/Vowels/I/2/Tonsill_ses2_i_0089.wav
resample 44100 to 16000 in /home/sepharfi/projects/def-zshakeri/sepharfi/CUCO/data_final/Audios/Tonsill/Vowels/O/2/Tonsill_ses2_o_0089.wav
resample 44100 to 16000 in /home/sepharfi/projects/def-zshakeri/sepharfi/CUCO/data_final/Audios/Tonsill/Vowels/U/2/Tonsill_ses2_u_0089.wav
resample 44100 to 16000 in /home/sepharfi/projects/def-zshakeri/sepharfi/CUCO/data_final/Audios/Tonsill/Sustained vowels/A1/2/Tonsill_ses2_a1_0089.wav
resample 44100 to 16000 in /home/sepharfi/projects/def-zshakeri/sepharfi/CUCO/data_final/Audios/Tonsill/Sustained vowels/A2/2/Tonsill_ses2_a2_0089.wav
resample 44100 to 16000 in /home/sepharfi/projects/def-zshakeri/sepharfi/CUCO/data_final/Audios/Tonsill/Sustained vowels/A3/2/Tonsill_ses2_a3_0089.wav
resample 44100 to 16000 in /home/sepharfi/projects/def-zshakeri/sepharfi/CUCO/data_final/Audios/Tonsill/Speech/2/Tonsill_ses2_speech_0092.wav
resample 44100 to 16000 in /home/sepharfi/projects/def-zshakeri/sepharfi/CUCO/data_final/Audios/Tonsill/TDU/Agua/2/Tonsill_ses2_agua_0092.wav
resample 44100 to 16000 in /home/sepharfi/projects/def-zshakeri/sepharfi/CUCO/data_final/Audios/Tonsill/TDU/Brasero/2/Tonsill_ses2_brasero_0092.wav
resample 44100 to 16000 in /home/sepharfi/projects/def-zshakeri/sepharfi/CUCO/data_final/Audios/Tonsill/TDU/Dia/2/Tonsill_ses2_dia_0092.wav
resample 44100 to 16000 in /home/sepharfi/projects/def-zshakeri/sepharfi/CUCO/data_final/Audios/Tonsill/TDU/Mesa/2/Tonsill_ses2_mesa_0092.wav
resample 44100 to 16000 in /home/sepharfi/projects/def-zshakeri/sepharfi/CUCO/data_final/Audios/Tonsill/Vowels/A/2/Tonsill_ses2_a_0092.wav
resample 44100 to 16000 in /home/sepharfi/projects/def-zshakeri/sepharfi/CUCO/data_final/Audios/Tonsill/Vowels/E/2/Tonsill_ses2_e_0092.wav
resample 44100 to 16000 in /home/sepharfi/projects/def-zshakeri/sepharfi/CUCO/data_final/Audios/Tonsill/Vowels/I/2/Tonsill_ses2_i_0092.wav
resample 44100 to 16000 in /home/sepharfi/projects/def-zshakeri/sepharfi/CUCO/data_final/Audios/Tonsill/Vowels/O/2/Tonsill_ses2_o_0092.wav
resample 44100 to 16000 in /home/sepharfi/projects/def-zshakeri/sepharfi/CUCO/data_final/Audios/Tonsill/Vowels/U/2/Tonsill_ses2_u_0092.wav
resample 44100 to 16000 in /home/sepharfi/projects/def-zshakeri/sepharfi/CUCO/data_final/Audios/Tonsill/Sustained vowels/A1/2/Tonsill_ses2_a1_0092.wav
resample 44100 to 16000 in /home/sepharfi/projects/def-zshakeri/sepharfi/CUCO/data_final/Audios/Tonsill/Sustained vowels/A2/2/Tonsill_ses2_a2_0092.wav
resample 44100 to 16000 in /home/sepharfi/projects/def-zshakeri/sepharfi/CUCO/data_final/Audios/Tonsill/Sustained vowels/A3/2/Tonsill_ses2_a3_0092.wav
resample 44100 to 16000 in /home/sepharfi/projects/def-zshakeri/sepharfi/CUCO/data_final/Audios/Tonsill/Speech/2/Tonsill_ses2_speech_0099.wav
resample 44100 to 16000 in /home/sepharfi/projects/def-zshakeri/sepharfi/CUCO/data_final/Audios/Tonsill/TDU/Agua/2/Tonsill_ses2_agua_0099.wav
resample 44100 to 16000 in /home/sepharfi/projects/def-zshakeri/sepharfi/CUCO/data_final/Audios/Tonsill/TDU/Brasero/2/Tonsill_ses2_brasero_0099.wav
resample 44100 to 16000 in /home/sepharfi/projects/def-zshakeri/sepharfi/CUCO/data_final/Audios/Tonsill/TDU/Dia/2/Tonsill_ses2_dia_0099.wav
resample 44100 to 16000 in /home/sepharfi/projects/def-zshakeri/sepharfi/CUCO/data_final/Audios/Tonsill/TDU/Mesa/2/Tonsill_ses2_mesa_0099.wav
resample 44100 to 16000 in /home/sepharfi/projects/def-zshakeri/sepharfi/CUCO/data_final/Audios/Tonsill/Vowels/A/2/Tonsill_ses2_a_0099.wav
resample 44100 to 16000 in /home/sepharfi/projects/def-zshakeri/sepharfi/CUCO/data_final/Audios/Tonsill/Vowels/E/2/Tonsill_ses2_e_0099.wav
resample 44100 to 16000 in /home/sepharfi/projects/def-zshakeri/sepharfi/CUCO/data_final/Audios/Tonsill/Vowels/I/2/Tonsill_ses2_i_0099.wav
resample 44100 to 16000 in /home/sepharfi/projects/def-zshakeri/sepharfi/CUCO/data_final/Audios/Tonsill/Vowels/O/2/Tonsill_ses2_o_0099.wav
resample 44100 to 16000 in /home/sepharfi/projects/def-zshakeri/sepharfi/CUCO/data_final/Audios/Tonsill/Vowels/U/2/Tonsill_ses2_u_0099.wav
resample 44100 to 16000 in /home/sepharfi/projects/def-zshakeri/sepharfi/CUCO/data_final/Audios/Tonsill/Sustained vowels/A1/2/Tonsill_ses2_a1_0099.wav
resample 44100 to 16000 in /home/sepharfi/projects/def-zshakeri/sepharfi/CUCO/data_final/Audios/Tonsill/Sustained vowels/A2/2/Tonsill_ses2_a2_0099.wav
resample 44100 to 16000 in /home/sepharfi/projects/def-zshakeri/sepharfi/CUCO/data_final/Audios/Tonsill/Sustained vowels/A3/2/Tonsill_ses2_a3_0099.wav
resample 44100 to 16000 in /home/sepharfi/projects/def-zshakeri/sepharfi/CUCO/data_final/Audios/Tonsill/Speech/2/Tonsill_ses2_speech_0108.wav
resample 44100 to 16000 in /home/sepharfi/projects/def-zshakeri/sepharfi/CUCO/data_final/Audios/Tonsill/TDU/Agua/2/Tonsill_ses2_agua_0108.wav
resample 44100 to 16000 in /home/sepharfi/projects/def-zshakeri/sepharfi/CUCO/data_final/Audios/Tonsill/TDU/Brasero/2/Tonsill_ses2_brasero_0108.wav
resample 44100 to 16000 in /home/sepharfi/projects/def-zshakeri/sepharfi/CUCO/data_final/Audios/Tonsill/TDU/Dia/2/Tonsill_ses2_dia_0108.wav
resample 44100 to 16000 in /home/sepharfi/projects/def-zshakeri/sepharfi/CUCO/data_final/Audios/Tonsill/TDU/Mesa/2/Tonsill_ses2_mesa_0108.wav
resample 44100 to 16000 in /home/sepharfi/projects/def-zshakeri/sepharfi/CUCO/data_final/Audios/Tonsill/Vowels/A/2/Tonsill_ses2_a_0108.wav
resample 44100 to 16000 in /home/sepharfi/projects/def-zshakeri/sepharfi/CUCO/data_final/Audios/Tonsill/Vowels/E/2/Tonsill_ses2_e_0108.wav
resample 44100 to 16000 in /home/sepharfi/projects/def-zshakeri/sepharfi/CUCO/data_final/Audios/Tonsill/Vowels/I/2/Tonsill_ses2_i_0108.wav
resample 44100 to 16000 in /home/sepharfi/projects/def-zshakeri/sepharfi/CUCO/data_final/Audios/Tonsill/Vowels/O/2/Tonsill_ses2_o_0108.wav
resample 44100 to 16000 in /home/sepharfi/projects/def-zshakeri/sepharfi/CUCO/data_final/Audios/Tonsill/Vowels/U/2/Tonsill_ses2_u_0108.wav
resample 44100 to 16000 in /home/sepharfi/projects/def-zshakeri/sepharfi/CUCO/data_final/Audios/Tonsill/Sustained vowels/A1/2/Tonsill_ses2_a1_0108.wav
resample 44100 to 16000 in /home/sepharfi/projects/def-zshakeri/sepharfi/CUCO/data_final/Audios/Tonsill/Sustained vowels/A2/2/Tonsill_ses2_a2_0108.wav
resample 44100 to 16000 in /home/sepharfi/projects/def-zshakeri/sepharfi/CUCO/data_final/Audios/Tonsill/Sustained vowels/A3/2/Tonsill_ses2_a3_0108.wav
resample 44100 to 16000 in /home/sepharfi/projects/def-zshakeri/sepharfi/CUCO/data_final/Audios/Tonsill/Speech/2/Tonsill_ses2_speech_0109.wav
resample 44100 to 16000 in /home/sepharfi/projects/def-zshakeri/sepharfi/CUCO/data_final/Audios/Tonsill/TDU/Agua/2/Tonsill_ses2_agua_0109.wav
resample 44100 to 16000 in /home/sepharfi/projects/def-zshakeri/sepharfi/CUCO/data_final/Audios/Tonsill/TDU/Brasero/2/Tonsill_ses2_brasero_0109.wav
resample 44100 to 16000 in /home/sepharfi/projects/def-zshakeri/sepharfi/CUCO/data_final/Audios/Tonsill/TDU/Dia/2/Tonsill_ses2_dia_0109.wav
resample 44100 to 16000 in /home/sepharfi/projects/def-zshakeri/sepharfi/CUCO/data_final/Audios/Tonsill/TDU/Mesa/2/Tonsill_ses2_mesa_0109.wav
resample 44100 to 16000 in /home/sepharfi/projects/def-zshakeri/sepharfi/CUCO/data_final/Audios/Tonsill/Vowels/A/2/Tonsill_ses2_a_0109.wav
resample 44100 to 16000 in /home/sepharfi/projects/def-zshakeri/sepharfi/CUCO/data_final/Audios/Tonsill/Vowels/E/2/Tonsill_ses2_e_0109.wav
resample 44100 to 16000 in /home/sepharfi/projects/def-zshakeri/sepharfi/CUCO/data_final/Audios/Tonsill/Vowels/I/2/Tonsill_ses2_i_0109.wav
resample 44100 to 16000 in /home/sepharfi/projects/def-zshakeri/sepharfi/CUCO/data_final/Audios/Tonsill/Vowels/O/2/Tonsill_ses2_o_0109.wav
resample 44100 to 16000 in /home/sepharfi/projects/def-zshakeri/sepharfi/CUCO/data_final/Audios/Tonsill/Vowels/U/2/Tonsill_ses2_u_0109.wav
resample 44100 to 16000 in /home/sepharfi/projects/def-zshakeri/sepharfi/CUCO/data_final/Audios/Tonsill/Sustained vowels/A1/2/Tonsill_ses2_a1_0109.wav
resample 44100 to 16000 in /home/sepharfi/projects/def-zshakeri/sepharfi/CUCO/data_final/Audios/Tonsill/Sustained vowels/A2/2/Tonsill_ses2_a2_0109.wav
resample 44100 to 16000 in /home/sepharfi/projects/def-zshakeri/sepharfi/CUCO/data_final/Audios/Tonsill/Sustained vowels/A3/2/Tonsill_ses2_a3_0109.wav
resample 44100 to 16000 in /home/sepharfi/projects/def-zshakeri/sepharfi/CUCO/data_final/Audios/Tonsill/Speech/2/Tonsill_ses2_speech_0111.wav
resample 44100 to 16000 in /home/sepharfi/projects/def-zshakeri/sepharfi/CUCO/data_final/Audios/Tonsill/TDU/Agua/2/Tonsill_ses2_agua_0111.wav
resample 44100 to 16000 in /home/sepharfi/projects/def-zshakeri/sepharfi/CUCO/data_final/Audios/Tonsill/TDU/Brasero/2/Tonsill_ses2_brasero_0111.wav
resample 44100 to 16000 in /home/sepharfi/projects/def-zshakeri/sepharfi/CUCO/data_final/Audios/Tonsill/TDU/Dia/2/Tonsill_ses2_dia_0111.wav
resample 44100 to 16000 in /home/sepharfi/projects/def-zshakeri/sepharfi/CUCO/data_final/Audios/Tonsill/TDU/Mesa/2/Tonsill_ses2_mesa_0111.wav
resample 44100 to 16000 in /home/sepharfi/projects/def-zshakeri/sepharfi/CUCO/data_final/Audios/Tonsill/Vowels/A/2/Tonsill_ses2_a_0111.wav
resample 44100 to 16000 in /home/sepharfi/projects/def-zshakeri/sepharfi/CUCO/data_final/Audios/Tonsill/Vowels/E/2/Tonsill_ses2_e_0111.wav
resample 44100 to 16000 in /home/sepharfi/projects/def-zshakeri/sepharfi/CUCO/data_final/Audios/Tonsill/Vowels/I/2/Tonsill_ses2_i_0111.wav
resample 44100 to 16000 in /home/sepharfi/projects/def-zshakeri/sepharfi/CUCO/data_final/Audios/Tonsill/Vowels/O/2/Tonsill_ses2_o_0111.wav
resample 44100 to 16000 in /home/sepharfi/projects/def-zshakeri/sepharfi/CUCO/data_final/Audios/Tonsill/Vowels/U/2/Tonsill_ses2_u_0111.wav
resample 44100 to 16000 in /home/sepharfi/projects/def-zshakeri/sepharfi/CUCO/data_final/Audios/Tonsill/Sustained vowels/A1/2/Tonsill_ses2_a1_0111.wav
resample 44100 to 16000 in /home/sepharfi/projects/def-zshakeri/sepharfi/CUCO/data_final/Audios/Tonsill/Sustained vowels/A2/2/Tonsill_ses2_a2_0111.wav
resample 44100 to 16000 in /home/sepharfi/projects/def-zshakeri/sepharfi/CUCO/data_final/Audios/Tonsill/Sustained vowels/A3/2/Tonsill_ses2_a3_0111.wav
resample 44100 to 16000 in /home/sepharfi/projects/def-zshakeri/sepharfi/CUCO/data_final/Audios/Tonsill/Speech/2/Tonsill_ses2_speech_0112.wav
resample 44100 to 16000 in /home/sepharfi/projects/def-zshakeri/sepharfi/CUCO/data_final/Audios/Tonsill/TDU/Agua/2/Tonsill_ses2_agua_0112.wav
resample 44100 to 16000 in /home/sepharfi/projects/def-zshakeri/sepharfi/CUCO/data_final/Audios/Tonsill/TDU/Brasero/2/Tonsill_ses2_brasero_0112.wav
resample 44100 to 16000 in /home/sepharfi/projects/def-zshakeri/sepharfi/CUCO/data_final/Audios/Tonsill/TDU/Dia/2/Tonsill_ses2_dia_0112.wav
resample 44100 to 16000 in /home/sepharfi/projects/def-zshakeri/sepharfi/CUCO/data_final/Audios/Tonsill/TDU/Mesa/2/Tonsill_ses2_mesa_0112.wav
resample 44100 to 16000 in /home/sepharfi/projects/def-zshakeri/sepharfi/CUCO/data_final/Audios/Tonsill/Vowels/A/2/Tonsill_ses2_a_0112.wav
resample 44100 to 16000 in /home/sepharfi/projects/def-zshakeri/sepharfi/CUCO/data_final/Audios/Tonsill/Vowels/E/2/Tonsill_ses2_e_0112.wav
resample 44100 to 16000 in /home/sepharfi/projects/def-zshakeri/sepharfi/CUCO/data_final/Audios/Tonsill/Vowels/I/2/Tonsill_ses2_i_0112.wav
resample 44100 to 16000 in /home/sepharfi/projects/def-zshakeri/sepharfi/CUCO/data_final/Audios/Tonsill/Vowels/O/2/Tonsill_ses2_o_0112.wav
resample 44100 to 16000 in /home/sepharfi/projects/def-zshakeri/sepharfi/CUCO/data_final/Audios/Tonsill/Vowels/U/2/Tonsill_ses2_u_0112.wav
resample 44100 to 16000 in /home/sepharfi/projects/def-zshakeri/sepharfi/CUCO/data_final/Audios/Tonsill/Sustained vowels/A1/2/Tonsill_ses2_a1_0112.wav
resample 44100 to 16000 in /home/sepharfi/projects/def-zshakeri/sepharfi/CUCO/data_final/Audios/Tonsill/Sustained vowels/A2/2/Tonsill_ses2_a2_0112.wav
resample 44100 to 16000 in /home/sepharfi/projects/def-zshakeri/sepharfi/CUCO/data_final/Audios/Tonsill/Sustained vowels/A3/2/Tonsill_ses2_a3_0112.wav
resample 44100 to 16000 in /home/sepharfi/projects/def-zshakeri/sepharfi/CUCO/data_final/Audios/Tonsill/Speech/2/Tonsill_ses2_speech_0125.wav
resample 44100 to 16000 in /home/sepharfi/projects/def-zshakeri/sepharfi/CUCO/data_final/Audios/Tonsill/TDU/Agua/2/Tonsill_ses2_agua_0125.wav
resample 44100 to 16000 in /home/sepharfi/projects/def-zshakeri/sepharfi/CUCO/data_final/Audios/Tonsill/TDU/Brasero/2/Tonsill_ses2_brasero_0125.wav
resample 44100 to 16000 in /home/sepharfi/projects/def-zshakeri/sepharfi/CUCO/data_final/Audios/Tonsill/TDU/Dia/2/Tonsill_ses2_dia_0125.wav
resample 44100 to 16000 in /home/sepharfi/projects/def-zshakeri/sepharfi/CUCO/data_final/Audios/Tonsill/TDU/Mesa/2/Tonsill_ses2_mesa_0125.wav
resample 44100 to 16000 in /home/sepharfi/projects/def-zshakeri/sepharfi/CUCO/data_final/Audios/Tonsill/Vowels/A/2/Tonsill_ses2_a_0125.wav
resample 44100 to 16000 in /home/sepharfi/projects/def-zshakeri/sepharfi/CUCO/data_final/Audios/Tonsill/Vowels/E/2/Tonsill_ses2_e_0125.wav
resample 44100 to 16000 in /home/sepharfi/projects/def-zshakeri/sepharfi/CUCO/data_final/Audios/Tonsill/Vowels/I/2/Tonsill_ses2_i_0125.wav
resample 44100 to 16000 in /home/sepharfi/projects/def-zshakeri/sepharfi/CUCO/data_final/Audios/Tonsill/Vowels/O/2/Tonsill_ses2_o_0125.wav
resample 44100 to 16000 in /home/sepharfi/projects/def-zshakeri/sepharfi/CUCO/data_final/Audios/Tonsill/Vowels/U/2/Tonsill_ses2_u_0125.wav
resample 44100 to 16000 in /home/sepharfi/projects/def-zshakeri/sepharfi/CUCO/data_final/Audios/Tonsill/Sustained vowels/A1/2/Tonsill_ses2_a1_0125.wav
resample 44100 to 16000 in /home/sepharfi/projects/def-zshakeri/sepharfi/CUCO/data_final/Audios/Tonsill/Sustained vowels/A2/2/Tonsill_ses2_a2_0125.wav
resample 44100 to 16000 in /home/sepharfi/projects/def-zshakeri/sepharfi/CUCO/data_final/Audios/Tonsill/Sustained vowels/A3/2/Tonsill_ses2_a3_0125.wav
resample 44100 to 16000 in /home/sepharfi/projects/def-zshakeri/sepharfi/CUCO/data_final/Audios/Tonsill/Speech/2/Tonsill_ses2_speech_0129.wav
resample 44100 to 16000 in /home/sepharfi/projects/def-zshakeri/sepharfi/CUCO/data_final/Audios/Tonsill/TDU/Agua/2/Tonsill_ses2_agua_0129.wav
resample 44100 to 16000 in /home/sepharfi/projects/def-zshakeri/sepharfi/CUCO/data_final/Audios/Tonsill/TDU/Brasero/2/Tonsill_ses2_brasero_0129.wav
resample 44100 to 16000 in /home/sepharfi/projects/def-zshakeri/sepharfi/CUCO/data_final/Audios/Tonsill/TDU/Dia/2/Tonsill_ses2_dia_0129.wav
resample 44100 to 16000 in /home/sepharfi/projects/def-zshakeri/sepharfi/CUCO/data_final/Audios/Tonsill/TDU/Mesa/2/Tonsill_ses2_mesa_0129.wav
resample 44100 to 16000 in /home/sepharfi/projects/def-zshakeri/sepharfi/CUCO/data_final/Audios/Tonsill/Vowels/A/2/Tonsill_ses2_a_0129.wav
resample 44100 to 16000 in /home/sepharfi/projects/def-zshakeri/sepharfi/CUCO/data_final/Audios/Tonsill/Vowels/E/2/Tonsill_ses2_e_0129.wav
resample 44100 to 16000 in /home/sepharfi/projects/def-zshakeri/sepharfi/CUCO/data_final/Audios/Tonsill/Vowels/I/2/Tonsill_ses2_i_0129.wav
resample 44100 to 16000 in /home/sepharfi/projects/def-zshakeri/sepharfi/CUCO/data_final/Audios/Tonsill/Vowels/O/2/Tonsill_ses2_o_0129.wav
resample 44100 to 16000 in /home/sepharfi/projects/def-zshakeri/sepharfi/CUCO/data_final/Audios/Tonsill/Vowels/U/2/Tonsill_ses2_u_0129.wav
resample 44100 to 16000 in /home/sepharfi/projects/def-zshakeri/sepharfi/CUCO/data_final/Audios/Tonsill/Sustained vowels/A1/2/Tonsill_ses2_a1_0129.wav
resample 44100 to 16000 in /home/sepharfi/projects/def-zshakeri/sepharfi/CUCO/data_final/Audios/Tonsill/Sustained vowels/A2/2/Tonsill_ses2_a2_0129.wav
resample 44100 to 16000 in /home/sepharfi/projects/def-zshakeri/sepharfi/CUCO/data_final/Audios/Tonsill/Sustained vowels/A3/2/Tonsill_ses2_a3_0129.wav
resample 44100 to 16000 in /home/sepharfi/projects/def-zshakeri/sepharfi/CUCO/data_final/Audios/Tonsill/Speech/2/Tonsill_ses2_speech_0137.wav
resample 44100 to 16000 in /home/sepharfi/projects/def-zshakeri/sepharfi/CUCO/data_final/Audios/Tonsill/TDU/Mesa/2/Tonsill_ses2_mesa_0137.wav
resample 44100 to 16000 in /home/sepharfi/projects/def-zshakeri/sepharfi/CUCO/data_final/Audios/Tonsill/Speech/2/Tonsill_ses2_speech_0144.wav
resample 44100 to 16000 in /home/sepharfi/projects/def-zshakeri/sepharfi/CUCO/data_final/Audios/Tonsill/TDU/Agua/2/Tonsill_ses2_agua_0144.wav
resample 44100 to 16000 in /home/sepharfi/projects/def-zshakeri/sepharfi/CUCO/data_final/Audios/Tonsill/TDU/Brasero/2/Tonsill_ses2_brasero_0144.wav
resample 44100 to 16000 in /home/sepharfi/projects/def-zshakeri/sepharfi/CUCO/data_final/Audios/Tonsill/TDU/Dia/2/Tonsill_ses2_dia_0144.wav
resample 44100 to 16000 in /home/sepharfi/projects/def-zshakeri/sepharfi/CUCO/data_final/Audios/Tonsill/TDU/Mesa/2/Tonsill_ses2_mesa_0144.wav
resample 44100 to 16000 in /home/sepharfi/projects/def-zshakeri/sepharfi/CUCO/data_final/Audios/Tonsill/Vowels/A/2/Tonsill_ses2_a_0144.wav
resample 44100 to 16000 in /home/sepharfi/projects/def-zshakeri/sepharfi/CUCO/data_final/Audios/Tonsill/Vowels/E/2/Tonsill_ses2_e_0144.wav
resample 44100 to 16000 in /home/sepharfi/projects/def-zshakeri/sepharfi/CUCO/data_final/Audios/Tonsill/Vowels/I/2/Tonsill_ses2_i_0144.wav
resample 44100 to 16000 in /home/sepharfi/projects/def-zshakeri/sepharfi/CUCO/data_final/Audios/Tonsill/Vowels/O/2/Tonsill_ses2_o_0144.wav
resample 44100 to 16000 in /home/sepharfi/projects/def-zshakeri/sepharfi/CUCO/data_final/Audios/Tonsill/Vowels/U/2/Tonsill_ses2_u_0144.wav
resample 44100 to 16000 in /home/sepharfi/projects/def-zshakeri/sepharfi/CUCO/data_final/Audios/Tonsill/Sustained vowels/A1/2/Tonsill_ses2_a1_0144.wav
resample 44100 to 16000 in /home/sepharfi/projects/def-zshakeri/sepharfi/CUCO/data_final/Audios/Tonsill/Sustained vowels/A2/2/Tonsill_ses2_a2_0144.wav
resample 44100 to 16000 in /home/sepharfi/projects/def-zshakeri/sepharfi/CUCO/data_final/Audios/Tonsill/Sustained vowels/A3/2/Tonsill_ses2_a3_0144.wav
resample 44100 to 16000 in /home/sepharfi/projects/def-zshakeri/sepharfi/CUCO/data_final/Audios/Tonsill/Speech/2/Tonsill_ses2_speech_0145.wav
resample 44100 to 16000 in /home/sepharfi/projects/def-zshakeri/sepharfi/CUCO/data_final/Audios/Tonsill/TDU/Agua/2/Tonsill_ses2_agua_0145.wav
resample 44100 to 16000 in /home/sepharfi/projects/def-zshakeri/sepharfi/CUCO/data_final/Audios/Tonsill/TDU/Brasero/2/Tonsill_ses2_brasero_0145.wav
resample 44100 to 16000 in /home/sepharfi/projects/def-zshakeri/sepharfi/CUCO/data_final/Audios/Tonsill/TDU/Dia/2/Tonsill_ses2_dia_0145.wav
resample 44100 to 16000 in /home/sepharfi/projects/def-zshakeri/sepharfi/CUCO/data_final/Audios/Tonsill/TDU/Mesa/2/Tonsill_ses2_mesa_0145.wav
resample 44100 to 16000 in /home/sepharfi/projects/def-zshakeri/sepharfi/CUCO/data_final/Audios/Tonsill/Vowels/A/2/Tonsill_ses2_a_0145.wav
resample 44100 to 16000 in /home/sepharfi/projects/def-zshakeri/sepharfi/CUCO/data_final/Audios/Tonsill/Vowels/E/2/Tonsill_ses2_e_0145.wav
resample 44100 to 16000 in /home/sepharfi/projects/def-zshakeri/sepharfi/CUCO/data_final/Audios/Tonsill/Vowels/I/2/Tonsill_ses2_i_0145.wav
resample 44100 to 16000 in /home/sepharfi/projects/def-zshakeri/sepharfi/CUCO/data_final/Audios/Tonsill/Vowels/O/2/Tonsill_ses2_o_0145.wav
resample 44100 to 16000 in /home/sepharfi/projects/def-zshakeri/sepharfi/CUCO/data_final/Audios/Tonsill/Vowels/U/2/Tonsill_ses2_u_0145.wav
resample 44100 to 16000 in /home/sepharfi/projects/def-zshakeri/sepharfi/CUCO/data_final/Audios/Tonsill/Sustained vowels/A1/2/Tonsill_ses2_a1_0145.wav
resample 44100 to 16000 in /home/sepharfi/projects/def-zshakeri/sepharfi/CUCO/data_final/Audios/Tonsill/Sustained vowels/A2/2/Tonsill_ses2_a2_0145.wav
resample 44100 to 16000 in /home/sepharfi/projects/def-zshakeri/sepharfi/CUCO/data_final/Audios/Tonsill/Sustained vowels/A3/2/Tonsill_ses2_a3_0145.wav
resample 44100 to 16000 in /home/sepharfi/projects/def-zshakeri/sepharfi/CUCO/data_final/Audios/Tonsill/Speech/2/Tonsill_ses2_speech_0147.wav
resample 44100 to 16000 in /home/sepharfi/projects/def-zshakeri/sepharfi/CUCO/data_final/Audios/Tonsill/TDU/Agua/2/Tonsill_ses2_agua_0147.wav
resample 44100 to 16000 in /home/sepharfi/projects/def-zshakeri/sepharfi/CUCO/data_final/Audios/Tonsill/TDU/Brasero/2/Tonsill_ses2_brasero_0147.wav
resample 44100 to 16000 in /home/sepharfi/projects/def-zshakeri/sepharfi/CUCO/data_final/Audios/Tonsill/TDU/Dia/2/Tonsill_ses2_dia_0147.wav
resample 44100 to 16000 in /home/sepharfi/projects/def-zshakeri/sepharfi/CUCO/data_final/Audios/Tonsill/TDU/Mesa/2/Tonsill_ses2_mesa_0147.wav
resample 44100 to 16000 in /home/sepharfi/projects/def-zshakeri/sepharfi/CUCO/data_final/Audios/Tonsill/Vowels/A/2/Tonsill_ses2_a_0147.wav
resample 44100 to 16000 in /home/sepharfi/projects/def-zshakeri/sepharfi/CUCO/data_final/Audios/Tonsill/Vowels/E/2/Tonsill_ses2_e_0147.wav
resample 44100 to 16000 in /home/sepharfi/projects/def-zshakeri/sepharfi/CUCO/data_final/Audios/Tonsill/Vowels/I/2/Tonsill_ses2_i_0147.wav
resample 44100 to 16000 in /home/sepharfi/projects/def-zshakeri/sepharfi/CUCO/data_final/Audios/Tonsill/Vowels/O/2/Tonsill_ses2_o_0147.wav
resample 44100 to 16000 in /home/sepharfi/projects/def-zshakeri/sepharfi/CUCO/data_final/Audios/Tonsill/Vowels/U/2/Tonsill_ses2_u_0147.wav
resample 44100 to 16000 in /home/sepharfi/projects/def-zshakeri/sepharfi/CUCO/data_final/Audios/Tonsill/Sustained vowels/A1/2/Tonsill_ses2_a1_0147.wav
resample 44100 to 16000 in /home/sepharfi/projects/def-zshakeri/sepharfi/CUCO/data_final/Audios/Tonsill/Sustained vowels/A2/2/Tonsill_ses2_a2_0147.wav
resample 44100 to 16000 in /home/sepharfi/projects/def-zshakeri/sepharfi/CUCO/data_final/Audios/Tonsill/Sustained vowels/A3/2/Tonsill_ses2_a3_0147.wav
  Total: 94155 frames (31.4 min)

============================================================
  Train/val patients: 23, files: 282
  Held-out test: ['0045', '0085', '0110', '0122', '0132']
============================================================

============================================================
  5-Fold Cross-Validation
============================================================

Fold 1/5: train=230 files (incl. 0 extra-surg, 0 augmented), val=52 files
  Fold 1 Train: 3954 segs (230 patients), Val: 742 segs (52 patients)
    Fold 1 Epoch   1  val=4.330548  alpha=0.1697
    Fold 1 Epoch  20  val=4.042340  alpha=0.7347
    Fold 1 Epoch  40  val=4.013933  alpha=0.9668
    Fold 1 Epoch  60  val=4.018441  alpha=1.1243
    Fold 1 Epoch  80  val=4.023443  alpha=1.2446
    Fold 1 Early stopping at epoch 89
    Fold 1 Best val loss: 4.010410

Fold 2/5: train=230 files (incl. 0 extra-surg, 0 augmented), val=52 files
  Fold 2 Train: 3906 segs (230 patients), Val: 790 segs (52 patients)
    Fold 2 Epoch   1  val=4.694589  alpha=0.1697
    Fold 2 Epoch  20  val=4.425545  alpha=0.7279
    Fold 2 Epoch  40  val=4.407294  alpha=0.9734
    Fold 2 Epoch  60  val=4.420398  alpha=1.1385
    Fold 2 Early stopping at epoch 79
    Fold 2 Best val loss: 4.379754

Fold 3/5: train=231 files (incl. 0 extra-surg, 0 augmented), val=51 files
  Fold 3 Train: 3816 segs (231 patients), Val: 880 segs (51 patients)
    Fold 3 Epoch   1  val=4.545220  alpha=0.1677
    Fold 3 Epoch  20  val=4.257306  alpha=0.7158
    Fold 3 Epoch  40  val=4.277832  alpha=0.9586
    Fold 3 Epoch  60  val=4.273729  alpha=1.1272
    Fold 3 Early stopping at epoch 60
    Fold 3 Best val loss: 4.257306

Fold 4/5: train=241 files (incl. 0 extra-surg, 0 augmented), val=41 files
  Fold 4 Train: 3902 segs (241 patients), Val: 794 segs (41 patients)
    Fold 4 Epoch   1  val=4.776002  alpha=0.1684
    Fold 4 Epoch  20  val=4.419203  alpha=0.7254
    Fold 4 Epoch  40  val=4.419298  alpha=0.9569
    Fold 4 Epoch  60  val=4.423972  alpha=1.1102
    Fold 4 Early stopping at epoch 77
    Fold 4 Best val loss: 4.410715

Fold 5/5: train=196 files (incl. 0 extra-surg, 0 augmented), val=86 files
  Fold 5 Train: 3206 segs (196 patients), Val: 1490 segs (86 patients)
    Fold 5 Epoch   1  val=4.712818  alpha=0.1567
    Fold 5 Epoch  20  val=4.481953  alpha=0.6728
    Fold 5 Epoch  40  val=4.448917  alpha=0.9009
    Fold 5 Epoch  60  val=4.449091  alpha=1.0598
    Fold 5 Epoch  80  val=4.445285  alpha=1.1828
    Fold 5 Epoch 100  val=4.462654  alpha=1.2824
    Fold 5 Early stopping at epoch 103
    Fold 5 Best val loss: 4.424904

============================================================
  CV Results: 4.296618 +/- 0.154821
  Per-fold: ['4.010410', '4.379754', '4.257306', '4.410715', '4.424904']
============================================================

Training final model on all 282 CV patients + 0 extra...
  Final Train: 3206 segs (196 patients), Val: 1490 segs (86 patients)
    Final Epoch   1  val=4.710967  alpha=0.1574
    Final Epoch  20  val=4.482585  alpha=0.6725
    Final Epoch  40  val=4.465970  alpha=0.9005
    Final Epoch  60  val=4.459769  alpha=1.0606
    Final Epoch  80  val=4.444018  alpha=1.1844
    Final Early stopping at epoch 83
    Final Best val loss: 4.432656

Done. Final model: checkpoints_kfold_baseline/best_model.pt
Test patients (5): ['0045', '0085', '0110', '0122', '0132']
Run inference on test patients only:
  python scripts/inference_kfold.py --checkpoint checkpoints_kfold_baseline/best_model.pt

================================================
  UNet-VC baseline — Eval (stock HiFi-GAN)
================================================
Traceback (most recent call last):
  File "/lustre06/project/6086959/sepharfi/VoiceConversion/Experiments/unet_vc/scripts/run_eval.py", line 140, in <module>
    main()
  File "/lustre06/project/6086959/sepharfi/VoiceConversion/Experiments/unet_vc/scripts/run_eval.py", line 48, in main
    device = torch.device('cuda' if torch.cuda.is_available() else 'cpu')
             ^^^^^
UnboundLocalError: cannot access local variable 'torch' where it is not associated with a value
Done!
