==============================
  UNet-VC — 5-Fold CV + Train
==============================
Using cache found in /home/sepharfi/.cache/torch/hub/bshall_knn-vc_master
/home/sepharfi/envs/myenv/lib/python3.11/site-packages/torch/nn/utils/weight_norm.py:144: FutureWarning: `torch.nn.utils.weight_norm` is deprecated in favor of `torch.nn.utils.parametrizations.weight_norm`.
  WeightNorm.apply(module, name, dim)
Device: cuda
Loading kNN-VC model...
Removing weight norm...
[HiFiGAN] Generator loaded with 16,523,393 parameters.
WavLM-Large loaded with 315,453,120 parameters.

Extracting pre-surgery features (282 files)...
resample 44100 to 16000 in /home/sepharfi/projects/def-zshakeri/sepharfi/CUCO/data_final/Audios/Tonsill/Speech/1/Tonsill_ses1_speech_0007.wav
resample 44100 to 16000 in /home/sepharfi/projects/def-zshakeri/sepharfi/CUCO/data_final/Audios/Tonsill/TDU/Agua/1/Tonsill_ses1_agua_0007.wav
resample 44100 to 16000 in /home/sepharfi/projects/def-zshakeri/sepharfi/CUCO/data_final/Audios/Tonsill/TDU/Brasero/1/Tonsill_ses1_brasero_0007.wav
resample 44100 to 16000 in /home/sepharfi/projects/def-zshakeri/sepharfi/CUCO/data_final/Audios/Tonsill/TDU/Dia/1/Tonsill_ses1_dia_0007.wav
resample 44100 to 16000 in /home/sepharfi/projects/def-zshakeri/sepharfi/CUCO/data_final/Audios/Tonsill/TDU/Mesa/1/Tonsill_ses1_mesa_0007.wav
resample 44100 to 16000 in /home/sepharfi/projects/def-zshakeri/sepharfi/CUCO/data_final/Audios/Tonsill/Vowels/A/1/Tonsill_ses1_a_0007.wav
resample 44100 to 16000 in /home/sepharfi/projects/def-zshakeri/sepharfi/CUCO/data_final/Audios/Tonsill/Vowels/E/1/Tonsill_ses1_e_0007.wav
resample 44100 to 16000 in /home/sepharfi/projects/def-zshakeri/sepharfi/CUCO/data_final/Audios/Tonsill/Vowels/I/1/Tonsill_ses1_i_0007.wav
resample 44100 to 16000 in /home/sepharfi/projects/def-zshakeri/sepharfi/CUCO/data_final/Audios/Tonsill/Vowels/O/1/Tonsill_ses1_o_0007.wav
resample 44100 to 16000 in /home/sepharfi/projects/def-zshakeri/sepharfi/CUCO/data_final/Audios/Tonsill/Vowels/U/1/Tonsill_ses1_u_0007.wav
resample 44100 to 16000 in /home/sepharfi/projects/def-zshakeri/sepharfi/CUCO/data_final/Audios/Tonsill/Sustained vowels/A1/1/Tonsill_ses1_a1_0007.wav
resample 44100 to 16000 in /home/sepharfi/projects/def-zshakeri/sepharfi/CUCO/data_final/Audios/Tonsill/Sustained vowels/A2/1/Tonsill_ses1_a2_0007.wav
resample 44100 to 16000 in /home/sepharfi/projects/def-zshakeri/sepharfi/CUCO/data_final/Audios/Tonsill/Sustained vowels/A3/1/Tonsill_ses1_a3_0007.wav
resample 44100 to 16000 in /home/sepharfi/projects/def-zshakeri/sepharfi/CUCO/data_final/Audios/Tonsill/Speech/1/Tonsill_ses1_speech_0011.wav
resample 44100 to 16000 in /home/sepharfi/projects/def-zshakeri/sepharfi/CUCO/data_final/Audios/Tonsill/TDU/Agua/1/Tonsill_ses1_agua_0011.wav
resample 44100 to 16000 in /home/sepharfi/projects/def-zshakeri/sepharfi/CUCO/data_final/Audios/Tonsill/TDU/Brasero/1/Tonsill_ses1_brasero_0011.wav
resample 44100 to 16000 in /home/sepharfi/projects/def-zshakeri/sepharfi/CUCO/data_final/Audios/Tonsill/TDU/Dia/1/Tonsill_ses1_dia_0011.wav
resample 44100 to 16000 in /home/sepharfi/projects/def-zshakeri/sepharfi/CUCO/data_final/Audios/Tonsill/TDU/Mesa/1/Tonsill_ses1_mesa_0011.wav
resample 44100 to 16000 in /home/sepharfi/projects/def-zshakeri/sepharfi/CUCO/data_final/Audios/Tonsill/Vowels/A/1/Tonsill_ses1_a_0011.wav
resample 44100 to 16000 in /home/sepharfi/projects/def-zshakeri/sepharfi/CUCO/data_final/Audios/Tonsill/Vowels/E/1/Tonsill_ses1_e_0011.wav
resample 44100 to 16000 in /home/sepharfi/projects/def-zshakeri/sepharfi/CUCO/data_final/Audios/Tonsill/Vowels/I/1/Tonsill_ses1_i_0011.wav
resample 44100 to 16000 in /home/sepharfi/projects/def-zshakeri/sepharfi/CUCO/data_final/Audios/Tonsill/Vowels/O/1/Tonsill_ses1_o_0011.wav
resample 44100 to 16000 in /home/sepharfi/projects/def-zshakeri/sepharfi/CUCO/data_final/Audios/Tonsill/Vowels/U/1/Tonsill_ses1_u_0011.wav
resample 44100 to 16000 in /home/sepharfi/projects/def-zshakeri/sepharfi/CUCO/data_final/Audios/Tonsill/Sustained vowels/A1/1/Tonsill_ses1_a1_0011.wav
resample 44100 to 16000 in /home/sepharfi/projects/def-zshakeri/sepharfi/CUCO/data_final/Audios/Tonsill/Sustained vowels/A2/1/Tonsill_ses1_a2_0011.wav
resample 44100 to 16000 in /home/sepharfi/projects/def-zshakeri/sepharfi/CUCO/data_final/Audios/Tonsill/Sustained vowels/A3/1/Tonsill_ses1_a3_0011.wav
resample 44100 to 16000 in /home/sepharfi/projects/def-zshakeri/sepharfi/CUCO/data_final/Audios/Tonsill/Speech/1/Tonsill_ses1_speech_0026.wav
resample 44100 to 16000 in /home/sepharfi/projects/def-zshakeri/sepharfi/CUCO/data_final/Audios/Tonsill/TDU/Agua/1/Tonsill_ses1_agua_0026.wav
resample 44100 to 16000 in /home/sepharfi/projects/def-zshakeri/sepharfi/CUCO/data_final/Audios/Tonsill/TDU/Brasero/1/Tonsill_ses1_brasero_0026.wav
resample 44100 to 16000 in /home/sepharfi/projects/def-zshakeri/sepharfi/CUCO/data_final/Audios/Tonsill/TDU/Dia/1/Tonsill_ses1_dia_0026.wav
resample 44100 to 16000 in /home/sepharfi/projects/def-zshakeri/sepharfi/CUCO/data_final/Audios/Tonsill/TDU/Mesa/1/Tonsill_ses1_mesa_0026.wav
resample 44100 to 16000 in /home/sepharfi/projects/def-zshakeri/sepharfi/CUCO/data_final/Audios/Tonsill/Vowels/A/1/Tonsill_ses1_a_0026.wav
resample 44100 to 16000 in /home/sepharfi/projects/def-zshakeri/sepharfi/CUCO/data_final/Audios/Tonsill/Vowels/E/1/Tonsill_ses1_e_0026.wav
resample 44100 to 16000 in /home/sepharfi/projects/def-zshakeri/sepharfi/CUCO/data_final/Audios/Tonsill/Vowels/I/1/Tonsill_ses1_i_0026.wav
resample 44100 to 16000 in /home/sepharfi/projects/def-zshakeri/sepharfi/CUCO/data_final/Audios/Tonsill/Vowels/O/1/Tonsill_ses1_o_0026.wav
resample 44100 to 16000 in /home/sepharfi/projects/def-zshakeri/sepharfi/CUCO/data_final/Audios/Tonsill/Vowels/U/1/Tonsill_ses1_u_0026.wav
resample 44100 to 16000 in /home/sepharfi/projects/def-zshakeri/sepharfi/CUCO/data_final/Audios/Tonsill/Sustained vowels/A1/1/Tonsill_ses1_a1_0026.wav
resample 44100 to 16000 in /home/sepharfi/projects/def-zshakeri/sepharfi/CUCO/data_final/Audios/Tonsill/Sustained vowels/A2/1/Tonsill_ses1_a2_0026.wav
resample 44100 to 16000 in /home/sepharfi/projects/def-zshakeri/sepharfi/CUCO/data_final/Audios/Tonsill/Sustained vowels/A3/1/Tonsill_ses1_a3_0026.wav
resample 44100 to 16000 in /home/sepharfi/projects/def-zshakeri/sepharfi/CUCO/data_final/Audios/Tonsill/Speech/1/Tonsill_ses1_speech_0042.wav
resample 44100 to 16000 in /home/sepharfi/projects/def-zshakeri/sepharfi/CUCO/data_final/Audios/Tonsill/TDU/Agua/1/Tonsill_ses1_agua_0042.wav
resample 44100 to 16000 in /home/sepharfi/projects/def-zshakeri/sepharfi/CUCO/data_final/Audios/Tonsill/TDU/Brasero/1/Tonsill_ses1_brasero_0042.wav
resample 44100 to 16000 in /home/sepharfi/projects/def-zshakeri/sepharfi/CUCO/data_final/Audios/Tonsill/TDU/Dia/1/Tonsill_ses1_dia_0042.wav
resample 44100 to 16000 in /home/sepharfi/projects/def-zshakeri/sepharfi/CUCO/data_final/Audios/Tonsill/TDU/Mesa/1/Tonsill_ses1_mesa_0042.wav
resample 44100 to 16000 in /home/sepharfi/projects/def-zshakeri/sepharfi/CUCO/data_final/Audios/Tonsill/Vowels/A/1/Tonsill_ses1_a_0042.wav
resample 44100 to 16000 in /home/sepharfi/projects/def-zshakeri/sepharfi/CUCO/data_final/Audios/Tonsill/Vowels/E/1/Tonsill_ses1_e_0042.wav
resample 44100 to 16000 in /home/sepharfi/projects/def-zshakeri/sepharfi/CUCO/data_final/Audios/Tonsill/Vowels/I/1/Tonsill_ses1_i_0042.wav
resample 44100 to 16000 in /home/sepharfi/projects/def-zshakeri/sepharfi/CUCO/data_final/Audios/Tonsill/Vowels/O/1/Tonsill_ses1_o_0042.wav
resample 44100 to 16000 in /home/sepharfi/projects/def-zshakeri/sepharfi/CUCO/data_final/Audios/Tonsill/Vowels/U/1/Tonsill_ses1_u_0042.wav
resample 44100 to 16000 in /home/sepharfi/projects/def-zshakeri/sepharfi/CUCO/data_final/Audios/Tonsill/Sustained vowels/A1/1/Tonsill_ses1_a1_0042.wav
resample 44100 to 16000 in /home/sepharfi/projects/def-zshakeri/sepharfi/CUCO/data_final/Audios/Tonsill/Sustained vowels/A2/1/Tonsill_ses1_a2_0042.wav
resample 44100 to 16000 in /home/sepharfi/projects/def-zshakeri/sepharfi/CUCO/data_final/Audios/Tonsill/Sustained vowels/A3/1/Tonsill_ses1_a3_0042.wav
resample 44100 to 16000 in /home/sepharfi/projects/def-zshakeri/sepharfi/CUCO/data_final/Audios/Tonsill/Speech/1/Tonsill_ses1_speech_0062.wav
resample 44100 to 16000 in /home/sepharfi/projects/def-zshakeri/sepharfi/CUCO/data_final/Audios/Tonsill/TDU/Agua/1/Tonsill_ses1_agua_0062.wav
resample 44100 to 16000 in /home/sepharfi/projects/def-zshakeri/sepharfi/CUCO/data_final/Audios/Tonsill/TDU/Brasero/1/Tonsill_ses1_brasero_0062.wav
resample 44100 to 16000 in /home/sepharfi/projects/def-zshakeri/sepharfi/CUCO/data_final/Audios/Tonsill/TDU/Dia/1/Tonsill_ses1_dia_0062.wav
resample 44100 to 16000 in /home/sepharfi/projects/def-zshakeri/sepharfi/CUCO/data_final/Audios/Tonsill/TDU/Mesa/1/Tonsill_ses1_mesa_0062.wav
resample 44100 to 16000 in /home/sepharfi/projects/def-zshakeri/sepharfi/CUCO/data_final/Audios/Tonsill/Vowels/A/1/Tonsill_ses1_a_0062.wav
resample 44100 to 16000 in /home/sepharfi/projects/def-zshakeri/sepharfi/CUCO/data_final/Audios/Tonsill/Vowels/E/1/Tonsill_ses1_e_0062.wav
resample 44100 to 16000 in /home/sepharfi/projects/def-zshakeri/sepharfi/CUCO/data_final/Audios/Tonsill/Vowels/I/1/Tonsill_ses1_i_0062.wav
resample 44100 to 16000 in /home/sepharfi/projects/def-zshakeri/sepharfi/CUCO/data_final/Audios/Tonsill/Vowels/O/1/Tonsill_ses1_o_0062.wav
resample 44100 to 16000 in /home/sepharfi/projects/def-zshakeri/sepharfi/CUCO/data_final/Audios/Tonsill/Vowels/U/1/Tonsill_ses1_u_0062.wav
resample 44100 to 16000 in /home/sepharfi/projects/def-zshakeri/sepharfi/CUCO/data_final/Audios/Tonsill/Sustained vowels/A1/1/Tonsill_ses1_a1_0062.wav
resample 44100 to 16000 in /home/sepharfi/projects/def-zshakeri/sepharfi/CUCO/data_final/Audios/Tonsill/Sustained vowels/A2/1/Tonsill_ses1_a2_0062.wav
resample 44100 to 16000 in /home/sepharfi/projects/def-zshakeri/sepharfi/CUCO/data_final/Audios/Tonsill/Sustained vowels/A3/1/Tonsill_ses1_a3_0062.wav
resample 44100 to 16000 in /home/sepharfi/projects/def-zshakeri/sepharfi/CUCO/data_final/Audios/Tonsill/Speech/1/Tonsill_ses1_speech_0063.wav
resample 44100 to 16000 in /home/sepharfi/projects/def-zshakeri/sepharfi/CUCO/data_final/Audios/Tonsill/TDU/Agua/1/Tonsill_ses1_agua_0063.wav
resample 44100 to 16000 in /home/sepharfi/projects/def-zshakeri/sepharfi/CUCO/data_final/Audios/Tonsill/TDU/Brasero/1/Tonsill_ses1_brasero_0063.wav
resample 44100 to 16000 in /home/sepharfi/projects/def-zshakeri/sepharfi/CUCO/data_final/Audios/Tonsill/TDU/Dia/1/Tonsill_ses1_dia_0063.wav
resample 44100 to 16000 in /home/sepharfi/projects/def-zshakeri/sepharfi/CUCO/data_final/Audios/Tonsill/TDU/Mesa/1/Tonsill_ses1_mesa_0063.wav
resample 44100 to 16000 in /home/sepharfi/projects/def-zshakeri/sepharfi/CUCO/data_final/Audios/Tonsill/Vowels/A/1/Tonsill_ses1_a_0063.wav
resample 44100 to 16000 in /home/sepharfi/projects/def-zshakeri/sepharfi/CUCO/data_final/Audios/Tonsill/Vowels/E/1/Tonsill_ses1_e_0063.wav
resample 44100 to 16000 in /home/sepharfi/projects/def-zshakeri/sepharfi/CUCO/data_final/Audios/Tonsill/Vowels/I/1/Tonsill_ses1_i_0063.wav
resample 44100 to 16000 in /home/sepharfi/projects/def-zshakeri/sepharfi/CUCO/data_final/Audios/Tonsill/Vowels/O/1/Tonsill_ses1_o_0063.wav
resample 44100 to 16000 in /home/sepharfi/projects/def-zshakeri/sepharfi/CUCO/data_final/Audios/Tonsill/Vowels/U/1/Tonsill_ses1_u_0063.wav
resample 44100 to 16000 in /home/sepharfi/projects/def-zshakeri/sepharfi/CUCO/data_final/Audios/Tonsill/Sustained vowels/A1/1/Tonsill_ses1_a1_0063.wav
resample 44100 to 16000 in /home/sepharfi/projects/def-zshakeri/sepharfi/CUCO/data_final/Audios/Tonsill/Sustained vowels/A2/1/Tonsill_ses1_a2_0063.wav
resample 44100 to 16000 in /home/sepharfi/projects/def-zshakeri/sepharfi/CUCO/data_final/Audios/Tonsill/Sustained vowels/A3/1/Tonsill_ses1_a3_0063.wav
resample 44100 to 16000 in /home/sepharfi/projects/def-zshakeri/sepharfi/CUCO/data_final/Audios/Tonsill/Speech/1/Tonsill_ses1_speech_0078.wav
resample 44100 to 16000 in /home/sepharfi/projects/def-zshakeri/sepharfi/CUCO/data_final/Audios/Tonsill/TDU/Agua/1/Tonsill_ses1_agua_0078.wav
resample 44100 to 16000 in /home/sepharfi/projects/def-zshakeri/sepharfi/CUCO/data_final/Audios/Tonsill/TDU/Brasero/1/Tonsill_ses1_brasero_0078.wav
resample 44100 to 16000 in /home/sepharfi/projects/def-zshakeri/sepharfi/CUCO/data_final/Audios/Tonsill/TDU/Dia/1/Tonsill_ses1_dia_0078.wav
resample 44100 to 16000 in /home/sepharfi/projects/def-zshakeri/sepharfi/CUCO/data_final/Audios/Tonsill/Vowels/A/1/Tonsill_ses1_a_0078.wav
resample 44100 to 16000 in /home/sepharfi/projects/def-zshakeri/sepharfi/CUCO/data_final/Audios/Tonsill/Vowels/E/1/Tonsill_ses1_e_0078.wav
resample 44100 to 16000 in /home/sepharfi/projects/def-zshakeri/sepharfi/CUCO/data_final/Audios/Tonsill/Vowels/I/1/Tonsill_ses1_i_0078.wav
resample 44100 to 16000 in /home/sepharfi/projects/def-zshakeri/sepharfi/CUCO/data_final/Audios/Tonsill/Vowels/O/1/Tonsill_ses1_o_0078.wav
resample 44100 to 16000 in /home/sepharfi/projects/def-zshakeri/sepharfi/CUCO/data_final/Audios/Tonsill/Vowels/U/1/Tonsill_ses1_u_0078.wav
resample 44100 to 16000 in /home/sepharfi/projects/def-zshakeri/sepharfi/CUCO/data_final/Audios/Tonsill/Sustained vowels/A1/1/Tonsill_ses1_a1_0078.wav
resample 44100 to 16000 in /home/sepharfi/projects/def-zshakeri/sepharfi/CUCO/data_final/Audios/Tonsill/Sustained vowels/A2/1/Tonsill_ses1_a2_0078.wav
resample 44100 to 16000 in /home/sepharfi/projects/def-zshakeri/sepharfi/CUCO/data_final/Audios/Tonsill/Sustained vowels/A3/1/Tonsill_ses1_a3_0078.wav
resample 44100 to 16000 in /home/sepharfi/projects/def-zshakeri/sepharfi/CUCO/data_final/Audios/Tonsill/Speech/1/Tonsill_ses1_speech_0080.wav
resample 44100 to 16000 in /home/sepharfi/projects/def-zshakeri/sepharfi/CUCO/data_final/Audios/Tonsill/TDU/Agua/1/Tonsill_ses1_agua_0080.wav
resample 44100 to 16000 in /home/sepharfi/projects/def-zshakeri/sepharfi/CUCO/data_final/Audios/Tonsill/TDU/Brasero/1/Tonsill_ses1_brasero_0080.wav
resample 44100 to 16000 in /home/sepharfi/projects/def-zshakeri/sepharfi/CUCO/data_final/Audios/Tonsill/TDU/Dia/1/Tonsill_ses1_dia_0080.wav
resample 44100 to 16000 in /home/sepharfi/projects/def-zshakeri/sepharfi/CUCO/data_final/Audios/Tonsill/TDU/Mesa/1/Tonsill_ses1_mesa_0080.wav
resample 44100 to 16000 in /home/sepharfi/projects/def-zshakeri/sepharfi/CUCO/data_final/Audios/Tonsill/Sustained vowels/A1/1/Tonsill_ses1_a1_0080.wav
resample 44100 to 16000 in /home/sepharfi/projects/def-zshakeri/sepharfi/CUCO/data_final/Audios/Tonsill/Sustained vowels/A2/1/Tonsill_ses1_a2_0080.wav
resample 44100 to 16000 in /home/sepharfi/projects/def-zshakeri/sepharfi/CUCO/data_final/Audios/Tonsill/Sustained vowels/A3/1/Tonsill_ses1_a3_0080.wav
resample 44100 to 16000 in /home/sepharfi/projects/def-zshakeri/sepharfi/CUCO/data_final/Audios/Tonsill/Speech/1/Tonsill_ses1_speech_0081.wav
resample 44100 to 16000 in /home/sepharfi/projects/def-zshakeri/sepharfi/CUCO/data_final/Audios/Tonsill/TDU/Agua/1/Tonsill_ses1_agua_0081.wav
resample 44100 to 16000 in /home/sepharfi/projects/def-zshakeri/sepharfi/CUCO/data_final/Audios/Tonsill/TDU/Brasero/1/Tonsill_ses1_brasero_0081.wav
resample 44100 to 16000 in /home/sepharfi/projects/def-zshakeri/sepharfi/CUCO/data_final/Audios/Tonsill/TDU/Dia/1/Tonsill_ses1_dia_0081.wav
resample 44100 to 16000 in /home/sepharfi/projects/def-zshakeri/sepharfi/CUCO/data_final/Audios/Tonsill/TDU/Mesa/1/Tonsill_ses1_mesa_0081.wav
resample 44100 to 16000 in /home/sepharfi/projects/def-zshakeri/sepharfi/CUCO/data_final/Audios/Tonsill/Vowels/A/1/Tonsill_ses1_a_0081.wav
resample 44100 to 16000 in /home/sepharfi/projects/def-zshakeri/sepharfi/CUCO/data_final/Audios/Tonsill/Vowels/E/1/Tonsill_ses1_e_0081.wav
resample 44100 to 16000 in /home/sepharfi/projects/def-zshakeri/sepharfi/CUCO/data_final/Audios/Tonsill/Vowels/I/1/Tonsill_ses1_i_0081.wav
resample 44100 to 16000 in /home/sepharfi/projects/def-zshakeri/sepharfi/CUCO/data_final/Audios/Tonsill/Vowels/O/1/Tonsill_ses1_o_0081.wav
resample 44100 to 16000 in /home/sepharfi/projects/def-zshakeri/sepharfi/CUCO/data_final/Audios/Tonsill/Vowels/U/1/Tonsill_ses1_u_0081.wav
resample 44100 to 16000 in /home/sepharfi/projects/def-zshakeri/sepharfi/CUCO/data_final/Audios/Tonsill/Sustained vowels/A1/1/Tonsill_ses1_a1_0081.wav
resample 44100 to 16000 in /home/sepharfi/projects/def-zshakeri/sepharfi/CUCO/data_final/Audios/Tonsill/Sustained vowels/A2/1/Tonsill_ses1_a2_0081.wav
resample 44100 to 16000 in /home/sepharfi/projects/def-zshakeri/sepharfi/CUCO/data_final/Audios/Tonsill/Sustained vowels/A3/1/Tonsill_ses1_a3_0081.wav
resample 44100 to 16000 in /home/sepharfi/projects/def-zshakeri/sepharfi/CUCO/data_final/Audios/Tonsill/Speech/1/Tonsill_ses1_speech_0087.wav
resample 44100 to 16000 in /home/sepharfi/projects/def-zshakeri/sepharfi/CUCO/data_final/Audios/Tonsill/TDU/Agua/1/Tonsill_ses1_agua_0087.wav
resample 44100 to 16000 in /home/sepharfi/projects/def-zshakeri/sepharfi/CUCO/data_final/Audios/Tonsill/TDU/Brasero/1/Tonsill_ses1_brasero_0087.wav
resample 44100 to 16000 in /home/sepharfi/projects/def-zshakeri/sepharfi/CUCO/data_final/Audios/Tonsill/TDU/Dia/1/Tonsill_ses1_dia_0087.wav
resample 44100 to 16000 in /home/sepharfi/projects/def-zshakeri/sepharfi/CUCO/data_final/Audios/Tonsill/TDU/Mesa/1/Tonsill_ses1_mesa_0087.wav
resample 44100 to 16000 in /home/sepharfi/projects/def-zshakeri/sepharfi/CUCO/data_final/Audios/Tonsill/Vowels/A/1/Tonsill_ses1_a_0087.wav
resample 44100 to 16000 in /home/sepharfi/projects/def-zshakeri/sepharfi/CUCO/data_final/Audios/Tonsill/Vowels/E/1/Tonsill_ses1_e_0087.wav
resample 44100 to 16000 in /home/sepharfi/projects/def-zshakeri/sepharfi/CUCO/data_final/Audios/Tonsill/Vowels/I/1/Tonsill_ses1_i_0087.wav
resample 44100 to 16000 in /home/sepharfi/projects/def-zshakeri/sepharfi/CUCO/data_final/Audios/Tonsill/Vowels/O/1/Tonsill_ses1_o_0087.wav
resample 44100 to 16000 in /home/sepharfi/projects/def-zshakeri/sepharfi/CUCO/data_final/Audios/Tonsill/Vowels/U/1/Tonsill_ses1_u_0087.wav
resample 44100 to 16000 in /home/sepharfi/projects/def-zshakeri/sepharfi/CUCO/data_final/Audios/Tonsill/Sustained vowels/A1/1/Tonsill_ses1_a1_0087.wav
resample 44100 to 16000 in /home/sepharfi/projects/def-zshakeri/sepharfi/CUCO/data_final/Audios/Tonsill/Sustained vowels/A2/1/Tonsill_ses1_a2_0087.wav
resample 44100 to 16000 in /home/sepharfi/projects/def-zshakeri/sepharfi/CUCO/data_final/Audios/Tonsill/Sustained vowels/A3/1/Tonsill_ses1_a3_0087.wav
resample 44100 to 16000 in /home/sepharfi/projects/def-zshakeri/sepharfi/CUCO/data_final/Audios/Tonsill/Speech/1/Tonsill_ses1_speech_0089.wav
resample 44100 to 16000 in /home/sepharfi/projects/def-zshakeri/sepharfi/CUCO/data_final/Audios/Tonsill/TDU/Agua/1/Tonsill_ses1_agua_0089.wav
resample 44100 to 16000 in /home/sepharfi/projects/def-zshakeri/sepharfi/CUCO/data_final/Audios/Tonsill/TDU/Brasero/1/Tonsill_ses1_brasero_0089.wav
resample 44100 to 16000 in /home/sepharfi/projects/def-zshakeri/sepharfi/CUCO/data_final/Audios/Tonsill/TDU/Dia/1/Tonsill_ses1_dia_0089.wav
resample 44100 to 16000 in /home/sepharfi/projects/def-zshakeri/sepharfi/CUCO/data_final/Audios/Tonsill/TDU/Mesa/1/Tonsill_ses1_mesa_0089.wav
resample 44100 to 16000 in /home/sepharfi/projects/def-zshakeri/sepharfi/CUCO/data_final/Audios/Tonsill/Vowels/A/1/Tonsill_ses1_a_0089.wav
resample 44100 to 16000 in /home/sepharfi/projects/def-zshakeri/sepharfi/CUCO/data_final/Audios/Tonsill/Vowels/E/1/Tonsill_ses1_e_0089.wav
resample 44100 to 16000 in /home/sepharfi/projects/def-zshakeri/sepharfi/CUCO/data_final/Audios/Tonsill/Vowels/I/1/Tonsill_ses1_i_0089.wav
resample 44100 to 16000 in /home/sepharfi/projects/def-zshakeri/sepharfi/CUCO/data_final/Audios/Tonsill/Vowels/O/1/Tonsill_ses1_o_0089.wav
resample 44100 to 16000 in /home/sepharfi/projects/def-zshakeri/sepharfi/CUCO/data_final/Audios/Tonsill/Vowels/U/1/Tonsill_ses1_u_0089.wav
resample 44100 to 16000 in /home/sepharfi/projects/def-zshakeri/sepharfi/CUCO/data_final/Audios/Tonsill/Sustained vowels/A1/1/Tonsill_ses1_a1_0089.wav
resample 44100 to 16000 in /home/sepharfi/projects/def-zshakeri/sepharfi/CUCO/data_final/Audios/Tonsill/Sustained vowels/A2/1/Tonsill_ses1_a2_0089.wav
resample 44100 to 16000 in /home/sepharfi/projects/def-zshakeri/sepharfi/CUCO/data_final/Audios/Tonsill/Sustained vowels/A3/1/Tonsill_ses1_a3_0089.wav
resample 44100 to 16000 in /home/sepharfi/projects/def-zshakeri/sepharfi/CUCO/data_final/Audios/Tonsill/Speech/1/Tonsill_ses1_speech_0092.wav
resample 44100 to 16000 in /home/sepharfi/projects/def-zshakeri/sepharfi/CUCO/data_final/Audios/Tonsill/TDU/Agua/1/Tonsill_ses1_agua_0092.wav
resample 44100 to 16000 in /home/sepharfi/projects/def-zshakeri/sepharfi/CUCO/data_final/Audios/Tonsill/TDU/Brasero/1/Tonsill_ses1_brasero_0092.wav
resample 44100 to 16000 in /home/sepharfi/projects/def-zshakeri/sepharfi/CUCO/data_final/Audios/Tonsill/TDU/Dia/1/Tonsill_ses1_dia_0092.wav
resample 44100 to 16000 in /home/sepharfi/projects/def-zshakeri/sepharfi/CUCO/data_final/Audios/Tonsill/TDU/Mesa/1/Tonsill_ses1_mesa_0092.wav
resample 44100 to 16000 in /home/sepharfi/projects/def-zshakeri/sepharfi/CUCO/data_final/Audios/Tonsill/Vowels/A/1/Tonsill_ses1_a_0092.wav
resample 44100 to 16000 in /home/sepharfi/projects/def-zshakeri/sepharfi/CUCO/data_final/Audios/Tonsill/Vowels/E/1/Tonsill_ses1_e_0092.wav
resample 44100 to 16000 in /home/sepharfi/projects/def-zshakeri/sepharfi/CUCO/data_final/Audios/Tonsill/Vowels/I/1/Tonsill_ses1_i_0092.wav
resample 44100 to 16000 in /home/sepharfi/projects/def-zshakeri/sepharfi/CUCO/data_final/Audios/Tonsill/Vowels/O/1/Tonsill_ses1_o_0092.wav
resample 44100 to 16000 in /home/sepharfi/projects/def-zshakeri/sepharfi/CUCO/data_final/Audios/Tonsill/Vowels/U/1/Tonsill_ses1_u_0092.wav
resample 44100 to 16000 in /home/sepharfi/projects/def-zshakeri/sepharfi/CUCO/data_final/Audios/Tonsill/Sustained vowels/A1/1/Tonsill_ses1_a1_0092.wav
resample 44100 to 16000 in /home/sepharfi/projects/def-zshakeri/sepharfi/CUCO/data_final/Audios/Tonsill/Sustained vowels/A2/1/Tonsill_ses1_a2_0092.wav
resample 44100 to 16000 in /home/sepharfi/projects/def-zshakeri/sepharfi/CUCO/data_final/Audios/Tonsill/Sustained vowels/A3/1/Tonsill_ses1_a3_0092.wav
resample 44100 to 16000 in /home/sepharfi/projects/def-zshakeri/sepharfi/CUCO/data_final/Audios/Tonsill/Speech/1/Tonsill_ses1_speech_0099.wav
resample 44100 to 16000 in /home/sepharfi/projects/def-zshakeri/sepharfi/CUCO/data_final/Audios/Tonsill/TDU/Agua/1/Tonsill_ses1_agua_0099.wav
resample 44100 to 16000 in /home/sepharfi/projects/def-zshakeri/sepharfi/CUCO/data_final/Audios/Tonsill/TDU/Brasero/1/Tonsill_ses1_brasero_0099.wav
resample 44100 to 16000 in /home/sepharfi/projects/def-zshakeri/sepharfi/CUCO/data_final/Audios/Tonsill/TDU/Dia/1/Tonsill_ses1_dia_0099.wav
resample 44100 to 16000 in /home/sepharfi/projects/def-zshakeri/sepharfi/CUCO/data_final/Audios/Tonsill/TDU/Mesa/1/Tonsill_ses1_mesa_0099.wav
resample 44100 to 16000 in /home/sepharfi/projects/def-zshakeri/sepharfi/CUCO/data_final/Audios/Tonsill/Vowels/A/1/Tonsill_ses1_a_0099.wav
resample 44100 to 16000 in /home/sepharfi/projects/def-zshakeri/sepharfi/CUCO/data_final/Audios/Tonsill/Vowels/E/1/Tonsill_ses1_e_0099.wav
resample 44100 to 16000 in /home/sepharfi/projects/def-zshakeri/sepharfi/CUCO/data_final/Audios/Tonsill/Vowels/I/1/Tonsill_ses1_i_0099.wav
resample 44100 to 16000 in /home/sepharfi/projects/def-zshakeri/sepharfi/CUCO/data_final/Audios/Tonsill/Vowels/O/1/Tonsill_ses1_o_0099.wav
resample 44100 to 16000 in /home/sepharfi/projects/def-zshakeri/sepharfi/CUCO/data_final/Audios/Tonsill/Vowels/U/1/Tonsill_ses1_u_0099.wav
resample 44100 to 16000 in /home/sepharfi/projects/def-zshakeri/sepharfi/CUCO/data_final/Audios/Tonsill/Sustained vowels/A1/1/Tonsill_ses1_a1_0099.wav
resample 44100 to 16000 in /home/sepharfi/projects/def-zshakeri/sepharfi/CUCO/data_final/Audios/Tonsill/Sustained vowels/A2/1/Tonsill_ses1_a2_0099.wav
resample 44100 to 16000 in /home/sepharfi/projects/def-zshakeri/sepharfi/CUCO/data_final/Audios/Tonsill/Sustained vowels/A3/1/Tonsill_ses1_a3_0099.wav
resample 44100 to 16000 in /home/sepharfi/projects/def-zshakeri/sepharfi/CUCO/data_final/Audios/Tonsill/Speech/1/Tonsill_ses1_speech_0108.wav
resample 44100 to 16000 in /home/sepharfi/projects/def-zshakeri/sepharfi/CUCO/data_final/Audios/Tonsill/TDU/Agua/1/Tonsill_ses1_agua_0108.wav
resample 44100 to 16000 in /home/sepharfi/projects/def-zshakeri/sepharfi/CUCO/data_final/Audios/Tonsill/TDU/Brasero/1/Tonsill_ses1_brasero_0108.wav
resample 44100 to 16000 in /home/sepharfi/projects/def-zshakeri/sepharfi/CUCO/data_final/Audios/Tonsill/TDU/Dia/1/Tonsill_ses1_dia_0108.wav
resample 44100 to 16000 in /home/sepharfi/projects/def-zshakeri/sepharfi/CUCO/data_final/Audios/Tonsill/TDU/Mesa/1/Tonsill_ses1_mesa_0108.wav
resample 44100 to 16000 in /home/sepharfi/projects/def-zshakeri/sepharfi/CUCO/data_final/Audios/Tonsill/Vowels/A/1/Tonsill_ses1_a_0108.wav
resample 44100 to 16000 in /home/sepharfi/projects/def-zshakeri/sepharfi/CUCO/data_final/Audios/Tonsill/Vowels/E/1/Tonsill_ses1_e_0108.wav
resample 44100 to 16000 in /home/sepharfi/projects/def-zshakeri/sepharfi/CUCO/data_final/Audios/Tonsill/Vowels/I/1/Tonsill_ses1_i_0108.wav
resample 44100 to 16000 in /home/sepharfi/projects/def-zshakeri/sepharfi/CUCO/data_final/Audios/Tonsill/Vowels/O/1/Tonsill_ses1_o_0108.wav
resample 44100 to 16000 in /home/sepharfi/projects/def-zshakeri/sepharfi/CUCO/data_final/Audios/Tonsill/Vowels/U/1/Tonsill_ses1_u_0108.wav
resample 44100 to 16000 in /home/sepharfi/projects/def-zshakeri/sepharfi/CUCO/data_final/Audios/Tonsill/Sustained vowels/A1/1/Tonsill_ses1_a1_0108.wav
resample 44100 to 16000 in /home/sepharfi/projects/def-zshakeri/sepharfi/CUCO/data_final/Audios/Tonsill/Sustained vowels/A2/1/Tonsill_ses1_a2_0108.wav
resample 44100 to 16000 in /home/sepharfi/projects/def-zshakeri/sepharfi/CUCO/data_final/Audios/Tonsill/Sustained vowels/A3/1/Tonsill_ses1_a3_0108.wav
resample 44100 to 16000 in /home/sepharfi/projects/def-zshakeri/sepharfi/CUCO/data_final/Audios/Tonsill/Speech/1/Tonsill_ses1_speech_0109.wav
resample 44100 to 16000 in /home/sepharfi/projects/def-zshakeri/sepharfi/CUCO/data_final/Audios/Tonsill/TDU/Agua/1/Tonsill_ses1_agua_0109.wav
resample 44100 to 16000 in /home/sepharfi/projects/def-zshakeri/sepharfi/CUCO/data_final/Audios/Tonsill/TDU/Brasero/1/Tonsill_ses1_brasero_0109.wav
resample 44100 to 16000 in /home/sepharfi/projects/def-zshakeri/sepharfi/CUCO/data_final/Audios/Tonsill/TDU/Dia/1/Tonsill_ses1_dia_0109.wav
resample 44100 to 16000 in /home/sepharfi/projects/def-zshakeri/sepharfi/CUCO/data_final/Audios/Tonsill/TDU/Mesa/1/Tonsill_ses1_mesa_0109.wav
resample 44100 to 16000 in /home/sepharfi/projects/def-zshakeri/sepharfi/CUCO/data_final/Audios/Tonsill/Vowels/A/1/Tonsill_ses1_a_0109.wav
resample 44100 to 16000 in /home/sepharfi/projects/def-zshakeri/sepharfi/CUCO/data_final/Audios/Tonsill/Vowels/E/1/Tonsill_ses1_e_0109.wav
resample 44100 to 16000 in /home/sepharfi/projects/def-zshakeri/sepharfi/CUCO/data_final/Audios/Tonsill/Vowels/I/1/Tonsill_ses1_i_0109.wav
resample 44100 to 16000 in /home/sepharfi/projects/def-zshakeri/sepharfi/CUCO/data_final/Audios/Tonsill/Vowels/O/1/Tonsill_ses1_o_0109.wav
resample 44100 to 16000 in /home/sepharfi/projects/def-zshakeri/sepharfi/CUCO/data_final/Audios/Tonsill/Vowels/U/1/Tonsill_ses1_u_0109.wav
resample 44100 to 16000 in /home/sepharfi/projects/def-zshakeri/sepharfi/CUCO/data_final/Audios/Tonsill/Sustained vowels/A1/1/Tonsill_ses1_a1_0109.wav
resample 44100 to 16000 in /home/sepharfi/projects/def-zshakeri/sepharfi/CUCO/data_final/Audios/Tonsill/Sustained vowels/A2/1/Tonsill_ses1_a2_0109.wav
resample 44100 to 16000 in /home/sepharfi/projects/def-zshakeri/sepharfi/CUCO/data_final/Audios/Tonsill/Sustained vowels/A3/1/Tonsill_ses1_a3_0109.wav
resample 44100 to 16000 in /home/sepharfi/projects/def-zshakeri/sepharfi/CUCO/data_final/Audios/Tonsill/Speech/1/Tonsill_ses1_speech_0111.wav
resample 44100 to 16000 in /home/sepharfi/projects/def-zshakeri/sepharfi/CUCO/data_final/Audios/Tonsill/TDU/Agua/1/Tonsill_ses1_agua_0111.wav
resample 44100 to 16000 in /home/sepharfi/projects/def-zshakeri/sepharfi/CUCO/data_final/Audios/Tonsill/TDU/Brasero/1/Tonsill_ses1_brasero_0111.wav
resample 44100 to 16000 in /home/sepharfi/projects/def-zshakeri/sepharfi/CUCO/data_final/Audios/Tonsill/TDU/Dia/1/Tonsill_ses1_dia_0111.wav
resample 44100 to 16000 in /home/sepharfi/projects/def-zshakeri/sepharfi/CUCO/data_final/Audios/Tonsill/TDU/Mesa/1/Tonsill_ses1_mesa_0111.wav
resample 44100 to 16000 in /home/sepharfi/projects/def-zshakeri/sepharfi/CUCO/data_final/Audios/Tonsill/Vowels/A/1/Tonsill_ses1_a_0111.wav
resample 44100 to 16000 in /home/sepharfi/projects/def-zshakeri/sepharfi/CUCO/data_final/Audios/Tonsill/Vowels/E/1/Tonsill_ses1_e_0111.wav
resample 44100 to 16000 in /home/sepharfi/projects/def-zshakeri/sepharfi/CUCO/data_final/Audios/Tonsill/Vowels/I/1/Tonsill_ses1_i_0111.wav
resample 44100 to 16000 in /home/sepharfi/projects/def-zshakeri/sepharfi/CUCO/data_final/Audios/Tonsill/Vowels/O/1/Tonsill_ses1_o_0111.wav
resample 44100 to 16000 in /home/sepharfi/projects/def-zshakeri/sepharfi/CUCO/data_final/Audios/Tonsill/Vowels/U/1/Tonsill_ses1_u_0111.wav
resample 44100 to 16000 in /home/sepharfi/projects/def-zshakeri/sepharfi/CUCO/data_final/Audios/Tonsill/Sustained vowels/A1/1/Tonsill_ses1_a1_0111.wav
resample 44100 to 16000 in /home/sepharfi/projects/def-zshakeri/sepharfi/CUCO/data_final/Audios/Tonsill/Sustained vowels/A2/1/Tonsill_ses1_a2_0111.wav
resample 44100 to 16000 in /home/sepharfi/projects/def-zshakeri/sepharfi/CUCO/data_final/Audios/Tonsill/Sustained vowels/A3/1/Tonsill_ses1_a3_0111.wav
resample 44100 to 16000 in /home/sepharfi/projects/def-zshakeri/sepharfi/CUCO/data_final/Audios/Tonsill/Speech/1/Tonsill_ses1_speech_0112.wav
resample 44100 to 16000 in /home/sepharfi/projects/def-zshakeri/sepharfi/CUCO/data_final/Audios/Tonsill/TDU/Agua/1/Tonsill_ses1_agua_0112.wav
resample 44100 to 16000 in /home/sepharfi/projects/def-zshakeri/sepharfi/CUCO/data_final/Audios/Tonsill/TDU/Brasero/1/Tonsill_ses1_brasero_0112.wav
resample 44100 to 16000 in /home/sepharfi/projects/def-zshakeri/sepharfi/CUCO/data_final/Audios/Tonsill/TDU/Dia/1/Tonsill_ses1_dia_0112.wav
resample 44100 to 16000 in /home/sepharfi/projects/def-zshakeri/sepharfi/CUCO/data_final/Audios/Tonsill/TDU/Mesa/1/Tonsill_ses1_mesa_0112.wav
resample 44100 to 16000 in /home/sepharfi/projects/def-zshakeri/sepharfi/CUCO/data_final/Audios/Tonsill/Vowels/A/1/Tonsill_ses1_a_0112.wav
resample 44100 to 16000 in /home/sepharfi/projects/def-zshakeri/sepharfi/CUCO/data_final/Audios/Tonsill/Vowels/E/1/Tonsill_ses1_e_0112.wav
resample 44100 to 16000 in /home/sepharfi/projects/def-zshakeri/sepharfi/CUCO/data_final/Audios/Tonsill/Vowels/I/1/Tonsill_ses1_i_0112.wav
resample 44100 to 16000 in /home/sepharfi/projects/def-zshakeri/sepharfi/CUCO/data_final/Audios/Tonsill/Vowels/O/1/Tonsill_ses1_o_0112.wav
resample 44100 to 16000 in /home/sepharfi/projects/def-zshakeri/sepharfi/CUCO/data_final/Audios/Tonsill/Vowels/U/1/Tonsill_ses1_u_0112.wav
resample 44100 to 16000 in /home/sepharfi/projects/def-zshakeri/sepharfi/CUCO/data_final/Audios/Tonsill/Sustained vowels/A1/1/Tonsill_ses1_a1_0112.wav
resample 44100 to 16000 in /home/sepharfi/projects/def-zshakeri/sepharfi/CUCO/data_final/Audios/Tonsill/Sustained vowels/A2/1/Tonsill_ses1_a2_0112.wav
resample 44100 to 16000 in /home/sepharfi/projects/def-zshakeri/sepharfi/CUCO/data_final/Audios/Tonsill/Sustained vowels/A3/1/Tonsill_ses1_a3_0112.wav
resample 44100 to 16000 in /home/sepharfi/projects/def-zshakeri/sepharfi/CUCO/data_final/Audios/Tonsill/Speech/1/Tonsill_ses1_speech_0125.wav
resample 44100 to 16000 in /home/sepharfi/projects/def-zshakeri/sepharfi/CUCO/data_final/Audios/Tonsill/TDU/Agua/1/Tonsill_ses1_agua_0125.wav
resample 44100 to 16000 in /home/sepharfi/projects/def-zshakeri/sepharfi/CUCO/data_final/Audios/Tonsill/TDU/Brasero/1/Tonsill_ses1_brasero_0125.wav
resample 44100 to 16000 in /home/sepharfi/projects/def-zshakeri/sepharfi/CUCO/data_final/Audios/Tonsill/TDU/Dia/1/Tonsill_ses1_dia_0125.wav
resample 44100 to 16000 in /home/sepharfi/projects/def-zshakeri/sepharfi/CUCO/data_final/Audios/Tonsill/TDU/Mesa/1/Tonsill_ses1_mesa_0125.wav
resample 44100 to 16000 in /home/sepharfi/projects/def-zshakeri/sepharfi/CUCO/data_final/Audios/Tonsill/Vowels/A/1/Tonsill_ses1_a_0125.wav
resample 44100 to 16000 in /home/sepharfi/projects/def-zshakeri/sepharfi/CUCO/data_final/Audios/Tonsill/Vowels/E/1/Tonsill_ses1_e_0125.wav
resample 44100 to 16000 in /home/sepharfi/projects/def-zshakeri/sepharfi/CUCO/data_final/Audios/Tonsill/Vowels/I/1/Tonsill_ses1_i_0125.wav
resample 44100 to 16000 in /home/sepharfi/projects/def-zshakeri/sepharfi/CUCO/data_final/Audios/Tonsill/Vowels/O/1/Tonsill_ses1_o_0125.wav
resample 44100 to 16000 in /home/sepharfi/projects/def-zshakeri/sepharfi/CUCO/data_final/Audios/Tonsill/Vowels/U/1/Tonsill_ses1_u_0125.wav
resample 44100 to 16000 in /home/sepharfi/projects/def-zshakeri/sepharfi/CUCO/data_final/Audios/Tonsill/Sustained vowels/A1/1/Tonsill_ses1_a1_0125.wav
resample 44100 to 16000 in /home/sepharfi/projects/def-zshakeri/sepharfi/CUCO/data_final/Audios/Tonsill/Sustained vowels/A2/1/Tonsill_ses1_a2_0125.wav
resample 44100 to 16000 in /home/sepharfi/projects/def-zshakeri/sepharfi/CUCO/data_final/Audios/Tonsill/Sustained vowels/A3/1/Tonsill_ses1_a3_0125.wav
resample 44100 to 16000 in /home/sepharfi/projects/def-zshakeri/sepharfi/CUCO/data_final/Audios/Tonsill/Speech/1/Tonsill_ses1_speech_0129.wav
resample 44100 to 16000 in /home/sepharfi/projects/def-zshakeri/sepharfi/CUCO/data_final/Audios/Tonsill/TDU/Agua/1/Tonsill_ses1_agua_0129.wav
resample 44100 to 16000 in /home/sepharfi/projects/def-zshakeri/sepharfi/CUCO/data_final/Audios/Tonsill/TDU/Brasero/1/Tonsill_ses1_brasero_0129.wav
resample 44100 to 16000 in /home/sepharfi/projects/def-zshakeri/sepharfi/CUCO/data_final/Audios/Tonsill/TDU/Dia/1/Tonsill_ses1_dia_0129.wav
resample 44100 to 16000 in /home/sepharfi/projects/def-zshakeri/sepharfi/CUCO/data_final/Audios/Tonsill/TDU/Mesa/1/Tonsill_ses1_mesa_0129.wav
resample 44100 to 16000 in /home/sepharfi/projects/def-zshakeri/sepharfi/CUCO/data_final/Audios/Tonsill/Vowels/A/1/Tonsill_ses1_a_0129.wav
resample 44100 to 16000 in /home/sepharfi/projects/def-zshakeri/sepharfi/CUCO/data_final/Audios/Tonsill/Vowels/E/1/Tonsill_ses1_e_0129.wav
resample 44100 to 16000 in /home/sepharfi/projects/def-zshakeri/sepharfi/CUCO/data_final/Audios/Tonsill/Vowels/I/1/Tonsill_ses1_i_0129.wav
resample 44100 to 16000 in /home/sepharfi/projects/def-zshakeri/sepharfi/CUCO/data_final/Audios/Tonsill/Vowels/O/1/Tonsill_ses1_o_0129.wav
resample 44100 to 16000 in /home/sepharfi/projects/def-zshakeri/sepharfi/CUCO/data_final/Audios/Tonsill/Vowels/U/1/Tonsill_ses1_u_0129.wav
resample 44100 to 16000 in /home/sepharfi/projects/def-zshakeri/sepharfi/CUCO/data_final/Audios/Tonsill/Sustained vowels/A1/1/Tonsill_ses1_a1_0129.wav
resample 44100 to 16000 in /home/sepharfi/projects/def-zshakeri/sepharfi/CUCO/data_final/Audios/Tonsill/Sustained vowels/A2/1/Tonsill_ses1_a2_0129.wav
resample 44100 to 16000 in /home/sepharfi/projects/def-zshakeri/sepharfi/CUCO/data_final/Audios/Tonsill/Sustained vowels/A3/1/Tonsill_ses1_a3_0129.wav
resample 44100 to 16000 in /home/sepharfi/projects/def-zshakeri/sepharfi/CUCO/data_final/Audios/Tonsill/Speech/1/Tonsill_ses1_speech_0137.wav
resample 44100 to 16000 in /home/sepharfi/projects/def-zshakeri/sepharfi/CUCO/data_final/Audios/Tonsill/TDU/Mesa/1/Tonsill_ses1_mesa_0137.wav
resample 44100 to 16000 in /home/sepharfi/projects/def-zshakeri/sepharfi/CUCO/data_final/Audios/Tonsill/Speech/1/Tonsill_ses1_speech_0144.wav
resample 44100 to 16000 in /home/sepharfi/projects/def-zshakeri/sepharfi/CUCO/data_final/Audios/Tonsill/TDU/Agua/1/Tonsill_ses1_agua_0144.wav
resample 44100 to 16000 in /home/sepharfi/projects/def-zshakeri/sepharfi/CUCO/data_final/Audios/Tonsill/TDU/Brasero/1/Tonsill_ses1_brasero_0144.wav
resample 44100 to 16000 in /home/sepharfi/projects/def-zshakeri/sepharfi/CUCO/data_final/Audios/Tonsill/TDU/Dia/1/Tonsill_ses1_dia_0144.wav
resample 44100 to 16000 in /home/sepharfi/projects/def-zshakeri/sepharfi/CUCO/data_final/Audios/Tonsill/TDU/Mesa/1/Tonsill_ses1_mesa_0144.wav
resample 44100 to 16000 in /home/sepharfi/projects/def-zshakeri/sepharfi/CUCO/data_final/Audios/Tonsill/Vowels/A/1/Tonsill_ses1_a_0144.wav
resample 44100 to 16000 in /home/sepharfi/projects/def-zshakeri/sepharfi/CUCO/data_final/Audios/Tonsill/Vowels/E/1/Tonsill_ses1_e_0144.wav
resample 44100 to 16000 in /home/sepharfi/projects/def-zshakeri/sepharfi/CUCO/data_final/Audios/Tonsill/Vowels/I/1/Tonsill_ses1_i_0144.wav
resample 44100 to 16000 in /home/sepharfi/projects/def-zshakeri/sepharfi/CUCO/data_final/Audios/Tonsill/Vowels/O/1/Tonsill_ses1_o_0144.wav
resample 44100 to 16000 in /home/sepharfi/projects/def-zshakeri/sepharfi/CUCO/data_final/Audios/Tonsill/Vowels/U/1/Tonsill_ses1_u_0144.wav
resample 44100 to 16000 in /home/sepharfi/projects/def-zshakeri/sepharfi/CUCO/data_final/Audios/Tonsill/Sustained vowels/A1/1/Tonsill_ses1_a1_0144.wav
resample 44100 to 16000 in /home/sepharfi/projects/def-zshakeri/sepharfi/CUCO/data_final/Audios/Tonsill/Sustained vowels/A2/1/Tonsill_ses1_a2_0144.wav
resample 44100 to 16000 in /home/sepharfi/projects/def-zshakeri/sepharfi/CUCO/data_final/Audios/Tonsill/Sustained vowels/A3/1/Tonsill_ses1_a3_0144.wav
resample 44100 to 16000 in /home/sepharfi/projects/def-zshakeri/sepharfi/CUCO/data_final/Audios/Tonsill/Speech/1/Tonsill_ses1_speech_0145.wav
resample 44100 to 16000 in /home/sepharfi/projects/def-zshakeri/sepharfi/CUCO/data_final/Audios/Tonsill/TDU/Agua/1/Tonsill_ses1_agua_0145.wav
resample 44100 to 16000 in /home/sepharfi/projects/def-zshakeri/sepharfi/CUCO/data_final/Audios/Tonsill/TDU/Brasero/1/Tonsill_ses1_brasero_0145.wav
resample 44100 to 16000 in /home/sepharfi/projects/def-zshakeri/sepharfi/CUCO/data_final/Audios/Tonsill/TDU/Dia/1/Tonsill_ses1_dia_0145.wav
resample 44100 to 16000 in /home/sepharfi/projects/def-zshakeri/sepharfi/CUCO/data_final/Audios/Tonsill/TDU/Mesa/1/Tonsill_ses1_mesa_0145.wav
resample 44100 to 16000 in /home/sepharfi/projects/def-zshakeri/sepharfi/CUCO/data_final/Audios/Tonsill/Vowels/A/1/Tonsill_ses1_a_0145.wav
resample 44100 to 16000 in /home/sepharfi/projects/def-zshakeri/sepharfi/CUCO/data_final/Audios/Tonsill/Vowels/E/1/Tonsill_ses1_e_0145.wav
resample 44100 to 16000 in /home/sepharfi/projects/def-zshakeri/sepharfi/CUCO/data_final/Audios/Tonsill/Vowels/I/1/Tonsill_ses1_i_0145.wav
resample 44100 to 16000 in /home/sepharfi/projects/def-zshakeri/sepharfi/CUCO/data_final/Audios/Tonsill/Vowels/O/1/Tonsill_ses1_o_0145.wav
resample 44100 to 16000 in /home/sepharfi/projects/def-zshakeri/sepharfi/CUCO/data_final/Audios/Tonsill/Vowels/U/1/Tonsill_ses1_u_0145.wav
resample 44100 to 16000 in /home/sepharfi/projects/def-zshakeri/sepharfi/CUCO/data_final/Audios/Tonsill/Sustained vowels/A1/1/Tonsill_ses1_a1_0145.wav
resample 44100 to 16000 in /home/sepharfi/projects/def-zshakeri/sepharfi/CUCO/data_final/Audios/Tonsill/Sustained vowels/A2/1/Tonsill_ses1_a2_0145.wav
resample 44100 to 16000 in /home/sepharfi/projects/def-zshakeri/sepharfi/CUCO/data_final/Audios/Tonsill/Sustained vowels/A3/1/Tonsill_ses1_a3_0145.wav
resample 44100 to 16000 in /home/sepharfi/projects/def-zshakeri/sepharfi/CUCO/data_final/Audios/Tonsill/Speech/1/Tonsill_ses1_speech_0147.wav
resample 44100 to 16000 in /home/sepharfi/projects/def-zshakeri/sepharfi/CUCO/data_final/Audios/Tonsill/TDU/Agua/1/Tonsill_ses1_agua_0147.wav
resample 44100 to 16000 in /home/sepharfi/projects/def-zshakeri/sepharfi/CUCO/data_final/Audios/Tonsill/TDU/Brasero/1/Tonsill_ses1_brasero_0147.wav
resample 44100 to 16000 in /home/sepharfi/projects/def-zshakeri/sepharfi/CUCO/data_final/Audios/Tonsill/TDU/Dia/1/Tonsill_ses1_dia_0147.wav
resample 44100 to 16000 in /home/sepharfi/projects/def-zshakeri/sepharfi/CUCO/data_final/Audios/Tonsill/TDU/Mesa/1/Tonsill_ses1_mesa_0147.wav
resample 44100 to 16000 in /home/sepharfi/projects/def-zshakeri/sepharfi/CUCO/data_final/Audios/Tonsill/Vowels/A/1/Tonsill_ses1_a_0147.wav
resample 44100 to 16000 in /home/sepharfi/projects/def-zshakeri/sepharfi/CUCO/data_final/Audios/Tonsill/Vowels/E/1/Tonsill_ses1_e_0147.wav
resample 44100 to 16000 in /home/sepharfi/projects/def-zshakeri/sepharfi/CUCO/data_final/Audios/Tonsill/Vowels/I/1/Tonsill_ses1_i_0147.wav
resample 44100 to 16000 in /home/sepharfi/projects/def-zshakeri/sepharfi/CUCO/data_final/Audios/Tonsill/Vowels/O/1/Tonsill_ses1_o_0147.wav
resample 44100 to 16000 in /home/sepharfi/projects/def-zshakeri/sepharfi/CUCO/data_final/Audios/Tonsill/Vowels/U/1/Tonsill_ses1_u_0147.wav
resample 44100 to 16000 in /home/sepharfi/projects/def-zshakeri/sepharfi/CUCO/data_final/Audios/Tonsill/Sustained vowels/A1/1/Tonsill_ses1_a1_0147.wav
resample 44100 to 16000 in /home/sepharfi/projects/def-zshakeri/sepharfi/CUCO/data_final/Audios/Tonsill/Sustained vowels/A2/1/Tonsill_ses1_a2_0147.wav
resample 44100 to 16000 in /home/sepharfi/projects/def-zshakeri/sepharfi/CUCO/data_final/Audios/Tonsill/Sustained vowels/A3/1/Tonsill_ses1_a3_0147.wav
  Total: 89271 frames (29.8 min)

Extracting post-surgery features (282 files)...
resample 44100 to 16000 in /home/sepharfi/projects/def-zshakeri/sepharfi/CUCO/data_final/Audios/Tonsill/Speech/2/Tonsill_ses2_speech_0007.wav
resample 44100 to 16000 in /home/sepharfi/projects/def-zshakeri/sepharfi/CUCO/data_final/Audios/Tonsill/TDU/Agua/2/Tonsill_ses2_agua_0007.wav
resample 44100 to 16000 in /home/sepharfi/projects/def-zshakeri/sepharfi/CUCO/data_final/Audios/Tonsill/TDU/Brasero/2/Tonsill_ses2_brasero_0007.wav
resample 44100 to 16000 in /home/sepharfi/projects/def-zshakeri/sepharfi/CUCO/data_final/Audios/Tonsill/TDU/Dia/2/Tonsill_ses2_dia_0007.wav
resample 44100 to 16000 in /home/sepharfi/projects/def-zshakeri/sepharfi/CUCO/data_final/Audios/Tonsill/TDU/Mesa/2/Tonsill_ses2_mesa_0007.wav
resample 44100 to 16000 in /home/sepharfi/projects/def-zshakeri/sepharfi/CUCO/data_final/Audios/Tonsill/Vowels/A/2/Tonsill_ses2_a_0007.wav
resample 44100 to 16000 in /home/sepharfi/projects/def-zshakeri/sepharfi/CUCO/data_final/Audios/Tonsill/Vowels/E/2/Tonsill_ses2_e_0007.wav
resample 44100 to 16000 in /home/sepharfi/projects/def-zshakeri/sepharfi/CUCO/data_final/Audios/Tonsill/Vowels/I/2/Tonsill_ses2_i_0007.wav
resample 44100 to 16000 in /home/sepharfi/projects/def-zshakeri/sepharfi/CUCO/data_final/Audios/Tonsill/Vowels/O/2/Tonsill_ses2_o_0007.wav
resample 44100 to 16000 in /home/sepharfi/projects/def-zshakeri/sepharfi/CUCO/data_final/Audios/Tonsill/Vowels/U/2/Tonsill_ses2_u_0007.wav
resample 44100 to 16000 in /home/sepharfi/projects/def-zshakeri/sepharfi/CUCO/data_final/Audios/Tonsill/Sustained vowels/A1/2/Tonsill_ses2_a1_0007.wav
resample 44100 to 16000 in /home/sepharfi/projects/def-zshakeri/sepharfi/CUCO/data_final/Audios/Tonsill/Sustained vowels/A2/2/Tonsill_ses2_a2_0007.wav
resample 44100 to 16000 in /home/sepharfi/projects/def-zshakeri/sepharfi/CUCO/data_final/Audios/Tonsill/Sustained vowels/A3/2/Tonsill_ses2_a3_0007.wav
resample 44100 to 16000 in /home/sepharfi/projects/def-zshakeri/sepharfi/CUCO/data_final/Audios/Tonsill/Speech/2/Tonsill_ses2_speech_0011.wav
resample 44100 to 16000 in /home/sepharfi/projects/def-zshakeri/sepharfi/CUCO/data_final/Audios/Tonsill/TDU/Agua/2/Tonsill_ses2_agua_0011.wav
resample 44100 to 16000 in /home/sepharfi/projects/def-zshakeri/sepharfi/CUCO/data_final/Audios/Tonsill/TDU/Brasero/2/Tonsill_ses2_brasero_0011.wav
resample 44100 to 16000 in /home/sepharfi/projects/def-zshakeri/sepharfi/CUCO/data_final/Audios/Tonsill/TDU/Dia/2/Tonsill_ses2_dia_0011.wav
resample 44100 to 16000 in /home/sepharfi/projects/def-zshakeri/sepharfi/CUCO/data_final/Audios/Tonsill/TDU/Mesa/2/Tonsill_ses2_mesa_0011.wav
resample 44100 to 16000 in /home/sepharfi/projects/def-zshakeri/sepharfi/CUCO/data_final/Audios/Tonsill/Vowels/A/2/Tonsill_ses2_a_0011.wav
resample 44100 to 16000 in /home/sepharfi/projects/def-zshakeri/sepharfi/CUCO/data_final/Audios/Tonsill/Vowels/E/2/Tonsill_ses2_e_0011.wav
resample 44100 to 16000 in /home/sepharfi/projects/def-zshakeri/sepharfi/CUCO/data_final/Audios/Tonsill/Vowels/I/2/Tonsill_ses2_i_0011.wav
resample 44100 to 16000 in /home/sepharfi/projects/def-zshakeri/sepharfi/CUCO/data_final/Audios/Tonsill/Vowels/O/2/Tonsill_ses2_o_0011.wav
resample 44100 to 16000 in /home/sepharfi/projects/def-zshakeri/sepharfi/CUCO/data_final/Audios/Tonsill/Vowels/U/2/Tonsill_ses2_u_0011.wav
resample 44100 to 16000 in /home/sepharfi/projects/def-zshakeri/sepharfi/CUCO/data_final/Audios/Tonsill/Sustained vowels/A1/2/Tonsill_ses2_a1_0011.wav
resample 44100 to 16000 in /home/sepharfi/projects/def-zshakeri/sepharfi/CUCO/data_final/Audios/Tonsill/Sustained vowels/A2/2/Tonsill_ses2_a2_0011.wav
resample 44100 to 16000 in /home/sepharfi/projects/def-zshakeri/sepharfi/CUCO/data_final/Audios/Tonsill/Sustained vowels/A3/2/Tonsill_ses2_a3_0011.wav
resample 44100 to 16000 in /home/sepharfi/projects/def-zshakeri/sepharfi/CUCO/data_final/Audios/Tonsill/Speech/2/Tonsill_ses2_speech_0026.wav
resample 44100 to 16000 in /home/sepharfi/projects/def-zshakeri/sepharfi/CUCO/data_final/Audios/Tonsill/TDU/Agua/2/Tonsill_ses2_agua_0026.wav
resample 44100 to 16000 in /home/sepharfi/projects/def-zshakeri/sepharfi/CUCO/data_final/Audios/Tonsill/TDU/Brasero/2/Tonsill_ses2_brasero_0026.wav
resample 44100 to 16000 in /home/sepharfi/projects/def-zshakeri/sepharfi/CUCO/data_final/Audios/Tonsill/TDU/Dia/2/Tonsill_ses2_dia_0026.wav
resample 44100 to 16000 in /home/sepharfi/projects/def-zshakeri/sepharfi/CUCO/data_final/Audios/Tonsill/TDU/Mesa/2/Tonsill_ses2_mesa_0026.wav
resample 44100 to 16000 in /home/sepharfi/projects/def-zshakeri/sepharfi/CUCO/data_final/Audios/Tonsill/Vowels/A/2/Tonsill_ses2_a_0026.wav
resample 44100 to 16000 in /home/sepharfi/projects/def-zshakeri/sepharfi/CUCO/data_final/Audios/Tonsill/Vowels/E/2/Tonsill_ses2_e_0026.wav
resample 44100 to 16000 in /home/sepharfi/projects/def-zshakeri/sepharfi/CUCO/data_final/Audios/Tonsill/Vowels/I/2/Tonsill_ses2_i_0026.wav
resample 44100 to 16000 in /home/sepharfi/projects/def-zshakeri/sepharfi/CUCO/data_final/Audios/Tonsill/Vowels/O/2/Tonsill_ses2_o_0026.wav
resample 44100 to 16000 in /home/sepharfi/projects/def-zshakeri/sepharfi/CUCO/data_final/Audios/Tonsill/Vowels/U/2/Tonsill_ses2_u_0026.wav
resample 44100 to 16000 in /home/sepharfi/projects/def-zshakeri/sepharfi/CUCO/data_final/Audios/Tonsill/Sustained vowels/A1/2/Tonsill_ses2_a1_0026.wav
resample 44100 to 16000 in /home/sepharfi/projects/def-zshakeri/sepharfi/CUCO/data_final/Audios/Tonsill/Sustained vowels/A2/2/Tonsill_ses2_a2_0026.wav
resample 44100 to 16000 in /home/sepharfi/projects/def-zshakeri/sepharfi/CUCO/data_final/Audios/Tonsill/Sustained vowels/A3/2/Tonsill_ses2_a3_0026.wav
resample 44100 to 16000 in /home/sepharfi/projects/def-zshakeri/sepharfi/CUCO/data_final/Audios/Tonsill/Speech/2/Tonsill_ses2_speech_0042.wav
resample 44100 to 16000 in /home/sepharfi/projects/def-zshakeri/sepharfi/CUCO/data_final/Audios/Tonsill/TDU/Agua/2/Tonsill_ses2_agua_0042.wav
resample 44100 to 16000 in /home/sepharfi/projects/def-zshakeri/sepharfi/CUCO/data_final/Audios/Tonsill/TDU/Brasero/2/Tonsill_ses2_brasero_0042.wav
resample 44100 to 16000 in /home/sepharfi/projects/def-zshakeri/sepharfi/CUCO/data_final/Audios/Tonsill/TDU/Dia/2/Tonsill_ses2_dia_0042.wav
resample 44100 to 16000 in /home/sepharfi/projects/def-zshakeri/sepharfi/CUCO/data_final/Audios/Tonsill/TDU/Mesa/2/Tonsill_ses2_mesa_0042.wav
resample 44100 to 16000 in /home/sepharfi/projects/def-zshakeri/sepharfi/CUCO/data_final/Audios/Tonsill/Vowels/A/2/Tonsill_ses2_a_0042.wav
resample 44100 to 16000 in /home/sepharfi/projects/def-zshakeri/sepharfi/CUCO/data_final/Audios/Tonsill/Vowels/E/2/Tonsill_ses2_e_0042.wav
resample 44100 to 16000 in /home/sepharfi/projects/def-zshakeri/sepharfi/CUCO/data_final/Audios/Tonsill/Vowels/I/2/Tonsill_ses2_i_0042.wav
resample 44100 to 16000 in /home/sepharfi/projects/def-zshakeri/sepharfi/CUCO/data_final/Audios/Tonsill/Vowels/O/2/Tonsill_ses2_o_0042.wav
resample 44100 to 16000 in /home/sepharfi/projects/def-zshakeri/sepharfi/CUCO/data_final/Audios/Tonsill/Vowels/U/2/Tonsill_ses2_u_0042.wav
resample 44100 to 16000 in /home/sepharfi/projects/def-zshakeri/sepharfi/CUCO/data_final/Audios/Tonsill/Sustained vowels/A1/2/Tonsill_ses2_a1_0042.wav
resample 44100 to 16000 in /home/sepharfi/projects/def-zshakeri/sepharfi/CUCO/data_final/Audios/Tonsill/Sustained vowels/A2/2/Tonsill_ses2_a2_0042.wav
resample 44100 to 16000 in /home/sepharfi/projects/def-zshakeri/sepharfi/CUCO/data_final/Audios/Tonsill/Sustained vowels/A3/2/Tonsill_ses2_a3_0042.wav
resample 44100 to 16000 in /home/sepharfi/projects/def-zshakeri/sepharfi/CUCO/data_final/Audios/Tonsill/Speech/2/Tonsill_ses2_speech_0062.wav
resample 44100 to 16000 in /home/sepharfi/projects/def-zshakeri/sepharfi/CUCO/data_final/Audios/Tonsill/TDU/Agua/2/Tonsill_ses2_agua_0062.wav
resample 44100 to 16000 in /home/sepharfi/projects/def-zshakeri/sepharfi/CUCO/data_final/Audios/Tonsill/TDU/Brasero/2/Tonsill_ses2_brasero_0062.wav
resample 44100 to 16000 in /home/sepharfi/projects/def-zshakeri/sepharfi/CUCO/data_final/Audios/Tonsill/TDU/Dia/2/Tonsill_ses2_dia_0062.wav
resample 44100 to 16000 in /home/sepharfi/projects/def-zshakeri/sepharfi/CUCO/data_final/Audios/Tonsill/TDU/Mesa/2/Tonsill_ses2_mesa_0062.wav
resample 44100 to 16000 in /home/sepharfi/projects/def-zshakeri/sepharfi/CUCO/data_final/Audios/Tonsill/Vowels/A/2/Tonsill_ses2_a_0062.wav
resample 44100 to 16000 in /home/sepharfi/projects/def-zshakeri/sepharfi/CUCO/data_final/Audios/Tonsill/Vowels/E/2/Tonsill_ses2_e_0062.wav
resample 44100 to 16000 in /home/sepharfi/projects/def-zshakeri/sepharfi/CUCO/data_final/Audios/Tonsill/Vowels/I/2/Tonsill_ses2_i_0062.wav
resample 44100 to 16000 in /home/sepharfi/projects/def-zshakeri/sepharfi/CUCO/data_final/Audios/Tonsill/Vowels/O/2/Tonsill_ses2_o_0062.wav
resample 44100 to 16000 in /home/sepharfi/projects/def-zshakeri/sepharfi/CUCO/data_final/Audios/Tonsill/Vowels/U/2/Tonsill_ses2_u_0062.wav
resample 44100 to 16000 in /home/sepharfi/projects/def-zshakeri/sepharfi/CUCO/data_final/Audios/Tonsill/Sustained vowels/A1/2/Tonsill_ses2_a1_0062.wav
resample 44100 to 16000 in /home/sepharfi/projects/def-zshakeri/sepharfi/CUCO/data_final/Audios/Tonsill/Sustained vowels/A2/2/Tonsill_ses2_a2_0062.wav
resample 44100 to 16000 in /home/sepharfi/projects/def-zshakeri/sepharfi/CUCO/data_final/Audios/Tonsill/Sustained vowels/A3/2/Tonsill_ses2_a3_0062.wav
resample 44100 to 16000 in /home/sepharfi/projects/def-zshakeri/sepharfi/CUCO/data_final/Audios/Tonsill/Speech/2/Tonsill_ses2_speech_0063.wav
resample 44100 to 16000 in /home/sepharfi/projects/def-zshakeri/sepharfi/CUCO/data_final/Audios/Tonsill/TDU/Agua/2/Tonsill_ses2_agua_0063.wav
resample 44100 to 16000 in /home/sepharfi/projects/def-zshakeri/sepharfi/CUCO/data_final/Audios/Tonsill/TDU/Brasero/2/Tonsill_ses2_brasero_0063.wav
resample 44100 to 16000 in /home/sepharfi/projects/def-zshakeri/sepharfi/CUCO/data_final/Audios/Tonsill/TDU/Dia/2/Tonsill_ses2_dia_0063.wav
resample 44100 to 16000 in /home/sepharfi/projects/def-zshakeri/sepharfi/CUCO/data_final/Audios/Tonsill/TDU/Mesa/2/Tonsill_ses2_mesa_0063.wav
resample 44100 to 16000 in /home/sepharfi/projects/def-zshakeri/sepharfi/CUCO/data_final/Audios/Tonsill/Vowels/A/2/Tonsill_ses2_a_0063.wav
resample 44100 to 16000 in /home/sepharfi/projects/def-zshakeri/sepharfi/CUCO/data_final/Audios/Tonsill/Vowels/E/2/Tonsill_ses2_e_0063.wav
resample 44100 to 16000 in /home/sepharfi/projects/def-zshakeri/sepharfi/CUCO/data_final/Audios/Tonsill/Vowels/I/2/Tonsill_ses2_i_0063.wav
resample 44100 to 16000 in /home/sepharfi/projects/def-zshakeri/sepharfi/CUCO/data_final/Audios/Tonsill/Vowels/O/2/Tonsill_ses2_o_0063.wav
resample 44100 to 16000 in /home/sepharfi/projects/def-zshakeri/sepharfi/CUCO/data_final/Audios/Tonsill/Vowels/U/2/Tonsill_ses2_u_0063.wav
resample 44100 to 16000 in /home/sepharfi/projects/def-zshakeri/sepharfi/CUCO/data_final/Audios/Tonsill/Sustained vowels/A1/2/Tonsill_ses2_a1_0063.wav
resample 44100 to 16000 in /home/sepharfi/projects/def-zshakeri/sepharfi/CUCO/data_final/Audios/Tonsill/Sustained vowels/A2/2/Tonsill_ses2_a2_0063.wav
resample 44100 to 16000 in /home/sepharfi/projects/def-zshakeri/sepharfi/CUCO/data_final/Audios/Tonsill/Sustained vowels/A3/2/Tonsill_ses2_a3_0063.wav
resample 44100 to 16000 in /home/sepharfi/projects/def-zshakeri/sepharfi/CUCO/data_final/Audios/Tonsill/Speech/2/Tonsill_ses2_speech_0078.wav
resample 44100 to 16000 in /home/sepharfi/projects/def-zshakeri/sepharfi/CUCO/data_final/Audios/Tonsill/TDU/Agua/2/Tonsill_ses2_agua_0078.wav
resample 44100 to 16000 in /home/sepharfi/projects/def-zshakeri/sepharfi/CUCO/data_final/Audios/Tonsill/TDU/Brasero/2/Tonsill_ses2_brasero_0078.wav
resample 44100 to 16000 in /home/sepharfi/projects/def-zshakeri/sepharfi/CUCO/data_final/Audios/Tonsill/TDU/Dia/2/Tonsill_ses2_dia_0078.wav
resample 44100 to 16000 in /home/sepharfi/projects/def-zshakeri/sepharfi/CUCO/data_final/Audios/Tonsill/Vowels/A/2/Tonsill_ses2_a_0078.wav
resample 44100 to 16000 in /home/sepharfi/projects/def-zshakeri/sepharfi/CUCO/data_final/Audios/Tonsill/Vowels/E/2/Tonsill_ses2_e_0078.wav
resample 44100 to 16000 in /home/sepharfi/projects/def-zshakeri/sepharfi/CUCO/data_final/Audios/Tonsill/Vowels/I/2/Tonsill_ses2_i_0078.wav
resample 44100 to 16000 in /home/sepharfi/projects/def-zshakeri/sepharfi/CUCO/data_final/Audios/Tonsill/Vowels/O/2/Tonsill_ses2_o_0078.wav
resample 44100 to 16000 in /home/sepharfi/projects/def-zshakeri/sepharfi/CUCO/data_final/Audios/Tonsill/Vowels/U/2/Tonsill_ses2_u_0078.wav
resample 44100 to 16000 in /home/sepharfi/projects/def-zshakeri/sepharfi/CUCO/data_final/Audios/Tonsill/Sustained vowels/A1/2/Tonsill_ses2_a1_0078.wav
resample 44100 to 16000 in /home/sepharfi/projects/def-zshakeri/sepharfi/CUCO/data_final/Audios/Tonsill/Sustained vowels/A2/2/Tonsill_ses2_a2_0078.wav
resample 44100 to 16000 in /home/sepharfi/projects/def-zshakeri/sepharfi/CUCO/data_final/Audios/Tonsill/Sustained vowels/A3/2/Tonsill_ses2_a3_0078.wav
resample 44100 to 16000 in /home/sepharfi/projects/def-zshakeri/sepharfi/CUCO/data_final/Audios/Tonsill/Speech/2/Tonsill_ses2_speech_0080.wav
resample 44100 to 16000 in /home/sepharfi/projects/def-zshakeri/sepharfi/CUCO/data_final/Audios/Tonsill/TDU/Agua/2/Tonsill_ses2_agua_0080.wav
resample 44100 to 16000 in /home/sepharfi/projects/def-zshakeri/sepharfi/CUCO/data_final/Audios/Tonsill/TDU/Brasero/2/Tonsill_ses2_brasero_0080.wav
resample 44100 to 16000 in /home/sepharfi/projects/def-zshakeri/sepharfi/CUCO/data_final/Audios/Tonsill/TDU/Dia/2/Tonsill_ses2_dia_0080.wav
resample 44100 to 16000 in /home/sepharfi/projects/def-zshakeri/sepharfi/CUCO/data_final/Audios/Tonsill/TDU/Mesa/2/Tonsill_ses2_mesa_0080.wav
resample 44100 to 16000 in /home/sepharfi/projects/def-zshakeri/sepharfi/CUCO/data_final/Audios/Tonsill/Sustained vowels/A1/2/Tonsill_ses2_a1_0080.wav
resample 44100 to 16000 in /home/sepharfi/projects/def-zshakeri/sepharfi/CUCO/data_final/Audios/Tonsill/Sustained vowels/A2/2/Tonsill_ses2_a2_0080.wav
resample 44100 to 16000 in /home/sepharfi/projects/def-zshakeri/sepharfi/CUCO/data_final/Audios/Tonsill/Sustained vowels/A3/2/Tonsill_ses2_a3_0080.wav
resample 44100 to 16000 in /home/sepharfi/projects/def-zshakeri/sepharfi/CUCO/data_final/Audios/Tonsill/Speech/2/Tonsill_ses2_speech_0081.wav
resample 44100 to 16000 in /home/sepharfi/projects/def-zshakeri/sepharfi/CUCO/data_final/Audios/Tonsill/TDU/Agua/2/Tonsill_ses2_agua_0081.wav
resample 44100 to 16000 in /home/sepharfi/projects/def-zshakeri/sepharfi/CUCO/data_final/Audios/Tonsill/TDU/Brasero/2/Tonsill_ses2_brasero_0081.wav
resample 44100 to 16000 in /home/sepharfi/projects/def-zshakeri/sepharfi/CUCO/data_final/Audios/Tonsill/TDU/Dia/2/Tonsill_ses2_dia_0081.wav
resample 44100 to 16000 in /home/sepharfi/projects/def-zshakeri/sepharfi/CUCO/data_final/Audios/Tonsill/TDU/Mesa/2/Tonsill_ses2_mesa_0081.wav
resample 44100 to 16000 in /home/sepharfi/projects/def-zshakeri/sepharfi/CUCO/data_final/Audios/Tonsill/Vowels/A/2/Tonsill_ses2_a_0081.wav
resample 44100 to 16000 in /home/sepharfi/projects/def-zshakeri/sepharfi/CUCO/data_final/Audios/Tonsill/Vowels/E/2/Tonsill_ses2_e_0081.wav
resample 44100 to 16000 in /home/sepharfi/projects/def-zshakeri/sepharfi/CUCO/data_final/Audios/Tonsill/Vowels/I/2/Tonsill_ses2_i_0081.wav
resample 44100 to 16000 in /home/sepharfi/projects/def-zshakeri/sepharfi/CUCO/data_final/Audios/Tonsill/Vowels/O/2/Tonsill_ses2_o_0081.wav
resample 44100 to 16000 in /home/sepharfi/projects/def-zshakeri/sepharfi/CUCO/data_final/Audios/Tonsill/Vowels/U/2/Tonsill_ses2_u_0081.wav
resample 44100 to 16000 in /home/sepharfi/projects/def-zshakeri/sepharfi/CUCO/data_final/Audios/Tonsill/Sustained vowels/A1/2/Tonsill_ses2_a1_0081.wav
resample 44100 to 16000 in /home/sepharfi/projects/def-zshakeri/sepharfi/CUCO/data_final/Audios/Tonsill/Sustained vowels/A2/2/Tonsill_ses2_a2_0081.wav
resample 44100 to 16000 in /home/sepharfi/projects/def-zshakeri/sepharfi/CUCO/data_final/Audios/Tonsill/Sustained vowels/A3/2/Tonsill_ses2_a3_0081.wav
resample 44100 to 16000 in /home/sepharfi/projects/def-zshakeri/sepharfi/CUCO/data_final/Audios/Tonsill/Speech/2/Tonsill_ses2_speech_0087.wav
resample 44100 to 16000 in /home/sepharfi/projects/def-zshakeri/sepharfi/CUCO/data_final/Audios/Tonsill/TDU/Agua/2/Tonsill_ses2_agua_0087.wav
resample 44100 to 16000 in /home/sepharfi/projects/def-zshakeri/sepharfi/CUCO/data_final/Audios/Tonsill/TDU/Brasero/2/Tonsill_ses2_brasero_0087.wav
resample 44100 to 16000 in /home/sepharfi/projects/def-zshakeri/sepharfi/CUCO/data_final/Audios/Tonsill/TDU/Dia/2/Tonsill_ses2_dia_0087.wav
resample 44100 to 16000 in /home/sepharfi/projects/def-zshakeri/sepharfi/CUCO/data_final/Audios/Tonsill/TDU/Mesa/2/Tonsill_ses2_mesa_0087.wav
resample 44100 to 16000 in /home/sepharfi/projects/def-zshakeri/sepharfi/CUCO/data_final/Audios/Tonsill/Vowels/A/2/Tonsill_ses2_a_0087.wav
resample 44100 to 16000 in /home/sepharfi/projects/def-zshakeri/sepharfi/CUCO/data_final/Audios/Tonsill/Vowels/E/2/Tonsill_ses2_e_0087.wav
resample 44100 to 16000 in /home/sepharfi/projects/def-zshakeri/sepharfi/CUCO/data_final/Audios/Tonsill/Vowels/I/2/Tonsill_ses2_i_0087.wav
resample 44100 to 16000 in /home/sepharfi/projects/def-zshakeri/sepharfi/CUCO/data_final/Audios/Tonsill/Vowels/O/2/Tonsill_ses2_o_0087.wav
resample 44100 to 16000 in /home/sepharfi/projects/def-zshakeri/sepharfi/CUCO/data_final/Audios/Tonsill/Vowels/U/2/Tonsill_ses2_u_0087.wav
resample 44100 to 16000 in /home/sepharfi/projects/def-zshakeri/sepharfi/CUCO/data_final/Audios/Tonsill/Sustained vowels/A1/2/Tonsill_ses2_a1_0087.wav
resample 44100 to 16000 in /home/sepharfi/projects/def-zshakeri/sepharfi/CUCO/data_final/Audios/Tonsill/Sustained vowels/A2/2/Tonsill_ses2_a2_0087.wav
resample 44100 to 16000 in /home/sepharfi/projects/def-zshakeri/sepharfi/CUCO/data_final/Audios/Tonsill/Sustained vowels/A3/2/Tonsill_ses2_a3_0087.wav
resample 44100 to 16000 in /home/sepharfi/projects/def-zshakeri/sepharfi/CUCO/data_final/Audios/Tonsill/Speech/2/Tonsill_ses2_speech_0089.wav
resample 44100 to 16000 in /home/sepharfi/projects/def-zshakeri/sepharfi/CUCO/data_final/Audios/Tonsill/TDU/Agua/2/Tonsill_ses2_agua_0089.wav
resample 44100 to 16000 in /home/sepharfi/projects/def-zshakeri/sepharfi/CUCO/data_final/Audios/Tonsill/TDU/Brasero/2/Tonsill_ses2_brasero_0089.wav
resample 44100 to 16000 in /home/sepharfi/projects/def-zshakeri/sepharfi/CUCO/data_final/Audios/Tonsill/TDU/Dia/2/Tonsill_ses2_dia_0089.wav
resample 44100 to 16000 in /home/sepharfi/projects/def-zshakeri/sepharfi/CUCO/data_final/Audios/Tonsill/TDU/Mesa/2/Tonsill_ses2_mesa_0089.wav
resample 44100 to 16000 in /home/sepharfi/projects/def-zshakeri/sepharfi/CUCO/data_final/Audios/Tonsill/Vowels/A/2/Tonsill_ses2_a_0089.wav
resample 44100 to 16000 in /home/sepharfi/projects/def-zshakeri/sepharfi/CUCO/data_final/Audios/Tonsill/Vowels/E/2/Tonsill_ses2_e_0089.wav
resample 44100 to 16000 in /home/sepharfi/projects/def-zshakeri/sepharfi/CUCO/data_final/Audios/Tonsill/Vowels/I/2/Tonsill_ses2_i_0089.wav
resample 44100 to 16000 in /home/sepharfi/projects/def-zshakeri/sepharfi/CUCO/data_final/Audios/Tonsill/Vowels/O/2/Tonsill_ses2_o_0089.wav
resample 44100 to 16000 in /home/sepharfi/projects/def-zshakeri/sepharfi/CUCO/data_final/Audios/Tonsill/Vowels/U/2/Tonsill_ses2_u_0089.wav
resample 44100 to 16000 in /home/sepharfi/projects/def-zshakeri/sepharfi/CUCO/data_final/Audios/Tonsill/Sustained vowels/A1/2/Tonsill_ses2_a1_0089.wav
resample 44100 to 16000 in /home/sepharfi/projects/def-zshakeri/sepharfi/CUCO/data_final/Audios/Tonsill/Sustained vowels/A2/2/Tonsill_ses2_a2_0089.wav
resample 44100 to 16000 in /home/sepharfi/projects/def-zshakeri/sepharfi/CUCO/data_final/Audios/Tonsill/Sustained vowels/A3/2/Tonsill_ses2_a3_0089.wav
resample 44100 to 16000 in /home/sepharfi/projects/def-zshakeri/sepharfi/CUCO/data_final/Audios/Tonsill/Speech/2/Tonsill_ses2_speech_0092.wav
resample 44100 to 16000 in /home/sepharfi/projects/def-zshakeri/sepharfi/CUCO/data_final/Audios/Tonsill/TDU/Agua/2/Tonsill_ses2_agua_0092.wav
resample 44100 to 16000 in /home/sepharfi/projects/def-zshakeri/sepharfi/CUCO/data_final/Audios/Tonsill/TDU/Brasero/2/Tonsill_ses2_brasero_0092.wav
resample 44100 to 16000 in /home/sepharfi/projects/def-zshakeri/sepharfi/CUCO/data_final/Audios/Tonsill/TDU/Dia/2/Tonsill_ses2_dia_0092.wav
resample 44100 to 16000 in /home/sepharfi/projects/def-zshakeri/sepharfi/CUCO/data_final/Audios/Tonsill/TDU/Mesa/2/Tonsill_ses2_mesa_0092.wav
resample 44100 to 16000 in /home/sepharfi/projects/def-zshakeri/sepharfi/CUCO/data_final/Audios/Tonsill/Vowels/A/2/Tonsill_ses2_a_0092.wav
resample 44100 to 16000 in /home/sepharfi/projects/def-zshakeri/sepharfi/CUCO/data_final/Audios/Tonsill/Vowels/E/2/Tonsill_ses2_e_0092.wav
resample 44100 to 16000 in /home/sepharfi/projects/def-zshakeri/sepharfi/CUCO/data_final/Audios/Tonsill/Vowels/I/2/Tonsill_ses2_i_0092.wav
resample 44100 to 16000 in /home/sepharfi/projects/def-zshakeri/sepharfi/CUCO/data_final/Audios/Tonsill/Vowels/O/2/Tonsill_ses2_o_0092.wav
resample 44100 to 16000 in /home/sepharfi/projects/def-zshakeri/sepharfi/CUCO/data_final/Audios/Tonsill/Vowels/U/2/Tonsill_ses2_u_0092.wav
resample 44100 to 16000 in /home/sepharfi/projects/def-zshakeri/sepharfi/CUCO/data_final/Audios/Tonsill/Sustained vowels/A1/2/Tonsill_ses2_a1_0092.wav
resample 44100 to 16000 in /home/sepharfi/projects/def-zshakeri/sepharfi/CUCO/data_final/Audios/Tonsill/Sustained vowels/A2/2/Tonsill_ses2_a2_0092.wav
resample 44100 to 16000 in /home/sepharfi/projects/def-zshakeri/sepharfi/CUCO/data_final/Audios/Tonsill/Sustained vowels/A3/2/Tonsill_ses2_a3_0092.wav
resample 44100 to 16000 in /home/sepharfi/projects/def-zshakeri/sepharfi/CUCO/data_final/Audios/Tonsill/Speech/2/Tonsill_ses2_speech_0099.wav
resample 44100 to 16000 in /home/sepharfi/projects/def-zshakeri/sepharfi/CUCO/data_final/Audios/Tonsill/TDU/Agua/2/Tonsill_ses2_agua_0099.wav
resample 44100 to 16000 in /home/sepharfi/projects/def-zshakeri/sepharfi/CUCO/data_final/Audios/Tonsill/TDU/Brasero/2/Tonsill_ses2_brasero_0099.wav
resample 44100 to 16000 in /home/sepharfi/projects/def-zshakeri/sepharfi/CUCO/data_final/Audios/Tonsill/TDU/Dia/2/Tonsill_ses2_dia_0099.wav
resample 44100 to 16000 in /home/sepharfi/projects/def-zshakeri/sepharfi/CUCO/data_final/Audios/Tonsill/TDU/Mesa/2/Tonsill_ses2_mesa_0099.wav
resample 44100 to 16000 in /home/sepharfi/projects/def-zshakeri/sepharfi/CUCO/data_final/Audios/Tonsill/Vowels/A/2/Tonsill_ses2_a_0099.wav
resample 44100 to 16000 in /home/sepharfi/projects/def-zshakeri/sepharfi/CUCO/data_final/Audios/Tonsill/Vowels/E/2/Tonsill_ses2_e_0099.wav
resample 44100 to 16000 in /home/sepharfi/projects/def-zshakeri/sepharfi/CUCO/data_final/Audios/Tonsill/Vowels/I/2/Tonsill_ses2_i_0099.wav
resample 44100 to 16000 in /home/sepharfi/projects/def-zshakeri/sepharfi/CUCO/data_final/Audios/Tonsill/Vowels/O/2/Tonsill_ses2_o_0099.wav
resample 44100 to 16000 in /home/sepharfi/projects/def-zshakeri/sepharfi/CUCO/data_final/Audios/Tonsill/Vowels/U/2/Tonsill_ses2_u_0099.wav
resample 44100 to 16000 in /home/sepharfi/projects/def-zshakeri/sepharfi/CUCO/data_final/Audios/Tonsill/Sustained vowels/A1/2/Tonsill_ses2_a1_0099.wav
resample 44100 to 16000 in /home/sepharfi/projects/def-zshakeri/sepharfi/CUCO/data_final/Audios/Tonsill/Sustained vowels/A2/2/Tonsill_ses2_a2_0099.wav
resample 44100 to 16000 in /home/sepharfi/projects/def-zshakeri/sepharfi/CUCO/data_final/Audios/Tonsill/Sustained vowels/A3/2/Tonsill_ses2_a3_0099.wav
resample 44100 to 16000 in /home/sepharfi/projects/def-zshakeri/sepharfi/CUCO/data_final/Audios/Tonsill/Speech/2/Tonsill_ses2_speech_0108.wav
resample 44100 to 16000 in /home/sepharfi/projects/def-zshakeri/sepharfi/CUCO/data_final/Audios/Tonsill/TDU/Agua/2/Tonsill_ses2_agua_0108.wav
resample 44100 to 16000 in /home/sepharfi/projects/def-zshakeri/sepharfi/CUCO/data_final/Audios/Tonsill/TDU/Brasero/2/Tonsill_ses2_brasero_0108.wav
resample 44100 to 16000 in /home/sepharfi/projects/def-zshakeri/sepharfi/CUCO/data_final/Audios/Tonsill/TDU/Dia/2/Tonsill_ses2_dia_0108.wav
resample 44100 to 16000 in /home/sepharfi/projects/def-zshakeri/sepharfi/CUCO/data_final/Audios/Tonsill/TDU/Mesa/2/Tonsill_ses2_mesa_0108.wav
resample 44100 to 16000 in /home/sepharfi/projects/def-zshakeri/sepharfi/CUCO/data_final/Audios/Tonsill/Vowels/A/2/Tonsill_ses2_a_0108.wav
resample 44100 to 16000 in /home/sepharfi/projects/def-zshakeri/sepharfi/CUCO/data_final/Audios/Tonsill/Vowels/E/2/Tonsill_ses2_e_0108.wav
resample 44100 to 16000 in /home/sepharfi/projects/def-zshakeri/sepharfi/CUCO/data_final/Audios/Tonsill/Vowels/I/2/Tonsill_ses2_i_0108.wav
resample 44100 to 16000 in /home/sepharfi/projects/def-zshakeri/sepharfi/CUCO/data_final/Audios/Tonsill/Vowels/O/2/Tonsill_ses2_o_0108.wav
resample 44100 to 16000 in /home/sepharfi/projects/def-zshakeri/sepharfi/CUCO/data_final/Audios/Tonsill/Vowels/U/2/Tonsill_ses2_u_0108.wav
resample 44100 to 16000 in /home/sepharfi/projects/def-zshakeri/sepharfi/CUCO/data_final/Audios/Tonsill/Sustained vowels/A1/2/Tonsill_ses2_a1_0108.wav
resample 44100 to 16000 in /home/sepharfi/projects/def-zshakeri/sepharfi/CUCO/data_final/Audios/Tonsill/Sustained vowels/A2/2/Tonsill_ses2_a2_0108.wav
resample 44100 to 16000 in /home/sepharfi/projects/def-zshakeri/sepharfi/CUCO/data_final/Audios/Tonsill/Sustained vowels/A3/2/Tonsill_ses2_a3_0108.wav
resample 44100 to 16000 in /home/sepharfi/projects/def-zshakeri/sepharfi/CUCO/data_final/Audios/Tonsill/Speech/2/Tonsill_ses2_speech_0109.wav
resample 44100 to 16000 in /home/sepharfi/projects/def-zshakeri/sepharfi/CUCO/data_final/Audios/Tonsill/TDU/Agua/2/Tonsill_ses2_agua_0109.wav
resample 44100 to 16000 in /home/sepharfi/projects/def-zshakeri/sepharfi/CUCO/data_final/Audios/Tonsill/TDU/Brasero/2/Tonsill_ses2_brasero_0109.wav
resample 44100 to 16000 in /home/sepharfi/projects/def-zshakeri/sepharfi/CUCO/data_final/Audios/Tonsill/TDU/Dia/2/Tonsill_ses2_dia_0109.wav
resample 44100 to 16000 in /home/sepharfi/projects/def-zshakeri/sepharfi/CUCO/data_final/Audios/Tonsill/TDU/Mesa/2/Tonsill_ses2_mesa_0109.wav
resample 44100 to 16000 in /home/sepharfi/projects/def-zshakeri/sepharfi/CUCO/data_final/Audios/Tonsill/Vowels/A/2/Tonsill_ses2_a_0109.wav
resample 44100 to 16000 in /home/sepharfi/projects/def-zshakeri/sepharfi/CUCO/data_final/Audios/Tonsill/Vowels/E/2/Tonsill_ses2_e_0109.wav
resample 44100 to 16000 in /home/sepharfi/projects/def-zshakeri/sepharfi/CUCO/data_final/Audios/Tonsill/Vowels/I/2/Tonsill_ses2_i_0109.wav
resample 44100 to 16000 in /home/sepharfi/projects/def-zshakeri/sepharfi/CUCO/data_final/Audios/Tonsill/Vowels/O/2/Tonsill_ses2_o_0109.wav
resample 44100 to 16000 in /home/sepharfi/projects/def-zshakeri/sepharfi/CUCO/data_final/Audios/Tonsill/Vowels/U/2/Tonsill_ses2_u_0109.wav
resample 44100 to 16000 in /home/sepharfi/projects/def-zshakeri/sepharfi/CUCO/data_final/Audios/Tonsill/Sustained vowels/A1/2/Tonsill_ses2_a1_0109.wav
resample 44100 to 16000 in /home/sepharfi/projects/def-zshakeri/sepharfi/CUCO/data_final/Audios/Tonsill/Sustained vowels/A2/2/Tonsill_ses2_a2_0109.wav
resample 44100 to 16000 in /home/sepharfi/projects/def-zshakeri/sepharfi/CUCO/data_final/Audios/Tonsill/Sustained vowels/A3/2/Tonsill_ses2_a3_0109.wav
resample 44100 to 16000 in /home/sepharfi/projects/def-zshakeri/sepharfi/CUCO/data_final/Audios/Tonsill/Speech/2/Tonsill_ses2_speech_0111.wav
resample 44100 to 16000 in /home/sepharfi/projects/def-zshakeri/sepharfi/CUCO/data_final/Audios/Tonsill/TDU/Agua/2/Tonsill_ses2_agua_0111.wav
resample 44100 to 16000 in /home/sepharfi/projects/def-zshakeri/sepharfi/CUCO/data_final/Audios/Tonsill/TDU/Brasero/2/Tonsill_ses2_brasero_0111.wav
resample 44100 to 16000 in /home/sepharfi/projects/def-zshakeri/sepharfi/CUCO/data_final/Audios/Tonsill/TDU/Dia/2/Tonsill_ses2_dia_0111.wav
resample 44100 to 16000 in /home/sepharfi/projects/def-zshakeri/sepharfi/CUCO/data_final/Audios/Tonsill/TDU/Mesa/2/Tonsill_ses2_mesa_0111.wav
resample 44100 to 16000 in /home/sepharfi/projects/def-zshakeri/sepharfi/CUCO/data_final/Audios/Tonsill/Vowels/A/2/Tonsill_ses2_a_0111.wav
resample 44100 to 16000 in /home/sepharfi/projects/def-zshakeri/sepharfi/CUCO/data_final/Audios/Tonsill/Vowels/E/2/Tonsill_ses2_e_0111.wav
resample 44100 to 16000 in /home/sepharfi/projects/def-zshakeri/sepharfi/CUCO/data_final/Audios/Tonsill/Vowels/I/2/Tonsill_ses2_i_0111.wav
resample 44100 to 16000 in /home/sepharfi/projects/def-zshakeri/sepharfi/CUCO/data_final/Audios/Tonsill/Vowels/O/2/Tonsill_ses2_o_0111.wav
resample 44100 to 16000 in /home/sepharfi/projects/def-zshakeri/sepharfi/CUCO/data_final/Audios/Tonsill/Vowels/U/2/Tonsill_ses2_u_0111.wav
resample 44100 to 16000 in /home/sepharfi/projects/def-zshakeri/sepharfi/CUCO/data_final/Audios/Tonsill/Sustained vowels/A1/2/Tonsill_ses2_a1_0111.wav
resample 44100 to 16000 in /home/sepharfi/projects/def-zshakeri/sepharfi/CUCO/data_final/Audios/Tonsill/Sustained vowels/A2/2/Tonsill_ses2_a2_0111.wav
resample 44100 to 16000 in /home/sepharfi/projects/def-zshakeri/sepharfi/CUCO/data_final/Audios/Tonsill/Sustained vowels/A3/2/Tonsill_ses2_a3_0111.wav
resample 44100 to 16000 in /home/sepharfi/projects/def-zshakeri/sepharfi/CUCO/data_final/Audios/Tonsill/Speech/2/Tonsill_ses2_speech_0112.wav
resample 44100 to 16000 in /home/sepharfi/projects/def-zshakeri/sepharfi/CUCO/data_final/Audios/Tonsill/TDU/Agua/2/Tonsill_ses2_agua_0112.wav
resample 44100 to 16000 in /home/sepharfi/projects/def-zshakeri/sepharfi/CUCO/data_final/Audios/Tonsill/TDU/Brasero/2/Tonsill_ses2_brasero_0112.wav
resample 44100 to 16000 in /home/sepharfi/projects/def-zshakeri/sepharfi/CUCO/data_final/Audios/Tonsill/TDU/Dia/2/Tonsill_ses2_dia_0112.wav
resample 44100 to 16000 in /home/sepharfi/projects/def-zshakeri/sepharfi/CUCO/data_final/Audios/Tonsill/TDU/Mesa/2/Tonsill_ses2_mesa_0112.wav
resample 44100 to 16000 in /home/sepharfi/projects/def-zshakeri/sepharfi/CUCO/data_final/Audios/Tonsill/Vowels/A/2/Tonsill_ses2_a_0112.wav
resample 44100 to 16000 in /home/sepharfi/projects/def-zshakeri/sepharfi/CUCO/data_final/Audios/Tonsill/Vowels/E/2/Tonsill_ses2_e_0112.wav
resample 44100 to 16000 in /home/sepharfi/projects/def-zshakeri/sepharfi/CUCO/data_final/Audios/Tonsill/Vowels/I/2/Tonsill_ses2_i_0112.wav
resample 44100 to 16000 in /home/sepharfi/projects/def-zshakeri/sepharfi/CUCO/data_final/Audios/Tonsill/Vowels/O/2/Tonsill_ses2_o_0112.wav
resample 44100 to 16000 in /home/sepharfi/projects/def-zshakeri/sepharfi/CUCO/data_final/Audios/Tonsill/Vowels/U/2/Tonsill_ses2_u_0112.wav
resample 44100 to 16000 in /home/sepharfi/projects/def-zshakeri/sepharfi/CUCO/data_final/Audios/Tonsill/Sustained vowels/A1/2/Tonsill_ses2_a1_0112.wav
resample 44100 to 16000 in /home/sepharfi/projects/def-zshakeri/sepharfi/CUCO/data_final/Audios/Tonsill/Sustained vowels/A2/2/Tonsill_ses2_a2_0112.wav
resample 44100 to 16000 in /home/sepharfi/projects/def-zshakeri/sepharfi/CUCO/data_final/Audios/Tonsill/Sustained vowels/A3/2/Tonsill_ses2_a3_0112.wav
resample 44100 to 16000 in /home/sepharfi/projects/def-zshakeri/sepharfi/CUCO/data_final/Audios/Tonsill/Speech/2/Tonsill_ses2_speech_0125.wav
resample 44100 to 16000 in /home/sepharfi/projects/def-zshakeri/sepharfi/CUCO/data_final/Audios/Tonsill/TDU/Agua/2/Tonsill_ses2_agua_0125.wav
resample 44100 to 16000 in /home/sepharfi/projects/def-zshakeri/sepharfi/CUCO/data_final/Audios/Tonsill/TDU/Brasero/2/Tonsill_ses2_brasero_0125.wav
resample 44100 to 16000 in /home/sepharfi/projects/def-zshakeri/sepharfi/CUCO/data_final/Audios/Tonsill/TDU/Dia/2/Tonsill_ses2_dia_0125.wav
resample 44100 to 16000 in /home/sepharfi/projects/def-zshakeri/sepharfi/CUCO/data_final/Audios/Tonsill/TDU/Mesa/2/Tonsill_ses2_mesa_0125.wav
resample 44100 to 16000 in /home/sepharfi/projects/def-zshakeri/sepharfi/CUCO/data_final/Audios/Tonsill/Vowels/A/2/Tonsill_ses2_a_0125.wav
resample 44100 to 16000 in /home/sepharfi/projects/def-zshakeri/sepharfi/CUCO/data_final/Audios/Tonsill/Vowels/E/2/Tonsill_ses2_e_0125.wav
resample 44100 to 16000 in /home/sepharfi/projects/def-zshakeri/sepharfi/CUCO/data_final/Audios/Tonsill/Vowels/I/2/Tonsill_ses2_i_0125.wav
resample 44100 to 16000 in /home/sepharfi/projects/def-zshakeri/sepharfi/CUCO/data_final/Audios/Tonsill/Vowels/O/2/Tonsill_ses2_o_0125.wav
resample 44100 to 16000 in /home/sepharfi/projects/def-zshakeri/sepharfi/CUCO/data_final/Audios/Tonsill/Vowels/U/2/Tonsill_ses2_u_0125.wav
resample 44100 to 16000 in /home/sepharfi/projects/def-zshakeri/sepharfi/CUCO/data_final/Audios/Tonsill/Sustained vowels/A1/2/Tonsill_ses2_a1_0125.wav
resample 44100 to 16000 in /home/sepharfi/projects/def-zshakeri/sepharfi/CUCO/data_final/Audios/Tonsill/Sustained vowels/A2/2/Tonsill_ses2_a2_0125.wav
resample 44100 to 16000 in /home/sepharfi/projects/def-zshakeri/sepharfi/CUCO/data_final/Audios/Tonsill/Sustained vowels/A3/2/Tonsill_ses2_a3_0125.wav
resample 44100 to 16000 in /home/sepharfi/projects/def-zshakeri/sepharfi/CUCO/data_final/Audios/Tonsill/Speech/2/Tonsill_ses2_speech_0129.wav
resample 44100 to 16000 in /home/sepharfi/projects/def-zshakeri/sepharfi/CUCO/data_final/Audios/Tonsill/TDU/Agua/2/Tonsill_ses2_agua_0129.wav
resample 44100 to 16000 in /home/sepharfi/projects/def-zshakeri/sepharfi/CUCO/data_final/Audios/Tonsill/TDU/Brasero/2/Tonsill_ses2_brasero_0129.wav
resample 44100 to 16000 in /home/sepharfi/projects/def-zshakeri/sepharfi/CUCO/data_final/Audios/Tonsill/TDU/Dia/2/Tonsill_ses2_dia_0129.wav
resample 44100 to 16000 in /home/sepharfi/projects/def-zshakeri/sepharfi/CUCO/data_final/Audios/Tonsill/TDU/Mesa/2/Tonsill_ses2_mesa_0129.wav
resample 44100 to 16000 in /home/sepharfi/projects/def-zshakeri/sepharfi/CUCO/data_final/Audios/Tonsill/Vowels/A/2/Tonsill_ses2_a_0129.wav
resample 44100 to 16000 in /home/sepharfi/projects/def-zshakeri/sepharfi/CUCO/data_final/Audios/Tonsill/Vowels/E/2/Tonsill_ses2_e_0129.wav
resample 44100 to 16000 in /home/sepharfi/projects/def-zshakeri/sepharfi/CUCO/data_final/Audios/Tonsill/Vowels/I/2/Tonsill_ses2_i_0129.wav
resample 44100 to 16000 in /home/sepharfi/projects/def-zshakeri/sepharfi/CUCO/data_final/Audios/Tonsill/Vowels/O/2/Tonsill_ses2_o_0129.wav
resample 44100 to 16000 in /home/sepharfi/projects/def-zshakeri/sepharfi/CUCO/data_final/Audios/Tonsill/Vowels/U/2/Tonsill_ses2_u_0129.wav
resample 44100 to 16000 in /home/sepharfi/projects/def-zshakeri/sepharfi/CUCO/data_final/Audios/Tonsill/Sustained vowels/A1/2/Tonsill_ses2_a1_0129.wav
resample 44100 to 16000 in /home/sepharfi/projects/def-zshakeri/sepharfi/CUCO/data_final/Audios/Tonsill/Sustained vowels/A2/2/Tonsill_ses2_a2_0129.wav
resample 44100 to 16000 in /home/sepharfi/projects/def-zshakeri/sepharfi/CUCO/data_final/Audios/Tonsill/Sustained vowels/A3/2/Tonsill_ses2_a3_0129.wav
resample 44100 to 16000 in /home/sepharfi/projects/def-zshakeri/sepharfi/CUCO/data_final/Audios/Tonsill/Speech/2/Tonsill_ses2_speech_0137.wav
resample 44100 to 16000 in /home/sepharfi/projects/def-zshakeri/sepharfi/CUCO/data_final/Audios/Tonsill/TDU/Mesa/2/Tonsill_ses2_mesa_0137.wav
resample 44100 to 16000 in /home/sepharfi/projects/def-zshakeri/sepharfi/CUCO/data_final/Audios/Tonsill/Speech/2/Tonsill_ses2_speech_0144.wav
resample 44100 to 16000 in /home/sepharfi/projects/def-zshakeri/sepharfi/CUCO/data_final/Audios/Tonsill/TDU/Agua/2/Tonsill_ses2_agua_0144.wav
resample 44100 to 16000 in /home/sepharfi/projects/def-zshakeri/sepharfi/CUCO/data_final/Audios/Tonsill/TDU/Brasero/2/Tonsill_ses2_brasero_0144.wav
resample 44100 to 16000 in /home/sepharfi/projects/def-zshakeri/sepharfi/CUCO/data_final/Audios/Tonsill/TDU/Dia/2/Tonsill_ses2_dia_0144.wav
resample 44100 to 16000 in /home/sepharfi/projects/def-zshakeri/sepharfi/CUCO/data_final/Audios/Tonsill/TDU/Mesa/2/Tonsill_ses2_mesa_0144.wav
resample 44100 to 16000 in /home/sepharfi/projects/def-zshakeri/sepharfi/CUCO/data_final/Audios/Tonsill/Vowels/A/2/Tonsill_ses2_a_0144.wav
resample 44100 to 16000 in /home/sepharfi/projects/def-zshakeri/sepharfi/CUCO/data_final/Audios/Tonsill/Vowels/E/2/Tonsill_ses2_e_0144.wav
resample 44100 to 16000 in /home/sepharfi/projects/def-zshakeri/sepharfi/CUCO/data_final/Audios/Tonsill/Vowels/I/2/Tonsill_ses2_i_0144.wav
resample 44100 to 16000 in /home/sepharfi/projects/def-zshakeri/sepharfi/CUCO/data_final/Audios/Tonsill/Vowels/O/2/Tonsill_ses2_o_0144.wav
resample 44100 to 16000 in /home/sepharfi/projects/def-zshakeri/sepharfi/CUCO/data_final/Audios/Tonsill/Vowels/U/2/Tonsill_ses2_u_0144.wav
resample 44100 to 16000 in /home/sepharfi/projects/def-zshakeri/sepharfi/CUCO/data_final/Audios/Tonsill/Sustained vowels/A1/2/Tonsill_ses2_a1_0144.wav
resample 44100 to 16000 in /home/sepharfi/projects/def-zshakeri/sepharfi/CUCO/data_final/Audios/Tonsill/Sustained vowels/A2/2/Tonsill_ses2_a2_0144.wav
resample 44100 to 16000 in /home/sepharfi/projects/def-zshakeri/sepharfi/CUCO/data_final/Audios/Tonsill/Sustained vowels/A3/2/Tonsill_ses2_a3_0144.wav
resample 44100 to 16000 in /home/sepharfi/projects/def-zshakeri/sepharfi/CUCO/data_final/Audios/Tonsill/Speech/2/Tonsill_ses2_speech_0145.wav
resample 44100 to 16000 in /home/sepharfi/projects/def-zshakeri/sepharfi/CUCO/data_final/Audios/Tonsill/TDU/Agua/2/Tonsill_ses2_agua_0145.wav
resample 44100 to 16000 in /home/sepharfi/projects/def-zshakeri/sepharfi/CUCO/data_final/Audios/Tonsill/TDU/Brasero/2/Tonsill_ses2_brasero_0145.wav
resample 44100 to 16000 in /home/sepharfi/projects/def-zshakeri/sepharfi/CUCO/data_final/Audios/Tonsill/TDU/Dia/2/Tonsill_ses2_dia_0145.wav
resample 44100 to 16000 in /home/sepharfi/projects/def-zshakeri/sepharfi/CUCO/data_final/Audios/Tonsill/TDU/Mesa/2/Tonsill_ses2_mesa_0145.wav
resample 44100 to 16000 in /home/sepharfi/projects/def-zshakeri/sepharfi/CUCO/data_final/Audios/Tonsill/Vowels/A/2/Tonsill_ses2_a_0145.wav
resample 44100 to 16000 in /home/sepharfi/projects/def-zshakeri/sepharfi/CUCO/data_final/Audios/Tonsill/Vowels/E/2/Tonsill_ses2_e_0145.wav
resample 44100 to 16000 in /home/sepharfi/projects/def-zshakeri/sepharfi/CUCO/data_final/Audios/Tonsill/Vowels/I/2/Tonsill_ses2_i_0145.wav
resample 44100 to 16000 in /home/sepharfi/projects/def-zshakeri/sepharfi/CUCO/data_final/Audios/Tonsill/Vowels/O/2/Tonsill_ses2_o_0145.wav
resample 44100 to 16000 in /home/sepharfi/projects/def-zshakeri/sepharfi/CUCO/data_final/Audios/Tonsill/Vowels/U/2/Tonsill_ses2_u_0145.wav
resample 44100 to 16000 in /home/sepharfi/projects/def-zshakeri/sepharfi/CUCO/data_final/Audios/Tonsill/Sustained vowels/A1/2/Tonsill_ses2_a1_0145.wav
resample 44100 to 16000 in /home/sepharfi/projects/def-zshakeri/sepharfi/CUCO/data_final/Audios/Tonsill/Sustained vowels/A2/2/Tonsill_ses2_a2_0145.wav
resample 44100 to 16000 in /home/sepharfi/projects/def-zshakeri/sepharfi/CUCO/data_final/Audios/Tonsill/Sustained vowels/A3/2/Tonsill_ses2_a3_0145.wav
resample 44100 to 16000 in /home/sepharfi/projects/def-zshakeri/sepharfi/CUCO/data_final/Audios/Tonsill/Speech/2/Tonsill_ses2_speech_0147.wav
resample 44100 to 16000 in /home/sepharfi/projects/def-zshakeri/sepharfi/CUCO/data_final/Audios/Tonsill/TDU/Agua/2/Tonsill_ses2_agua_0147.wav
resample 44100 to 16000 in /home/sepharfi/projects/def-zshakeri/sepharfi/CUCO/data_final/Audios/Tonsill/TDU/Brasero/2/Tonsill_ses2_brasero_0147.wav
resample 44100 to 16000 in /home/sepharfi/projects/def-zshakeri/sepharfi/CUCO/data_final/Audios/Tonsill/TDU/Dia/2/Tonsill_ses2_dia_0147.wav
resample 44100 to 16000 in /home/sepharfi/projects/def-zshakeri/sepharfi/CUCO/data_final/Audios/Tonsill/TDU/Mesa/2/Tonsill_ses2_mesa_0147.wav
resample 44100 to 16000 in /home/sepharfi/projects/def-zshakeri/sepharfi/CUCO/data_final/Audios/Tonsill/Vowels/A/2/Tonsill_ses2_a_0147.wav
resample 44100 to 16000 in /home/sepharfi/projects/def-zshakeri/sepharfi/CUCO/data_final/Audios/Tonsill/Vowels/E/2/Tonsill_ses2_e_0147.wav
resample 44100 to 16000 in /home/sepharfi/projects/def-zshakeri/sepharfi/CUCO/data_final/Audios/Tonsill/Vowels/I/2/Tonsill_ses2_i_0147.wav
resample 44100 to 16000 in /home/sepharfi/projects/def-zshakeri/sepharfi/CUCO/data_final/Audios/Tonsill/Vowels/O/2/Tonsill_ses2_o_0147.wav
resample 44100 to 16000 in /home/sepharfi/projects/def-zshakeri/sepharfi/CUCO/data_final/Audios/Tonsill/Vowels/U/2/Tonsill_ses2_u_0147.wav
resample 44100 to 16000 in /home/sepharfi/projects/def-zshakeri/sepharfi/CUCO/data_final/Audios/Tonsill/Sustained vowels/A1/2/Tonsill_ses2_a1_0147.wav
resample 44100 to 16000 in /home/sepharfi/projects/def-zshakeri/sepharfi/CUCO/data_final/Audios/Tonsill/Sustained vowels/A2/2/Tonsill_ses2_a2_0147.wav
resample 44100 to 16000 in /home/sepharfi/projects/def-zshakeri/sepharfi/CUCO/data_final/Audios/Tonsill/Sustained vowels/A3/2/Tonsill_ses2_a3_0147.wav
  Total: 94155 frames (31.4 min)

============================================================
  Train/val patients: 23, files: 282
  Held-out test: ['0045', '0085', '0110', '0122', '0132']
============================================================

============================================================
  5-Fold Cross-Validation
============================================================

Fold 1/5: train=230 patients, val=52 patients
  Fold 1 Train: 3954 segs (230 patients), Val: 742 segs (52 patients)
    Fold 1 Epoch   1  val=4.318665  alpha=0.1705
    Fold 1 Epoch  20  val=4.032811  alpha=0.7286
    Fold 1 Epoch  40  val=4.016539  alpha=0.9681
    Fold 1 Epoch  60  val=4.026064  alpha=1.1401
    Fold 1 Epoch  80  val=4.027539  alpha=1.2766
    Fold 1 Early stopping at epoch 84
    Fold 1 Best val loss: 4.004262

Fold 2/5: train=230 patients, val=52 patients
  Fold 2 Train: 3906 segs (230 patients), Val: 790 segs (52 patients)
    Fold 2 Epoch   1  val=4.708580  alpha=0.1693
    Fold 2 Epoch  20  val=4.412198  alpha=0.7303
    Fold 2 Epoch  40  val=4.388358  alpha=0.9702
    Fold 2 Epoch  60  val=4.399974  alpha=1.1339
    Fold 2 Early stopping at epoch 75
    Fold 2 Best val loss: 4.380485

Fold 3/5: train=231 patients, val=51 patients
  Fold 3 Train: 3816 segs (231 patients), Val: 880 segs (51 patients)
    Fold 3 Epoch   1  val=4.553010  alpha=0.1673
    Fold 3 Epoch  20  val=4.301696  alpha=0.7200
    Fold 3 Epoch  40  val=4.282194  alpha=0.9619
    Fold 3 Epoch  60  val=4.279420  alpha=1.1302
    Fold 3 Epoch  80  val=4.282869  alpha=1.2662
    Fold 3 Early stopping at epoch 84
    Fold 3 Best val loss: 4.260358

Fold 4/5: train=241 patients, val=41 patients
  Fold 4 Train: 3902 segs (241 patients), Val: 794 segs (41 patients)
    Fold 4 Epoch   1  val=4.776700  alpha=0.1685
    Fold 4 Epoch  20  val=4.446794  alpha=0.7300
    Fold 4 Epoch  40  val=4.412718  alpha=0.9682
    Fold 4 Epoch  60  val=4.408313  alpha=1.1352
    Fold 4 Epoch  80  val=4.426869  alpha=1.2686
    Fold 4 Early stopping at epoch 97
    Fold 4 Best val loss: 4.403834

Fold 5/5: train=196 patients, val=86 patients
  Fold 5 Train: 3206 segs (196 patients), Val: 1490 segs (86 patients)
    Fold 5 Epoch   1  val=4.713384  alpha=0.1577
    Fold 5 Epoch  20  val=4.463266  alpha=0.6699
    Fold 5 Epoch  40  val=4.435764  alpha=0.8916
    Fold 5 Epoch  60  val=4.437167  alpha=1.0457
    Fold 5 Epoch  80  val=4.450752  alpha=1.1612
    Fold 5 Early stopping at epoch 96
    Fold 5 Best val loss: 4.417596

============================================================
  CV Results: 4.293307 +/- 0.154852
  Per-fold: ['4.004262', '4.380485', '4.260358', '4.403834', '4.417596']
============================================================

Training final model on all 282 CV patients...
  Final Train: 3206 segs (196 patients), Val: 1490 segs (86 patients)
    Final Epoch   1  val=4.712848  alpha=0.1580
    Final Epoch  20  val=4.460951  alpha=0.6738
    Final Epoch  40  val=4.446261  alpha=0.8985
    Final Epoch  60  val=4.460797  alpha=1.0483
    Final Epoch  80  val=4.452812  alpha=1.1648
    Final Early stopping at epoch 97
    Final Best val loss: 4.431313

Done. Final model: checkpoints_kfold/best_model.pt
Test patients (5): ['0045', '0085', '0110', '0122', '0132']
Run inference on test patients only:
  python scripts/inference_kfold.py --checkpoint checkpoints_kfold/best_model.pt

==============================
  UNet-VC — Evaluation
==============================
Using cache found in /home/sepharfi/.cache/torch/hub/bshall_knn-vc_master
/home/sepharfi/envs/myenv/lib/python3.11/site-packages/torch/nn/utils/weight_norm.py:144: FutureWarning: `torch.nn.utils.weight_norm` is deprecated in favor of `torch.nn.utils.parametrizations.weight_norm`.
  WeightNorm.apply(module, name, dim)
Could not parse CUDA device string 'cuda': not enough values to unpack (expected 2, got 1). Falling back to device 0.
Device: cuda
Removing weight norm...
[HiFiGAN] Generator loaded with 16,523,393 parameters.
WavLM-Large loaded with 315,453,120 parameters.
[HiFi-GAN] Fine-tuned weights loaded  step=2500  val_mel_loss=0.3961
[UNet-VC] Loaded checkpoint: epoch=57  val_loss=4.431313  alpha=1.0286

Evaluating on 5 test patients: ['0045', '0085', '0110', '0122', '0132']

Loading ECAPA-TDNN...
resample 44100 to 16000 in /home/sepharfi/projects/def-zshakeri/sepharfi/CUCO/data_final/Audios/Tonsill/Speech/1/Tonsill_ses1_speech_0045.wav
resample 44100 to 16000 in /home/sepharfi/projects/def-zshakeri/sepharfi/CUCO/data_final/Audios/Tonsill/Speech/1/Tonsill_ses1_speech_0085.wav
resample 44100 to 16000 in /home/sepharfi/projects/def-zshakeri/sepharfi/CUCO/data_final/Audios/Tonsill/Speech/1/Tonsill_ses1_speech_0110.wav
resample 44100 to 16000 in /home/sepharfi/projects/def-zshakeri/sepharfi/CUCO/data_final/Audios/Tonsill/Speech/1/Tonsill_ses1_speech_0122.wav
resample 44100 to 16000 in /home/sepharfi/projects/def-zshakeri/sepharfi/CUCO/data_final/Audios/Tonsill/Speech/1/Tonsill_ses1_speech_0132.wav

============================================================
  UNet-VC — ECAPA Evaluation on Test Patients
============================================================
     Patient    Baseline   Converted     Delta
  ----------------------------------------------
        0045      0.7303      0.6943   -0.0360
        0085      0.7238      0.7456   +0.0219
        0110      0.6513      0.7072   +0.0559
        0122      0.7743      0.6574   -0.1169
        0132      0.4736      0.6298   +0.1562
  ----------------------------------------------
        Mean      0.6707      0.6868   +0.0162
         Std      0.1061      0.0401

Evaluating on 23 training patients...
resample 44100 to 16000 in /home/sepharfi/projects/def-zshakeri/sepharfi/CUCO/data_final/Audios/Tonsill/Speech/1/Tonsill_ses1_speech_0007.wav
resample 44100 to 16000 in /home/sepharfi/projects/def-zshakeri/sepharfi/CUCO/data_final/Audios/Tonsill/Speech/1/Tonsill_ses1_speech_0011.wav
resample 44100 to 16000 in /home/sepharfi/projects/def-zshakeri/sepharfi/CUCO/data_final/Audios/Tonsill/Speech/1/Tonsill_ses1_speech_0026.wav
resample 44100 to 16000 in /home/sepharfi/projects/def-zshakeri/sepharfi/CUCO/data_final/Audios/Tonsill/Speech/1/Tonsill_ses1_speech_0042.wav
resample 44100 to 16000 in /home/sepharfi/projects/def-zshakeri/sepharfi/CUCO/data_final/Audios/Tonsill/Speech/1/Tonsill_ses1_speech_0062.wav
resample 44100 to 16000 in /home/sepharfi/projects/def-zshakeri/sepharfi/CUCO/data_final/Audios/Tonsill/Speech/1/Tonsill_ses1_speech_0063.wav
resample 44100 to 16000 in /home/sepharfi/projects/def-zshakeri/sepharfi/CUCO/data_final/Audios/Tonsill/Speech/1/Tonsill_ses1_speech_0078.wav
resample 44100 to 16000 in /home/sepharfi/projects/def-zshakeri/sepharfi/CUCO/data_final/Audios/Tonsill/Speech/1/Tonsill_ses1_speech_0080.wav
resample 44100 to 16000 in /home/sepharfi/projects/def-zshakeri/sepharfi/CUCO/data_final/Audios/Tonsill/Speech/1/Tonsill_ses1_speech_0081.wav
resample 44100 to 16000 in /home/sepharfi/projects/def-zshakeri/sepharfi/CUCO/data_final/Audios/Tonsill/Speech/1/Tonsill_ses1_speech_0087.wav
resample 44100 to 16000 in /home/sepharfi/projects/def-zshakeri/sepharfi/CUCO/data_final/Audios/Tonsill/Speech/1/Tonsill_ses1_speech_0089.wav
resample 44100 to 16000 in /home/sepharfi/projects/def-zshakeri/sepharfi/CUCO/data_final/Audios/Tonsill/Speech/1/Tonsill_ses1_speech_0092.wav
resample 44100 to 16000 in /home/sepharfi/projects/def-zshakeri/sepharfi/CUCO/data_final/Audios/Tonsill/Speech/1/Tonsill_ses1_speech_0099.wav
resample 44100 to 16000 in /home/sepharfi/projects/def-zshakeri/sepharfi/CUCO/data_final/Audios/Tonsill/Speech/1/Tonsill_ses1_speech_0108.wav
resample 44100 to 16000 in /home/sepharfi/projects/def-zshakeri/sepharfi/CUCO/data_final/Audios/Tonsill/Speech/1/Tonsill_ses1_speech_0109.wav
resample 44100 to 16000 in /home/sepharfi/projects/def-zshakeri/sepharfi/CUCO/data_final/Audios/Tonsill/Speech/1/Tonsill_ses1_speech_0111.wav
resample 44100 to 16000 in /home/sepharfi/projects/def-zshakeri/sepharfi/CUCO/data_final/Audios/Tonsill/Speech/1/Tonsill_ses1_speech_0112.wav
resample 44100 to 16000 in /home/sepharfi/projects/def-zshakeri/sepharfi/CUCO/data_final/Audios/Tonsill/Speech/1/Tonsill_ses1_speech_0125.wav
resample 44100 to 16000 in /home/sepharfi/projects/def-zshakeri/sepharfi/CUCO/data_final/Audios/Tonsill/Speech/1/Tonsill_ses1_speech_0129.wav
resample 44100 to 16000 in /home/sepharfi/projects/def-zshakeri/sepharfi/CUCO/data_final/Audios/Tonsill/Speech/1/Tonsill_ses1_speech_0137.wav
resample 44100 to 16000 in /home/sepharfi/projects/def-zshakeri/sepharfi/CUCO/data_final/Audios/Tonsill/Speech/1/Tonsill_ses1_speech_0144.wav
resample 44100 to 16000 in /home/sepharfi/projects/def-zshakeri/sepharfi/CUCO/data_final/Audios/Tonsill/Speech/1/Tonsill_ses1_speech_0145.wav
resample 44100 to 16000 in /home/sepharfi/projects/def-zshakeri/sepharfi/CUCO/data_final/Audios/Tonsill/Speech/1/Tonsill_ses1_speech_0147.wav

============================================================
  UNet-VC [TRAIN SET] — ECAPA Evaluation on Test Patients
============================================================
     Patient    Baseline   Converted     Delta
  ----------------------------------------------
        0007      0.6133      0.4961   -0.1172
        0011      0.7222      0.9042   +0.1821
        0026      0.6901      0.8047   +0.1146
        0042      0.6307      0.7247   +0.0940
        0062      0.5517      0.5147   -0.0371
        0063      0.7034      0.7489   +0.0455
        0078      0.4783      0.8650   +0.3867
        0080      0.4544      0.6074   +0.1531
        0081      0.6271      0.7019   +0.0749
        0087      0.7405      0.8495   +0.1090
        0089      0.6270      0.8179   +0.1909
        0092      0.7645      0.8040   +0.0395
        0099      0.7944      0.8412   +0.0468
        0108      0.2687      0.8581   +0.5894
        0109      0.7612      0.8688   +0.1076
        0111      0.5979      0.8715   +0.2736
        0112      0.7578      0.7721   +0.0143
        0125      0.7551      0.7559   +0.0008
        0129      0.7855      0.8299   +0.0443
        0137      0.7005      0.7375   +0.0370
        0144      0.6745      0.7047   +0.0303
        0145      0.6467      0.8521   +0.2054
        0147      0.8025      0.8857   +0.0832
  ----------------------------------------------
        Mean      0.6586      0.7746   +0.1160
         Std      0.1248      0.1090

Converted files saved to: /lustre06/project/6086959/sepharfi/VoiceConversion/Experiments/unet_vc/scripts/../converted_test
Done!
