
The following have been reloaded with a version change:
  1) python/3.11.5 => python/3.10.13

Lmod has detected the following error: These module(s) or extension(s) exist
but cannot be loaded as requested: "cuda/11.8"
   Try: "module spider cuda/11.8" to see how to load the module(s).



Using cache found in /home/sepharfi/.cache/torch/hub/bshall_knn-vc_master
/project/6086959/sepehr/VoiceConversion/.env/lib/python3.11/site-packages/torch/nn/utils/weight_norm.py:144: FutureWarning: `torch.nn.utils.weight_norm` is deprecated in favor of `torch.nn.utils.parametrizations.weight_norm`.
  WeightNorm.apply(module, name, dim)
Device: cuda
Loading kNN-VC model...
Removing weight norm...
[HiFiGAN] Generator loaded with 16,523,393 parameters.
WavLM-Large loaded with 315,453,120 parameters.

Extracting pre-surgery features...
resample 44100 to 16000 in /home/sepharfi/projects/def-zshakeri/sepehr/CUCO/data_final/Audios/Tonsill/Speech/1/Tonsill_ses1_speech_0007.wav
  Tonsill_ses1_speech_0007.wav: 3451 frames
resample 44100 to 16000 in /home/sepharfi/projects/def-zshakeri/sepehr/CUCO/data_final/Audios/Tonsill/Speech/1/Tonsill_ses1_speech_0011.wav
  Tonsill_ses1_speech_0011.wav: 3599 frames
resample 44100 to 16000 in /home/sepharfi/projects/def-zshakeri/sepehr/CUCO/data_final/Audios/Tonsill/Speech/1/Tonsill_ses1_speech_0026.wav
  Tonsill_ses1_speech_0026.wav: 2523 frames
resample 44100 to 16000 in /home/sepharfi/projects/def-zshakeri/sepehr/CUCO/data_final/Audios/Tonsill/Speech/1/Tonsill_ses1_speech_0042.wav
  Tonsill_ses1_speech_0042.wav: 3453 frames
resample 44100 to 16000 in /home/sepharfi/projects/def-zshakeri/sepehr/CUCO/data_final/Audios/Tonsill/Speech/1/Tonsill_ses1_speech_0045.wav
  Tonsill_ses1_speech_0045.wav: 3337 frames
resample 44100 to 16000 in /home/sepharfi/projects/def-zshakeri/sepehr/CUCO/data_final/Audios/Tonsill/Speech/1/Tonsill_ses1_speech_0062.wav
  Tonsill_ses1_speech_0062.wav: 2833 frames
resample 44100 to 16000 in /home/sepharfi/projects/def-zshakeri/sepehr/CUCO/data_final/Audios/Tonsill/Speech/1/Tonsill_ses1_speech_0063.wav
  Tonsill_ses1_speech_0063.wav: 2979 frames
resample 44100 to 16000 in /home/sepharfi/projects/def-zshakeri/sepehr/CUCO/data_final/Audios/Tonsill/Speech/1/Tonsill_ses1_speech_0078.wav
  Tonsill_ses1_speech_0078.wav: 3655 frames
resample 44100 to 16000 in /home/sepharfi/projects/def-zshakeri/sepehr/CUCO/data_final/Audios/Tonsill/Speech/1/Tonsill_ses1_speech_0080.wav
  Tonsill_ses1_speech_0080.wav: 3016 frames
resample 44100 to 16000 in /home/sepharfi/projects/def-zshakeri/sepehr/CUCO/data_final/Audios/Tonsill/Speech/1/Tonsill_ses1_speech_0081.wav
  Tonsill_ses1_speech_0081.wav: 3294 frames
resample 44100 to 16000 in /home/sepharfi/projects/def-zshakeri/sepehr/CUCO/data_final/Audios/Tonsill/Speech/1/Tonsill_ses1_speech_0085.wav
  Tonsill_ses1_speech_0085.wav: 2332 frames
resample 44100 to 16000 in /home/sepharfi/projects/def-zshakeri/sepehr/CUCO/data_final/Audios/Tonsill/Speech/1/Tonsill_ses1_speech_0087.wav
  Tonsill_ses1_speech_0087.wav: 2925 frames
resample 44100 to 16000 in /home/sepharfi/projects/def-zshakeri/sepehr/CUCO/data_final/Audios/Tonsill/Speech/1/Tonsill_ses1_speech_0089.wav
  Tonsill_ses1_speech_0089.wav: 3014 frames
resample 44100 to 16000 in /home/sepharfi/projects/def-zshakeri/sepehr/CUCO/data_final/Audios/Tonsill/Speech/1/Tonsill_ses1_speech_0092.wav
  Tonsill_ses1_speech_0092.wav: 2986 frames
resample 44100 to 16000 in /home/sepharfi/projects/def-zshakeri/sepehr/CUCO/data_final/Audios/Tonsill/Speech/1/Tonsill_ses1_speech_0099.wav
  Tonsill_ses1_speech_0099.wav: 3317 frames
resample 44100 to 16000 in /home/sepharfi/projects/def-zshakeri/sepehr/CUCO/data_final/Audios/Tonsill/Speech/1/Tonsill_ses1_speech_0108.wav
  Tonsill_ses1_speech_0108.wav: 2847 frames
resample 44100 to 16000 in /home/sepharfi/projects/def-zshakeri/sepehr/CUCO/data_final/Audios/Tonsill/Speech/1/Tonsill_ses1_speech_0109.wav
  Tonsill_ses1_speech_0109.wav: 2793 frames
resample 44100 to 16000 in /home/sepharfi/projects/def-zshakeri/sepehr/CUCO/data_final/Audios/Tonsill/Speech/1/Tonsill_ses1_speech_0110.wav
  Tonsill_ses1_speech_0110.wav: 3019 frames
resample 44100 to 16000 in /home/sepharfi/projects/def-zshakeri/sepehr/CUCO/data_final/Audios/Tonsill/Speech/1/Tonsill_ses1_speech_0111.wav
  Tonsill_ses1_speech_0111.wav: 2323 frames
resample 44100 to 16000 in /home/sepharfi/projects/def-zshakeri/sepehr/CUCO/data_final/Audios/Tonsill/Speech/1/Tonsill_ses1_speech_0112.wav
  Tonsill_ses1_speech_0112.wav: 3224 frames
resample 44100 to 16000 in /home/sepharfi/projects/def-zshakeri/sepehr/CUCO/data_final/Audios/Tonsill/Speech/1/Tonsill_ses1_speech_0122.wav
  Tonsill_ses1_speech_0122.wav: 2757 frames
resample 44100 to 16000 in /home/sepharfi/projects/def-zshakeri/sepehr/CUCO/data_final/Audios/Tonsill/Speech/1/Tonsill_ses1_speech_0125.wav
  Tonsill_ses1_speech_0125.wav: 2766 frames
resample 44100 to 16000 in /home/sepharfi/projects/def-zshakeri/sepehr/CUCO/data_final/Audios/Tonsill/Speech/1/Tonsill_ses1_speech_0129.wav
  Tonsill_ses1_speech_0129.wav: 3088 frames
resample 44100 to 16000 in /home/sepharfi/projects/def-zshakeri/sepehr/CUCO/data_final/Audios/Tonsill/Speech/1/Tonsill_ses1_speech_0132.wav
  Tonsill_ses1_speech_0132.wav: 2495 frames
resample 44100 to 16000 in /home/sepharfi/projects/def-zshakeri/sepehr/CUCO/data_final/Audios/Tonsill/Speech/1/Tonsill_ses1_speech_0137.wav
  Tonsill_ses1_speech_0137.wav: 3020 frames
resample 44100 to 16000 in /home/sepharfi/projects/def-zshakeri/sepehr/CUCO/data_final/Audios/Tonsill/Speech/1/Tonsill_ses1_speech_0144.wav
  Tonsill_ses1_speech_0144.wav: 2969 frames
resample 44100 to 16000 in /home/sepharfi/projects/def-zshakeri/sepehr/CUCO/data_final/Audios/Tonsill/Speech/1/Tonsill_ses1_speech_0145.wav
  Tonsill_ses1_speech_0145.wav: 2871 frames
resample 44100 to 16000 in /home/sepharfi/projects/def-zshakeri/sepehr/CUCO/data_final/Audios/Tonsill/Speech/1/Tonsill_ses1_speech_0147.wav
  Tonsill_ses1_speech_0147.wav: 2845 frames
  Total: 83731 frames (27.9 min)

Extracting post-surgery features...
resample 44100 to 16000 in /home/sepharfi/projects/def-zshakeri/sepehr/CUCO/data_final/Audios/Tonsill/Speech/2/Tonsill_ses2_speech_0007.wav
  Tonsill_ses2_speech_0007.wav: 3179 frames
resample 44100 to 16000 in /home/sepharfi/projects/def-zshakeri/sepehr/CUCO/data_final/Audios/Tonsill/Speech/2/Tonsill_ses2_speech_0011.wav
  Tonsill_ses2_speech_0011.wav: 3266 frames
resample 44100 to 16000 in /home/sepharfi/projects/def-zshakeri/sepehr/CUCO/data_final/Audios/Tonsill/Speech/2/Tonsill_ses2_speech_0026.wav
  Tonsill_ses2_speech_0026.wav: 4785 frames
resample 44100 to 16000 in /home/sepharfi/projects/def-zshakeri/sepehr/CUCO/data_final/Audios/Tonsill/Speech/2/Tonsill_ses2_speech_0042.wav
  Tonsill_ses2_speech_0042.wav: 3055 frames
resample 44100 to 16000 in /home/sepharfi/projects/def-zshakeri/sepehr/CUCO/data_final/Audios/Tonsill/Speech/2/Tonsill_ses2_speech_0045.wav
  Tonsill_ses2_speech_0045.wav: 2791 frames
resample 44100 to 16000 in /home/sepharfi/projects/def-zshakeri/sepehr/CUCO/data_final/Audios/Tonsill/Speech/2/Tonsill_ses2_speech_0062.wav
  Tonsill_ses2_speech_0062.wav: 3244 frames
resample 44100 to 16000 in /home/sepharfi/projects/def-zshakeri/sepehr/CUCO/data_final/Audios/Tonsill/Speech/2/Tonsill_ses2_speech_0063.wav
  Tonsill_ses2_speech_0063.wav: 3156 frames
resample 44100 to 16000 in /home/sepharfi/projects/def-zshakeri/sepehr/CUCO/data_final/Audios/Tonsill/Speech/2/Tonsill_ses2_speech_0078.wav
  Tonsill_ses2_speech_0078.wav: 3148 frames
resample 44100 to 16000 in /home/sepharfi/projects/def-zshakeri/sepehr/CUCO/data_final/Audios/Tonsill/Speech/2/Tonsill_ses2_speech_0080.wav
  Tonsill_ses2_speech_0080.wav: 2861 frames
resample 44100 to 16000 in /home/sepharfi/projects/def-zshakeri/sepehr/CUCO/data_final/Audios/Tonsill/Speech/2/Tonsill_ses2_speech_0081.wav
  Tonsill_ses2_speech_0081.wav: 2526 frames
resample 44100 to 16000 in /home/sepharfi/projects/def-zshakeri/sepehr/CUCO/data_final/Audios/Tonsill/Speech/2/Tonsill_ses2_speech_0085.wav
  Tonsill_ses2_speech_0085.wav: 2790 frames
resample 44100 to 16000 in /home/sepharfi/projects/def-zshakeri/sepehr/CUCO/data_final/Audios/Tonsill/Speech/2/Tonsill_ses2_speech_0087.wav
  Tonsill_ses2_speech_0087.wav: 2950 frames
resample 44100 to 16000 in /home/sepharfi/projects/def-zshakeri/sepehr/CUCO/data_final/Audios/Tonsill/Speech/2/Tonsill_ses2_speech_0089.wav
  Tonsill_ses2_speech_0089.wav: 3094 frames
resample 44100 to 16000 in /home/sepharfi/projects/def-zshakeri/sepehr/CUCO/data_final/Audios/Tonsill/Speech/2/Tonsill_ses2_speech_0092.wav
  Tonsill_ses2_speech_0092.wav: 2445 frames
resample 44100 to 16000 in /home/sepharfi/projects/def-zshakeri/sepehr/CUCO/data_final/Audios/Tonsill/Speech/2/Tonsill_ses2_speech_0099.wav
  Tonsill_ses2_speech_0099.wav: 2771 frames
resample 44100 to 16000 in /home/sepharfi/projects/def-zshakeri/sepehr/CUCO/data_final/Audios/Tonsill/Speech/2/Tonsill_ses2_speech_0108.wav
  Tonsill_ses2_speech_0108.wav: 2591 frames
resample 44100 to 16000 in /home/sepharfi/projects/def-zshakeri/sepehr/CUCO/data_final/Audios/Tonsill/Speech/2/Tonsill_ses2_speech_0109.wav
  Tonsill_ses2_speech_0109.wav: 2581 frames
resample 44100 to 16000 in /home/sepharfi/projects/def-zshakeri/sepehr/CUCO/data_final/Audios/Tonsill/Speech/2/Tonsill_ses2_speech_0110.wav
  Tonsill_ses2_speech_0110.wav: 3037 frames
resample 44100 to 16000 in /home/sepharfi/projects/def-zshakeri/sepehr/CUCO/data_final/Audios/Tonsill/Speech/2/Tonsill_ses2_speech_0111.wav
  Tonsill_ses2_speech_0111.wav: 3989 frames
resample 44100 to 16000 in /home/sepharfi/projects/def-zshakeri/sepehr/CUCO/data_final/Audios/Tonsill/Speech/2/Tonsill_ses2_speech_0112.wav
  Tonsill_ses2_speech_0112.wav: 3058 frames
resample 44100 to 16000 in /home/sepharfi/projects/def-zshakeri/sepehr/CUCO/data_final/Audios/Tonsill/Speech/2/Tonsill_ses2_speech_0122.wav
  Tonsill_ses2_speech_0122.wav: 3004 frames
resample 44100 to 16000 in /home/sepharfi/projects/def-zshakeri/sepehr/CUCO/data_final/Audios/Tonsill/Speech/2/Tonsill_ses2_speech_0125.wav
  Tonsill_ses2_speech_0125.wav: 2975 frames
resample 44100 to 16000 in /home/sepharfi/projects/def-zshakeri/sepehr/CUCO/data_final/Audios/Tonsill/Speech/2/Tonsill_ses2_speech_0129.wav
  Tonsill_ses2_speech_0129.wav: 2974 frames
resample 44100 to 16000 in /home/sepharfi/projects/def-zshakeri/sepehr/CUCO/data_final/Audios/Tonsill/Speech/2/Tonsill_ses2_speech_0132.wav
  Tonsill_ses2_speech_0132.wav: 2877 frames
resample 44100 to 16000 in /home/sepharfi/projects/def-zshakeri/sepehr/CUCO/data_final/Audios/Tonsill/Speech/2/Tonsill_ses2_speech_0137.wav
  Tonsill_ses2_speech_0137.wav: 2954 frames
resample 44100 to 16000 in /home/sepharfi/projects/def-zshakeri/sepehr/CUCO/data_final/Audios/Tonsill/Speech/2/Tonsill_ses2_speech_0144.wav
  Tonsill_ses2_speech_0144.wav: 4204 frames
resample 44100 to 16000 in /home/sepharfi/projects/def-zshakeri/sepehr/CUCO/data_final/Audios/Tonsill/Speech/2/Tonsill_ses2_speech_0145.wav
  Tonsill_ses2_speech_0145.wav: 3215 frames
resample 44100 to 16000 in /home/sepharfi/projects/def-zshakeri/sepehr/CUCO/data_final/Audios/Tonsill/Speech/2/Tonsill_ses2_speech_0147.wav
  Tonsill_ses2_speech_0147.wav: 2883 frames
  Total: 86403 frames (28.8 min)

Creating paired segments per-utterance...
  Created 5133 segments (len=64, hop=16)
  Train utterances: 24, Val utterances: 4

Train: 4395 segments, Val: 738 segments
Model parameters: 4,384,513
Epoch   1/300  train=5.018346  val=4.656680  alpha=0.1773  lr=5.00e-04
  -> Saved best model (val=4.656680)
Epoch   2/300  train=4.800928  val=4.653293  alpha=0.2457  lr=5.00e-04
  -> Saved best model (val=4.653293)
Epoch   3/300  train=4.635854  val=4.637439  alpha=0.3103  lr=5.00e-04
  -> Saved best model (val=4.637439)
Epoch   4/300  train=4.489301  val=4.589095  alpha=0.3676  lr=5.00e-04
  -> Saved best model (val=4.589095)
Epoch   5/300  train=4.364325  val=4.530738  alpha=0.4172  lr=5.00e-04
  -> Saved best model (val=4.530738)
Epoch   6/300  train=4.264536  val=4.492992  alpha=0.4582  lr=5.00e-04
  -> Saved best model (val=4.492992)
Epoch   7/300  train=4.188847  val=4.464177  alpha=0.4921  lr=4.99e-04
  -> Saved best model (val=4.464177)
Epoch   8/300  train=4.128667  val=4.452662  alpha=0.5219  lr=4.99e-04
  -> Saved best model (val=4.452662)
Epoch   9/300  train=4.081057  val=4.441349  alpha=0.5479  lr=4.99e-04
  -> Saved best model (val=4.441349)
Epoch  10/300  train=4.040484  val=4.416550  alpha=0.5720  lr=4.99e-04
  -> Saved best model (val=4.416550)
Epoch  11/300  train=3.999960  val=4.417525  alpha=0.5946  lr=4.98e-04
Epoch  12/300  train=3.963542  val=4.439541  alpha=0.6160  lr=4.98e-04
Epoch  13/300  train=3.923703  val=4.391352  alpha=0.6367  lr=4.98e-04
  -> Saved best model (val=4.391352)
Epoch  14/300  train=3.894383  val=4.414226  alpha=0.6564  lr=4.97e-04
Epoch  15/300  train=3.860411  val=4.391710  alpha=0.6757  lr=4.97e-04
Epoch  16/300  train=3.836819  val=4.393290  alpha=0.6946  lr=4.96e-04
Epoch  17/300  train=3.810509  val=4.387379  alpha=0.7128  lr=4.96e-04
  -> Saved best model (val=4.387379)
Epoch  18/300  train=3.785340  val=4.392003  alpha=0.7305  lr=4.96e-04
Epoch  19/300  train=3.764785  val=4.379446  alpha=0.7474  lr=4.95e-04
  -> Saved best model (val=4.379446)
Epoch  20/300  train=3.746519  val=4.379559  alpha=0.7639  lr=4.95e-04
Epoch  21/300  train=3.727119  val=4.381435  alpha=0.7800  lr=4.94e-04
Epoch  22/300  train=3.710447  val=4.399393  alpha=0.7957  lr=4.93e-04
Epoch  23/300  train=3.692194  val=4.380850  alpha=0.8107  lr=4.93e-04
Epoch  24/300  train=3.679467  val=4.387313  alpha=0.8254  lr=4.92e-04
Epoch  25/300  train=3.668123  val=4.383811  alpha=0.8394  lr=4.91e-04
Epoch  26/300  train=3.656005  val=4.394449  alpha=0.8533  lr=4.91e-04
Epoch  27/300  train=3.643389  val=4.385685  alpha=0.8667  lr=4.90e-04
Epoch  28/300  train=3.630581  val=4.385047  alpha=0.8801  lr=4.89e-04
Epoch  29/300  train=3.620090  val=4.379144  alpha=0.8930  lr=4.89e-04
  -> Saved best model (val=4.379144)
Epoch  30/300  train=3.611146  val=4.384075  alpha=0.9056  lr=4.88e-04
Epoch  31/300  train=3.599073  val=4.381772  alpha=0.9181  lr=4.87e-04
Epoch  32/300  train=3.593278  val=4.380822  alpha=0.9301  lr=4.86e-04
Epoch  33/300  train=3.585416  val=4.393603  alpha=0.9415  lr=4.85e-04
Epoch  34/300  train=3.576746  val=4.378545  alpha=0.9529  lr=4.84e-04
  -> Saved best model (val=4.378545)
Epoch  35/300  train=3.567165  val=4.389246  alpha=0.9641  lr=4.83e-04
Epoch  36/300  train=3.560677  val=4.384578  alpha=0.9754  lr=4.82e-04
Epoch  37/300  train=3.553003  val=4.393768  alpha=0.9861  lr=4.81e-04
Epoch  38/300  train=3.545987  val=4.397012  alpha=0.9970  lr=4.80e-04
Epoch  39/300  train=3.543177  val=4.398964  alpha=1.0074  lr=4.79e-04
Epoch  40/300  train=3.535764  val=4.394620  alpha=1.0179  lr=4.78e-04
Epoch  41/300  train=3.530676  val=4.399309  alpha=1.0275  lr=4.77e-04
Epoch  42/300  train=3.526584  val=4.390818  alpha=1.0375  lr=4.76e-04
Epoch  43/300  train=3.519562  val=4.404637  alpha=1.0476  lr=4.75e-04
Epoch  44/300  train=3.515251  val=4.387766  alpha=1.0570  lr=4.74e-04
Epoch  45/300  train=3.509812  val=4.400540  alpha=1.0659  lr=4.73e-04
Epoch  46/300  train=3.505986  val=4.390680  alpha=1.0753  lr=4.72e-04
Epoch  47/300  train=3.502440  val=4.390026  alpha=1.0845  lr=4.70e-04
Epoch  48/300  train=3.496838  val=4.389245  alpha=1.0933  lr=4.69e-04
Epoch  49/300  train=3.494279  val=4.393513  alpha=1.1020  lr=4.68e-04
Epoch  50/300  train=3.491430  val=4.381327  alpha=1.1112  lr=4.67e-04
Epoch  51/300  train=3.485296  val=4.391621  alpha=1.1204  lr=4.65e-04
Epoch  52/300  train=3.482735  val=4.381856  alpha=1.1297  lr=4.64e-04
Epoch  53/300  train=3.477863  val=4.386948  alpha=1.1384  lr=4.62e-04
Epoch  54/300  train=3.473145  val=4.400180  alpha=1.1470  lr=4.61e-04
Epoch  55/300  train=3.472565  val=4.401818  alpha=1.1556  lr=4.60e-04
Epoch  56/300  train=3.468790  val=4.396517  alpha=1.1641  lr=4.58e-04
Epoch  57/300  train=3.465039  val=4.396317  alpha=1.1726  lr=4.57e-04
Epoch  58/300  train=3.462339  val=4.384341  alpha=1.1804  lr=4.55e-04
Epoch  59/300  train=3.459692  val=4.384777  alpha=1.1887  lr=4.54e-04
Epoch  60/300  train=3.456572  val=4.400467  alpha=1.1970  lr=4.52e-04
Epoch  61/300  train=3.454013  val=4.398216  alpha=1.2045  lr=4.51e-04
Epoch  62/300  train=3.451096  val=4.383276  alpha=1.2129  lr=4.49e-04
Epoch  63/300  train=3.448564  val=4.395789  alpha=1.2205  lr=4.48e-04
Epoch  64/300  train=3.447415  val=4.384021  alpha=1.2281  lr=4.46e-04
Epoch  65/300  train=3.444613  val=4.387829  alpha=1.2365  lr=4.44e-04
Epoch  66/300  train=3.441877  val=4.406703  alpha=1.2438  lr=4.43e-04
Epoch  67/300  train=3.437827  val=4.399800  alpha=1.2511  lr=4.41e-04
Epoch  68/300  train=3.436531  val=4.390582  alpha=1.2582  lr=4.39e-04
Epoch  69/300  train=3.433489  val=4.388086  alpha=1.2659  lr=4.38e-04
Epoch  70/300  train=3.432357  val=4.389319  alpha=1.2735  lr=4.36e-04
Epoch  71/300  train=3.429609  val=4.391611  alpha=1.2803  lr=4.34e-04
Epoch  72/300  train=3.427675  val=4.384976  alpha=1.2874  lr=4.32e-04
Epoch  73/300  train=3.427737  val=4.388199  alpha=1.2939  lr=4.30e-04
Epoch  74/300  train=3.420821  val=4.390802  alpha=1.3009  lr=4.29e-04

Early stopping at epoch 74 (patience=40)

Training complete. Best val loss: 4.378545
Model saved to /project/6086959/sepehr/VoiceConversion/unet_vc/scripts/../checkpoints/best_model.pt
Using cache found in /home/sepharfi/.cache/torch/hub/bshall_knn-vc_master
/project/6086959/sepehr/VoiceConversion/.env/lib/python3.11/site-packages/torch/nn/utils/weight_norm.py:144: FutureWarning: `torch.nn.utils.weight_norm` is deprecated in favor of `torch.nn.utils.parametrizations.weight_norm`.
  WeightNorm.apply(module, name, dim)
Device: cuda
Loading kNN-VC model...
Removing weight norm...
[HiFiGAN] Generator loaded with 16,523,393 parameters.
WavLM-Large loaded with 315,453,120 parameters.
Loading checkpoint: /project/6086959/sepehr/VoiceConversion/unet_vc/scripts/../checkpoints/best_model.pt
Loaded model from epoch 34 (val_loss=4.378545, alpha=0.9529)
Converting 28 files...
resample 44100 to 16000 in /home/sepharfi/projects/def-zshakeri/sepehr/CUCO/data_final/Audios/Tonsill/Speech/1/Tonsill_ses1_speech_0007.wav
  Tonsill_ses1_speech_0007.wav -> Tonsill_ses1_speech_0007.wav (69.0s)
resample 44100 to 16000 in /home/sepharfi/projects/def-zshakeri/sepehr/CUCO/data_final/Audios/Tonsill/Speech/1/Tonsill_ses1_speech_0011.wav
  Tonsill_ses1_speech_0011.wav -> Tonsill_ses1_speech_0011.wav (72.0s)
resample 44100 to 16000 in /home/sepharfi/projects/def-zshakeri/sepehr/CUCO/data_final/Audios/Tonsill/Speech/1/Tonsill_ses1_speech_0026.wav
  Tonsill_ses1_speech_0026.wav -> Tonsill_ses1_speech_0026.wav (50.5s)
resample 44100 to 16000 in /home/sepharfi/projects/def-zshakeri/sepehr/CUCO/data_final/Audios/Tonsill/Speech/1/Tonsill_ses1_speech_0042.wav
  Tonsill_ses1_speech_0042.wav -> Tonsill_ses1_speech_0042.wav (69.1s)
resample 44100 to 16000 in /home/sepharfi/projects/def-zshakeri/sepehr/CUCO/data_final/Audios/Tonsill/Speech/1/Tonsill_ses1_speech_0045.wav
  Tonsill_ses1_speech_0045.wav -> Tonsill_ses1_speech_0045.wav (66.7s)
resample 44100 to 16000 in /home/sepharfi/projects/def-zshakeri/sepehr/CUCO/data_final/Audios/Tonsill/Speech/1/Tonsill_ses1_speech_0062.wav
  Tonsill_ses1_speech_0062.wav -> Tonsill_ses1_speech_0062.wav (56.7s)
resample 44100 to 16000 in /home/sepharfi/projects/def-zshakeri/sepehr/CUCO/data_final/Audios/Tonsill/Speech/1/Tonsill_ses1_speech_0063.wav
  Tonsill_ses1_speech_0063.wav -> Tonsill_ses1_speech_0063.wav (59.6s)
resample 44100 to 16000 in /home/sepharfi/projects/def-zshakeri/sepehr/CUCO/data_final/Audios/Tonsill/Speech/1/Tonsill_ses1_speech_0078.wav
  Tonsill_ses1_speech_0078.wav -> Tonsill_ses1_speech_0078.wav (73.1s)
resample 44100 to 16000 in /home/sepharfi/projects/def-zshakeri/sepehr/CUCO/data_final/Audios/Tonsill/Speech/1/Tonsill_ses1_speech_0080.wav
  Tonsill_ses1_speech_0080.wav -> Tonsill_ses1_speech_0080.wav (60.3s)
resample 44100 to 16000 in /home/sepharfi/projects/def-zshakeri/sepehr/CUCO/data_final/Audios/Tonsill/Speech/1/Tonsill_ses1_speech_0081.wav
  Tonsill_ses1_speech_0081.wav -> Tonsill_ses1_speech_0081.wav (65.9s)
resample 44100 to 16000 in /home/sepharfi/projects/def-zshakeri/sepehr/CUCO/data_final/Audios/Tonsill/Speech/1/Tonsill_ses1_speech_0085.wav
  Tonsill_ses1_speech_0085.wav -> Tonsill_ses1_speech_0085.wav (46.6s)
resample 44100 to 16000 in /home/sepharfi/projects/def-zshakeri/sepehr/CUCO/data_final/Audios/Tonsill/Speech/1/Tonsill_ses1_speech_0087.wav
  Tonsill_ses1_speech_0087.wav -> Tonsill_ses1_speech_0087.wav (58.5s)
resample 44100 to 16000 in /home/sepharfi/projects/def-zshakeri/sepehr/CUCO/data_final/Audios/Tonsill/Speech/1/Tonsill_ses1_speech_0089.wav
  Tonsill_ses1_speech_0089.wav -> Tonsill_ses1_speech_0089.wav (60.3s)
resample 44100 to 16000 in /home/sepharfi/projects/def-zshakeri/sepehr/CUCO/data_final/Audios/Tonsill/Speech/1/Tonsill_ses1_speech_0092.wav
  Tonsill_ses1_speech_0092.wav -> Tonsill_ses1_speech_0092.wav (59.7s)
resample 44100 to 16000 in /home/sepharfi/projects/def-zshakeri/sepehr/CUCO/data_final/Audios/Tonsill/Speech/1/Tonsill_ses1_speech_0099.wav
  Tonsill_ses1_speech_0099.wav -> Tonsill_ses1_speech_0099.wav (66.3s)
resample 44100 to 16000 in /home/sepharfi/projects/def-zshakeri/sepehr/CUCO/data_final/Audios/Tonsill/Speech/1/Tonsill_ses1_speech_0108.wav
  Tonsill_ses1_speech_0108.wav -> Tonsill_ses1_speech_0108.wav (56.9s)
resample 44100 to 16000 in /home/sepharfi/projects/def-zshakeri/sepehr/CUCO/data_final/Audios/Tonsill/Speech/1/Tonsill_ses1_speech_0109.wav
  Tonsill_ses1_speech_0109.wav -> Tonsill_ses1_speech_0109.wav (55.9s)
resample 44100 to 16000 in /home/sepharfi/projects/def-zshakeri/sepehr/CUCO/data_final/Audios/Tonsill/Speech/1/Tonsill_ses1_speech_0110.wav
  Tonsill_ses1_speech_0110.wav -> Tonsill_ses1_speech_0110.wav (60.4s)
resample 44100 to 16000 in /home/sepharfi/projects/def-zshakeri/sepehr/CUCO/data_final/Audios/Tonsill/Speech/1/Tonsill_ses1_speech_0111.wav
  Tonsill_ses1_speech_0111.wav -> Tonsill_ses1_speech_0111.wav (46.5s)
resample 44100 to 16000 in /home/sepharfi/projects/def-zshakeri/sepehr/CUCO/data_final/Audios/Tonsill/Speech/1/Tonsill_ses1_speech_0112.wav
  Tonsill_ses1_speech_0112.wav -> Tonsill_ses1_speech_0112.wav (64.5s)
resample 44100 to 16000 in /home/sepharfi/projects/def-zshakeri/sepehr/CUCO/data_final/Audios/Tonsill/Speech/1/Tonsill_ses1_speech_0122.wav
  Tonsill_ses1_speech_0122.wav -> Tonsill_ses1_speech_0122.wav (55.1s)
resample 44100 to 16000 in /home/sepharfi/projects/def-zshakeri/sepehr/CUCO/data_final/Audios/Tonsill/Speech/1/Tonsill_ses1_speech_0125.wav
  Tonsill_ses1_speech_0125.wav -> Tonsill_ses1_speech_0125.wav (55.3s)
resample 44100 to 16000 in /home/sepharfi/projects/def-zshakeri/sepehr/CUCO/data_final/Audios/Tonsill/Speech/1/Tonsill_ses1_speech_0129.wav
  Tonsill_ses1_speech_0129.wav -> Tonsill_ses1_speech_0129.wav (61.8s)
resample 44100 to 16000 in /home/sepharfi/projects/def-zshakeri/sepehr/CUCO/data_final/Audios/Tonsill/Speech/1/Tonsill_ses1_speech_0132.wav
  Tonsill_ses1_speech_0132.wav -> Tonsill_ses1_speech_0132.wav (49.9s)
resample 44100 to 16000 in /home/sepharfi/projects/def-zshakeri/sepehr/CUCO/data_final/Audios/Tonsill/Speech/1/Tonsill_ses1_speech_0137.wav
  Tonsill_ses1_speech_0137.wav -> Tonsill_ses1_speech_0137.wav (60.4s)
resample 44100 to 16000 in /home/sepharfi/projects/def-zshakeri/sepehr/CUCO/data_final/Audios/Tonsill/Speech/1/Tonsill_ses1_speech_0144.wav
  Tonsill_ses1_speech_0144.wav -> Tonsill_ses1_speech_0144.wav (59.4s)
resample 44100 to 16000 in /home/sepharfi/projects/def-zshakeri/sepehr/CUCO/data_final/Audios/Tonsill/Speech/1/Tonsill_ses1_speech_0145.wav
  Tonsill_ses1_speech_0145.wav -> Tonsill_ses1_speech_0145.wav (57.4s)
resample 44100 to 16000 in /home/sepharfi/projects/def-zshakeri/sepehr/CUCO/data_final/Audios/Tonsill/Speech/1/Tonsill_ses1_speech_0147.wav
  Tonsill_ses1_speech_0147.wav -> Tonsill_ses1_speech_0147.wav (56.9s)
Done.
Warning: You are sending unauthenticated requests to the HF Hub. Please set a HF_TOKEN to enable higher rate limits and faster downloads.
Evaluating 28 converted files...
Source dir: /home/sepharfi/projects/def-zshakeri/sepehr/CUCO/data_final/Audios/Tonsill/Speech/1
Target dir: /home/sepharfi/projects/def-zshakeri/sepehr/CUCO/data_final/Audios/Tonsill/Speech/2

  [Loaded ECAPA-TDNN speaker encoder]
  Tonsill_ses1_speech_0007: SpkSim(t)=0.771 SpkSim(s)=0.786 LSD(t)=1.79 SED(t)=1.9
  Tonsill_ses1_speech_0011: SpkSim(t)=0.836 SpkSim(s)=0.869 LSD(t)=1.83 SED(t)=3.2
  Tonsill_ses1_speech_0026: SpkSim(t)=0.709 SpkSim(s)=0.567 LSD(t)=2.08 SED(t)=2.3
  Tonsill_ses1_speech_0042: SpkSim(t)=0.740 SpkSim(s)=0.701 LSD(t)=1.98 SED(t)=4.0
  Tonsill_ses1_speech_0045: SpkSim(t)=0.842 SpkSim(s)=0.836 LSD(t)=2.09 SED(t)=1.9
  Tonsill_ses1_speech_0062: SpkSim(t)=0.655 SpkSim(s)=0.682 LSD(t)=1.85 SED(t)=2.4
  Tonsill_ses1_speech_0063: SpkSim(t)=0.806 SpkSim(s)=0.776 LSD(t)=1.89 SED(t)=2.8
  Tonsill_ses1_speech_0078: SpkSim(t)=0.810 SpkSim(s)=0.634 LSD(t)=1.80 SED(t)=3.2
  Tonsill_ses1_speech_0080: SpkSim(t)=0.777 SpkSim(s)=0.569 LSD(t)=2.05 SED(t)=2.8
  Tonsill_ses1_speech_0081: SpkSim(t)=0.799 SpkSim(s)=0.736 LSD(t)=1.98 SED(t)=1.4
  Tonsill_ses1_speech_0085: SpkSim(t)=0.819 SpkSim(s)=0.772 LSD(t)=2.10 SED(t)=2.0
  Tonsill_ses1_speech_0087: SpkSim(t)=0.856 SpkSim(s)=0.776 LSD(t)=1.93 SED(t)=1.9
  Tonsill_ses1_speech_0089: SpkSim(t)=0.757 SpkSim(s)=0.743 LSD(t)=2.06 SED(t)=3.5
  Tonsill_ses1_speech_0092: SpkSim(t)=0.693 SpkSim(s)=0.689 LSD(t)=1.88 SED(t)=3.6
  Tonsill_ses1_speech_0099: SpkSim(t)=0.746 SpkSim(s)=0.768 LSD(t)=1.86 SED(t)=2.0
  Tonsill_ses1_speech_0108: SpkSim(t)=0.816 SpkSim(s)=0.505 LSD(t)=1.95 SED(t)=2.8
  Tonsill_ses1_speech_0109: SpkSim(t)=0.832 SpkSim(s)=0.721 LSD(t)=1.98 SED(t)=3.3
  Tonsill_ses1_speech_0110: SpkSim(t)=0.857 SpkSim(s)=0.718 LSD(t)=2.27 SED(t)=2.1
  Tonsill_ses1_speech_0111: SpkSim(t)=0.772 SpkSim(s)=0.654 LSD(t)=1.71 SED(t)=3.3
  Tonsill_ses1_speech_0112: SpkSim(t)=0.784 SpkSim(s)=0.856 LSD(t)=2.02 SED(t)=2.3
  Tonsill_ses1_speech_0122: SpkSim(t)=0.704 SpkSim(s)=0.789 LSD(t)=2.02 SED(t)=6.3
  Tonsill_ses1_speech_0125: SpkSim(t)=0.767 SpkSim(s)=0.715 LSD(t)=2.21 SED(t)=3.0
  Tonsill_ses1_speech_0129: SpkSim(t)=0.894 SpkSim(s)=0.821 LSD(t)=1.83 SED(t)=2.0
  Tonsill_ses1_speech_0132: SpkSim(t)=0.844 SpkSim(s)=0.529 LSD(t)=1.80 SED(t)=1.7
  Tonsill_ses1_speech_0137: SpkSim(t)=0.798 SpkSim(s)=0.805 LSD(t)=2.13 SED(t)=2.2
  Tonsill_ses1_speech_0144: SpkSim(t)=0.820 SpkSim(s)=0.784 LSD(t)=2.14 SED(t)=1.9
  Tonsill_ses1_speech_0145: SpkSim(t)=0.844 SpkSim(s)=0.645 LSD(t)=1.76 SED(t)=2.2
  Tonsill_ses1_speech_0147: SpkSim(t)=0.828 SpkSim(s)=0.811 LSD(t)=1.98 SED(t)=1.7

======================================================================
  UNet-VC — Evaluation Summary
======================================================================

  Baseline (real pre vs real post — same patient, no conversion):
    Speaker Similarity:  0.661 +/- 0.118
    LSD:                 1.86 +/- 0.13 dB
    SED:                 4.68 +/- 2.59 dB

  Voice Identity Match — 28 paired samples:
    Converted vs Target post (higher=better):  0.792 +/- 0.055
    Converted vs Source pre  (reference):      0.723 +/- 0.095

  Spectral Quality:
    LSD to target (lower=better):       1.96 +/- 0.14 dB
    SED to target (lower=better):       2.64 +/- 0.97 dB

  Content Preservation (source vs converted):
    LSD (lower=preserved):              1.33 +/- 0.08 dB
    SED (lower=preserved):              3.83 +/- 2.16 dB

  Conversion Effectiveness:
    Baseline (pre vs post same patient):        0.661
    Converted vs target post-surgery:           0.792
    Converted vs source pre-surgery:            0.723
    -> Converted voice is CLOSER to post-surgery than to pre-surgery
    SED reduction vs baseline: +43.7%
======================================================================
