================================================
  UNet-VC + Audio Augmentation — 5-Fold CV + Train
  Augmentation: pitch shift (+-2 st), time stretch (0.92-1.08),
  gain (+-3 dB), Gaussian noise. 3 augmentation rounds.
  Test patients (0045,0085,0110,0122,0132) are NOT augmented.
================================================
Using cache found in /home/sepharfi/.cache/torch/hub/bshall_knn-vc_master
/home/sepharfi/envs/myenv/lib/python3.11/site-packages/torch/nn/utils/weight_norm.py:144: FutureWarning: `torch.nn.utils.weight_norm` is deprecated in favor of `torch.nn.utils.parametrizations.weight_norm`.
  WeightNorm.apply(module, name, dim)
Device: cuda
Loading kNN-VC model...
Removing weight norm...
[HiFiGAN] Generator loaded with 16,523,393 parameters.
WavLM-Large loaded with 315,453,120 parameters.

Extracting pre-surgery features (282 files)...
resample 44100 to 16000 in /home/sepharfi/projects/def-zshakeri/sepharfi/CUCO/data_final/Audios/Tonsill/Speech/1/Tonsill_ses1_speech_0007.wav
resample 44100 to 16000 in /home/sepharfi/projects/def-zshakeri/sepharfi/CUCO/data_final/Audios/Tonsill/TDU/Agua/1/Tonsill_ses1_agua_0007.wav
resample 44100 to 16000 in /home/sepharfi/projects/def-zshakeri/sepharfi/CUCO/data_final/Audios/Tonsill/TDU/Brasero/1/Tonsill_ses1_brasero_0007.wav
resample 44100 to 16000 in /home/sepharfi/projects/def-zshakeri/sepharfi/CUCO/data_final/Audios/Tonsill/TDU/Dia/1/Tonsill_ses1_dia_0007.wav
resample 44100 to 16000 in /home/sepharfi/projects/def-zshakeri/sepharfi/CUCO/data_final/Audios/Tonsill/TDU/Mesa/1/Tonsill_ses1_mesa_0007.wav
resample 44100 to 16000 in /home/sepharfi/projects/def-zshakeri/sepharfi/CUCO/data_final/Audios/Tonsill/Vowels/A/1/Tonsill_ses1_a_0007.wav
resample 44100 to 16000 in /home/sepharfi/projects/def-zshakeri/sepharfi/CUCO/data_final/Audios/Tonsill/Vowels/E/1/Tonsill_ses1_e_0007.wav
resample 44100 to 16000 in /home/sepharfi/projects/def-zshakeri/sepharfi/CUCO/data_final/Audios/Tonsill/Vowels/I/1/Tonsill_ses1_i_0007.wav
resample 44100 to 16000 in /home/sepharfi/projects/def-zshakeri/sepharfi/CUCO/data_final/Audios/Tonsill/Vowels/O/1/Tonsill_ses1_o_0007.wav
resample 44100 to 16000 in /home/sepharfi/projects/def-zshakeri/sepharfi/CUCO/data_final/Audios/Tonsill/Vowels/U/1/Tonsill_ses1_u_0007.wav
resample 44100 to 16000 in /home/sepharfi/projects/def-zshakeri/sepharfi/CUCO/data_final/Audios/Tonsill/Sustained vowels/A1/1/Tonsill_ses1_a1_0007.wav
resample 44100 to 16000 in /home/sepharfi/projects/def-zshakeri/sepharfi/CUCO/data_final/Audios/Tonsill/Sustained vowels/A2/1/Tonsill_ses1_a2_0007.wav
resample 44100 to 16000 in /home/sepharfi/projects/def-zshakeri/sepharfi/CUCO/data_final/Audios/Tonsill/Sustained vowels/A3/1/Tonsill_ses1_a3_0007.wav
resample 44100 to 16000 in /home/sepharfi/projects/def-zshakeri/sepharfi/CUCO/data_final/Audios/Tonsill/Speech/1/Tonsill_ses1_speech_0011.wav
resample 44100 to 16000 in /home/sepharfi/projects/def-zshakeri/sepharfi/CUCO/data_final/Audios/Tonsill/TDU/Agua/1/Tonsill_ses1_agua_0011.wav
resample 44100 to 16000 in /home/sepharfi/projects/def-zshakeri/sepharfi/CUCO/data_final/Audios/Tonsill/TDU/Brasero/1/Tonsill_ses1_brasero_0011.wav
resample 44100 to 16000 in /home/sepharfi/projects/def-zshakeri/sepharfi/CUCO/data_final/Audios/Tonsill/TDU/Dia/1/Tonsill_ses1_dia_0011.wav
resample 44100 to 16000 in /home/sepharfi/projects/def-zshakeri/sepharfi/CUCO/data_final/Audios/Tonsill/TDU/Mesa/1/Tonsill_ses1_mesa_0011.wav
resample 44100 to 16000 in /home/sepharfi/projects/def-zshakeri/sepharfi/CUCO/data_final/Audios/Tonsill/Vowels/A/1/Tonsill_ses1_a_0011.wav
resample 44100 to 16000 in /home/sepharfi/projects/def-zshakeri/sepharfi/CUCO/data_final/Audios/Tonsill/Vowels/E/1/Tonsill_ses1_e_0011.wav
resample 44100 to 16000 in /home/sepharfi/projects/def-zshakeri/sepharfi/CUCO/data_final/Audios/Tonsill/Vowels/I/1/Tonsill_ses1_i_0011.wav
resample 44100 to 16000 in /home/sepharfi/projects/def-zshakeri/sepharfi/CUCO/data_final/Audios/Tonsill/Vowels/O/1/Tonsill_ses1_o_0011.wav
resample 44100 to 16000 in /home/sepharfi/projects/def-zshakeri/sepharfi/CUCO/data_final/Audios/Tonsill/Vowels/U/1/Tonsill_ses1_u_0011.wav
resample 44100 to 16000 in /home/sepharfi/projects/def-zshakeri/sepharfi/CUCO/data_final/Audios/Tonsill/Sustained vowels/A1/1/Tonsill_ses1_a1_0011.wav
resample 44100 to 16000 in /home/sepharfi/projects/def-zshakeri/sepharfi/CUCO/data_final/Audios/Tonsill/Sustained vowels/A2/1/Tonsill_ses1_a2_0011.wav
resample 44100 to 16000 in /home/sepharfi/projects/def-zshakeri/sepharfi/CUCO/data_final/Audios/Tonsill/Sustained vowels/A3/1/Tonsill_ses1_a3_0011.wav
resample 44100 to 16000 in /home/sepharfi/projects/def-zshakeri/sepharfi/CUCO/data_final/Audios/Tonsill/Speech/1/Tonsill_ses1_speech_0026.wav
resample 44100 to 16000 in /home/sepharfi/projects/def-zshakeri/sepharfi/CUCO/data_final/Audios/Tonsill/TDU/Agua/1/Tonsill_ses1_agua_0026.wav
resample 44100 to 16000 in /home/sepharfi/projects/def-zshakeri/sepharfi/CUCO/data_final/Audios/Tonsill/TDU/Brasero/1/Tonsill_ses1_brasero_0026.wav
resample 44100 to 16000 in /home/sepharfi/projects/def-zshakeri/sepharfi/CUCO/data_final/Audios/Tonsill/TDU/Dia/1/Tonsill_ses1_dia_0026.wav
resample 44100 to 16000 in /home/sepharfi/projects/def-zshakeri/sepharfi/CUCO/data_final/Audios/Tonsill/TDU/Mesa/1/Tonsill_ses1_mesa_0026.wav
resample 44100 to 16000 in /home/sepharfi/projects/def-zshakeri/sepharfi/CUCO/data_final/Audios/Tonsill/Vowels/A/1/Tonsill_ses1_a_0026.wav
resample 44100 to 16000 in /home/sepharfi/projects/def-zshakeri/sepharfi/CUCO/data_final/Audios/Tonsill/Vowels/E/1/Tonsill_ses1_e_0026.wav
resample 44100 to 16000 in /home/sepharfi/projects/def-zshakeri/sepharfi/CUCO/data_final/Audios/Tonsill/Vowels/I/1/Tonsill_ses1_i_0026.wav
resample 44100 to 16000 in /home/sepharfi/projects/def-zshakeri/sepharfi/CUCO/data_final/Audios/Tonsill/Vowels/O/1/Tonsill_ses1_o_0026.wav
resample 44100 to 16000 in /home/sepharfi/projects/def-zshakeri/sepharfi/CUCO/data_final/Audios/Tonsill/Vowels/U/1/Tonsill_ses1_u_0026.wav
resample 44100 to 16000 in /home/sepharfi/projects/def-zshakeri/sepharfi/CUCO/data_final/Audios/Tonsill/Sustained vowels/A1/1/Tonsill_ses1_a1_0026.wav
resample 44100 to 16000 in /home/sepharfi/projects/def-zshakeri/sepharfi/CUCO/data_final/Audios/Tonsill/Sustained vowels/A2/1/Tonsill_ses1_a2_0026.wav
resample 44100 to 16000 in /home/sepharfi/projects/def-zshakeri/sepharfi/CUCO/data_final/Audios/Tonsill/Sustained vowels/A3/1/Tonsill_ses1_a3_0026.wav
resample 44100 to 16000 in /home/sepharfi/projects/def-zshakeri/sepharfi/CUCO/data_final/Audios/Tonsill/Speech/1/Tonsill_ses1_speech_0042.wav
resample 44100 to 16000 in /home/sepharfi/projects/def-zshakeri/sepharfi/CUCO/data_final/Audios/Tonsill/TDU/Agua/1/Tonsill_ses1_agua_0042.wav
resample 44100 to 16000 in /home/sepharfi/projects/def-zshakeri/sepharfi/CUCO/data_final/Audios/Tonsill/TDU/Brasero/1/Tonsill_ses1_brasero_0042.wav
resample 44100 to 16000 in /home/sepharfi/projects/def-zshakeri/sepharfi/CUCO/data_final/Audios/Tonsill/TDU/Dia/1/Tonsill_ses1_dia_0042.wav
resample 44100 to 16000 in /home/sepharfi/projects/def-zshakeri/sepharfi/CUCO/data_final/Audios/Tonsill/TDU/Mesa/1/Tonsill_ses1_mesa_0042.wav
resample 44100 to 16000 in /home/sepharfi/projects/def-zshakeri/sepharfi/CUCO/data_final/Audios/Tonsill/Vowels/A/1/Tonsill_ses1_a_0042.wav
resample 44100 to 16000 in /home/sepharfi/projects/def-zshakeri/sepharfi/CUCO/data_final/Audios/Tonsill/Vowels/E/1/Tonsill_ses1_e_0042.wav
resample 44100 to 16000 in /home/sepharfi/projects/def-zshakeri/sepharfi/CUCO/data_final/Audios/Tonsill/Vowels/I/1/Tonsill_ses1_i_0042.wav
resample 44100 to 16000 in /home/sepharfi/projects/def-zshakeri/sepharfi/CUCO/data_final/Audios/Tonsill/Vowels/O/1/Tonsill_ses1_o_0042.wav
resample 44100 to 16000 in /home/sepharfi/projects/def-zshakeri/sepharfi/CUCO/data_final/Audios/Tonsill/Vowels/U/1/Tonsill_ses1_u_0042.wav
resample 44100 to 16000 in /home/sepharfi/projects/def-zshakeri/sepharfi/CUCO/data_final/Audios/Tonsill/Sustained vowels/A1/1/Tonsill_ses1_a1_0042.wav
resample 44100 to 16000 in /home/sepharfi/projects/def-zshakeri/sepharfi/CUCO/data_final/Audios/Tonsill/Sustained vowels/A2/1/Tonsill_ses1_a2_0042.wav
resample 44100 to 16000 in /home/sepharfi/projects/def-zshakeri/sepharfi/CUCO/data_final/Audios/Tonsill/Sustained vowels/A3/1/Tonsill_ses1_a3_0042.wav
resample 44100 to 16000 in /home/sepharfi/projects/def-zshakeri/sepharfi/CUCO/data_final/Audios/Tonsill/Speech/1/Tonsill_ses1_speech_0062.wav
resample 44100 to 16000 in /home/sepharfi/projects/def-zshakeri/sepharfi/CUCO/data_final/Audios/Tonsill/TDU/Agua/1/Tonsill_ses1_agua_0062.wav
resample 44100 to 16000 in /home/sepharfi/projects/def-zshakeri/sepharfi/CUCO/data_final/Audios/Tonsill/TDU/Brasero/1/Tonsill_ses1_brasero_0062.wav
resample 44100 to 16000 in /home/sepharfi/projects/def-zshakeri/sepharfi/CUCO/data_final/Audios/Tonsill/TDU/Dia/1/Tonsill_ses1_dia_0062.wav
resample 44100 to 16000 in /home/sepharfi/projects/def-zshakeri/sepharfi/CUCO/data_final/Audios/Tonsill/TDU/Mesa/1/Tonsill_ses1_mesa_0062.wav
resample 44100 to 16000 in /home/sepharfi/projects/def-zshakeri/sepharfi/CUCO/data_final/Audios/Tonsill/Vowels/A/1/Tonsill_ses1_a_0062.wav
resample 44100 to 16000 in /home/sepharfi/projects/def-zshakeri/sepharfi/CUCO/data_final/Audios/Tonsill/Vowels/E/1/Tonsill_ses1_e_0062.wav
resample 44100 to 16000 in /home/sepharfi/projects/def-zshakeri/sepharfi/CUCO/data_final/Audios/Tonsill/Vowels/I/1/Tonsill_ses1_i_0062.wav
resample 44100 to 16000 in /home/sepharfi/projects/def-zshakeri/sepharfi/CUCO/data_final/Audios/Tonsill/Vowels/O/1/Tonsill_ses1_o_0062.wav
resample 44100 to 16000 in /home/sepharfi/projects/def-zshakeri/sepharfi/CUCO/data_final/Audios/Tonsill/Vowels/U/1/Tonsill_ses1_u_0062.wav
resample 44100 to 16000 in /home/sepharfi/projects/def-zshakeri/sepharfi/CUCO/data_final/Audios/Tonsill/Sustained vowels/A1/1/Tonsill_ses1_a1_0062.wav
resample 44100 to 16000 in /home/sepharfi/projects/def-zshakeri/sepharfi/CUCO/data_final/Audios/Tonsill/Sustained vowels/A2/1/Tonsill_ses1_a2_0062.wav
resample 44100 to 16000 in /home/sepharfi/projects/def-zshakeri/sepharfi/CUCO/data_final/Audios/Tonsill/Sustained vowels/A3/1/Tonsill_ses1_a3_0062.wav
resample 44100 to 16000 in /home/sepharfi/projects/def-zshakeri/sepharfi/CUCO/data_final/Audios/Tonsill/Speech/1/Tonsill_ses1_speech_0063.wav
resample 44100 to 16000 in /home/sepharfi/projects/def-zshakeri/sepharfi/CUCO/data_final/Audios/Tonsill/TDU/Agua/1/Tonsill_ses1_agua_0063.wav
resample 44100 to 16000 in /home/sepharfi/projects/def-zshakeri/sepharfi/CUCO/data_final/Audios/Tonsill/TDU/Brasero/1/Tonsill_ses1_brasero_0063.wav
resample 44100 to 16000 in /home/sepharfi/projects/def-zshakeri/sepharfi/CUCO/data_final/Audios/Tonsill/TDU/Dia/1/Tonsill_ses1_dia_0063.wav
resample 44100 to 16000 in /home/sepharfi/projects/def-zshakeri/sepharfi/CUCO/data_final/Audios/Tonsill/TDU/Mesa/1/Tonsill_ses1_mesa_0063.wav
resample 44100 to 16000 in /home/sepharfi/projects/def-zshakeri/sepharfi/CUCO/data_final/Audios/Tonsill/Vowels/A/1/Tonsill_ses1_a_0063.wav
resample 44100 to 16000 in /home/sepharfi/projects/def-zshakeri/sepharfi/CUCO/data_final/Audios/Tonsill/Vowels/E/1/Tonsill_ses1_e_0063.wav
resample 44100 to 16000 in /home/sepharfi/projects/def-zshakeri/sepharfi/CUCO/data_final/Audios/Tonsill/Vowels/I/1/Tonsill_ses1_i_0063.wav
resample 44100 to 16000 in /home/sepharfi/projects/def-zshakeri/sepharfi/CUCO/data_final/Audios/Tonsill/Vowels/O/1/Tonsill_ses1_o_0063.wav
resample 44100 to 16000 in /home/sepharfi/projects/def-zshakeri/sepharfi/CUCO/data_final/Audios/Tonsill/Vowels/U/1/Tonsill_ses1_u_0063.wav
resample 44100 to 16000 in /home/sepharfi/projects/def-zshakeri/sepharfi/CUCO/data_final/Audios/Tonsill/Sustained vowels/A1/1/Tonsill_ses1_a1_0063.wav
resample 44100 to 16000 in /home/sepharfi/projects/def-zshakeri/sepharfi/CUCO/data_final/Audios/Tonsill/Sustained vowels/A2/1/Tonsill_ses1_a2_0063.wav
resample 44100 to 16000 in /home/sepharfi/projects/def-zshakeri/sepharfi/CUCO/data_final/Audios/Tonsill/Sustained vowels/A3/1/Tonsill_ses1_a3_0063.wav
resample 44100 to 16000 in /home/sepharfi/projects/def-zshakeri/sepharfi/CUCO/data_final/Audios/Tonsill/Speech/1/Tonsill_ses1_speech_0078.wav
resample 44100 to 16000 in /home/sepharfi/projects/def-zshakeri/sepharfi/CUCO/data_final/Audios/Tonsill/TDU/Agua/1/Tonsill_ses1_agua_0078.wav
resample 44100 to 16000 in /home/sepharfi/projects/def-zshakeri/sepharfi/CUCO/data_final/Audios/Tonsill/TDU/Brasero/1/Tonsill_ses1_brasero_0078.wav
resample 44100 to 16000 in /home/sepharfi/projects/def-zshakeri/sepharfi/CUCO/data_final/Audios/Tonsill/TDU/Dia/1/Tonsill_ses1_dia_0078.wav
resample 44100 to 16000 in /home/sepharfi/projects/def-zshakeri/sepharfi/CUCO/data_final/Audios/Tonsill/Vowels/A/1/Tonsill_ses1_a_0078.wav
resample 44100 to 16000 in /home/sepharfi/projects/def-zshakeri/sepharfi/CUCO/data_final/Audios/Tonsill/Vowels/E/1/Tonsill_ses1_e_0078.wav
resample 44100 to 16000 in /home/sepharfi/projects/def-zshakeri/sepharfi/CUCO/data_final/Audios/Tonsill/Vowels/I/1/Tonsill_ses1_i_0078.wav
resample 44100 to 16000 in /home/sepharfi/projects/def-zshakeri/sepharfi/CUCO/data_final/Audios/Tonsill/Vowels/O/1/Tonsill_ses1_o_0078.wav
resample 44100 to 16000 in /home/sepharfi/projects/def-zshakeri/sepharfi/CUCO/data_final/Audios/Tonsill/Vowels/U/1/Tonsill_ses1_u_0078.wav
resample 44100 to 16000 in /home/sepharfi/projects/def-zshakeri/sepharfi/CUCO/data_final/Audios/Tonsill/Sustained vowels/A1/1/Tonsill_ses1_a1_0078.wav
resample 44100 to 16000 in /home/sepharfi/projects/def-zshakeri/sepharfi/CUCO/data_final/Audios/Tonsill/Sustained vowels/A2/1/Tonsill_ses1_a2_0078.wav
resample 44100 to 16000 in /home/sepharfi/projects/def-zshakeri/sepharfi/CUCO/data_final/Audios/Tonsill/Sustained vowels/A3/1/Tonsill_ses1_a3_0078.wav
resample 44100 to 16000 in /home/sepharfi/projects/def-zshakeri/sepharfi/CUCO/data_final/Audios/Tonsill/Speech/1/Tonsill_ses1_speech_0080.wav
resample 44100 to 16000 in /home/sepharfi/projects/def-zshakeri/sepharfi/CUCO/data_final/Audios/Tonsill/TDU/Agua/1/Tonsill_ses1_agua_0080.wav
resample 44100 to 16000 in /home/sepharfi/projects/def-zshakeri/sepharfi/CUCO/data_final/Audios/Tonsill/TDU/Brasero/1/Tonsill_ses1_brasero_0080.wav
resample 44100 to 16000 in /home/sepharfi/projects/def-zshakeri/sepharfi/CUCO/data_final/Audios/Tonsill/TDU/Dia/1/Tonsill_ses1_dia_0080.wav
resample 44100 to 16000 in /home/sepharfi/projects/def-zshakeri/sepharfi/CUCO/data_final/Audios/Tonsill/TDU/Mesa/1/Tonsill_ses1_mesa_0080.wav
resample 44100 to 16000 in /home/sepharfi/projects/def-zshakeri/sepharfi/CUCO/data_final/Audios/Tonsill/Sustained vowels/A1/1/Tonsill_ses1_a1_0080.wav
resample 44100 to 16000 in /home/sepharfi/projects/def-zshakeri/sepharfi/CUCO/data_final/Audios/Tonsill/Sustained vowels/A2/1/Tonsill_ses1_a2_0080.wav
resample 44100 to 16000 in /home/sepharfi/projects/def-zshakeri/sepharfi/CUCO/data_final/Audios/Tonsill/Sustained vowels/A3/1/Tonsill_ses1_a3_0080.wav
resample 44100 to 16000 in /home/sepharfi/projects/def-zshakeri/sepharfi/CUCO/data_final/Audios/Tonsill/Speech/1/Tonsill_ses1_speech_0081.wav
resample 44100 to 16000 in /home/sepharfi/projects/def-zshakeri/sepharfi/CUCO/data_final/Audios/Tonsill/TDU/Agua/1/Tonsill_ses1_agua_0081.wav
resample 44100 to 16000 in /home/sepharfi/projects/def-zshakeri/sepharfi/CUCO/data_final/Audios/Tonsill/TDU/Brasero/1/Tonsill_ses1_brasero_0081.wav
resample 44100 to 16000 in /home/sepharfi/projects/def-zshakeri/sepharfi/CUCO/data_final/Audios/Tonsill/TDU/Dia/1/Tonsill_ses1_dia_0081.wav
resample 44100 to 16000 in /home/sepharfi/projects/def-zshakeri/sepharfi/CUCO/data_final/Audios/Tonsill/TDU/Mesa/1/Tonsill_ses1_mesa_0081.wav
resample 44100 to 16000 in /home/sepharfi/projects/def-zshakeri/sepharfi/CUCO/data_final/Audios/Tonsill/Vowels/A/1/Tonsill_ses1_a_0081.wav
resample 44100 to 16000 in /home/sepharfi/projects/def-zshakeri/sepharfi/CUCO/data_final/Audios/Tonsill/Vowels/E/1/Tonsill_ses1_e_0081.wav
resample 44100 to 16000 in /home/sepharfi/projects/def-zshakeri/sepharfi/CUCO/data_final/Audios/Tonsill/Vowels/I/1/Tonsill_ses1_i_0081.wav
resample 44100 to 16000 in /home/sepharfi/projects/def-zshakeri/sepharfi/CUCO/data_final/Audios/Tonsill/Vowels/O/1/Tonsill_ses1_o_0081.wav
resample 44100 to 16000 in /home/sepharfi/projects/def-zshakeri/sepharfi/CUCO/data_final/Audios/Tonsill/Vowels/U/1/Tonsill_ses1_u_0081.wav
resample 44100 to 16000 in /home/sepharfi/projects/def-zshakeri/sepharfi/CUCO/data_final/Audios/Tonsill/Sustained vowels/A1/1/Tonsill_ses1_a1_0081.wav
resample 44100 to 16000 in /home/sepharfi/projects/def-zshakeri/sepharfi/CUCO/data_final/Audios/Tonsill/Sustained vowels/A2/1/Tonsill_ses1_a2_0081.wav
resample 44100 to 16000 in /home/sepharfi/projects/def-zshakeri/sepharfi/CUCO/data_final/Audios/Tonsill/Sustained vowels/A3/1/Tonsill_ses1_a3_0081.wav
resample 44100 to 16000 in /home/sepharfi/projects/def-zshakeri/sepharfi/CUCO/data_final/Audios/Tonsill/Speech/1/Tonsill_ses1_speech_0087.wav
resample 44100 to 16000 in /home/sepharfi/projects/def-zshakeri/sepharfi/CUCO/data_final/Audios/Tonsill/TDU/Agua/1/Tonsill_ses1_agua_0087.wav
resample 44100 to 16000 in /home/sepharfi/projects/def-zshakeri/sepharfi/CUCO/data_final/Audios/Tonsill/TDU/Brasero/1/Tonsill_ses1_brasero_0087.wav
resample 44100 to 16000 in /home/sepharfi/projects/def-zshakeri/sepharfi/CUCO/data_final/Audios/Tonsill/TDU/Dia/1/Tonsill_ses1_dia_0087.wav
resample 44100 to 16000 in /home/sepharfi/projects/def-zshakeri/sepharfi/CUCO/data_final/Audios/Tonsill/TDU/Mesa/1/Tonsill_ses1_mesa_0087.wav
resample 44100 to 16000 in /home/sepharfi/projects/def-zshakeri/sepharfi/CUCO/data_final/Audios/Tonsill/Vowels/A/1/Tonsill_ses1_a_0087.wav
resample 44100 to 16000 in /home/sepharfi/projects/def-zshakeri/sepharfi/CUCO/data_final/Audios/Tonsill/Vowels/E/1/Tonsill_ses1_e_0087.wav
resample 44100 to 16000 in /home/sepharfi/projects/def-zshakeri/sepharfi/CUCO/data_final/Audios/Tonsill/Vowels/I/1/Tonsill_ses1_i_0087.wav
resample 44100 to 16000 in /home/sepharfi/projects/def-zshakeri/sepharfi/CUCO/data_final/Audios/Tonsill/Vowels/O/1/Tonsill_ses1_o_0087.wav
resample 44100 to 16000 in /home/sepharfi/projects/def-zshakeri/sepharfi/CUCO/data_final/Audios/Tonsill/Vowels/U/1/Tonsill_ses1_u_0087.wav
resample 44100 to 16000 in /home/sepharfi/projects/def-zshakeri/sepharfi/CUCO/data_final/Audios/Tonsill/Sustained vowels/A1/1/Tonsill_ses1_a1_0087.wav
resample 44100 to 16000 in /home/sepharfi/projects/def-zshakeri/sepharfi/CUCO/data_final/Audios/Tonsill/Sustained vowels/A2/1/Tonsill_ses1_a2_0087.wav
resample 44100 to 16000 in /home/sepharfi/projects/def-zshakeri/sepharfi/CUCO/data_final/Audios/Tonsill/Sustained vowels/A3/1/Tonsill_ses1_a3_0087.wav
resample 44100 to 16000 in /home/sepharfi/projects/def-zshakeri/sepharfi/CUCO/data_final/Audios/Tonsill/Speech/1/Tonsill_ses1_speech_0089.wav
resample 44100 to 16000 in /home/sepharfi/projects/def-zshakeri/sepharfi/CUCO/data_final/Audios/Tonsill/TDU/Agua/1/Tonsill_ses1_agua_0089.wav
resample 44100 to 16000 in /home/sepharfi/projects/def-zshakeri/sepharfi/CUCO/data_final/Audios/Tonsill/TDU/Brasero/1/Tonsill_ses1_brasero_0089.wav
resample 44100 to 16000 in /home/sepharfi/projects/def-zshakeri/sepharfi/CUCO/data_final/Audios/Tonsill/TDU/Dia/1/Tonsill_ses1_dia_0089.wav
resample 44100 to 16000 in /home/sepharfi/projects/def-zshakeri/sepharfi/CUCO/data_final/Audios/Tonsill/TDU/Mesa/1/Tonsill_ses1_mesa_0089.wav
resample 44100 to 16000 in /home/sepharfi/projects/def-zshakeri/sepharfi/CUCO/data_final/Audios/Tonsill/Vowels/A/1/Tonsill_ses1_a_0089.wav
resample 44100 to 16000 in /home/sepharfi/projects/def-zshakeri/sepharfi/CUCO/data_final/Audios/Tonsill/Vowels/E/1/Tonsill_ses1_e_0089.wav
resample 44100 to 16000 in /home/sepharfi/projects/def-zshakeri/sepharfi/CUCO/data_final/Audios/Tonsill/Vowels/I/1/Tonsill_ses1_i_0089.wav
resample 44100 to 16000 in /home/sepharfi/projects/def-zshakeri/sepharfi/CUCO/data_final/Audios/Tonsill/Vowels/O/1/Tonsill_ses1_o_0089.wav
resample 44100 to 16000 in /home/sepharfi/projects/def-zshakeri/sepharfi/CUCO/data_final/Audios/Tonsill/Vowels/U/1/Tonsill_ses1_u_0089.wav
resample 44100 to 16000 in /home/sepharfi/projects/def-zshakeri/sepharfi/CUCO/data_final/Audios/Tonsill/Sustained vowels/A1/1/Tonsill_ses1_a1_0089.wav
resample 44100 to 16000 in /home/sepharfi/projects/def-zshakeri/sepharfi/CUCO/data_final/Audios/Tonsill/Sustained vowels/A2/1/Tonsill_ses1_a2_0089.wav
resample 44100 to 16000 in /home/sepharfi/projects/def-zshakeri/sepharfi/CUCO/data_final/Audios/Tonsill/Sustained vowels/A3/1/Tonsill_ses1_a3_0089.wav
resample 44100 to 16000 in /home/sepharfi/projects/def-zshakeri/sepharfi/CUCO/data_final/Audios/Tonsill/Speech/1/Tonsill_ses1_speech_0092.wav
resample 44100 to 16000 in /home/sepharfi/projects/def-zshakeri/sepharfi/CUCO/data_final/Audios/Tonsill/TDU/Agua/1/Tonsill_ses1_agua_0092.wav
resample 44100 to 16000 in /home/sepharfi/projects/def-zshakeri/sepharfi/CUCO/data_final/Audios/Tonsill/TDU/Brasero/1/Tonsill_ses1_brasero_0092.wav
resample 44100 to 16000 in /home/sepharfi/projects/def-zshakeri/sepharfi/CUCO/data_final/Audios/Tonsill/TDU/Dia/1/Tonsill_ses1_dia_0092.wav
resample 44100 to 16000 in /home/sepharfi/projects/def-zshakeri/sepharfi/CUCO/data_final/Audios/Tonsill/TDU/Mesa/1/Tonsill_ses1_mesa_0092.wav
resample 44100 to 16000 in /home/sepharfi/projects/def-zshakeri/sepharfi/CUCO/data_final/Audios/Tonsill/Vowels/A/1/Tonsill_ses1_a_0092.wav
resample 44100 to 16000 in /home/sepharfi/projects/def-zshakeri/sepharfi/CUCO/data_final/Audios/Tonsill/Vowels/E/1/Tonsill_ses1_e_0092.wav
resample 44100 to 16000 in /home/sepharfi/projects/def-zshakeri/sepharfi/CUCO/data_final/Audios/Tonsill/Vowels/I/1/Tonsill_ses1_i_0092.wav
resample 44100 to 16000 in /home/sepharfi/projects/def-zshakeri/sepharfi/CUCO/data_final/Audios/Tonsill/Vowels/O/1/Tonsill_ses1_o_0092.wav
resample 44100 to 16000 in /home/sepharfi/projects/def-zshakeri/sepharfi/CUCO/data_final/Audios/Tonsill/Vowels/U/1/Tonsill_ses1_u_0092.wav
resample 44100 to 16000 in /home/sepharfi/projects/def-zshakeri/sepharfi/CUCO/data_final/Audios/Tonsill/Sustained vowels/A1/1/Tonsill_ses1_a1_0092.wav
resample 44100 to 16000 in /home/sepharfi/projects/def-zshakeri/sepharfi/CUCO/data_final/Audios/Tonsill/Sustained vowels/A2/1/Tonsill_ses1_a2_0092.wav
resample 44100 to 16000 in /home/sepharfi/projects/def-zshakeri/sepharfi/CUCO/data_final/Audios/Tonsill/Sustained vowels/A3/1/Tonsill_ses1_a3_0092.wav
resample 44100 to 16000 in /home/sepharfi/projects/def-zshakeri/sepharfi/CUCO/data_final/Audios/Tonsill/Speech/1/Tonsill_ses1_speech_0099.wav
resample 44100 to 16000 in /home/sepharfi/projects/def-zshakeri/sepharfi/CUCO/data_final/Audios/Tonsill/TDU/Agua/1/Tonsill_ses1_agua_0099.wav
resample 44100 to 16000 in /home/sepharfi/projects/def-zshakeri/sepharfi/CUCO/data_final/Audios/Tonsill/TDU/Brasero/1/Tonsill_ses1_brasero_0099.wav
resample 44100 to 16000 in /home/sepharfi/projects/def-zshakeri/sepharfi/CUCO/data_final/Audios/Tonsill/TDU/Dia/1/Tonsill_ses1_dia_0099.wav
resample 44100 to 16000 in /home/sepharfi/projects/def-zshakeri/sepharfi/CUCO/data_final/Audios/Tonsill/TDU/Mesa/1/Tonsill_ses1_mesa_0099.wav
resample 44100 to 16000 in /home/sepharfi/projects/def-zshakeri/sepharfi/CUCO/data_final/Audios/Tonsill/Vowels/A/1/Tonsill_ses1_a_0099.wav
resample 44100 to 16000 in /home/sepharfi/projects/def-zshakeri/sepharfi/CUCO/data_final/Audios/Tonsill/Vowels/E/1/Tonsill_ses1_e_0099.wav
resample 44100 to 16000 in /home/sepharfi/projects/def-zshakeri/sepharfi/CUCO/data_final/Audios/Tonsill/Vowels/I/1/Tonsill_ses1_i_0099.wav
resample 44100 to 16000 in /home/sepharfi/projects/def-zshakeri/sepharfi/CUCO/data_final/Audios/Tonsill/Vowels/O/1/Tonsill_ses1_o_0099.wav
resample 44100 to 16000 in /home/sepharfi/projects/def-zshakeri/sepharfi/CUCO/data_final/Audios/Tonsill/Vowels/U/1/Tonsill_ses1_u_0099.wav
resample 44100 to 16000 in /home/sepharfi/projects/def-zshakeri/sepharfi/CUCO/data_final/Audios/Tonsill/Sustained vowels/A1/1/Tonsill_ses1_a1_0099.wav
resample 44100 to 16000 in /home/sepharfi/projects/def-zshakeri/sepharfi/CUCO/data_final/Audios/Tonsill/Sustained vowels/A2/1/Tonsill_ses1_a2_0099.wav
resample 44100 to 16000 in /home/sepharfi/projects/def-zshakeri/sepharfi/CUCO/data_final/Audios/Tonsill/Sustained vowels/A3/1/Tonsill_ses1_a3_0099.wav
resample 44100 to 16000 in /home/sepharfi/projects/def-zshakeri/sepharfi/CUCO/data_final/Audios/Tonsill/Speech/1/Tonsill_ses1_speech_0108.wav
resample 44100 to 16000 in /home/sepharfi/projects/def-zshakeri/sepharfi/CUCO/data_final/Audios/Tonsill/TDU/Agua/1/Tonsill_ses1_agua_0108.wav
resample 44100 to 16000 in /home/sepharfi/projects/def-zshakeri/sepharfi/CUCO/data_final/Audios/Tonsill/TDU/Brasero/1/Tonsill_ses1_brasero_0108.wav
resample 44100 to 16000 in /home/sepharfi/projects/def-zshakeri/sepharfi/CUCO/data_final/Audios/Tonsill/TDU/Dia/1/Tonsill_ses1_dia_0108.wav
resample 44100 to 16000 in /home/sepharfi/projects/def-zshakeri/sepharfi/CUCO/data_final/Audios/Tonsill/TDU/Mesa/1/Tonsill_ses1_mesa_0108.wav
resample 44100 to 16000 in /home/sepharfi/projects/def-zshakeri/sepharfi/CUCO/data_final/Audios/Tonsill/Vowels/A/1/Tonsill_ses1_a_0108.wav
resample 44100 to 16000 in /home/sepharfi/projects/def-zshakeri/sepharfi/CUCO/data_final/Audios/Tonsill/Vowels/E/1/Tonsill_ses1_e_0108.wav
resample 44100 to 16000 in /home/sepharfi/projects/def-zshakeri/sepharfi/CUCO/data_final/Audios/Tonsill/Vowels/I/1/Tonsill_ses1_i_0108.wav
resample 44100 to 16000 in /home/sepharfi/projects/def-zshakeri/sepharfi/CUCO/data_final/Audios/Tonsill/Vowels/O/1/Tonsill_ses1_o_0108.wav
resample 44100 to 16000 in /home/sepharfi/projects/def-zshakeri/sepharfi/CUCO/data_final/Audios/Tonsill/Vowels/U/1/Tonsill_ses1_u_0108.wav
resample 44100 to 16000 in /home/sepharfi/projects/def-zshakeri/sepharfi/CUCO/data_final/Audios/Tonsill/Sustained vowels/A1/1/Tonsill_ses1_a1_0108.wav
resample 44100 to 16000 in /home/sepharfi/projects/def-zshakeri/sepharfi/CUCO/data_final/Audios/Tonsill/Sustained vowels/A2/1/Tonsill_ses1_a2_0108.wav
resample 44100 to 16000 in /home/sepharfi/projects/def-zshakeri/sepharfi/CUCO/data_final/Audios/Tonsill/Sustained vowels/A3/1/Tonsill_ses1_a3_0108.wav
resample 44100 to 16000 in /home/sepharfi/projects/def-zshakeri/sepharfi/CUCO/data_final/Audios/Tonsill/Speech/1/Tonsill_ses1_speech_0109.wav
resample 44100 to 16000 in /home/sepharfi/projects/def-zshakeri/sepharfi/CUCO/data_final/Audios/Tonsill/TDU/Agua/1/Tonsill_ses1_agua_0109.wav
resample 44100 to 16000 in /home/sepharfi/projects/def-zshakeri/sepharfi/CUCO/data_final/Audios/Tonsill/TDU/Brasero/1/Tonsill_ses1_brasero_0109.wav
resample 44100 to 16000 in /home/sepharfi/projects/def-zshakeri/sepharfi/CUCO/data_final/Audios/Tonsill/TDU/Dia/1/Tonsill_ses1_dia_0109.wav
resample 44100 to 16000 in /home/sepharfi/projects/def-zshakeri/sepharfi/CUCO/data_final/Audios/Tonsill/TDU/Mesa/1/Tonsill_ses1_mesa_0109.wav
resample 44100 to 16000 in /home/sepharfi/projects/def-zshakeri/sepharfi/CUCO/data_final/Audios/Tonsill/Vowels/A/1/Tonsill_ses1_a_0109.wav
resample 44100 to 16000 in /home/sepharfi/projects/def-zshakeri/sepharfi/CUCO/data_final/Audios/Tonsill/Vowels/E/1/Tonsill_ses1_e_0109.wav
resample 44100 to 16000 in /home/sepharfi/projects/def-zshakeri/sepharfi/CUCO/data_final/Audios/Tonsill/Vowels/I/1/Tonsill_ses1_i_0109.wav
resample 44100 to 16000 in /home/sepharfi/projects/def-zshakeri/sepharfi/CUCO/data_final/Audios/Tonsill/Vowels/O/1/Tonsill_ses1_o_0109.wav
resample 44100 to 16000 in /home/sepharfi/projects/def-zshakeri/sepharfi/CUCO/data_final/Audios/Tonsill/Vowels/U/1/Tonsill_ses1_u_0109.wav
resample 44100 to 16000 in /home/sepharfi/projects/def-zshakeri/sepharfi/CUCO/data_final/Audios/Tonsill/Sustained vowels/A1/1/Tonsill_ses1_a1_0109.wav
resample 44100 to 16000 in /home/sepharfi/projects/def-zshakeri/sepharfi/CUCO/data_final/Audios/Tonsill/Sustained vowels/A2/1/Tonsill_ses1_a2_0109.wav
resample 44100 to 16000 in /home/sepharfi/projects/def-zshakeri/sepharfi/CUCO/data_final/Audios/Tonsill/Sustained vowels/A3/1/Tonsill_ses1_a3_0109.wav
resample 44100 to 16000 in /home/sepharfi/projects/def-zshakeri/sepharfi/CUCO/data_final/Audios/Tonsill/Speech/1/Tonsill_ses1_speech_0111.wav
resample 44100 to 16000 in /home/sepharfi/projects/def-zshakeri/sepharfi/CUCO/data_final/Audios/Tonsill/TDU/Agua/1/Tonsill_ses1_agua_0111.wav
resample 44100 to 16000 in /home/sepharfi/projects/def-zshakeri/sepharfi/CUCO/data_final/Audios/Tonsill/TDU/Brasero/1/Tonsill_ses1_brasero_0111.wav
resample 44100 to 16000 in /home/sepharfi/projects/def-zshakeri/sepharfi/CUCO/data_final/Audios/Tonsill/TDU/Dia/1/Tonsill_ses1_dia_0111.wav
resample 44100 to 16000 in /home/sepharfi/projects/def-zshakeri/sepharfi/CUCO/data_final/Audios/Tonsill/TDU/Mesa/1/Tonsill_ses1_mesa_0111.wav
resample 44100 to 16000 in /home/sepharfi/projects/def-zshakeri/sepharfi/CUCO/data_final/Audios/Tonsill/Vowels/A/1/Tonsill_ses1_a_0111.wav
resample 44100 to 16000 in /home/sepharfi/projects/def-zshakeri/sepharfi/CUCO/data_final/Audios/Tonsill/Vowels/E/1/Tonsill_ses1_e_0111.wav
resample 44100 to 16000 in /home/sepharfi/projects/def-zshakeri/sepharfi/CUCO/data_final/Audios/Tonsill/Vowels/I/1/Tonsill_ses1_i_0111.wav
resample 44100 to 16000 in /home/sepharfi/projects/def-zshakeri/sepharfi/CUCO/data_final/Audios/Tonsill/Vowels/O/1/Tonsill_ses1_o_0111.wav
resample 44100 to 16000 in /home/sepharfi/projects/def-zshakeri/sepharfi/CUCO/data_final/Audios/Tonsill/Vowels/U/1/Tonsill_ses1_u_0111.wav
resample 44100 to 16000 in /home/sepharfi/projects/def-zshakeri/sepharfi/CUCO/data_final/Audios/Tonsill/Sustained vowels/A1/1/Tonsill_ses1_a1_0111.wav
resample 44100 to 16000 in /home/sepharfi/projects/def-zshakeri/sepharfi/CUCO/data_final/Audios/Tonsill/Sustained vowels/A2/1/Tonsill_ses1_a2_0111.wav
resample 44100 to 16000 in /home/sepharfi/projects/def-zshakeri/sepharfi/CUCO/data_final/Audios/Tonsill/Sustained vowels/A3/1/Tonsill_ses1_a3_0111.wav
resample 44100 to 16000 in /home/sepharfi/projects/def-zshakeri/sepharfi/CUCO/data_final/Audios/Tonsill/Speech/1/Tonsill_ses1_speech_0112.wav
resample 44100 to 16000 in /home/sepharfi/projects/def-zshakeri/sepharfi/CUCO/data_final/Audios/Tonsill/TDU/Agua/1/Tonsill_ses1_agua_0112.wav
resample 44100 to 16000 in /home/sepharfi/projects/def-zshakeri/sepharfi/CUCO/data_final/Audios/Tonsill/TDU/Brasero/1/Tonsill_ses1_brasero_0112.wav
resample 44100 to 16000 in /home/sepharfi/projects/def-zshakeri/sepharfi/CUCO/data_final/Audios/Tonsill/TDU/Dia/1/Tonsill_ses1_dia_0112.wav
resample 44100 to 16000 in /home/sepharfi/projects/def-zshakeri/sepharfi/CUCO/data_final/Audios/Tonsill/TDU/Mesa/1/Tonsill_ses1_mesa_0112.wav
resample 44100 to 16000 in /home/sepharfi/projects/def-zshakeri/sepharfi/CUCO/data_final/Audios/Tonsill/Vowels/A/1/Tonsill_ses1_a_0112.wav
resample 44100 to 16000 in /home/sepharfi/projects/def-zshakeri/sepharfi/CUCO/data_final/Audios/Tonsill/Vowels/E/1/Tonsill_ses1_e_0112.wav
resample 44100 to 16000 in /home/sepharfi/projects/def-zshakeri/sepharfi/CUCO/data_final/Audios/Tonsill/Vowels/I/1/Tonsill_ses1_i_0112.wav
resample 44100 to 16000 in /home/sepharfi/projects/def-zshakeri/sepharfi/CUCO/data_final/Audios/Tonsill/Vowels/O/1/Tonsill_ses1_o_0112.wav
resample 44100 to 16000 in /home/sepharfi/projects/def-zshakeri/sepharfi/CUCO/data_final/Audios/Tonsill/Vowels/U/1/Tonsill_ses1_u_0112.wav
resample 44100 to 16000 in /home/sepharfi/projects/def-zshakeri/sepharfi/CUCO/data_final/Audios/Tonsill/Sustained vowels/A1/1/Tonsill_ses1_a1_0112.wav
resample 44100 to 16000 in /home/sepharfi/projects/def-zshakeri/sepharfi/CUCO/data_final/Audios/Tonsill/Sustained vowels/A2/1/Tonsill_ses1_a2_0112.wav
resample 44100 to 16000 in /home/sepharfi/projects/def-zshakeri/sepharfi/CUCO/data_final/Audios/Tonsill/Sustained vowels/A3/1/Tonsill_ses1_a3_0112.wav
resample 44100 to 16000 in /home/sepharfi/projects/def-zshakeri/sepharfi/CUCO/data_final/Audios/Tonsill/Speech/1/Tonsill_ses1_speech_0125.wav
resample 44100 to 16000 in /home/sepharfi/projects/def-zshakeri/sepharfi/CUCO/data_final/Audios/Tonsill/TDU/Agua/1/Tonsill_ses1_agua_0125.wav
resample 44100 to 16000 in /home/sepharfi/projects/def-zshakeri/sepharfi/CUCO/data_final/Audios/Tonsill/TDU/Brasero/1/Tonsill_ses1_brasero_0125.wav
resample 44100 to 16000 in /home/sepharfi/projects/def-zshakeri/sepharfi/CUCO/data_final/Audios/Tonsill/TDU/Dia/1/Tonsill_ses1_dia_0125.wav
resample 44100 to 16000 in /home/sepharfi/projects/def-zshakeri/sepharfi/CUCO/data_final/Audios/Tonsill/TDU/Mesa/1/Tonsill_ses1_mesa_0125.wav
resample 44100 to 16000 in /home/sepharfi/projects/def-zshakeri/sepharfi/CUCO/data_final/Audios/Tonsill/Vowels/A/1/Tonsill_ses1_a_0125.wav
resample 44100 to 16000 in /home/sepharfi/projects/def-zshakeri/sepharfi/CUCO/data_final/Audios/Tonsill/Vowels/E/1/Tonsill_ses1_e_0125.wav
resample 44100 to 16000 in /home/sepharfi/projects/def-zshakeri/sepharfi/CUCO/data_final/Audios/Tonsill/Vowels/I/1/Tonsill_ses1_i_0125.wav
resample 44100 to 16000 in /home/sepharfi/projects/def-zshakeri/sepharfi/CUCO/data_final/Audios/Tonsill/Vowels/O/1/Tonsill_ses1_o_0125.wav
resample 44100 to 16000 in /home/sepharfi/projects/def-zshakeri/sepharfi/CUCO/data_final/Audios/Tonsill/Vowels/U/1/Tonsill_ses1_u_0125.wav
resample 44100 to 16000 in /home/sepharfi/projects/def-zshakeri/sepharfi/CUCO/data_final/Audios/Tonsill/Sustained vowels/A1/1/Tonsill_ses1_a1_0125.wav
resample 44100 to 16000 in /home/sepharfi/projects/def-zshakeri/sepharfi/CUCO/data_final/Audios/Tonsill/Sustained vowels/A2/1/Tonsill_ses1_a2_0125.wav
resample 44100 to 16000 in /home/sepharfi/projects/def-zshakeri/sepharfi/CUCO/data_final/Audios/Tonsill/Sustained vowels/A3/1/Tonsill_ses1_a3_0125.wav
resample 44100 to 16000 in /home/sepharfi/projects/def-zshakeri/sepharfi/CUCO/data_final/Audios/Tonsill/Speech/1/Tonsill_ses1_speech_0129.wav
resample 44100 to 16000 in /home/sepharfi/projects/def-zshakeri/sepharfi/CUCO/data_final/Audios/Tonsill/TDU/Agua/1/Tonsill_ses1_agua_0129.wav
resample 44100 to 16000 in /home/sepharfi/projects/def-zshakeri/sepharfi/CUCO/data_final/Audios/Tonsill/TDU/Brasero/1/Tonsill_ses1_brasero_0129.wav
resample 44100 to 16000 in /home/sepharfi/projects/def-zshakeri/sepharfi/CUCO/data_final/Audios/Tonsill/TDU/Dia/1/Tonsill_ses1_dia_0129.wav
resample 44100 to 16000 in /home/sepharfi/projects/def-zshakeri/sepharfi/CUCO/data_final/Audios/Tonsill/TDU/Mesa/1/Tonsill_ses1_mesa_0129.wav
resample 44100 to 16000 in /home/sepharfi/projects/def-zshakeri/sepharfi/CUCO/data_final/Audios/Tonsill/Vowels/A/1/Tonsill_ses1_a_0129.wav
resample 44100 to 16000 in /home/sepharfi/projects/def-zshakeri/sepharfi/CUCO/data_final/Audios/Tonsill/Vowels/E/1/Tonsill_ses1_e_0129.wav
resample 44100 to 16000 in /home/sepharfi/projects/def-zshakeri/sepharfi/CUCO/data_final/Audios/Tonsill/Vowels/I/1/Tonsill_ses1_i_0129.wav
resample 44100 to 16000 in /home/sepharfi/projects/def-zshakeri/sepharfi/CUCO/data_final/Audios/Tonsill/Vowels/O/1/Tonsill_ses1_o_0129.wav
resample 44100 to 16000 in /home/sepharfi/projects/def-zshakeri/sepharfi/CUCO/data_final/Audios/Tonsill/Vowels/U/1/Tonsill_ses1_u_0129.wav
resample 44100 to 16000 in /home/sepharfi/projects/def-zshakeri/sepharfi/CUCO/data_final/Audios/Tonsill/Sustained vowels/A1/1/Tonsill_ses1_a1_0129.wav
resample 44100 to 16000 in /home/sepharfi/projects/def-zshakeri/sepharfi/CUCO/data_final/Audios/Tonsill/Sustained vowels/A2/1/Tonsill_ses1_a2_0129.wav
resample 44100 to 16000 in /home/sepharfi/projects/def-zshakeri/sepharfi/CUCO/data_final/Audios/Tonsill/Sustained vowels/A3/1/Tonsill_ses1_a3_0129.wav
resample 44100 to 16000 in /home/sepharfi/projects/def-zshakeri/sepharfi/CUCO/data_final/Audios/Tonsill/Speech/1/Tonsill_ses1_speech_0137.wav
resample 44100 to 16000 in /home/sepharfi/projects/def-zshakeri/sepharfi/CUCO/data_final/Audios/Tonsill/TDU/Mesa/1/Tonsill_ses1_mesa_0137.wav
resample 44100 to 16000 in /home/sepharfi/projects/def-zshakeri/sepharfi/CUCO/data_final/Audios/Tonsill/Speech/1/Tonsill_ses1_speech_0144.wav
resample 44100 to 16000 in /home/sepharfi/projects/def-zshakeri/sepharfi/CUCO/data_final/Audios/Tonsill/TDU/Agua/1/Tonsill_ses1_agua_0144.wav
resample 44100 to 16000 in /home/sepharfi/projects/def-zshakeri/sepharfi/CUCO/data_final/Audios/Tonsill/TDU/Brasero/1/Tonsill_ses1_brasero_0144.wav
resample 44100 to 16000 in /home/sepharfi/projects/def-zshakeri/sepharfi/CUCO/data_final/Audios/Tonsill/TDU/Dia/1/Tonsill_ses1_dia_0144.wav
resample 44100 to 16000 in /home/sepharfi/projects/def-zshakeri/sepharfi/CUCO/data_final/Audios/Tonsill/TDU/Mesa/1/Tonsill_ses1_mesa_0144.wav
resample 44100 to 16000 in /home/sepharfi/projects/def-zshakeri/sepharfi/CUCO/data_final/Audios/Tonsill/Vowels/A/1/Tonsill_ses1_a_0144.wav
resample 44100 to 16000 in /home/sepharfi/projects/def-zshakeri/sepharfi/CUCO/data_final/Audios/Tonsill/Vowels/E/1/Tonsill_ses1_e_0144.wav
resample 44100 to 16000 in /home/sepharfi/projects/def-zshakeri/sepharfi/CUCO/data_final/Audios/Tonsill/Vowels/I/1/Tonsill_ses1_i_0144.wav
resample 44100 to 16000 in /home/sepharfi/projects/def-zshakeri/sepharfi/CUCO/data_final/Audios/Tonsill/Vowels/O/1/Tonsill_ses1_o_0144.wav
resample 44100 to 16000 in /home/sepharfi/projects/def-zshakeri/sepharfi/CUCO/data_final/Audios/Tonsill/Vowels/U/1/Tonsill_ses1_u_0144.wav
resample 44100 to 16000 in /home/sepharfi/projects/def-zshakeri/sepharfi/CUCO/data_final/Audios/Tonsill/Sustained vowels/A1/1/Tonsill_ses1_a1_0144.wav
resample 44100 to 16000 in /home/sepharfi/projects/def-zshakeri/sepharfi/CUCO/data_final/Audios/Tonsill/Sustained vowels/A2/1/Tonsill_ses1_a2_0144.wav
resample 44100 to 16000 in /home/sepharfi/projects/def-zshakeri/sepharfi/CUCO/data_final/Audios/Tonsill/Sustained vowels/A3/1/Tonsill_ses1_a3_0144.wav
resample 44100 to 16000 in /home/sepharfi/projects/def-zshakeri/sepharfi/CUCO/data_final/Audios/Tonsill/Speech/1/Tonsill_ses1_speech_0145.wav
resample 44100 to 16000 in /home/sepharfi/projects/def-zshakeri/sepharfi/CUCO/data_final/Audios/Tonsill/TDU/Agua/1/Tonsill_ses1_agua_0145.wav
resample 44100 to 16000 in /home/sepharfi/projects/def-zshakeri/sepharfi/CUCO/data_final/Audios/Tonsill/TDU/Brasero/1/Tonsill_ses1_brasero_0145.wav
resample 44100 to 16000 in /home/sepharfi/projects/def-zshakeri/sepharfi/CUCO/data_final/Audios/Tonsill/TDU/Dia/1/Tonsill_ses1_dia_0145.wav
resample 44100 to 16000 in /home/sepharfi/projects/def-zshakeri/sepharfi/CUCO/data_final/Audios/Tonsill/TDU/Mesa/1/Tonsill_ses1_mesa_0145.wav
resample 44100 to 16000 in /home/sepharfi/projects/def-zshakeri/sepharfi/CUCO/data_final/Audios/Tonsill/Vowels/A/1/Tonsill_ses1_a_0145.wav
resample 44100 to 16000 in /home/sepharfi/projects/def-zshakeri/sepharfi/CUCO/data_final/Audios/Tonsill/Vowels/E/1/Tonsill_ses1_e_0145.wav
resample 44100 to 16000 in /home/sepharfi/projects/def-zshakeri/sepharfi/CUCO/data_final/Audios/Tonsill/Vowels/I/1/Tonsill_ses1_i_0145.wav
resample 44100 to 16000 in /home/sepharfi/projects/def-zshakeri/sepharfi/CUCO/data_final/Audios/Tonsill/Vowels/O/1/Tonsill_ses1_o_0145.wav
resample 44100 to 16000 in /home/sepharfi/projects/def-zshakeri/sepharfi/CUCO/data_final/Audios/Tonsill/Vowels/U/1/Tonsill_ses1_u_0145.wav
resample 44100 to 16000 in /home/sepharfi/projects/def-zshakeri/sepharfi/CUCO/data_final/Audios/Tonsill/Sustained vowels/A1/1/Tonsill_ses1_a1_0145.wav
resample 44100 to 16000 in /home/sepharfi/projects/def-zshakeri/sepharfi/CUCO/data_final/Audios/Tonsill/Sustained vowels/A2/1/Tonsill_ses1_a2_0145.wav
resample 44100 to 16000 in /home/sepharfi/projects/def-zshakeri/sepharfi/CUCO/data_final/Audios/Tonsill/Sustained vowels/A3/1/Tonsill_ses1_a3_0145.wav
resample 44100 to 16000 in /home/sepharfi/projects/def-zshakeri/sepharfi/CUCO/data_final/Audios/Tonsill/Speech/1/Tonsill_ses1_speech_0147.wav
resample 44100 to 16000 in /home/sepharfi/projects/def-zshakeri/sepharfi/CUCO/data_final/Audios/Tonsill/TDU/Agua/1/Tonsill_ses1_agua_0147.wav
resample 44100 to 16000 in /home/sepharfi/projects/def-zshakeri/sepharfi/CUCO/data_final/Audios/Tonsill/TDU/Brasero/1/Tonsill_ses1_brasero_0147.wav
resample 44100 to 16000 in /home/sepharfi/projects/def-zshakeri/sepharfi/CUCO/data_final/Audios/Tonsill/TDU/Dia/1/Tonsill_ses1_dia_0147.wav
resample 44100 to 16000 in /home/sepharfi/projects/def-zshakeri/sepharfi/CUCO/data_final/Audios/Tonsill/TDU/Mesa/1/Tonsill_ses1_mesa_0147.wav
resample 44100 to 16000 in /home/sepharfi/projects/def-zshakeri/sepharfi/CUCO/data_final/Audios/Tonsill/Vowels/A/1/Tonsill_ses1_a_0147.wav
resample 44100 to 16000 in /home/sepharfi/projects/def-zshakeri/sepharfi/CUCO/data_final/Audios/Tonsill/Vowels/E/1/Tonsill_ses1_e_0147.wav
resample 44100 to 16000 in /home/sepharfi/projects/def-zshakeri/sepharfi/CUCO/data_final/Audios/Tonsill/Vowels/I/1/Tonsill_ses1_i_0147.wav
resample 44100 to 16000 in /home/sepharfi/projects/def-zshakeri/sepharfi/CUCO/data_final/Audios/Tonsill/Vowels/O/1/Tonsill_ses1_o_0147.wav
resample 44100 to 16000 in /home/sepharfi/projects/def-zshakeri/sepharfi/CUCO/data_final/Audios/Tonsill/Vowels/U/1/Tonsill_ses1_u_0147.wav
resample 44100 to 16000 in /home/sepharfi/projects/def-zshakeri/sepharfi/CUCO/data_final/Audios/Tonsill/Sustained vowels/A1/1/Tonsill_ses1_a1_0147.wav
resample 44100 to 16000 in /home/sepharfi/projects/def-zshakeri/sepharfi/CUCO/data_final/Audios/Tonsill/Sustained vowels/A2/1/Tonsill_ses1_a2_0147.wav
resample 44100 to 16000 in /home/sepharfi/projects/def-zshakeri/sepharfi/CUCO/data_final/Audios/Tonsill/Sustained vowels/A3/1/Tonsill_ses1_a3_0147.wav
  Total: 89271 frames (29.8 min)

Extracting post-surgery features (282 files)...
resample 44100 to 16000 in /home/sepharfi/projects/def-zshakeri/sepharfi/CUCO/data_final/Audios/Tonsill/Speech/2/Tonsill_ses2_speech_0007.wav
resample 44100 to 16000 in /home/sepharfi/projects/def-zshakeri/sepharfi/CUCO/data_final/Audios/Tonsill/TDU/Agua/2/Tonsill_ses2_agua_0007.wav
resample 44100 to 16000 in /home/sepharfi/projects/def-zshakeri/sepharfi/CUCO/data_final/Audios/Tonsill/TDU/Brasero/2/Tonsill_ses2_brasero_0007.wav
resample 44100 to 16000 in /home/sepharfi/projects/def-zshakeri/sepharfi/CUCO/data_final/Audios/Tonsill/TDU/Dia/2/Tonsill_ses2_dia_0007.wav
resample 44100 to 16000 in /home/sepharfi/projects/def-zshakeri/sepharfi/CUCO/data_final/Audios/Tonsill/TDU/Mesa/2/Tonsill_ses2_mesa_0007.wav
resample 44100 to 16000 in /home/sepharfi/projects/def-zshakeri/sepharfi/CUCO/data_final/Audios/Tonsill/Vowels/A/2/Tonsill_ses2_a_0007.wav
resample 44100 to 16000 in /home/sepharfi/projects/def-zshakeri/sepharfi/CUCO/data_final/Audios/Tonsill/Vowels/E/2/Tonsill_ses2_e_0007.wav
resample 44100 to 16000 in /home/sepharfi/projects/def-zshakeri/sepharfi/CUCO/data_final/Audios/Tonsill/Vowels/I/2/Tonsill_ses2_i_0007.wav
resample 44100 to 16000 in /home/sepharfi/projects/def-zshakeri/sepharfi/CUCO/data_final/Audios/Tonsill/Vowels/O/2/Tonsill_ses2_o_0007.wav
resample 44100 to 16000 in /home/sepharfi/projects/def-zshakeri/sepharfi/CUCO/data_final/Audios/Tonsill/Vowels/U/2/Tonsill_ses2_u_0007.wav
resample 44100 to 16000 in /home/sepharfi/projects/def-zshakeri/sepharfi/CUCO/data_final/Audios/Tonsill/Sustained vowels/A1/2/Tonsill_ses2_a1_0007.wav
resample 44100 to 16000 in /home/sepharfi/projects/def-zshakeri/sepharfi/CUCO/data_final/Audios/Tonsill/Sustained vowels/A2/2/Tonsill_ses2_a2_0007.wav
resample 44100 to 16000 in /home/sepharfi/projects/def-zshakeri/sepharfi/CUCO/data_final/Audios/Tonsill/Sustained vowels/A3/2/Tonsill_ses2_a3_0007.wav
resample 44100 to 16000 in /home/sepharfi/projects/def-zshakeri/sepharfi/CUCO/data_final/Audios/Tonsill/Speech/2/Tonsill_ses2_speech_0011.wav
resample 44100 to 16000 in /home/sepharfi/projects/def-zshakeri/sepharfi/CUCO/data_final/Audios/Tonsill/TDU/Agua/2/Tonsill_ses2_agua_0011.wav
resample 44100 to 16000 in /home/sepharfi/projects/def-zshakeri/sepharfi/CUCO/data_final/Audios/Tonsill/TDU/Brasero/2/Tonsill_ses2_brasero_0011.wav
resample 44100 to 16000 in /home/sepharfi/projects/def-zshakeri/sepharfi/CUCO/data_final/Audios/Tonsill/TDU/Dia/2/Tonsill_ses2_dia_0011.wav
resample 44100 to 16000 in /home/sepharfi/projects/def-zshakeri/sepharfi/CUCO/data_final/Audios/Tonsill/TDU/Mesa/2/Tonsill_ses2_mesa_0011.wav
resample 44100 to 16000 in /home/sepharfi/projects/def-zshakeri/sepharfi/CUCO/data_final/Audios/Tonsill/Vowels/A/2/Tonsill_ses2_a_0011.wav
resample 44100 to 16000 in /home/sepharfi/projects/def-zshakeri/sepharfi/CUCO/data_final/Audios/Tonsill/Vowels/E/2/Tonsill_ses2_e_0011.wav
resample 44100 to 16000 in /home/sepharfi/projects/def-zshakeri/sepharfi/CUCO/data_final/Audios/Tonsill/Vowels/I/2/Tonsill_ses2_i_0011.wav
resample 44100 to 16000 in /home/sepharfi/projects/def-zshakeri/sepharfi/CUCO/data_final/Audios/Tonsill/Vowels/O/2/Tonsill_ses2_o_0011.wav
resample 44100 to 16000 in /home/sepharfi/projects/def-zshakeri/sepharfi/CUCO/data_final/Audios/Tonsill/Vowels/U/2/Tonsill_ses2_u_0011.wav
resample 44100 to 16000 in /home/sepharfi/projects/def-zshakeri/sepharfi/CUCO/data_final/Audios/Tonsill/Sustained vowels/A1/2/Tonsill_ses2_a1_0011.wav
resample 44100 to 16000 in /home/sepharfi/projects/def-zshakeri/sepharfi/CUCO/data_final/Audios/Tonsill/Sustained vowels/A2/2/Tonsill_ses2_a2_0011.wav
resample 44100 to 16000 in /home/sepharfi/projects/def-zshakeri/sepharfi/CUCO/data_final/Audios/Tonsill/Sustained vowels/A3/2/Tonsill_ses2_a3_0011.wav
resample 44100 to 16000 in /home/sepharfi/projects/def-zshakeri/sepharfi/CUCO/data_final/Audios/Tonsill/Speech/2/Tonsill_ses2_speech_0026.wav
resample 44100 to 16000 in /home/sepharfi/projects/def-zshakeri/sepharfi/CUCO/data_final/Audios/Tonsill/TDU/Agua/2/Tonsill_ses2_agua_0026.wav
resample 44100 to 16000 in /home/sepharfi/projects/def-zshakeri/sepharfi/CUCO/data_final/Audios/Tonsill/TDU/Brasero/2/Tonsill_ses2_brasero_0026.wav
resample 44100 to 16000 in /home/sepharfi/projects/def-zshakeri/sepharfi/CUCO/data_final/Audios/Tonsill/TDU/Dia/2/Tonsill_ses2_dia_0026.wav
resample 44100 to 16000 in /home/sepharfi/projects/def-zshakeri/sepharfi/CUCO/data_final/Audios/Tonsill/TDU/Mesa/2/Tonsill_ses2_mesa_0026.wav
resample 44100 to 16000 in /home/sepharfi/projects/def-zshakeri/sepharfi/CUCO/data_final/Audios/Tonsill/Vowels/A/2/Tonsill_ses2_a_0026.wav
resample 44100 to 16000 in /home/sepharfi/projects/def-zshakeri/sepharfi/CUCO/data_final/Audios/Tonsill/Vowels/E/2/Tonsill_ses2_e_0026.wav
resample 44100 to 16000 in /home/sepharfi/projects/def-zshakeri/sepharfi/CUCO/data_final/Audios/Tonsill/Vowels/I/2/Tonsill_ses2_i_0026.wav
resample 44100 to 16000 in /home/sepharfi/projects/def-zshakeri/sepharfi/CUCO/data_final/Audios/Tonsill/Vowels/O/2/Tonsill_ses2_o_0026.wav
resample 44100 to 16000 in /home/sepharfi/projects/def-zshakeri/sepharfi/CUCO/data_final/Audios/Tonsill/Vowels/U/2/Tonsill_ses2_u_0026.wav
resample 44100 to 16000 in /home/sepharfi/projects/def-zshakeri/sepharfi/CUCO/data_final/Audios/Tonsill/Sustained vowels/A1/2/Tonsill_ses2_a1_0026.wav
resample 44100 to 16000 in /home/sepharfi/projects/def-zshakeri/sepharfi/CUCO/data_final/Audios/Tonsill/Sustained vowels/A2/2/Tonsill_ses2_a2_0026.wav
resample 44100 to 16000 in /home/sepharfi/projects/def-zshakeri/sepharfi/CUCO/data_final/Audios/Tonsill/Sustained vowels/A3/2/Tonsill_ses2_a3_0026.wav
resample 44100 to 16000 in /home/sepharfi/projects/def-zshakeri/sepharfi/CUCO/data_final/Audios/Tonsill/Speech/2/Tonsill_ses2_speech_0042.wav
resample 44100 to 16000 in /home/sepharfi/projects/def-zshakeri/sepharfi/CUCO/data_final/Audios/Tonsill/TDU/Agua/2/Tonsill_ses2_agua_0042.wav
resample 44100 to 16000 in /home/sepharfi/projects/def-zshakeri/sepharfi/CUCO/data_final/Audios/Tonsill/TDU/Brasero/2/Tonsill_ses2_brasero_0042.wav
resample 44100 to 16000 in /home/sepharfi/projects/def-zshakeri/sepharfi/CUCO/data_final/Audios/Tonsill/TDU/Dia/2/Tonsill_ses2_dia_0042.wav
resample 44100 to 16000 in /home/sepharfi/projects/def-zshakeri/sepharfi/CUCO/data_final/Audios/Tonsill/TDU/Mesa/2/Tonsill_ses2_mesa_0042.wav
resample 44100 to 16000 in /home/sepharfi/projects/def-zshakeri/sepharfi/CUCO/data_final/Audios/Tonsill/Vowels/A/2/Tonsill_ses2_a_0042.wav
resample 44100 to 16000 in /home/sepharfi/projects/def-zshakeri/sepharfi/CUCO/data_final/Audios/Tonsill/Vowels/E/2/Tonsill_ses2_e_0042.wav
resample 44100 to 16000 in /home/sepharfi/projects/def-zshakeri/sepharfi/CUCO/data_final/Audios/Tonsill/Vowels/I/2/Tonsill_ses2_i_0042.wav
resample 44100 to 16000 in /home/sepharfi/projects/def-zshakeri/sepharfi/CUCO/data_final/Audios/Tonsill/Vowels/O/2/Tonsill_ses2_o_0042.wav
resample 44100 to 16000 in /home/sepharfi/projects/def-zshakeri/sepharfi/CUCO/data_final/Audios/Tonsill/Vowels/U/2/Tonsill_ses2_u_0042.wav
resample 44100 to 16000 in /home/sepharfi/projects/def-zshakeri/sepharfi/CUCO/data_final/Audios/Tonsill/Sustained vowels/A1/2/Tonsill_ses2_a1_0042.wav
resample 44100 to 16000 in /home/sepharfi/projects/def-zshakeri/sepharfi/CUCO/data_final/Audios/Tonsill/Sustained vowels/A2/2/Tonsill_ses2_a2_0042.wav
resample 44100 to 16000 in /home/sepharfi/projects/def-zshakeri/sepharfi/CUCO/data_final/Audios/Tonsill/Sustained vowels/A3/2/Tonsill_ses2_a3_0042.wav
resample 44100 to 16000 in /home/sepharfi/projects/def-zshakeri/sepharfi/CUCO/data_final/Audios/Tonsill/Speech/2/Tonsill_ses2_speech_0062.wav
resample 44100 to 16000 in /home/sepharfi/projects/def-zshakeri/sepharfi/CUCO/data_final/Audios/Tonsill/TDU/Agua/2/Tonsill_ses2_agua_0062.wav
resample 44100 to 16000 in /home/sepharfi/projects/def-zshakeri/sepharfi/CUCO/data_final/Audios/Tonsill/TDU/Brasero/2/Tonsill_ses2_brasero_0062.wav
resample 44100 to 16000 in /home/sepharfi/projects/def-zshakeri/sepharfi/CUCO/data_final/Audios/Tonsill/TDU/Dia/2/Tonsill_ses2_dia_0062.wav
resample 44100 to 16000 in /home/sepharfi/projects/def-zshakeri/sepharfi/CUCO/data_final/Audios/Tonsill/TDU/Mesa/2/Tonsill_ses2_mesa_0062.wav
resample 44100 to 16000 in /home/sepharfi/projects/def-zshakeri/sepharfi/CUCO/data_final/Audios/Tonsill/Vowels/A/2/Tonsill_ses2_a_0062.wav
resample 44100 to 16000 in /home/sepharfi/projects/def-zshakeri/sepharfi/CUCO/data_final/Audios/Tonsill/Vowels/E/2/Tonsill_ses2_e_0062.wav
resample 44100 to 16000 in /home/sepharfi/projects/def-zshakeri/sepharfi/CUCO/data_final/Audios/Tonsill/Vowels/I/2/Tonsill_ses2_i_0062.wav
resample 44100 to 16000 in /home/sepharfi/projects/def-zshakeri/sepharfi/CUCO/data_final/Audios/Tonsill/Vowels/O/2/Tonsill_ses2_o_0062.wav
resample 44100 to 16000 in /home/sepharfi/projects/def-zshakeri/sepharfi/CUCO/data_final/Audios/Tonsill/Vowels/U/2/Tonsill_ses2_u_0062.wav
resample 44100 to 16000 in /home/sepharfi/projects/def-zshakeri/sepharfi/CUCO/data_final/Audios/Tonsill/Sustained vowels/A1/2/Tonsill_ses2_a1_0062.wav
resample 44100 to 16000 in /home/sepharfi/projects/def-zshakeri/sepharfi/CUCO/data_final/Audios/Tonsill/Sustained vowels/A2/2/Tonsill_ses2_a2_0062.wav
resample 44100 to 16000 in /home/sepharfi/projects/def-zshakeri/sepharfi/CUCO/data_final/Audios/Tonsill/Sustained vowels/A3/2/Tonsill_ses2_a3_0062.wav
resample 44100 to 16000 in /home/sepharfi/projects/def-zshakeri/sepharfi/CUCO/data_final/Audios/Tonsill/Speech/2/Tonsill_ses2_speech_0063.wav
resample 44100 to 16000 in /home/sepharfi/projects/def-zshakeri/sepharfi/CUCO/data_final/Audios/Tonsill/TDU/Agua/2/Tonsill_ses2_agua_0063.wav
resample 44100 to 16000 in /home/sepharfi/projects/def-zshakeri/sepharfi/CUCO/data_final/Audios/Tonsill/TDU/Brasero/2/Tonsill_ses2_brasero_0063.wav
resample 44100 to 16000 in /home/sepharfi/projects/def-zshakeri/sepharfi/CUCO/data_final/Audios/Tonsill/TDU/Dia/2/Tonsill_ses2_dia_0063.wav
resample 44100 to 16000 in /home/sepharfi/projects/def-zshakeri/sepharfi/CUCO/data_final/Audios/Tonsill/TDU/Mesa/2/Tonsill_ses2_mesa_0063.wav
resample 44100 to 16000 in /home/sepharfi/projects/def-zshakeri/sepharfi/CUCO/data_final/Audios/Tonsill/Vowels/A/2/Tonsill_ses2_a_0063.wav
resample 44100 to 16000 in /home/sepharfi/projects/def-zshakeri/sepharfi/CUCO/data_final/Audios/Tonsill/Vowels/E/2/Tonsill_ses2_e_0063.wav
resample 44100 to 16000 in /home/sepharfi/projects/def-zshakeri/sepharfi/CUCO/data_final/Audios/Tonsill/Vowels/I/2/Tonsill_ses2_i_0063.wav
resample 44100 to 16000 in /home/sepharfi/projects/def-zshakeri/sepharfi/CUCO/data_final/Audios/Tonsill/Vowels/O/2/Tonsill_ses2_o_0063.wav
resample 44100 to 16000 in /home/sepharfi/projects/def-zshakeri/sepharfi/CUCO/data_final/Audios/Tonsill/Vowels/U/2/Tonsill_ses2_u_0063.wav
resample 44100 to 16000 in /home/sepharfi/projects/def-zshakeri/sepharfi/CUCO/data_final/Audios/Tonsill/Sustained vowels/A1/2/Tonsill_ses2_a1_0063.wav
resample 44100 to 16000 in /home/sepharfi/projects/def-zshakeri/sepharfi/CUCO/data_final/Audios/Tonsill/Sustained vowels/A2/2/Tonsill_ses2_a2_0063.wav
resample 44100 to 16000 in /home/sepharfi/projects/def-zshakeri/sepharfi/CUCO/data_final/Audios/Tonsill/Sustained vowels/A3/2/Tonsill_ses2_a3_0063.wav
resample 44100 to 16000 in /home/sepharfi/projects/def-zshakeri/sepharfi/CUCO/data_final/Audios/Tonsill/Speech/2/Tonsill_ses2_speech_0078.wav
resample 44100 to 16000 in /home/sepharfi/projects/def-zshakeri/sepharfi/CUCO/data_final/Audios/Tonsill/TDU/Agua/2/Tonsill_ses2_agua_0078.wav
resample 44100 to 16000 in /home/sepharfi/projects/def-zshakeri/sepharfi/CUCO/data_final/Audios/Tonsill/TDU/Brasero/2/Tonsill_ses2_brasero_0078.wav
resample 44100 to 16000 in /home/sepharfi/projects/def-zshakeri/sepharfi/CUCO/data_final/Audios/Tonsill/TDU/Dia/2/Tonsill_ses2_dia_0078.wav
resample 44100 to 16000 in /home/sepharfi/projects/def-zshakeri/sepharfi/CUCO/data_final/Audios/Tonsill/Vowels/A/2/Tonsill_ses2_a_0078.wav
resample 44100 to 16000 in /home/sepharfi/projects/def-zshakeri/sepharfi/CUCO/data_final/Audios/Tonsill/Vowels/E/2/Tonsill_ses2_e_0078.wav
resample 44100 to 16000 in /home/sepharfi/projects/def-zshakeri/sepharfi/CUCO/data_final/Audios/Tonsill/Vowels/I/2/Tonsill_ses2_i_0078.wav
resample 44100 to 16000 in /home/sepharfi/projects/def-zshakeri/sepharfi/CUCO/data_final/Audios/Tonsill/Vowels/O/2/Tonsill_ses2_o_0078.wav
resample 44100 to 16000 in /home/sepharfi/projects/def-zshakeri/sepharfi/CUCO/data_final/Audios/Tonsill/Vowels/U/2/Tonsill_ses2_u_0078.wav
resample 44100 to 16000 in /home/sepharfi/projects/def-zshakeri/sepharfi/CUCO/data_final/Audios/Tonsill/Sustained vowels/A1/2/Tonsill_ses2_a1_0078.wav
resample 44100 to 16000 in /home/sepharfi/projects/def-zshakeri/sepharfi/CUCO/data_final/Audios/Tonsill/Sustained vowels/A2/2/Tonsill_ses2_a2_0078.wav
resample 44100 to 16000 in /home/sepharfi/projects/def-zshakeri/sepharfi/CUCO/data_final/Audios/Tonsill/Sustained vowels/A3/2/Tonsill_ses2_a3_0078.wav
resample 44100 to 16000 in /home/sepharfi/projects/def-zshakeri/sepharfi/CUCO/data_final/Audios/Tonsill/Speech/2/Tonsill_ses2_speech_0080.wav
resample 44100 to 16000 in /home/sepharfi/projects/def-zshakeri/sepharfi/CUCO/data_final/Audios/Tonsill/TDU/Agua/2/Tonsill_ses2_agua_0080.wav
resample 44100 to 16000 in /home/sepharfi/projects/def-zshakeri/sepharfi/CUCO/data_final/Audios/Tonsill/TDU/Brasero/2/Tonsill_ses2_brasero_0080.wav
resample 44100 to 16000 in /home/sepharfi/projects/def-zshakeri/sepharfi/CUCO/data_final/Audios/Tonsill/TDU/Dia/2/Tonsill_ses2_dia_0080.wav
resample 44100 to 16000 in /home/sepharfi/projects/def-zshakeri/sepharfi/CUCO/data_final/Audios/Tonsill/TDU/Mesa/2/Tonsill_ses2_mesa_0080.wav
resample 44100 to 16000 in /home/sepharfi/projects/def-zshakeri/sepharfi/CUCO/data_final/Audios/Tonsill/Sustained vowels/A1/2/Tonsill_ses2_a1_0080.wav
resample 44100 to 16000 in /home/sepharfi/projects/def-zshakeri/sepharfi/CUCO/data_final/Audios/Tonsill/Sustained vowels/A2/2/Tonsill_ses2_a2_0080.wav
resample 44100 to 16000 in /home/sepharfi/projects/def-zshakeri/sepharfi/CUCO/data_final/Audios/Tonsill/Sustained vowels/A3/2/Tonsill_ses2_a3_0080.wav
resample 44100 to 16000 in /home/sepharfi/projects/def-zshakeri/sepharfi/CUCO/data_final/Audios/Tonsill/Speech/2/Tonsill_ses2_speech_0081.wav
resample 44100 to 16000 in /home/sepharfi/projects/def-zshakeri/sepharfi/CUCO/data_final/Audios/Tonsill/TDU/Agua/2/Tonsill_ses2_agua_0081.wav
resample 44100 to 16000 in /home/sepharfi/projects/def-zshakeri/sepharfi/CUCO/data_final/Audios/Tonsill/TDU/Brasero/2/Tonsill_ses2_brasero_0081.wav
resample 44100 to 16000 in /home/sepharfi/projects/def-zshakeri/sepharfi/CUCO/data_final/Audios/Tonsill/TDU/Dia/2/Tonsill_ses2_dia_0081.wav
resample 44100 to 16000 in /home/sepharfi/projects/def-zshakeri/sepharfi/CUCO/data_final/Audios/Tonsill/TDU/Mesa/2/Tonsill_ses2_mesa_0081.wav
resample 44100 to 16000 in /home/sepharfi/projects/def-zshakeri/sepharfi/CUCO/data_final/Audios/Tonsill/Vowels/A/2/Tonsill_ses2_a_0081.wav
resample 44100 to 16000 in /home/sepharfi/projects/def-zshakeri/sepharfi/CUCO/data_final/Audios/Tonsill/Vowels/E/2/Tonsill_ses2_e_0081.wav
resample 44100 to 16000 in /home/sepharfi/projects/def-zshakeri/sepharfi/CUCO/data_final/Audios/Tonsill/Vowels/I/2/Tonsill_ses2_i_0081.wav
resample 44100 to 16000 in /home/sepharfi/projects/def-zshakeri/sepharfi/CUCO/data_final/Audios/Tonsill/Vowels/O/2/Tonsill_ses2_o_0081.wav
resample 44100 to 16000 in /home/sepharfi/projects/def-zshakeri/sepharfi/CUCO/data_final/Audios/Tonsill/Vowels/U/2/Tonsill_ses2_u_0081.wav
resample 44100 to 16000 in /home/sepharfi/projects/def-zshakeri/sepharfi/CUCO/data_final/Audios/Tonsill/Sustained vowels/A1/2/Tonsill_ses2_a1_0081.wav
resample 44100 to 16000 in /home/sepharfi/projects/def-zshakeri/sepharfi/CUCO/data_final/Audios/Tonsill/Sustained vowels/A2/2/Tonsill_ses2_a2_0081.wav
resample 44100 to 16000 in /home/sepharfi/projects/def-zshakeri/sepharfi/CUCO/data_final/Audios/Tonsill/Sustained vowels/A3/2/Tonsill_ses2_a3_0081.wav
resample 44100 to 16000 in /home/sepharfi/projects/def-zshakeri/sepharfi/CUCO/data_final/Audios/Tonsill/Speech/2/Tonsill_ses2_speech_0087.wav
resample 44100 to 16000 in /home/sepharfi/projects/def-zshakeri/sepharfi/CUCO/data_final/Audios/Tonsill/TDU/Agua/2/Tonsill_ses2_agua_0087.wav
resample 44100 to 16000 in /home/sepharfi/projects/def-zshakeri/sepharfi/CUCO/data_final/Audios/Tonsill/TDU/Brasero/2/Tonsill_ses2_brasero_0087.wav
resample 44100 to 16000 in /home/sepharfi/projects/def-zshakeri/sepharfi/CUCO/data_final/Audios/Tonsill/TDU/Dia/2/Tonsill_ses2_dia_0087.wav
resample 44100 to 16000 in /home/sepharfi/projects/def-zshakeri/sepharfi/CUCO/data_final/Audios/Tonsill/TDU/Mesa/2/Tonsill_ses2_mesa_0087.wav
resample 44100 to 16000 in /home/sepharfi/projects/def-zshakeri/sepharfi/CUCO/data_final/Audios/Tonsill/Vowels/A/2/Tonsill_ses2_a_0087.wav
resample 44100 to 16000 in /home/sepharfi/projects/def-zshakeri/sepharfi/CUCO/data_final/Audios/Tonsill/Vowels/E/2/Tonsill_ses2_e_0087.wav
resample 44100 to 16000 in /home/sepharfi/projects/def-zshakeri/sepharfi/CUCO/data_final/Audios/Tonsill/Vowels/I/2/Tonsill_ses2_i_0087.wav
resample 44100 to 16000 in /home/sepharfi/projects/def-zshakeri/sepharfi/CUCO/data_final/Audios/Tonsill/Vowels/O/2/Tonsill_ses2_o_0087.wav
resample 44100 to 16000 in /home/sepharfi/projects/def-zshakeri/sepharfi/CUCO/data_final/Audios/Tonsill/Vowels/U/2/Tonsill_ses2_u_0087.wav
resample 44100 to 16000 in /home/sepharfi/projects/def-zshakeri/sepharfi/CUCO/data_final/Audios/Tonsill/Sustained vowels/A1/2/Tonsill_ses2_a1_0087.wav
resample 44100 to 16000 in /home/sepharfi/projects/def-zshakeri/sepharfi/CUCO/data_final/Audios/Tonsill/Sustained vowels/A2/2/Tonsill_ses2_a2_0087.wav
resample 44100 to 16000 in /home/sepharfi/projects/def-zshakeri/sepharfi/CUCO/data_final/Audios/Tonsill/Sustained vowels/A3/2/Tonsill_ses2_a3_0087.wav
resample 44100 to 16000 in /home/sepharfi/projects/def-zshakeri/sepharfi/CUCO/data_final/Audios/Tonsill/Speech/2/Tonsill_ses2_speech_0089.wav
resample 44100 to 16000 in /home/sepharfi/projects/def-zshakeri/sepharfi/CUCO/data_final/Audios/Tonsill/TDU/Agua/2/Tonsill_ses2_agua_0089.wav
resample 44100 to 16000 in /home/sepharfi/projects/def-zshakeri/sepharfi/CUCO/data_final/Audios/Tonsill/TDU/Brasero/2/Tonsill_ses2_brasero_0089.wav
resample 44100 to 16000 in /home/sepharfi/projects/def-zshakeri/sepharfi/CUCO/data_final/Audios/Tonsill/TDU/Dia/2/Tonsill_ses2_dia_0089.wav
resample 44100 to 16000 in /home/sepharfi/projects/def-zshakeri/sepharfi/CUCO/data_final/Audios/Tonsill/TDU/Mesa/2/Tonsill_ses2_mesa_0089.wav
resample 44100 to 16000 in /home/sepharfi/projects/def-zshakeri/sepharfi/CUCO/data_final/Audios/Tonsill/Vowels/A/2/Tonsill_ses2_a_0089.wav
resample 44100 to 16000 in /home/sepharfi/projects/def-zshakeri/sepharfi/CUCO/data_final/Audios/Tonsill/Vowels/E/2/Tonsill_ses2_e_0089.wav
resample 44100 to 16000 in /home/sepharfi/projects/def-zshakeri/sepharfi/CUCO/data_final/Audios/Tonsill/Vowels/I/2/Tonsill_ses2_i_0089.wav
resample 44100 to 16000 in /home/sepharfi/projects/def-zshakeri/sepharfi/CUCO/data_final/Audios/Tonsill/Vowels/O/2/Tonsill_ses2_o_0089.wav
resample 44100 to 16000 in /home/sepharfi/projects/def-zshakeri/sepharfi/CUCO/data_final/Audios/Tonsill/Vowels/U/2/Tonsill_ses2_u_0089.wav
resample 44100 to 16000 in /home/sepharfi/projects/def-zshakeri/sepharfi/CUCO/data_final/Audios/Tonsill/Sustained vowels/A1/2/Tonsill_ses2_a1_0089.wav
resample 44100 to 16000 in /home/sepharfi/projects/def-zshakeri/sepharfi/CUCO/data_final/Audios/Tonsill/Sustained vowels/A2/2/Tonsill_ses2_a2_0089.wav
resample 44100 to 16000 in /home/sepharfi/projects/def-zshakeri/sepharfi/CUCO/data_final/Audios/Tonsill/Sustained vowels/A3/2/Tonsill_ses2_a3_0089.wav
resample 44100 to 16000 in /home/sepharfi/projects/def-zshakeri/sepharfi/CUCO/data_final/Audios/Tonsill/Speech/2/Tonsill_ses2_speech_0092.wav
resample 44100 to 16000 in /home/sepharfi/projects/def-zshakeri/sepharfi/CUCO/data_final/Audios/Tonsill/TDU/Agua/2/Tonsill_ses2_agua_0092.wav
resample 44100 to 16000 in /home/sepharfi/projects/def-zshakeri/sepharfi/CUCO/data_final/Audios/Tonsill/TDU/Brasero/2/Tonsill_ses2_brasero_0092.wav
resample 44100 to 16000 in /home/sepharfi/projects/def-zshakeri/sepharfi/CUCO/data_final/Audios/Tonsill/TDU/Dia/2/Tonsill_ses2_dia_0092.wav
resample 44100 to 16000 in /home/sepharfi/projects/def-zshakeri/sepharfi/CUCO/data_final/Audios/Tonsill/TDU/Mesa/2/Tonsill_ses2_mesa_0092.wav
resample 44100 to 16000 in /home/sepharfi/projects/def-zshakeri/sepharfi/CUCO/data_final/Audios/Tonsill/Vowels/A/2/Tonsill_ses2_a_0092.wav
resample 44100 to 16000 in /home/sepharfi/projects/def-zshakeri/sepharfi/CUCO/data_final/Audios/Tonsill/Vowels/E/2/Tonsill_ses2_e_0092.wav
resample 44100 to 16000 in /home/sepharfi/projects/def-zshakeri/sepharfi/CUCO/data_final/Audios/Tonsill/Vowels/I/2/Tonsill_ses2_i_0092.wav
resample 44100 to 16000 in /home/sepharfi/projects/def-zshakeri/sepharfi/CUCO/data_final/Audios/Tonsill/Vowels/O/2/Tonsill_ses2_o_0092.wav
resample 44100 to 16000 in /home/sepharfi/projects/def-zshakeri/sepharfi/CUCO/data_final/Audios/Tonsill/Vowels/U/2/Tonsill_ses2_u_0092.wav
resample 44100 to 16000 in /home/sepharfi/projects/def-zshakeri/sepharfi/CUCO/data_final/Audios/Tonsill/Sustained vowels/A1/2/Tonsill_ses2_a1_0092.wav
resample 44100 to 16000 in /home/sepharfi/projects/def-zshakeri/sepharfi/CUCO/data_final/Audios/Tonsill/Sustained vowels/A2/2/Tonsill_ses2_a2_0092.wav
resample 44100 to 16000 in /home/sepharfi/projects/def-zshakeri/sepharfi/CUCO/data_final/Audios/Tonsill/Sustained vowels/A3/2/Tonsill_ses2_a3_0092.wav
resample 44100 to 16000 in /home/sepharfi/projects/def-zshakeri/sepharfi/CUCO/data_final/Audios/Tonsill/Speech/2/Tonsill_ses2_speech_0099.wav
resample 44100 to 16000 in /home/sepharfi/projects/def-zshakeri/sepharfi/CUCO/data_final/Audios/Tonsill/TDU/Agua/2/Tonsill_ses2_agua_0099.wav
resample 44100 to 16000 in /home/sepharfi/projects/def-zshakeri/sepharfi/CUCO/data_final/Audios/Tonsill/TDU/Brasero/2/Tonsill_ses2_brasero_0099.wav
resample 44100 to 16000 in /home/sepharfi/projects/def-zshakeri/sepharfi/CUCO/data_final/Audios/Tonsill/TDU/Dia/2/Tonsill_ses2_dia_0099.wav
resample 44100 to 16000 in /home/sepharfi/projects/def-zshakeri/sepharfi/CUCO/data_final/Audios/Tonsill/TDU/Mesa/2/Tonsill_ses2_mesa_0099.wav
resample 44100 to 16000 in /home/sepharfi/projects/def-zshakeri/sepharfi/CUCO/data_final/Audios/Tonsill/Vowels/A/2/Tonsill_ses2_a_0099.wav
resample 44100 to 16000 in /home/sepharfi/projects/def-zshakeri/sepharfi/CUCO/data_final/Audios/Tonsill/Vowels/E/2/Tonsill_ses2_e_0099.wav
resample 44100 to 16000 in /home/sepharfi/projects/def-zshakeri/sepharfi/CUCO/data_final/Audios/Tonsill/Vowels/I/2/Tonsill_ses2_i_0099.wav
resample 44100 to 16000 in /home/sepharfi/projects/def-zshakeri/sepharfi/CUCO/data_final/Audios/Tonsill/Vowels/O/2/Tonsill_ses2_o_0099.wav
resample 44100 to 16000 in /home/sepharfi/projects/def-zshakeri/sepharfi/CUCO/data_final/Audios/Tonsill/Vowels/U/2/Tonsill_ses2_u_0099.wav
resample 44100 to 16000 in /home/sepharfi/projects/def-zshakeri/sepharfi/CUCO/data_final/Audios/Tonsill/Sustained vowels/A1/2/Tonsill_ses2_a1_0099.wav
resample 44100 to 16000 in /home/sepharfi/projects/def-zshakeri/sepharfi/CUCO/data_final/Audios/Tonsill/Sustained vowels/A2/2/Tonsill_ses2_a2_0099.wav
resample 44100 to 16000 in /home/sepharfi/projects/def-zshakeri/sepharfi/CUCO/data_final/Audios/Tonsill/Sustained vowels/A3/2/Tonsill_ses2_a3_0099.wav
resample 44100 to 16000 in /home/sepharfi/projects/def-zshakeri/sepharfi/CUCO/data_final/Audios/Tonsill/Speech/2/Tonsill_ses2_speech_0108.wav
resample 44100 to 16000 in /home/sepharfi/projects/def-zshakeri/sepharfi/CUCO/data_final/Audios/Tonsill/TDU/Agua/2/Tonsill_ses2_agua_0108.wav
resample 44100 to 16000 in /home/sepharfi/projects/def-zshakeri/sepharfi/CUCO/data_final/Audios/Tonsill/TDU/Brasero/2/Tonsill_ses2_brasero_0108.wav
resample 44100 to 16000 in /home/sepharfi/projects/def-zshakeri/sepharfi/CUCO/data_final/Audios/Tonsill/TDU/Dia/2/Tonsill_ses2_dia_0108.wav
resample 44100 to 16000 in /home/sepharfi/projects/def-zshakeri/sepharfi/CUCO/data_final/Audios/Tonsill/TDU/Mesa/2/Tonsill_ses2_mesa_0108.wav
resample 44100 to 16000 in /home/sepharfi/projects/def-zshakeri/sepharfi/CUCO/data_final/Audios/Tonsill/Vowels/A/2/Tonsill_ses2_a_0108.wav
resample 44100 to 16000 in /home/sepharfi/projects/def-zshakeri/sepharfi/CUCO/data_final/Audios/Tonsill/Vowels/E/2/Tonsill_ses2_e_0108.wav
resample 44100 to 16000 in /home/sepharfi/projects/def-zshakeri/sepharfi/CUCO/data_final/Audios/Tonsill/Vowels/I/2/Tonsill_ses2_i_0108.wav
resample 44100 to 16000 in /home/sepharfi/projects/def-zshakeri/sepharfi/CUCO/data_final/Audios/Tonsill/Vowels/O/2/Tonsill_ses2_o_0108.wav
resample 44100 to 16000 in /home/sepharfi/projects/def-zshakeri/sepharfi/CUCO/data_final/Audios/Tonsill/Vowels/U/2/Tonsill_ses2_u_0108.wav
resample 44100 to 16000 in /home/sepharfi/projects/def-zshakeri/sepharfi/CUCO/data_final/Audios/Tonsill/Sustained vowels/A1/2/Tonsill_ses2_a1_0108.wav
resample 44100 to 16000 in /home/sepharfi/projects/def-zshakeri/sepharfi/CUCO/data_final/Audios/Tonsill/Sustained vowels/A2/2/Tonsill_ses2_a2_0108.wav
resample 44100 to 16000 in /home/sepharfi/projects/def-zshakeri/sepharfi/CUCO/data_final/Audios/Tonsill/Sustained vowels/A3/2/Tonsill_ses2_a3_0108.wav
resample 44100 to 16000 in /home/sepharfi/projects/def-zshakeri/sepharfi/CUCO/data_final/Audios/Tonsill/Speech/2/Tonsill_ses2_speech_0109.wav
resample 44100 to 16000 in /home/sepharfi/projects/def-zshakeri/sepharfi/CUCO/data_final/Audios/Tonsill/TDU/Agua/2/Tonsill_ses2_agua_0109.wav
resample 44100 to 16000 in /home/sepharfi/projects/def-zshakeri/sepharfi/CUCO/data_final/Audios/Tonsill/TDU/Brasero/2/Tonsill_ses2_brasero_0109.wav
resample 44100 to 16000 in /home/sepharfi/projects/def-zshakeri/sepharfi/CUCO/data_final/Audios/Tonsill/TDU/Dia/2/Tonsill_ses2_dia_0109.wav
resample 44100 to 16000 in /home/sepharfi/projects/def-zshakeri/sepharfi/CUCO/data_final/Audios/Tonsill/TDU/Mesa/2/Tonsill_ses2_mesa_0109.wav
resample 44100 to 16000 in /home/sepharfi/projects/def-zshakeri/sepharfi/CUCO/data_final/Audios/Tonsill/Vowels/A/2/Tonsill_ses2_a_0109.wav
resample 44100 to 16000 in /home/sepharfi/projects/def-zshakeri/sepharfi/CUCO/data_final/Audios/Tonsill/Vowels/E/2/Tonsill_ses2_e_0109.wav
resample 44100 to 16000 in /home/sepharfi/projects/def-zshakeri/sepharfi/CUCO/data_final/Audios/Tonsill/Vowels/I/2/Tonsill_ses2_i_0109.wav
resample 44100 to 16000 in /home/sepharfi/projects/def-zshakeri/sepharfi/CUCO/data_final/Audios/Tonsill/Vowels/O/2/Tonsill_ses2_o_0109.wav
resample 44100 to 16000 in /home/sepharfi/projects/def-zshakeri/sepharfi/CUCO/data_final/Audios/Tonsill/Vowels/U/2/Tonsill_ses2_u_0109.wav
resample 44100 to 16000 in /home/sepharfi/projects/def-zshakeri/sepharfi/CUCO/data_final/Audios/Tonsill/Sustained vowels/A1/2/Tonsill_ses2_a1_0109.wav
resample 44100 to 16000 in /home/sepharfi/projects/def-zshakeri/sepharfi/CUCO/data_final/Audios/Tonsill/Sustained vowels/A2/2/Tonsill_ses2_a2_0109.wav
resample 44100 to 16000 in /home/sepharfi/projects/def-zshakeri/sepharfi/CUCO/data_final/Audios/Tonsill/Sustained vowels/A3/2/Tonsill_ses2_a3_0109.wav
resample 44100 to 16000 in /home/sepharfi/projects/def-zshakeri/sepharfi/CUCO/data_final/Audios/Tonsill/Speech/2/Tonsill_ses2_speech_0111.wav
resample 44100 to 16000 in /home/sepharfi/projects/def-zshakeri/sepharfi/CUCO/data_final/Audios/Tonsill/TDU/Agua/2/Tonsill_ses2_agua_0111.wav
resample 44100 to 16000 in /home/sepharfi/projects/def-zshakeri/sepharfi/CUCO/data_final/Audios/Tonsill/TDU/Brasero/2/Tonsill_ses2_brasero_0111.wav
resample 44100 to 16000 in /home/sepharfi/projects/def-zshakeri/sepharfi/CUCO/data_final/Audios/Tonsill/TDU/Dia/2/Tonsill_ses2_dia_0111.wav
resample 44100 to 16000 in /home/sepharfi/projects/def-zshakeri/sepharfi/CUCO/data_final/Audios/Tonsill/TDU/Mesa/2/Tonsill_ses2_mesa_0111.wav
resample 44100 to 16000 in /home/sepharfi/projects/def-zshakeri/sepharfi/CUCO/data_final/Audios/Tonsill/Vowels/A/2/Tonsill_ses2_a_0111.wav
resample 44100 to 16000 in /home/sepharfi/projects/def-zshakeri/sepharfi/CUCO/data_final/Audios/Tonsill/Vowels/E/2/Tonsill_ses2_e_0111.wav
resample 44100 to 16000 in /home/sepharfi/projects/def-zshakeri/sepharfi/CUCO/data_final/Audios/Tonsill/Vowels/I/2/Tonsill_ses2_i_0111.wav
resample 44100 to 16000 in /home/sepharfi/projects/def-zshakeri/sepharfi/CUCO/data_final/Audios/Tonsill/Vowels/O/2/Tonsill_ses2_o_0111.wav
resample 44100 to 16000 in /home/sepharfi/projects/def-zshakeri/sepharfi/CUCO/data_final/Audios/Tonsill/Vowels/U/2/Tonsill_ses2_u_0111.wav
resample 44100 to 16000 in /home/sepharfi/projects/def-zshakeri/sepharfi/CUCO/data_final/Audios/Tonsill/Sustained vowels/A1/2/Tonsill_ses2_a1_0111.wav
resample 44100 to 16000 in /home/sepharfi/projects/def-zshakeri/sepharfi/CUCO/data_final/Audios/Tonsill/Sustained vowels/A2/2/Tonsill_ses2_a2_0111.wav
resample 44100 to 16000 in /home/sepharfi/projects/def-zshakeri/sepharfi/CUCO/data_final/Audios/Tonsill/Sustained vowels/A3/2/Tonsill_ses2_a3_0111.wav
resample 44100 to 16000 in /home/sepharfi/projects/def-zshakeri/sepharfi/CUCO/data_final/Audios/Tonsill/Speech/2/Tonsill_ses2_speech_0112.wav
resample 44100 to 16000 in /home/sepharfi/projects/def-zshakeri/sepharfi/CUCO/data_final/Audios/Tonsill/TDU/Agua/2/Tonsill_ses2_agua_0112.wav
resample 44100 to 16000 in /home/sepharfi/projects/def-zshakeri/sepharfi/CUCO/data_final/Audios/Tonsill/TDU/Brasero/2/Tonsill_ses2_brasero_0112.wav
resample 44100 to 16000 in /home/sepharfi/projects/def-zshakeri/sepharfi/CUCO/data_final/Audios/Tonsill/TDU/Dia/2/Tonsill_ses2_dia_0112.wav
resample 44100 to 16000 in /home/sepharfi/projects/def-zshakeri/sepharfi/CUCO/data_final/Audios/Tonsill/TDU/Mesa/2/Tonsill_ses2_mesa_0112.wav
resample 44100 to 16000 in /home/sepharfi/projects/def-zshakeri/sepharfi/CUCO/data_final/Audios/Tonsill/Vowels/A/2/Tonsill_ses2_a_0112.wav
resample 44100 to 16000 in /home/sepharfi/projects/def-zshakeri/sepharfi/CUCO/data_final/Audios/Tonsill/Vowels/E/2/Tonsill_ses2_e_0112.wav
resample 44100 to 16000 in /home/sepharfi/projects/def-zshakeri/sepharfi/CUCO/data_final/Audios/Tonsill/Vowels/I/2/Tonsill_ses2_i_0112.wav
resample 44100 to 16000 in /home/sepharfi/projects/def-zshakeri/sepharfi/CUCO/data_final/Audios/Tonsill/Vowels/O/2/Tonsill_ses2_o_0112.wav
resample 44100 to 16000 in /home/sepharfi/projects/def-zshakeri/sepharfi/CUCO/data_final/Audios/Tonsill/Vowels/U/2/Tonsill_ses2_u_0112.wav
resample 44100 to 16000 in /home/sepharfi/projects/def-zshakeri/sepharfi/CUCO/data_final/Audios/Tonsill/Sustained vowels/A1/2/Tonsill_ses2_a1_0112.wav
resample 44100 to 16000 in /home/sepharfi/projects/def-zshakeri/sepharfi/CUCO/data_final/Audios/Tonsill/Sustained vowels/A2/2/Tonsill_ses2_a2_0112.wav
resample 44100 to 16000 in /home/sepharfi/projects/def-zshakeri/sepharfi/CUCO/data_final/Audios/Tonsill/Sustained vowels/A3/2/Tonsill_ses2_a3_0112.wav
resample 44100 to 16000 in /home/sepharfi/projects/def-zshakeri/sepharfi/CUCO/data_final/Audios/Tonsill/Speech/2/Tonsill_ses2_speech_0125.wav
resample 44100 to 16000 in /home/sepharfi/projects/def-zshakeri/sepharfi/CUCO/data_final/Audios/Tonsill/TDU/Agua/2/Tonsill_ses2_agua_0125.wav
resample 44100 to 16000 in /home/sepharfi/projects/def-zshakeri/sepharfi/CUCO/data_final/Audios/Tonsill/TDU/Brasero/2/Tonsill_ses2_brasero_0125.wav
resample 44100 to 16000 in /home/sepharfi/projects/def-zshakeri/sepharfi/CUCO/data_final/Audios/Tonsill/TDU/Dia/2/Tonsill_ses2_dia_0125.wav
resample 44100 to 16000 in /home/sepharfi/projects/def-zshakeri/sepharfi/CUCO/data_final/Audios/Tonsill/TDU/Mesa/2/Tonsill_ses2_mesa_0125.wav
resample 44100 to 16000 in /home/sepharfi/projects/def-zshakeri/sepharfi/CUCO/data_final/Audios/Tonsill/Vowels/A/2/Tonsill_ses2_a_0125.wav
resample 44100 to 16000 in /home/sepharfi/projects/def-zshakeri/sepharfi/CUCO/data_final/Audios/Tonsill/Vowels/E/2/Tonsill_ses2_e_0125.wav
resample 44100 to 16000 in /home/sepharfi/projects/def-zshakeri/sepharfi/CUCO/data_final/Audios/Tonsill/Vowels/I/2/Tonsill_ses2_i_0125.wav
resample 44100 to 16000 in /home/sepharfi/projects/def-zshakeri/sepharfi/CUCO/data_final/Audios/Tonsill/Vowels/O/2/Tonsill_ses2_o_0125.wav
resample 44100 to 16000 in /home/sepharfi/projects/def-zshakeri/sepharfi/CUCO/data_final/Audios/Tonsill/Vowels/U/2/Tonsill_ses2_u_0125.wav
resample 44100 to 16000 in /home/sepharfi/projects/def-zshakeri/sepharfi/CUCO/data_final/Audios/Tonsill/Sustained vowels/A1/2/Tonsill_ses2_a1_0125.wav
resample 44100 to 16000 in /home/sepharfi/projects/def-zshakeri/sepharfi/CUCO/data_final/Audios/Tonsill/Sustained vowels/A2/2/Tonsill_ses2_a2_0125.wav
resample 44100 to 16000 in /home/sepharfi/projects/def-zshakeri/sepharfi/CUCO/data_final/Audios/Tonsill/Sustained vowels/A3/2/Tonsill_ses2_a3_0125.wav
resample 44100 to 16000 in /home/sepharfi/projects/def-zshakeri/sepharfi/CUCO/data_final/Audios/Tonsill/Speech/2/Tonsill_ses2_speech_0129.wav
resample 44100 to 16000 in /home/sepharfi/projects/def-zshakeri/sepharfi/CUCO/data_final/Audios/Tonsill/TDU/Agua/2/Tonsill_ses2_agua_0129.wav
resample 44100 to 16000 in /home/sepharfi/projects/def-zshakeri/sepharfi/CUCO/data_final/Audios/Tonsill/TDU/Brasero/2/Tonsill_ses2_brasero_0129.wav
resample 44100 to 16000 in /home/sepharfi/projects/def-zshakeri/sepharfi/CUCO/data_final/Audios/Tonsill/TDU/Dia/2/Tonsill_ses2_dia_0129.wav
resample 44100 to 16000 in /home/sepharfi/projects/def-zshakeri/sepharfi/CUCO/data_final/Audios/Tonsill/TDU/Mesa/2/Tonsill_ses2_mesa_0129.wav
resample 44100 to 16000 in /home/sepharfi/projects/def-zshakeri/sepharfi/CUCO/data_final/Audios/Tonsill/Vowels/A/2/Tonsill_ses2_a_0129.wav
resample 44100 to 16000 in /home/sepharfi/projects/def-zshakeri/sepharfi/CUCO/data_final/Audios/Tonsill/Vowels/E/2/Tonsill_ses2_e_0129.wav
resample 44100 to 16000 in /home/sepharfi/projects/def-zshakeri/sepharfi/CUCO/data_final/Audios/Tonsill/Vowels/I/2/Tonsill_ses2_i_0129.wav
resample 44100 to 16000 in /home/sepharfi/projects/def-zshakeri/sepharfi/CUCO/data_final/Audios/Tonsill/Vowels/O/2/Tonsill_ses2_o_0129.wav
resample 44100 to 16000 in /home/sepharfi/projects/def-zshakeri/sepharfi/CUCO/data_final/Audios/Tonsill/Vowels/U/2/Tonsill_ses2_u_0129.wav
resample 44100 to 16000 in /home/sepharfi/projects/def-zshakeri/sepharfi/CUCO/data_final/Audios/Tonsill/Sustained vowels/A1/2/Tonsill_ses2_a1_0129.wav
resample 44100 to 16000 in /home/sepharfi/projects/def-zshakeri/sepharfi/CUCO/data_final/Audios/Tonsill/Sustained vowels/A2/2/Tonsill_ses2_a2_0129.wav
resample 44100 to 16000 in /home/sepharfi/projects/def-zshakeri/sepharfi/CUCO/data_final/Audios/Tonsill/Sustained vowels/A3/2/Tonsill_ses2_a3_0129.wav
resample 44100 to 16000 in /home/sepharfi/projects/def-zshakeri/sepharfi/CUCO/data_final/Audios/Tonsill/Speech/2/Tonsill_ses2_speech_0137.wav
resample 44100 to 16000 in /home/sepharfi/projects/def-zshakeri/sepharfi/CUCO/data_final/Audios/Tonsill/TDU/Mesa/2/Tonsill_ses2_mesa_0137.wav
resample 44100 to 16000 in /home/sepharfi/projects/def-zshakeri/sepharfi/CUCO/data_final/Audios/Tonsill/Speech/2/Tonsill_ses2_speech_0144.wav
resample 44100 to 16000 in /home/sepharfi/projects/def-zshakeri/sepharfi/CUCO/data_final/Audios/Tonsill/TDU/Agua/2/Tonsill_ses2_agua_0144.wav
resample 44100 to 16000 in /home/sepharfi/projects/def-zshakeri/sepharfi/CUCO/data_final/Audios/Tonsill/TDU/Brasero/2/Tonsill_ses2_brasero_0144.wav
resample 44100 to 16000 in /home/sepharfi/projects/def-zshakeri/sepharfi/CUCO/data_final/Audios/Tonsill/TDU/Dia/2/Tonsill_ses2_dia_0144.wav
resample 44100 to 16000 in /home/sepharfi/projects/def-zshakeri/sepharfi/CUCO/data_final/Audios/Tonsill/TDU/Mesa/2/Tonsill_ses2_mesa_0144.wav
resample 44100 to 16000 in /home/sepharfi/projects/def-zshakeri/sepharfi/CUCO/data_final/Audios/Tonsill/Vowels/A/2/Tonsill_ses2_a_0144.wav
resample 44100 to 16000 in /home/sepharfi/projects/def-zshakeri/sepharfi/CUCO/data_final/Audios/Tonsill/Vowels/E/2/Tonsill_ses2_e_0144.wav
resample 44100 to 16000 in /home/sepharfi/projects/def-zshakeri/sepharfi/CUCO/data_final/Audios/Tonsill/Vowels/I/2/Tonsill_ses2_i_0144.wav
resample 44100 to 16000 in /home/sepharfi/projects/def-zshakeri/sepharfi/CUCO/data_final/Audios/Tonsill/Vowels/O/2/Tonsill_ses2_o_0144.wav
resample 44100 to 16000 in /home/sepharfi/projects/def-zshakeri/sepharfi/CUCO/data_final/Audios/Tonsill/Vowels/U/2/Tonsill_ses2_u_0144.wav
resample 44100 to 16000 in /home/sepharfi/projects/def-zshakeri/sepharfi/CUCO/data_final/Audios/Tonsill/Sustained vowels/A1/2/Tonsill_ses2_a1_0144.wav
resample 44100 to 16000 in /home/sepharfi/projects/def-zshakeri/sepharfi/CUCO/data_final/Audios/Tonsill/Sustained vowels/A2/2/Tonsill_ses2_a2_0144.wav
resample 44100 to 16000 in /home/sepharfi/projects/def-zshakeri/sepharfi/CUCO/data_final/Audios/Tonsill/Sustained vowels/A3/2/Tonsill_ses2_a3_0144.wav
resample 44100 to 16000 in /home/sepharfi/projects/def-zshakeri/sepharfi/CUCO/data_final/Audios/Tonsill/Speech/2/Tonsill_ses2_speech_0145.wav
resample 44100 to 16000 in /home/sepharfi/projects/def-zshakeri/sepharfi/CUCO/data_final/Audios/Tonsill/TDU/Agua/2/Tonsill_ses2_agua_0145.wav
resample 44100 to 16000 in /home/sepharfi/projects/def-zshakeri/sepharfi/CUCO/data_final/Audios/Tonsill/TDU/Brasero/2/Tonsill_ses2_brasero_0145.wav
resample 44100 to 16000 in /home/sepharfi/projects/def-zshakeri/sepharfi/CUCO/data_final/Audios/Tonsill/TDU/Dia/2/Tonsill_ses2_dia_0145.wav
resample 44100 to 16000 in /home/sepharfi/projects/def-zshakeri/sepharfi/CUCO/data_final/Audios/Tonsill/TDU/Mesa/2/Tonsill_ses2_mesa_0145.wav
resample 44100 to 16000 in /home/sepharfi/projects/def-zshakeri/sepharfi/CUCO/data_final/Audios/Tonsill/Vowels/A/2/Tonsill_ses2_a_0145.wav
resample 44100 to 16000 in /home/sepharfi/projects/def-zshakeri/sepharfi/CUCO/data_final/Audios/Tonsill/Vowels/E/2/Tonsill_ses2_e_0145.wav
resample 44100 to 16000 in /home/sepharfi/projects/def-zshakeri/sepharfi/CUCO/data_final/Audios/Tonsill/Vowels/I/2/Tonsill_ses2_i_0145.wav
resample 44100 to 16000 in /home/sepharfi/projects/def-zshakeri/sepharfi/CUCO/data_final/Audios/Tonsill/Vowels/O/2/Tonsill_ses2_o_0145.wav
resample 44100 to 16000 in /home/sepharfi/projects/def-zshakeri/sepharfi/CUCO/data_final/Audios/Tonsill/Vowels/U/2/Tonsill_ses2_u_0145.wav
resample 44100 to 16000 in /home/sepharfi/projects/def-zshakeri/sepharfi/CUCO/data_final/Audios/Tonsill/Sustained vowels/A1/2/Tonsill_ses2_a1_0145.wav
resample 44100 to 16000 in /home/sepharfi/projects/def-zshakeri/sepharfi/CUCO/data_final/Audios/Tonsill/Sustained vowels/A2/2/Tonsill_ses2_a2_0145.wav
resample 44100 to 16000 in /home/sepharfi/projects/def-zshakeri/sepharfi/CUCO/data_final/Audios/Tonsill/Sustained vowels/A3/2/Tonsill_ses2_a3_0145.wav
resample 44100 to 16000 in /home/sepharfi/projects/def-zshakeri/sepharfi/CUCO/data_final/Audios/Tonsill/Speech/2/Tonsill_ses2_speech_0147.wav
resample 44100 to 16000 in /home/sepharfi/projects/def-zshakeri/sepharfi/CUCO/data_final/Audios/Tonsill/TDU/Agua/2/Tonsill_ses2_agua_0147.wav
resample 44100 to 16000 in /home/sepharfi/projects/def-zshakeri/sepharfi/CUCO/data_final/Audios/Tonsill/TDU/Brasero/2/Tonsill_ses2_brasero_0147.wav
resample 44100 to 16000 in /home/sepharfi/projects/def-zshakeri/sepharfi/CUCO/data_final/Audios/Tonsill/TDU/Dia/2/Tonsill_ses2_dia_0147.wav
resample 44100 to 16000 in /home/sepharfi/projects/def-zshakeri/sepharfi/CUCO/data_final/Audios/Tonsill/TDU/Mesa/2/Tonsill_ses2_mesa_0147.wav
resample 44100 to 16000 in /home/sepharfi/projects/def-zshakeri/sepharfi/CUCO/data_final/Audios/Tonsill/Vowels/A/2/Tonsill_ses2_a_0147.wav
resample 44100 to 16000 in /home/sepharfi/projects/def-zshakeri/sepharfi/CUCO/data_final/Audios/Tonsill/Vowels/E/2/Tonsill_ses2_e_0147.wav
resample 44100 to 16000 in /home/sepharfi/projects/def-zshakeri/sepharfi/CUCO/data_final/Audios/Tonsill/Vowels/I/2/Tonsill_ses2_i_0147.wav
resample 44100 to 16000 in /home/sepharfi/projects/def-zshakeri/sepharfi/CUCO/data_final/Audios/Tonsill/Vowels/O/2/Tonsill_ses2_o_0147.wav
resample 44100 to 16000 in /home/sepharfi/projects/def-zshakeri/sepharfi/CUCO/data_final/Audios/Tonsill/Vowels/U/2/Tonsill_ses2_u_0147.wav
resample 44100 to 16000 in /home/sepharfi/projects/def-zshakeri/sepharfi/CUCO/data_final/Audios/Tonsill/Sustained vowels/A1/2/Tonsill_ses2_a1_0147.wav
resample 44100 to 16000 in /home/sepharfi/projects/def-zshakeri/sepharfi/CUCO/data_final/Audios/Tonsill/Sustained vowels/A2/2/Tonsill_ses2_a2_0147.wav
resample 44100 to 16000 in /home/sepharfi/projects/def-zshakeri/sepharfi/CUCO/data_final/Audios/Tonsill/Sustained vowels/A3/2/Tonsill_ses2_a3_0147.wav
  Total: 94155 frames (31.4 min)

=== Audio augmentation: 3 extra rounds on the 282 CV file pairs (train-only) ===

[Aug round 1/3] re-extracting pre features...
  [aug1] Total: 89059 frames (29.7 min)
[Aug round 1/3] re-extracting post features...
  [aug1] Total: 94039 frames (31.3 min)

[Aug round 2/3] re-extracting pre features...
  [aug2] Total: 89706 frames (29.9 min)
[Aug round 2/3] re-extracting post features...
  [aug2] Total: 94498 frames (31.5 min)

[Aug round 3/3] re-extracting pre features...
  [aug3] Total: 89368 frames (29.8 min)
[Aug round 3/3] re-extracting post features...
  [aug3] Total: 94266 frames (31.4 min)

  After augmentation: 1128 pre / 1128 post feature vectors (282 originals + 846 augmented)

============================================================
  Train/val patients: 23, files: 1128
  Held-out test: ['0045', '0085', '0110', '0122', '0132']
============================================================

============================================================
  5-Fold Cross-Validation
============================================================

Fold 1/5: train=920 files (incl. 0 extra-surg, 690 augmented), val=52 files
  Fold 1 Train: 15818 segs (920 patients), Val: 742 segs (52 patients)
    Fold 1 Epoch   1  val=4.287873  alpha=0.3474
    Fold 1 Epoch  20  val=3.905570  alpha=1.2119
    Fold 1 Epoch  40  val=3.903892  alpha=1.4532
    Fold 1 Epoch  60  val=3.910778  alpha=1.5933
    Fold 1 Early stopping at epoch 61
    Fold 1 Best val loss: 3.885559

Fold 2/5: train=920 files (incl. 0 extra-surg, 690 augmented), val=52 files
  Fold 2 Train: 15630 segs (920 patients), Val: 790 segs (52 patients)
    Fold 2 Epoch   1  val=4.644537  alpha=0.3424
    Fold 2 Epoch  20  val=4.276951  alpha=1.2215
    Fold 2 Epoch  40  val=4.265892  alpha=1.4837
    Fold 2 Epoch  60  val=4.281342  alpha=1.6373
    Fold 2 Early stopping at epoch 68
    Fold 2 Best val loss: 4.257866

Fold 3/5: train=924 files (incl. 0 extra-surg, 693 augmented), val=51 files
  Fold 3 Train: 15253 segs (924 patients), Val: 880 segs (51 patients)
    Fold 3 Epoch   1  val=4.486789  alpha=0.3365
    Fold 3 Epoch  20  val=4.135843  alpha=1.2280
    Fold 3 Epoch  40  val=4.153069  alpha=1.5470
    Fold 3 Early stopping at epoch 58
    Fold 3 Best val loss: 4.131297

Fold 4/5: train=964 files (incl. 0 extra-surg, 723 augmented), val=41 files
  Fold 4 Train: 15648 segs (964 patients), Val: 794 segs (41 patients)
    Fold 4 Epoch   1  val=4.678685  alpha=0.3418
    Fold 4 Epoch  20  val=4.306170  alpha=1.1761
    Fold 4 Epoch  40  val=4.316149  alpha=1.4183
    Fold 4 Epoch  60  val=4.313245  alpha=1.5908
    Fold 4 Early stopping at epoch 67
    Fold 4 Best val loss: 4.305175

Fold 5/5: train=784 files (incl. 0 extra-surg, 588 augmented), val=86 files
  Fold 5 Train: 12839 segs (784 patients), Val: 1490 segs (86 patients)
    Fold 5 Epoch   1  val=4.698290  alpha=0.3046
    Fold 5 Epoch  20  val=4.303212  alpha=1.1668
    Fold 5 Epoch  40  val=4.294485  alpha=1.4894
    Fold 5 Epoch  60  val=4.308550  alpha=1.6911
    Fold 5 Early stopping at epoch 71
    Fold 5 Best val loss: 4.292519

============================================================
  CV Results: 4.174483 +/- 0.157040
  Per-fold: ['3.885559', '4.257866', '4.131297', '4.305175', '4.292519']
============================================================

Training final model on all 282 CV patients + 0 extra...
  Final Train: 12839 segs (784 patients), Val: 1490 segs (86 patients)
    Final Epoch   1  val=4.710475  alpha=0.3041
    Final Epoch  20  val=4.310211  alpha=1.1301
    Final Epoch  40  val=4.316106  alpha=1.4089
    Final Epoch  60  val=4.310505  alpha=1.5617
    Final Early stopping at epoch 71
    Final Best val loss: 4.291675

Done. Final model: checkpoints_kfold_aug/best_model.pt
Test patients (5): ['0045', '0085', '0110', '0122', '0132']
Run inference on test patients only:
  python scripts/inference_kfold.py --checkpoint checkpoints_kfold_aug/best_model.pt

================================================
  UNet-VC (aug) — Evaluation on held-out test patients
================================================
Using cache found in /home/sepharfi/.cache/torch/hub/bshall_knn-vc_master
/home/sepharfi/envs/myenv/lib/python3.11/site-packages/torch/nn/utils/weight_norm.py:144: FutureWarning: `torch.nn.utils.weight_norm` is deprecated in favor of `torch.nn.utils.parametrizations.weight_norm`.
  WeightNorm.apply(module, name, dim)
Device: cuda
Removing weight norm...
[HiFiGAN] Generator loaded with 16,523,393 parameters.
WavLM-Large loaded with 315,453,120 parameters.
Traceback (most recent call last):
  File "/lustre06/project/6086959/sepharfi/VoiceConversion/Experiments/unet_vc/scripts/run_eval.py", line 131, in <module>
    main()
  File "/lustre06/project/6086959/sepharfi/VoiceConversion/Experiments/unet_vc/scripts/run_eval.py", line 49, in main
    knn_vc = load_finetuned_knnvc(device)
             ^^^^^^^^^^^^^^^^^^^^^^^^^^^^
  File "/lustre06/project/6086959/sepharfi/VoiceConversion/Experiments/unet_vc/scripts/../../shared/utils.py", line 163, in load_finetuned_knnvc
    ckpt       = torch.load(hifigan_ckpt, map_location=device, weights_only=False)
                 ^^^^^^^^^^^^^^^^^^^^^^^^^^^^^^^^^^^^^^^^^^^^^^^^^^^^^^^^^^^^^^^^^
  File "/home/sepharfi/envs/myenv/lib/python3.11/site-packages/torch/serialization.py", line 1484, in load
    with _open_file_like(f, "rb") as opened_file:
         ^^^^^^^^^^^^^^^^^^^^^^^^
  File "/home/sepharfi/envs/myenv/lib/python3.11/site-packages/torch/serialization.py", line 759, in _open_file_like
    return _open_file(name_or_buffer, mode)
           ^^^^^^^^^^^^^^^^^^^^^^^^^^^^^^^^
  File "/home/sepharfi/envs/myenv/lib/python3.11/site-packages/torch/serialization.py", line 740, in __init__
    super().__init__(open(name, mode))
                     ^^^^^^^^^^^^^^^^
FileNotFoundError: [Errno 2] No such file or directory: '/home/sepharfi/projects/def-zshakeri/sepharfi/VoiceConversion/Experiments/hifigan_finetune/output/best_generator.pt'
Done!
