Lmod has detected the following error: These module(s) or extension(s) exist
but cannot be loaded as requested: "cuda/11.8"
   Try: "module spider cuda/11.8" to see how to load the module(s).



Device: cuda
Loaded checkpoint: /project/6086959/sepehr/VoiceConversion/mask_cyclegan/scripts/../checkpoints/best_mask_cyclegan.pth (epoch 343)
Test set: 61 pre-surgery, 63 post-surgery segments

Evaluating A→B (pre-surgery → post-surgery)...
  [1/61] MCD=73.40  Cycle=0.0570  Idt=0.0683
  [2/61] MCD=71.49  Cycle=0.0563  Idt=0.0746
  [3/61] MCD=70.50  Cycle=0.0538  Idt=0.0770
  [4/61] MCD=69.75  Cycle=0.0548  Idt=0.0698
  [5/61] MCD=70.37  Cycle=0.0607  Idt=0.0897
  [6/61] MCD=76.86  Cycle=0.0573  Idt=0.0762
  [7/61] MCD=71.31  Cycle=0.0548  Idt=0.0695
  [8/61] MCD=73.93  Cycle=0.0597  Idt=0.0935
  [9/61] MCD=81.18  Cycle=0.0578  Idt=0.0823
  [10/61] MCD=75.91  Cycle=0.0591  Idt=0.0737
  [11/61] MCD=75.33  Cycle=0.0598  Idt=0.0756
  [12/61] MCD=76.17  Cycle=0.0560  Idt=0.0729
  [13/61] MCD=82.38  Cycle=0.0769  Idt=0.1014
  [14/61] MCD=80.61  Cycle=0.0779  Idt=0.1139
  [15/61] MCD=74.23  Cycle=0.0689  Idt=0.1093
  [16/61] MCD=72.54  Cycle=0.0686  Idt=0.1014
  [17/61] MCD=73.87  Cycle=0.0670  Idt=0.0902
  [18/61] MCD=73.18  Cycle=0.0675  Idt=0.0980
  [19/61] MCD=80.39  Cycle=0.0652  Idt=0.1318
  [20/61] MCD=73.90  Cycle=0.0729  Idt=0.1060
  [21/61] MCD=82.61  Cycle=0.0668  Idt=0.1099
  [22/61] MCD=74.36  Cycle=0.0636  Idt=0.0971
  [23/61] MCD=78.30  Cycle=0.0706  Idt=0.1072
  [24/61] MCD=64.90  Cycle=0.0562  Idt=0.0826
  [25/61] MCD=71.79  Cycle=0.0637  Idt=0.0846
  [26/61] MCD=74.04  Cycle=0.0695  Idt=0.1060
  [27/61] MCD=76.90  Cycle=0.0602  Idt=0.0824
  [28/61] MCD=82.67  Cycle=0.0676  Idt=0.1488
  [29/61] MCD=72.54  Cycle=0.0569  Idt=0.0900
  [30/61] MCD=72.43  Cycle=0.0586  Idt=0.0852
  [31/61] MCD=83.58  Cycle=0.0699  Idt=0.1446
  [32/61] MCD=77.76  Cycle=0.0652  Idt=0.0873
  [33/61] MCD=73.28  Cycle=0.0700  Idt=0.1017
  [34/61] MCD=78.59  Cycle=0.0614  Idt=0.1034
  [35/61] MCD=72.03  Cycle=0.0596  Idt=0.0928
  [36/61] MCD=78.48  Cycle=0.0721  Idt=0.1047
  [37/61] MCD=80.67  Cycle=0.0802  Idt=0.1136
  [38/61] MCD=76.16  Cycle=0.0741  Idt=0.0942
  [39/61] MCD=77.34  Cycle=0.0758  Idt=0.0990
  [40/61] MCD=78.95  Cycle=0.0765  Idt=0.0861
  [41/61] MCD=76.59  Cycle=0.0764  Idt=0.0960
  [42/61] MCD=75.14  Cycle=0.0723  Idt=0.1066
  [43/61] MCD=74.49  Cycle=0.0720  Idt=0.0849
  [44/61] MCD=80.02  Cycle=0.0631  Idt=0.0783
  [45/61] MCD=76.32  Cycle=0.0697  Idt=0.0872
  [46/61] MCD=73.88  Cycle=0.0747  Idt=0.1100
  [47/61] MCD=72.94  Cycle=0.0817  Idt=0.0973
  [48/61] MCD=72.66  Cycle=0.0804  Idt=0.0966
  [49/61] MCD=79.98  Cycle=0.0722  Idt=0.0976
  [50/61] MCD=72.65  Cycle=0.0632  Idt=0.0754
  [51/61] MCD=69.58  Cycle=0.0609  Idt=0.0778
  [52/61] MCD=73.43  Cycle=0.0618  Idt=0.0777
  [53/61] MCD=74.88  Cycle=0.0562  Idt=0.0700
  [54/61] MCD=78.08  Cycle=0.0595  Idt=0.0833
  [55/61] MCD=77.43  Cycle=0.0632  Idt=0.0788
  [56/61] MCD=71.36  Cycle=0.0593  Idt=0.0710
  [57/61] MCD=73.08  Cycle=0.0573  Idt=0.0764
  [58/61] MCD=73.47  Cycle=0.0579  Idt=0.0820
  [59/61] MCD=74.64  Cycle=0.0655  Idt=0.0831
  [60/61] MCD=72.44  Cycle=0.0592  Idt=0.0793
  [61/61] MCD=75.64  Cycle=0.0528  Idt=0.0603

Evaluating B→A (post-surgery → pre-surgery)...
  [1/63] MCD=65.96  Cycle=0.0605  Idt=0.0713
  [2/63] MCD=76.43  Cycle=0.0656  Idt=0.0766
  [3/63] MCD=68.87  Cycle=0.0681  Idt=0.0791
  [4/63] MCD=74.18  Cycle=0.0641  Idt=0.0774
  [5/63] MCD=76.49  Cycle=0.0660  Idt=0.0757
  [6/63] MCD=70.59  Cycle=0.0640  Idt=0.0761
  [7/63] MCD=71.36  Cycle=0.0613  Idt=0.0729
  [8/63] MCD=87.11  Cycle=0.0752  Idt=0.0983
  [9/63] MCD=75.85  Cycle=0.0613  Idt=0.0743
  [10/63] MCD=73.23  Cycle=0.0640  Idt=0.0739
  [11/63] MCD=73.61  Cycle=0.0655  Idt=0.0731
  [12/63] MCD=71.08  Cycle=0.0601  Idt=0.0694
  [13/63] MCD=74.23  Cycle=0.0709  Idt=0.0885
  [14/63] MCD=76.93  Cycle=0.0768  Idt=0.1020
  [15/63] MCD=80.87  Cycle=0.0695  Idt=0.1045
  [16/63] MCD=75.27  Cycle=0.0838  Idt=0.0832
  [17/63] MCD=76.12  Cycle=0.0711  Idt=0.0927
  [18/63] MCD=78.59  Cycle=0.0799  Idt=0.0893
  [19/63] MCD=88.04  Cycle=0.0704  Idt=0.0874
  [20/63] MCD=87.33  Cycle=0.0832  Idt=0.0968
  [21/63] MCD=72.90  Cycle=0.0752  Idt=0.0794
  [22/63] MCD=76.39  Cycle=0.0771  Idt=0.0986
  [23/63] MCD=94.65  Cycle=0.0739  Idt=0.1113
  [24/63] MCD=88.39  Cycle=0.0830  Idt=0.0852
  [25/63] MCD=82.05  Cycle=0.0737  Idt=0.0855
  [26/63] MCD=79.04  Cycle=0.0781  Idt=0.0965
  [27/63] MCD=76.56  Cycle=0.0705  Idt=0.0785
  [28/63] MCD=75.38  Cycle=0.0753  Idt=0.0806
  [29/63] MCD=74.61  Cycle=0.0596  Idt=0.0808
  [30/63] MCD=68.37  Cycle=0.0662  Idt=0.0739
  [31/63] MCD=74.59  Cycle=0.0649  Idt=0.0793
  [32/63] MCD=73.99  Cycle=0.0654  Idt=0.0790
  [33/63] MCD=76.06  Cycle=0.0692  Idt=0.0775
  [34/63] MCD=74.11  Cycle=0.0648  Idt=0.0850
  [35/63] MCD=73.96  Cycle=0.0698  Idt=0.0834
  [36/63] MCD=81.20  Cycle=0.0721  Idt=0.1018
  [37/63] MCD=101.33  Cycle=0.0711  Idt=0.0957
  [38/63] MCD=75.23  Cycle=0.0758  Idt=0.0871
  [39/63] MCD=78.40  Cycle=0.0722  Idt=0.0748
  [40/63] MCD=70.36  Cycle=0.0630  Idt=0.0761
  [41/63] MCD=116.16  Cycle=0.0705  Idt=0.1009
  [42/63] MCD=74.85  Cycle=0.0814  Idt=0.0829
  [43/63] MCD=84.42  Cycle=0.0772  Idt=0.0758
  [44/63] MCD=63.96  Cycle=0.0710  Idt=0.0721
  [45/63] MCD=77.35  Cycle=0.0684  Idt=0.0742
  [46/63] MCD=91.53  Cycle=0.0697  Idt=0.0813
  [47/63] MCD=79.35  Cycle=0.0685  Idt=0.0759
  [48/63] MCD=68.72  Cycle=0.0730  Idt=0.0753
  [49/63] MCD=95.91  Cycle=0.0783  Idt=0.1097
  [50/63] MCD=74.81  Cycle=0.0772  Idt=0.0823
  [51/63] MCD=78.46  Cycle=0.0770  Idt=0.0759
  [52/63] MCD=71.93  Cycle=0.0690  Idt=0.0756
  [53/63] MCD=80.37  Cycle=0.0685  Idt=0.0819
  [54/63] MCD=68.45  Cycle=0.0676  Idt=0.0762
  [55/63] MCD=69.67  Cycle=0.0794  Idt=0.0818
  [56/63] MCD=81.32  Cycle=0.0746  Idt=0.0981
  [57/63] MCD=77.14  Cycle=0.0744  Idt=0.0921
  [58/63] MCD=77.59  Cycle=0.0800  Idt=0.0919
  [59/63] MCD=75.18  Cycle=0.0716  Idt=0.0732
  [60/63] MCD=73.48  Cycle=0.0732  Idt=0.0762
  [61/63] MCD=75.67  Cycle=0.0701  Idt=0.0911
  [62/63] MCD=75.85  Cycle=0.0720  Idt=0.0788
  [63/63] MCD=73.96  Cycle=0.0582  Idt=0.0688

=======================================================
  MaskCycleGAN-VC Test Set Evaluation
=======================================================

  A→B (pre→post) — 61 samples:
    MCD (lower=better):        75.30 ± 3.71
    Cycle L1 (lower=better):   0.0651 ± 0.0076
    Identity L1 (lower=better): 0.0912 ± 0.0174

  B→A (post→pre) — 63 samples:
    MCD (lower=better):        77.71 ± 8.50
    Cycle L1 (lower=better):   0.0710 ± 0.0062
    Identity L1 (lower=better): 0.0836 ± 0.0103

  F0 Correlation (higher=better):
    A→B: 0.918 ± 0.062  (61/61 valid)
    B→A: 0.891 ± 0.148  (63/63 valid)

  Overall:
    MCD:   76.53 ± 6.70
    Cycle: 0.0681 ± 0.0075
=======================================================
