================================================
  DLA-VC v2 - Training
================================================
Device: cuda

Tonsill: 23 train/val patients, 282 total files
  Train: 20 patients, 243 files
  Val:   3 patients, 39 files
  Test:  held out: ['0045', '0085', '0110', '0122', '0132']
Loading WavLM-Large...
Loading weights:   0%|          | 0/488 [00:00<?, ?it/s]Loading weights: 100%|██████████| 488/488 [00:00<00:00, 39443.85it/s]
Using cache found in /home/sepharfi/.cache/torch/hub/bshall_knn-vc_master
/home/sepharfi/envs/myenv/lib/python3.11/site-packages/torch/nn/utils/weight_norm.py:144: FutureWarning: `torch.nn.utils.weight_norm` is deprecated in favor of `torch.nn.utils.parametrizations.weight_norm`.
  WeightNorm.apply(module, name, dim)
Could not parse CUDA device string 'cuda': not enough values to unpack (expected 2, got 1). Falling back to device 0.
  Train: 1114 same-patient (pre, post) segment pairs
  Val: 99 + 129 segments
DLA-VC params: 6,762,609
Loading kNN-VC vocoder...
Removing weight norm...
[HiFiGAN] Generator loaded with 16,523,393 parameters.
WavLM-Large loaded with 315,453,120 parameters.
Loading ECAPA-TDNN...
Pre-computing post-surgery ECAPA embeddings...
Epoch 1 | Recon: 0.1413 | Conv: 12.6367 | Qshift: 0.1452 | VQ: 0.9022 | Perp: 5/32 | Cycle: 0.0005 | ECAPA_val: 0.6688
  -> Saved (epoch 1, ECAPA_val=0.6688)
  -> Saved (epoch 2, ECAPA_val=0.6622)
  -> Saved (epoch 3, ECAPA_val=0.6578)
  -> Saved (epoch 4, ECAPA_val=0.6541)
  -> Saved (epoch 5, ECAPA_val=0.6365)
  -> Saved (epoch 7, ECAPA_val=0.6119)
Epoch 10 | Recon: 0.0416 | Conv: 5.8317 | Qshift: 0.0649 | VQ: 0.2297 | Perp: 20/32 | Cycle: 0.0164 | ECAPA_val: 0.6282
  -> Saved (epoch 11, ECAPA_val=0.5983)
Epoch 20 | Recon: 0.0261 | Conv: 9.4070 | Qshift: 0.0911 | VQ: 0.2056 | Perp: 22/32 | Cycle: 0.0091 | ECAPA_val: 0.6185
Epoch 30 | Recon: 0.0057 | Conv: 9.4466 | Qshift: 0.1206 | VQ: 0.1333 | Perp: 25/32 | Cycle: 0.0036 | ECAPA_val: 0.6316
Epoch 40 | Recon: 0.0063 | Conv: 8.7584 | Qshift: 0.1058 | VQ: 0.1388 | Perp: 25/32 | Cycle: 0.0022 | ECAPA_val: 0.6065
Epoch 50 | Recon: 0.0057 | Conv: 7.3547 | Qshift: 0.1295 | VQ: 0.1205 | Perp: 25/32 | Cycle: 0.0014 | ECAPA_val: 0.6147
  Patience exhausted but continuing (epoch 51<150)
  -> Saved (epoch 54, ECAPA_val=0.5978)
Epoch 60 | Recon: 0.0359 | Conv: 1.3801 | Qshift: 0.0717 | VQ: 0.1764 | Perp: 23/32 | Cycle: 0.0008 | ECAPA_val: 0.6222
Epoch 70 | Recon: 0.0062 | Conv: 7.2946 | Qshift: 0.0926 | VQ: 0.1283 | Perp: 25/32 | Cycle: 0.0009 | ECAPA_val: 0.6162
  -> Saved (epoch 72, ECAPA_val=0.5944)
  -> Saved (epoch 74, ECAPA_val=0.5876)
Epoch 80 | Recon: 0.0059 | Conv: 4.9030 | Qshift: 0.0615 | VQ: 0.1221 | Perp: 25/32 | Cycle: 0.0008 | ECAPA_val: 0.6178
Traceback (most recent call last):
  File "/lustre06/project/6086959/sepharfi/VoiceConversion/Experiments/dla_vc_v2/scripts/train_split.py", line 739, in <module>
    main()
  File "/lustre06/project/6086959/sepharfi/VoiceConversion/Experiments/dla_vc_v2/scripts/train_split.py", line 442, in main
    hidden_all, target_all = wavlm.extract(audio_all)
                             ^^^^^^^^^^^^^^^^^^^^^^^^
  File "/home/sepharfi/envs/myenv/lib/python3.11/site-packages/torch/utils/_contextlib.py", line 120, in decorate_context
    return func(*args, **kwargs)
           ^^^^^^^^^^^^^^^^^^^^^
  File "/lustre06/project/6086959/sepharfi/VoiceConversion/Experiments/dla_vc_v2/scripts/train_split.py", line 96, in extract
    outputs = self.model(audio_batch.to(self.device), output_hidden_states=True)
              ^^^^^^^^^^^^^^^^^^^^^^^^^^^^^^^^^^^^^^^^^^^^^^^^^^^^^^^^^^^^^^^^^^
  File "/home/sepharfi/envs/myenv/lib/python3.11/site-packages/torch/nn/modules/module.py", line 1775, in _wrapped_call_impl
    return self._call_impl(*args, **kwargs)
           ^^^^^^^^^^^^^^^^^^^^^^^^^^^^^^^^
  File "/home/sepharfi/envs/myenv/lib/python3.11/site-packages/torch/nn/modules/module.py", line 1786, in _call_impl
    return forward_call(*args, **kwargs)
           ^^^^^^^^^^^^^^^^^^^^^^^^^^^^^
  File "/home/sepharfi/envs/myenv/lib/python3.11/site-packages/transformers/models/wavlm/modeling_wavlm.py", line 1060, in forward
    extract_features = self.feature_extractor(input_values)
                       ^^^^^^^^^^^^^^^^^^^^^^^^^^^^^^^^^^^^
  File "/home/sepharfi/envs/myenv/lib/python3.11/site-packages/torch/nn/modules/module.py", line 1775, in _wrapped_call_impl
    return self._call_impl(*args, **kwargs)
           ^^^^^^^^^^^^^^^^^^^^^^^^^^^^^^^^
  File "/home/sepharfi/envs/myenv/lib/python3.11/site-packages/torch/nn/modules/module.py", line 1786, in _call_impl
    return forward_call(*args, **kwargs)
           ^^^^^^^^^^^^^^^^^^^^^^^^^^^^^
  File "/home/sepharfi/envs/myenv/lib/python3.11/site-packages/transformers/models/wavlm/modeling_wavlm.py", line 787, in forward
    hidden_states = conv_layer(hidden_states)
                    ^^^^^^^^^^^^^^^^^^^^^^^^^
  File "/home/sepharfi/envs/myenv/lib/python3.11/site-packages/transformers/modeling_layers.py", line 93, in __call__
    return super().__call__(*args, **kwargs)
           ^^^^^^^^^^^^^^^^^^^^^^^^^^^^^^^^^
  File "/home/sepharfi/envs/myenv/lib/python3.11/site-packages/torch/nn/modules/module.py", line 1775, in _wrapped_call_impl
    return self._call_impl(*args, **kwargs)
           ^^^^^^^^^^^^^^^^^^^^^^^^^^^^^^^^
  File "/home/sepharfi/envs/myenv/lib/python3.11/site-packages/torch/nn/modules/module.py", line 1786, in _call_impl
    return forward_call(*args, **kwargs)
           ^^^^^^^^^^^^^^^^^^^^^^^^^^^^^
  File "/home/sepharfi/envs/myenv/lib/python3.11/site-packages/transformers/models/wavlm/modeling_wavlm.py", line 723, in forward
    hidden_states = self.layer_norm(hidden_states)
                    ^^^^^^^^^^^^^^^^^^^^^^^^^^^^^^
  File "/home/sepharfi/envs/myenv/lib/python3.11/site-packages/torch/nn/modules/module.py", line 1775, in _wrapped_call_impl
    return self._call_impl(*args, **kwargs)
           ^^^^^^^^^^^^^^^^^^^^^^^^^^^^^^^^
  File "/home/sepharfi/envs/myenv/lib/python3.11/site-packages/torch/nn/modules/module.py", line 1786, in _call_impl
    return forward_call(*args, **kwargs)
           ^^^^^^^^^^^^^^^^^^^^^^^^^^^^^
  File "/home/sepharfi/envs/myenv/lib/python3.11/site-packages/torch/nn/modules/normalization.py", line 229, in forward
    return F.layer_norm(
           ^^^^^^^^^^^^^
  File "/home/sepharfi/envs/myenv/lib/python3.11/site-packages/torch/nn/functional.py", line 2901, in layer_norm
    return torch.layer_norm(
           ^^^^^^^^^^^^^^^^^
torch.OutOfMemoryError: CUDA out of memory. Tried to allocate 126.00 MiB. GPU 0 has a total capacity of 19.62 GiB of which 115.00 MiB is free. Process 3798170 has 220.00 MiB memory in use. Process 3799548 has 17.14 GiB memory in use. Including non-PyTorch memory, this process has 19.39 GiB memory in use. Of the allocated memory 18.84 GiB is allocated by PyTorch, and 260.71 MiB is reserved by PyTorch but unallocated. If reserved but unallocated memory is large try setting PYTORCH_CUDA_ALLOC_CONF=expandable_segments:True to avoid fragmentation.  See documentation for Memory Management  (https://pytorch.org/docs/stable/notes/cuda.html#environment-variables)
[W511 13:27:37.369575056 AllocatorConfig.cpp:28] Warning: PYTORCH_CUDA_ALLOC_CONF is deprecated, use PYTORCH_ALLOC_CONF instead (function operator())

================================================
  DLA-VC v2 - Evaluation (stock HiFi-GAN)
================================================
Using cache found in /home/sepharfi/.cache/torch/hub/bshall_knn-vc_master
/home/sepharfi/envs/myenv/lib/python3.11/site-packages/torch/nn/utils/weight_norm.py:144: FutureWarning: `torch.nn.utils.weight_norm` is deprecated in favor of `torch.nn.utils.parametrizations.weight_norm`.
  WeightNorm.apply(module, name, dim)
Device: cuda
Removing weight norm...
[HiFiGAN] Generator loaded with 16,523,393 parameters.
WavLM-Large loaded with 315,453,120 parameters.
[HiFi-GAN] Using STOCK bshall/knn-vc HiFi-GAN (FORCE_STOCK_VOCODER env var set). Numbers in this run are not directly comparable to runs that used the CUCO-fine-tuned vocoder.
[DLA-VC] Loaded: epoch=73  avg_quality_post shape=torch.Size([1, 192])  q_shift available=True
Loading WavLM-Large...
Loading weights:   0%|          | 0/488 [00:00<?, ?it/s]Loading weights: 100%|██████████| 488/488 [00:00<00:00, 40904.50it/s]
Could not parse CUDA device string 'cuda': not enough values to unpack (expected 2, got 1). Falling back to device 0.

Evaluating on 5 test patients: ['0045', '0085', '0110', '0122', '0132']

Loading ECAPA-TDNN...

============================================================
  DLA-VC — ECAPA Evaluation on Test Patients
============================================================
     Patient    Baseline   Converted     Delta
  ----------------------------------------------
        0045      0.7303      0.5244   -0.2059
        0085      0.7238      0.5880   -0.1357
        0110      0.6513      0.6612   +0.0099
        0122      0.7743      0.5156   -0.2587
        0132      0.4736      0.7298   +0.2562
  ----------------------------------------------
        Mean      0.6707      0.6038   -0.0668
         Std      0.1061      0.0819

Evaluating on 23 training patients...

============================================================
  DLA-VC [TRAIN SET] — ECAPA Evaluation on Test Patients
============================================================
     Patient    Baseline   Converted     Delta
  ----------------------------------------------
        0007      0.6133      0.6053   -0.0080
        0011      0.7222      0.7014   -0.0208
        0026      0.6901      0.4653   -0.2249
        0042      0.6307      0.5035   -0.1272
        0062      0.5517      0.6094   +0.0576
        0063      0.7034      0.7011   -0.0024
        0078      0.4783      0.5208   +0.0425
        0080      0.4544      0.6798   +0.2255
        0081      0.6271      0.5824   -0.0447
        0087      0.7405      0.6929   -0.0476
        0089      0.6270      0.5785   -0.0486
        0092      0.7645      0.5293   -0.2352
        0099      0.7944      0.6131   -0.1813
        0108      0.2687      0.6418   +0.3732
        0109      0.7612      0.6922   -0.0690
        0111      0.5979      0.4807   -0.1172
        0112      0.7578      0.6155   -0.1423
        0125      0.7551      0.5979   -0.1572
        0129      0.7855      0.7351   -0.0504
        0137      0.7005      0.7019   +0.0014
        0144      0.6745      0.7139   +0.0394
        0145      0.6467      0.7323   +0.0856
        0147      0.8025      0.6184   -0.1841
  ----------------------------------------------
        Mean      0.6586      0.6223   -0.0363
         Std      0.1248      0.0802

Converted files saved to: /lustre06/project/6086959/sepharfi/VoiceConversion/Experiments/dla_vc_v2/scripts/../converted_test
[W511 13:30:36.020685956 AllocatorConfig.cpp:28] Warning: PYTORCH_CUDA_ALLOC_CONF is deprecated, use PYTORCH_ALLOC_CONF instead (function operator())
Done!
