
The following have been reloaded with a version change:
  1) python/3.11.5 => python/3.10.13

==========================================
  ECAPA-TDNN Content Invariance Analysis
==========================================
Warning: You are sending unauthenticated requests to the HF Hub. Please set a HF_TOKEN to enable higher rate limits and faster downloads.
Could not parse CUDA device string 'cuda': not enough values to unpack (expected 2, got 1). Falling back to device 0.
Device: cuda
Loading ECAPA-TDNN...
Content types: ['Speech', 'Vowel_A', 'Vowel_E', 'Vowel_I', 'Vowel_O', 'Vowel_U', 'TDU_Agua', 'TDU_Brasero', 'TDU_Dia', 'TDU_Mesa']
Patients: 28

Extracting ECAPA embeddings...
  Patient 0007: 10 pre, 10 post content types
  Patient 0011: 10 pre, 10 post content types
  Patient 0026: 10 pre, 10 post content types
  Patient 0042: 10 pre, 10 post content types
  Patient 0045: 10 pre, 10 post content types
  Patient 0062: 10 pre, 10 post content types
  Patient 0063: 10 pre, 10 post content types
  Patient 0078: 9 pre, 10 post content types
  Patient 0080: 10 pre, 5 post content types
  Patient 0081: 10 pre, 10 post content types
  Patient 0085: 10 pre, 9 post content types
  Patient 0087: 10 pre, 10 post content types
  Patient 0089: 10 pre, 10 post content types
  Patient 0092: 10 pre, 10 post content types
  Patient 0099: 10 pre, 10 post content types
  Patient 0108: 10 pre, 10 post content types
  Patient 0109: 10 pre, 10 post content types
  Patient 0110: 10 pre, 10 post content types
  Patient 0111: 10 pre, 10 post content types
  Patient 0112: 10 pre, 10 post content types
  Patient 0122: 10 pre, 10 post content types
  Patient 0125: 10 pre, 10 post content types
  Patient 0129: 10 pre, 10 post content types
  Patient 0132: 10 pre, 10 post content types
  Patient 0137: 10 pre, 2 post content types
  Patient 0144: 10 pre, 10 post content types
  Patient 0145: 10 pre, 10 post content types
  Patient 0147: 10 pre, 10 post content types

============================================================
  ECAPA Content Invariance (pre-surgery)
============================================================
  Within-speaker  (same person, diff content):  0.3020 +/- 0.3114
  Between-speaker (diff person, same content):  0.3852 +/- 0.2108
  Gap (within - between): -0.0832
  --> NEGATIVE gap: ECAPA is content-dominant

============================================================
  ECAPA Pre vs Post Surgery (same patient, same content)
============================================================
  Speech         : pre→post sim = 0.6608 +/- 0.1218
  Vowel_A        : pre→post sim = 0.5907 +/- 0.1655
  Vowel_E        : pre→post sim = 0.6691 +/- 0.1079
  Vowel_I        : pre→post sim = 0.6502 +/- 0.1399
  Vowel_O        : pre→post sim = 0.5845 +/- 0.1293
  Vowel_U        : pre→post sim = 0.5370 +/- 0.1111
  TDU_Agua       : pre→post sim = 0.5718 +/- 0.1444
  TDU_Brasero    : pre→post sim = 0.5723 +/- 0.1496
  TDU_Dia        : pre→post sim = 0.5606 +/- 0.1240
  TDU_Mesa       : pre→post sim = 0.5623 +/- 0.1232

  Overall pre→post: 0.5961 +/- 0.1400

============================================================
  ECAPA Summary
============================================================
  Same speaker, diff content (within):   0.3020
  Diff speaker, same content (between):  0.3852
  Same speaker, pre vs post:             0.5961
  Content invariance gap:                -0.0832

============================================================
  Generating Plots
============================================================
  Saved ecapa_analysis.png
  Saved ecapa_content_invariance.png

Done!
Done!
