
The following have been reloaded with a version change:
  1) python/3.11.5 => python/3.10.13

==========================================
  ECAPA Mapper: pre -> post surgery
==========================================
Warning: You are sending unauthenticated requests to the HF Hub. Please set a HF_TOKEN to enable higher rate limits and faster downloads.

============================================================
  K-NN Voice Mapper: pre (ses1) -> post (ses2)
  Surgery: Tonsill  n_crops=10
============================================================

28 patients total
  CV pool (23): ['Tonsill_ses1_speech_0007', 'Tonsill_ses1_speech_0011', 'Tonsill_ses1_speech_0026', 'Tonsill_ses1_speech_0042', 'Tonsill_ses1_speech_0045', 'Tonsill_ses1_speech_0062', 'Tonsill_ses1_speech_0063', 'Tonsill_ses1_speech_0078', 'Tonsill_ses1_speech_0080', 'Tonsill_ses1_speech_0081', 'Tonsill_ses1_speech_0087', 'Tonsill_ses1_speech_0089', 'Tonsill_ses1_speech_0092', 'Tonsill_ses1_speech_0099', 'Tonsill_ses1_speech_0108', 'Tonsill_ses1_speech_0110', 'Tonsill_ses1_speech_0112', 'Tonsill_ses1_speech_0122', 'Tonsill_ses1_speech_0129', 'Tonsill_ses1_speech_0132', 'Tonsill_ses1_speech_0137', 'Tonsill_ses1_speech_0144', 'Tonsill_ses1_speech_0145']
  Test   (5): ['Tonsill_ses1_speech_0085', 'Tonsill_ses1_speech_0109', 'Tonsill_ses1_speech_0111', 'Tonsill_ses1_speech_0125', 'Tonsill_ses1_speech_0147']

Loading ECAPA-TDNN...

Extracting ECAPA embeddings (10 crops × 3.0s)...
  Tonsill_ses1_speech_0007
  Tonsill_ses1_speech_0011
  Tonsill_ses1_speech_0026
  Tonsill_ses1_speech_0042
  Tonsill_ses1_speech_0045
  Tonsill_ses1_speech_0062
  Tonsill_ses1_speech_0063
  Tonsill_ses1_speech_0078
  Tonsill_ses1_speech_0080
  Tonsill_ses1_speech_0081
  Tonsill_ses1_speech_0085
  Tonsill_ses1_speech_0087
  Tonsill_ses1_speech_0089
  Tonsill_ses1_speech_0092
  Tonsill_ses1_speech_0099
  Tonsill_ses1_speech_0108
  Tonsill_ses1_speech_0109
  Tonsill_ses1_speech_0110
  Tonsill_ses1_speech_0111
  Tonsill_ses1_speech_0112
  Tonsill_ses1_speech_0122
  Tonsill_ses1_speech_0125
  Tonsill_ses1_speech_0129
  Tonsill_ses1_speech_0132
  Tonsill_ses1_speech_0137
  Tonsill_ses1_speech_0144
  Tonsill_ses1_speech_0145
  Tonsill_ses1_speech_0147

Extracting librosa acoustic features (10 crops × 3.0s)...
  Tonsill_ses1_speech_0007
  Tonsill_ses1_speech_0011
  Tonsill_ses1_speech_0026
  Tonsill_ses1_speech_0042
  Tonsill_ses1_speech_0045
  Tonsill_ses1_speech_0062
  Tonsill_ses1_speech_0063
  Tonsill_ses1_speech_0078
  Tonsill_ses1_speech_0080
  Tonsill_ses1_speech_0081
  Tonsill_ses1_speech_0085
  Tonsill_ses1_speech_0087
  Tonsill_ses1_speech_0089
  Tonsill_ses1_speech_0092
  Tonsill_ses1_speech_0099
  Tonsill_ses1_speech_0108
  Tonsill_ses1_speech_0109
  Tonsill_ses1_speech_0110
  Tonsill_ses1_speech_0111
  Tonsill_ses1_speech_0112
  Tonsill_ses1_speech_0122
  Tonsill_ses1_speech_0125
  Tonsill_ses1_speech_0129
  Tonsill_ses1_speech_0132
  Tonsill_ses1_speech_0137
  Tonsill_ses1_speech_0144
  Tonsill_ses1_speech_0145
  Tonsill_ses1_speech_0147

Baseline cosine sim (ECAPA, no transform):
  CV pool: 0.6241 ± 0.1135
  Test:    0.7106 ± 0.0768
  Mean shift test: 0.7281  delta=+0.0175

LOO-CV for ECAPA→ECAPA (k ∈ [1, 2, 3, 4, 5, 7, 10, 15], temp ∈ [0.01, 0.05, 0.1, 0.2, 0.5, 1.0, 2.0])...
  Best: k=10  temp=0.2  LOO sim=0.5104

LOO-CV for librosa→ECAPA (k ∈ [1, 2, 3, 4, 5, 7, 10, 15], temp ∈ [0.01, 0.05, 0.1, 0.2, 0.5, 1.0, 2.0])...
  Best: k=15  temp=0.5  LOO sim=0.4791

============================================================
  Test Results
============================================================

  Patient                                     base      ms   knn-ecapa    knn-lib
  ----------------------------------------  ------  ------  ----------  ---------
  Tonsill_ses1_speech_0085                  0.6832  0.7198      0.6414     0.5857
  Tonsill_ses1_speech_0109                  0.7605  0.8080      0.7522     0.7168
  Tonsill_ses1_speech_0111                  0.5748  0.6122      0.5330     0.3890
  Tonsill_ses1_speech_0125                  0.7407  0.7369      0.5613     0.5642
  Tonsill_ses1_speech_0147                  0.7938  0.7634      0.5110     0.5505

============================================================
  SUMMARY
============================================================
  Baseline:        0.7106
  Mean shift:      0.7281  delta=+0.0175
  k-NN (ECAPA):    0.5998  delta=-0.1108  (k=10  temp=0.2)
  k-NN (librosa):  0.5612  delta=-0.1494  (k=15  temp=0.5)
============================================================

Results saved to /project/6086959/sepehr/VoiceConversion/ecapa_mapper/results_tonsill_knn/results.json
Done!
Done!
