
The following have been reloaded with a version change:
  1) python/3.11.5 => python/3.10.13

==========================================
  ECAPA Mapper: pre -> post surgery
==========================================
Warning: You are sending unauthenticated requests to the HF Hub. Please set a HF_TOKEN to enable higher rate limits and faster downloads.

=======================================================
  ECAPA Mapper (mlp): pre -> post surgery
=======================================================

Tonsill: 28 patients  |  n_crops=10  crop_sec=3.0
  CV pool (23): ['Tonsill_ses1_speech_0007', 'Tonsill_ses1_speech_0011', 'Tonsill_ses1_speech_0026', 'Tonsill_ses1_speech_0042', 'Tonsill_ses1_speech_0045', 'Tonsill_ses1_speech_0062', 'Tonsill_ses1_speech_0063', 'Tonsill_ses1_speech_0078', 'Tonsill_ses1_speech_0080', 'Tonsill_ses1_speech_0081', 'Tonsill_ses1_speech_0087', 'Tonsill_ses1_speech_0089', 'Tonsill_ses1_speech_0092', 'Tonsill_ses1_speech_0099', 'Tonsill_ses1_speech_0108', 'Tonsill_ses1_speech_0110', 'Tonsill_ses1_speech_0112', 'Tonsill_ses1_speech_0122', 'Tonsill_ses1_speech_0129', 'Tonsill_ses1_speech_0132', 'Tonsill_ses1_speech_0137', 'Tonsill_ses1_speech_0144', 'Tonsill_ses1_speech_0145']
  Test   (5): ['Tonsill_ses1_speech_0085', 'Tonsill_ses1_speech_0109', 'Tonsill_ses1_speech_0111', 'Tonsill_ses1_speech_0125', 'Tonsill_ses1_speech_0147']

Loading ECAPA-TDNN...

Extracting embeddings (10 crops × 3.0s each)...
  Tonsill_ses1_speech_0007: 10 pre  10 post crops
  Tonsill_ses1_speech_0011: 10 pre  10 post crops
  Tonsill_ses1_speech_0026: 10 pre  10 post crops
  Tonsill_ses1_speech_0042: 10 pre  10 post crops
  Tonsill_ses1_speech_0045: 10 pre  10 post crops
  Tonsill_ses1_speech_0062: 10 pre  10 post crops
  Tonsill_ses1_speech_0063: 10 pre  10 post crops
  Tonsill_ses1_speech_0078: 10 pre  10 post crops
  Tonsill_ses1_speech_0080: 10 pre  10 post crops
  Tonsill_ses1_speech_0081: 10 pre  10 post crops
  Tonsill_ses1_speech_0085: 10 pre  10 post crops
  Tonsill_ses1_speech_0087: 10 pre  10 post crops
  Tonsill_ses1_speech_0089: 10 pre  10 post crops
  Tonsill_ses1_speech_0092: 10 pre  10 post crops
  Tonsill_ses1_speech_0099: 10 pre  10 post crops
  Tonsill_ses1_speech_0108: 10 pre  10 post crops
  Tonsill_ses1_speech_0109: 10 pre  10 post crops
  Tonsill_ses1_speech_0110: 10 pre  10 post crops
  Tonsill_ses1_speech_0111: 10 pre  10 post crops
  Tonsill_ses1_speech_0112: 10 pre  10 post crops
  Tonsill_ses1_speech_0122: 10 pre  10 post crops
  Tonsill_ses1_speech_0125: 10 pre  10 post crops
  Tonsill_ses1_speech_0129: 10 pre  10 post crops
  Tonsill_ses1_speech_0132: 10 pre  10 post crops
  Tonsill_ses1_speech_0137: 10 pre  10 post crops
  Tonsill_ses1_speech_0144: 10 pre  10 post crops
  Tonsill_ses1_speech_0145: 10 pre  10 post crops
  Tonsill_ses1_speech_0147: 10 pre  10 post crops

Baseline cosine sim (no transform, mean embeddings):
  CV pool: 0.7024 ± 0.1195
  Test:    0.7004 ± 0.1405

Mean shift   test sim: 0.7095  delta=+0.0091

Fitting Ridge regression (LOO-CV over λ ∈ [0.001, 0.01, 0.1, 1.0, 10.0, 100.0, 1000.0, 10000.0])...
  best λ=0.01  LOO sim=1.0000
Ridge        test sim: 0.4208  delta=-0.2796

K-fold CV (5 folds)  model=mlp  LR=0.0001  hidden=64  blocks=1  dropout=0.5  wd=0.1  n_aug=3  mixup=0.2  noise=0.02
Model parameters: 33,408

Training folds...
    Fold 0: early stop epoch 153 (best=93)
  Fold 0: val_base=0.7796  val_sim=0.8138  delta=+0.0343  best_epoch=93  (190 train / 4 val)
    Fold 1: early stop epoch 184 (best=124)
  Fold 1: val_base=0.6850  val_sim=0.7094  delta=+0.0243  best_epoch=124  (190 train / 4 val)
    Fold 2: early stop epoch 287 (best=227)
  Fold 2: val_base=0.6904  val_sim=0.7720  delta=+0.0815  best_epoch=227  (190 train / 4 val)
    Fold 3: early stop epoch 378 (best=318)
  Fold 3: val_base=0.6317  val_sim=0.7015  delta=+0.0698  best_epoch=318  (190 train / 4 val)
    Fold 4: early stop epoch 158 (best=98)
  Fold 4: val_base=0.7154  val_sim=0.7434  delta=+0.0280  best_epoch=98  (160 train / 7 val)

  CV mean val sim: 0.7480 ± 0.0414
  Fold best epochs: [93, 124, 227, 318, 98]  → median=124  final_model_epochs=124

Training final model on 230 CV crop pairs for 124 epochs...

============================================================
  Test Results
============================================================
--- TEST ---
  Tonsill_ses1_speech_0085                  base=0.7494  ms=0.7837  ridge=0.5821  mlp=0.8172  comb=0.7550
  Tonsill_ses1_speech_0109                  base=0.8441  ms=0.8536  ridge=0.5983  mlp=0.8612  comb=0.7972
  Tonsill_ses1_speech_0111                  base=0.4365  ms=0.4955  ridge=0.1597  mlp=0.5291  comb=0.3120
  Tonsill_ses1_speech_0125                  base=0.6942  ms=0.6875  ridge=0.2905  mlp=0.7080  comb=0.4951
  Tonsill_ses1_speech_0147                  base=0.7778  ms=0.7272  ridge=0.4737  mlp=0.7555  comb=0.6489

============================================================
  SUMMARY
============================================================
  Baseline:  0.7004
  MeanShift: 0.7095  delta=+0.0091
  Ridge:     0.4208  delta=-0.2796
  MLP:       0.7342  delta=+0.0338
  Combined:  0.6016  delta=-0.0987
  (CV val sim: 0.7480 ± 0.0414)
============================================================

Results saved to /project/6086959/sepehr/VoiceConversion/ecapa_mapper/results_tonsill/results.json
Done!
Done!
