
The following have been reloaded with a version change:
  1) python/3.11.5 => python/3.10.13

==========================================
  ECAPA Mapper: pre -> post surgery
==========================================
Warning: You are sending unauthenticated requests to the HF Hub. Please set a HF_TOKEN to enable higher rate limits and faster downloads.

=======================================================
  ECAPA Mapper (mlp): pre -> post surgery
=======================================================

Tonsill: 28 patients  |  n_crops=10  crop_sec=3.0
  CV pool (23): ['Tonsill_ses1_speech_0007', 'Tonsill_ses1_speech_0011', 'Tonsill_ses1_speech_0026', 'Tonsill_ses1_speech_0042', 'Tonsill_ses1_speech_0045', 'Tonsill_ses1_speech_0062', 'Tonsill_ses1_speech_0063', 'Tonsill_ses1_speech_0078', 'Tonsill_ses1_speech_0080', 'Tonsill_ses1_speech_0081', 'Tonsill_ses1_speech_0087', 'Tonsill_ses1_speech_0089', 'Tonsill_ses1_speech_0092', 'Tonsill_ses1_speech_0099', 'Tonsill_ses1_speech_0108', 'Tonsill_ses1_speech_0110', 'Tonsill_ses1_speech_0112', 'Tonsill_ses1_speech_0122', 'Tonsill_ses1_speech_0129', 'Tonsill_ses1_speech_0132', 'Tonsill_ses1_speech_0137', 'Tonsill_ses1_speech_0144', 'Tonsill_ses1_speech_0145']
  Test   (5): ['Tonsill_ses1_speech_0085', 'Tonsill_ses1_speech_0109', 'Tonsill_ses1_speech_0111', 'Tonsill_ses1_speech_0125', 'Tonsill_ses1_speech_0147']

Loading ECAPA-TDNN...

Extracting embeddings (10 crops × 3.0s each)...
  Tonsill_ses1_speech_0007: 10 pre  10 post crops
  Tonsill_ses1_speech_0011: 10 pre  10 post crops
  Tonsill_ses1_speech_0026: 10 pre  10 post crops
  Tonsill_ses1_speech_0042: 10 pre  10 post crops
  Tonsill_ses1_speech_0045: 10 pre  10 post crops
  Tonsill_ses1_speech_0062: 10 pre  10 post crops
  Tonsill_ses1_speech_0063: 10 pre  10 post crops
  Tonsill_ses1_speech_0078: 10 pre  10 post crops
  Tonsill_ses1_speech_0080: 10 pre  10 post crops
  Tonsill_ses1_speech_0081: 10 pre  10 post crops
  Tonsill_ses1_speech_0085: 10 pre  10 post crops
  Tonsill_ses1_speech_0087: 10 pre  10 post crops
  Tonsill_ses1_speech_0089: 10 pre  10 post crops
  Tonsill_ses1_speech_0092: 10 pre  10 post crops
  Tonsill_ses1_speech_0099: 10 pre  10 post crops
  Tonsill_ses1_speech_0108: 10 pre  10 post crops
  Tonsill_ses1_speech_0109: 10 pre  10 post crops
  Tonsill_ses1_speech_0110: 10 pre  10 post crops
  Tonsill_ses1_speech_0111: 10 pre  10 post crops
  Tonsill_ses1_speech_0112: 10 pre  10 post crops
  Tonsill_ses1_speech_0122: 10 pre  10 post crops
  Tonsill_ses1_speech_0125: 10 pre  10 post crops
  Tonsill_ses1_speech_0129: 10 pre  10 post crops
  Tonsill_ses1_speech_0132: 10 pre  10 post crops
  Tonsill_ses1_speech_0137: 10 pre  10 post crops
  Tonsill_ses1_speech_0144: 10 pre  10 post crops
  Tonsill_ses1_speech_0145: 10 pre  10 post crops
  Tonsill_ses1_speech_0147: 10 pre  10 post crops

Baseline cosine sim (no transform, mean embeddings):
  CV pool: 0.7024 ± 0.1195
  Test:    0.7004 ± 0.1405

Mean-shift  test sim: 0.7095  delta=+0.0091
Procrustes  test sim: 0.3981  delta=-0.3023

K-fold CV (5 folds)  model=mlp  hidden=64  blocks=1  dropout=0.5  wd=0.1  n_aug=3  mixup=0.2  noise=0.02  n_crops=10
Model parameters: 33,408

Training folds...
    Fold 0: early stop epoch 66 (best=6)
  Fold 0: val_base=0.7796  val_sim=0.8277  delta=+0.0481  best_epoch=6  (190 train crops / 4 val patients)
    Fold 1: early stop epoch 65 (best=5)
  Fold 1: val_base=0.6850  val_sim=0.7126  delta=+0.0275  best_epoch=5  (190 train crops / 4 val patients)
    Fold 2: early stop epoch 94 (best=34)
  Fold 2: val_base=0.6904  val_sim=0.7581  delta=+0.0677  best_epoch=34  (190 train crops / 4 val patients)
    Fold 3: early stop epoch 68 (best=8)
  Fold 3: val_base=0.6317  val_sim=0.6970  delta=+0.0653  best_epoch=8  (190 train crops / 4 val patients)
    Fold 4: early stop epoch 66 (best=6)
  Fold 4: val_base=0.7154  val_sim=0.7506  delta=+0.0352  best_epoch=6  (160 train crops / 7 val patients)

  CV mean val sim: 0.7492 ± 0.0454
  Fold best epochs: [6, 5, 34, 8, 6]  → median=6

Training final model on all 230 CV crop pairs for 6 epochs...

============================================================
  Test Results  (6-model ensemble)
============================================================
--- TEST ---
  Tonsill_ses1_speech_0085                  base=0.7494  mean_shift=0.7837  procrustes=0.4457  ensemble=0.8101
  Tonsill_ses1_speech_0109                  base=0.8441  mean_shift=0.8536  procrustes=0.5532  ensemble=0.8623
  Tonsill_ses1_speech_0111                  base=0.4365  mean_shift=0.4955  procrustes=0.4027  ensemble=0.5397
  Tonsill_ses1_speech_0125                  base=0.6942  mean_shift=0.6875  procrustes=0.3281  ensemble=0.6918
  Tonsill_ses1_speech_0147                  base=0.7778  mean_shift=0.7272  procrustes=0.2607  ensemble=0.7285

============================================================
  SUMMARY
============================================================
  Baseline:    0.7004
  Mean shift:  0.7095  delta=+0.0091
  Procrustes:  0.3981  delta=-0.3023
  Ensemble:    0.7265  delta=+0.0261
  CV val sim:  0.7492 ± 0.0454
============================================================

Results saved to /project/6086959/sepehr/VoiceConversion/ecapa_mapper/results_tonsill/results.json
Done!
Done!
