
The following have been reloaded with a version change:
  1) python/3.11.5 => python/3.10.13

==========================================
  ECAPA Mapper: pre -> post surgery
==========================================
Warning: You are sending unauthenticated requests to the HF Hub. Please set a HF_TOKEN to enable higher rate limits and faster downloads.

=======================================================
  ECAPA Mapper (mlp): pre -> post surgery
=======================================================

Tonsill: 28 patients  |  n_crops=10  crop_sec=3.0  aux_session=2
  CV pool (23): ['Tonsill_ses1_speech_0007', 'Tonsill_ses1_speech_0011', 'Tonsill_ses1_speech_0026', 'Tonsill_ses1_speech_0042', 'Tonsill_ses1_speech_0045', 'Tonsill_ses1_speech_0062', 'Tonsill_ses1_speech_0063', 'Tonsill_ses1_speech_0078', 'Tonsill_ses1_speech_0080', 'Tonsill_ses1_speech_0081', 'Tonsill_ses1_speech_0087', 'Tonsill_ses1_speech_0089', 'Tonsill_ses1_speech_0092', 'Tonsill_ses1_speech_0099', 'Tonsill_ses1_speech_0108', 'Tonsill_ses1_speech_0110', 'Tonsill_ses1_speech_0112', 'Tonsill_ses1_speech_0122', 'Tonsill_ses1_speech_0129', 'Tonsill_ses1_speech_0132', 'Tonsill_ses1_speech_0137', 'Tonsill_ses1_speech_0144', 'Tonsill_ses1_speech_0145']
  Test   (5): ['Tonsill_ses1_speech_0085', 'Tonsill_ses1_speech_0109', 'Tonsill_ses1_speech_0111', 'Tonsill_ses1_speech_0125', 'Tonsill_ses1_speech_0147']

Loading ECAPA-TDNN...

Extracting pre (session 1) (10 crops × 3.0s)...
  Tonsill_ses1_speech_0007: 10 crops
  Tonsill_ses1_speech_0011: 10 crops
  Tonsill_ses1_speech_0026: 10 crops
  Tonsill_ses1_speech_0042: 10 crops
  Tonsill_ses1_speech_0045: 10 crops
  Tonsill_ses1_speech_0062: 10 crops
  Tonsill_ses1_speech_0063: 10 crops
  Tonsill_ses1_speech_0078: 10 crops
  Tonsill_ses1_speech_0080: 10 crops
  Tonsill_ses1_speech_0081: 10 crops
  Tonsill_ses1_speech_0085: 10 crops
  Tonsill_ses1_speech_0087: 10 crops
  Tonsill_ses1_speech_0089: 10 crops
  Tonsill_ses1_speech_0092: 10 crops
  Tonsill_ses1_speech_0099: 10 crops
  Tonsill_ses1_speech_0108: 10 crops
  Tonsill_ses1_speech_0109: 10 crops
  Tonsill_ses1_speech_0110: 10 crops
  Tonsill_ses1_speech_0111: 10 crops
  Tonsill_ses1_speech_0112: 10 crops
  Tonsill_ses1_speech_0122: 10 crops
  Tonsill_ses1_speech_0125: 10 crops
  Tonsill_ses1_speech_0129: 10 crops
  Tonsill_ses1_speech_0132: 10 crops
  Tonsill_ses1_speech_0137: 10 crops
  Tonsill_ses1_speech_0144: 10 crops
  Tonsill_ses1_speech_0145: 10 crops
  Tonsill_ses1_speech_0147: 10 crops

Extracting post (session 3) (10 crops × 3.0s)...
  Tonsill_ses3_speech_0007: 10 crops
  Tonsill_ses3_speech_0011: 10 crops
  Tonsill_ses3_speech_0026: 10 crops
  Tonsill_ses3_speech_0042: 10 crops
  Tonsill_ses3_speech_0045: 10 crops
  Tonsill_ses3_speech_0062: 10 crops
  Tonsill_ses3_speech_0063: 10 crops
  Tonsill_ses3_speech_0078: 10 crops
  Tonsill_ses3_speech_0080: 10 crops
  Tonsill_ses3_speech_0081: 10 crops
  Tonsill_ses3_speech_0085: 10 crops
  Tonsill_ses3_speech_0087: 10 crops
  Tonsill_ses3_speech_0089: 10 crops
  Tonsill_ses3_speech_0092: 10 crops
  Tonsill_ses3_speech_0099: 10 crops
  Tonsill_ses3_speech_0108: 10 crops
  Tonsill_ses3_speech_0109: 10 crops
  Tonsill_ses3_speech_0110: 10 crops
  Tonsill_ses3_speech_0111: 10 crops
  Tonsill_ses3_speech_0112: 10 crops
  Tonsill_ses3_speech_0122: 10 crops
  Tonsill_ses3_speech_0125: 10 crops
  Tonsill_ses3_speech_0129: 10 crops
  Tonsill_ses3_speech_0132: 10 crops
  Tonsill_ses3_speech_0137: 10 crops
  Tonsill_ses3_speech_0144: 10 crops
  Tonsill_ses3_speech_0145: 10 crops
  Tonsill_ses3_speech_0147: 10 crops

Extracting aux post (session 2) (10 crops × 3.0s)...
  Tonsill_ses2_speech_0007: 10 crops
  Tonsill_ses2_speech_0011: 10 crops
  Tonsill_ses2_speech_0026: 10 crops
  Tonsill_ses2_speech_0042: 10 crops
  Tonsill_ses2_speech_0045: 10 crops
  Tonsill_ses2_speech_0062: 10 crops
  Tonsill_ses2_speech_0063: 10 crops
  Tonsill_ses2_speech_0078: 10 crops
  Tonsill_ses2_speech_0080: 10 crops
  Tonsill_ses2_speech_0081: 10 crops
  Tonsill_ses2_speech_0085: 10 crops
  Tonsill_ses2_speech_0087: 10 crops
  Tonsill_ses2_speech_0089: 10 crops
  Tonsill_ses2_speech_0092: 10 crops
  Tonsill_ses2_speech_0099: 10 crops
  Tonsill_ses2_speech_0108: 10 crops
  Tonsill_ses2_speech_0109: 10 crops
  Tonsill_ses2_speech_0110: 10 crops
  Tonsill_ses2_speech_0111: 10 crops
  Tonsill_ses2_speech_0112: 10 crops
  Tonsill_ses2_speech_0122: 10 crops
  Tonsill_ses2_speech_0125: 10 crops
  Tonsill_ses2_speech_0129: 10 crops
  Tonsill_ses2_speech_0132: 10 crops
  Tonsill_ses2_speech_0137: 10 crops
  Tonsill_ses2_speech_0144: 10 crops
  Tonsill_ses2_speech_0145: 10 crops
  Tonsill_ses2_speech_0147: 10 crops

Baseline cosine sim (no transform, mean embeddings):
  CV pool: 0.7024 ± 0.1195
  Test:    0.7004 ± 0.1405
Mean shift   test sim: 0.7095  delta=+0.0091

Training pairs per CV patient: 20  total CV pairs: 460

K-fold CV (5 folds)  model=mlp  LR=0.0001  hidden=128  blocks=1  dropout=0.5  wd=0.1  n_aug=5  mixup=0.2  noise=0.02
Model parameters: 83,008

Training folds...
    Fold 0: early stop epoch 131 (best=71)
  Fold 0: val_base=0.7796  val_sim=0.8195  delta=+0.0399  best_epoch=71  (380 train / 4 val)
    Fold 1: early stop epoch 133 (best=73)
  Fold 1: val_base=0.6850  val_sim=0.7128  delta=+0.0277  best_epoch=73  (380 train / 4 val)
    Fold 2: early stop epoch 191 (best=131)
  Fold 2: val_base=0.6904  val_sim=0.7628  delta=+0.0723  best_epoch=131  (380 train / 4 val)
    Fold 3: early stop epoch 225 (best=165)
  Fold 3: val_base=0.6317  val_sim=0.6991  delta=+0.0674  best_epoch=165  (380 train / 4 val)
    Fold 4: early stop epoch 124 (best=64)
  Fold 4: val_base=0.7154  val_sim=0.7427  delta=+0.0273  best_epoch=64  (320 train / 7 val)

  CV mean val sim: 0.7473 ± 0.0424
  Fold best epochs: [71, 73, 131, 165, 64]  → median=73  final_model_epochs=100

Training final model on 460 CV pairs for 100 epochs...

============================================================
  Test Results  (6-model ensemble)
============================================================
--- TEST ---
  Tonsill_ses1_speech_0085                  baseline=0.7494  mean_shift=0.7837  ensemble=0.8201  delta=+0.0707
  Tonsill_ses1_speech_0109                  baseline=0.8441  mean_shift=0.8536  ensemble=0.8562  delta=+0.0121
  Tonsill_ses1_speech_0111                  baseline=0.4365  mean_shift=0.4955  ensemble=0.5253  delta=+0.0888
  Tonsill_ses1_speech_0125                  baseline=0.6942  mean_shift=0.6875  ensemble=0.6826  delta=-0.0116
  Tonsill_ses1_speech_0147                  baseline=0.7778  mean_shift=0.7272  ensemble=0.7356  delta=-0.0422

============================================================
  SUMMARY
============================================================
  Baseline:   0.7004
  Mean shift: 0.7095  delta=+0.0091
  Ensemble:   0.7240  delta=+0.0236
  (CV val sim: 0.7473 ± 0.0424)
============================================================

Results saved to /project/6086959/sepehr/VoiceConversion/ecapa_mapper/results_tonsill/results.json
Done!
Done!
