
The following have been reloaded with a version change:
  1) python/3.11.5 => python/3.10.13

==========================================
  ECAPA Mapper: pre -> post surgery
==========================================

============================================================
  Acoustic Feature Mapper (mlp): pre (ses1) -> post (ses2)
  Features: librosa MFCC + spectral (content-free)
============================================================

Tonsill: 28 patients  |  n_crops=10  crop_sec=3.0
  CV pool (23): ['Tonsill_ses1_speech_0007', 'Tonsill_ses1_speech_0011', 'Tonsill_ses1_speech_0026', 'Tonsill_ses1_speech_0042', 'Tonsill_ses1_speech_0045', 'Tonsill_ses1_speech_0062', 'Tonsill_ses1_speech_0063', 'Tonsill_ses1_speech_0078', 'Tonsill_ses1_speech_0080', 'Tonsill_ses1_speech_0081', 'Tonsill_ses1_speech_0087', 'Tonsill_ses1_speech_0089', 'Tonsill_ses1_speech_0092', 'Tonsill_ses1_speech_0099', 'Tonsill_ses1_speech_0108', 'Tonsill_ses1_speech_0110', 'Tonsill_ses1_speech_0112', 'Tonsill_ses1_speech_0122', 'Tonsill_ses1_speech_0129', 'Tonsill_ses1_speech_0132', 'Tonsill_ses1_speech_0137', 'Tonsill_ses1_speech_0144', 'Tonsill_ses1_speech_0145']
  Test   (5): ['Tonsill_ses1_speech_0085', 'Tonsill_ses1_speech_0109', 'Tonsill_ses1_speech_0111', 'Tonsill_ses1_speech_0125', 'Tonsill_ses1_speech_0147']

Extracting pre (session 1) features (10 crops × 3.0s)...
  Tonsill_ses1_speech_0007: 10 crops  feat_dim=106
  Tonsill_ses1_speech_0011: 10 crops  feat_dim=106
  Tonsill_ses1_speech_0026: 10 crops  feat_dim=106
  Tonsill_ses1_speech_0042: 10 crops  feat_dim=106
  Tonsill_ses1_speech_0045: 10 crops  feat_dim=106
  Tonsill_ses1_speech_0062: 10 crops  feat_dim=106
  Tonsill_ses1_speech_0063: 10 crops  feat_dim=106
  Tonsill_ses1_speech_0078: 10 crops  feat_dim=106
  Tonsill_ses1_speech_0080: 10 crops  feat_dim=106
  Tonsill_ses1_speech_0081: 10 crops  feat_dim=106
  Tonsill_ses1_speech_0085: 10 crops  feat_dim=106
  Tonsill_ses1_speech_0087: 10 crops  feat_dim=106
  Tonsill_ses1_speech_0089: 10 crops  feat_dim=106
  Tonsill_ses1_speech_0092: 10 crops  feat_dim=106
  Tonsill_ses1_speech_0099: 10 crops  feat_dim=106
  Tonsill_ses1_speech_0108: 10 crops  feat_dim=106
  Tonsill_ses1_speech_0109: 10 crops  feat_dim=106
  Tonsill_ses1_speech_0110: 10 crops  feat_dim=106
  Tonsill_ses1_speech_0111: 10 crops  feat_dim=106
  Tonsill_ses1_speech_0112: 10 crops  feat_dim=106
  Tonsill_ses1_speech_0122: 10 crops  feat_dim=106
  Tonsill_ses1_speech_0125: 10 crops  feat_dim=106
  Tonsill_ses1_speech_0129: 10 crops  feat_dim=106
  Tonsill_ses1_speech_0132: 10 crops  feat_dim=106
  Tonsill_ses1_speech_0137: 10 crops  feat_dim=106
  Tonsill_ses1_speech_0144: 10 crops  feat_dim=106
  Tonsill_ses1_speech_0145: 10 crops  feat_dim=106
  Tonsill_ses1_speech_0147: 10 crops  feat_dim=106

Extracting post (session 2) features (10 crops × 3.0s)...
  Tonsill_ses2_speech_0007: 10 crops  feat_dim=106
  Tonsill_ses2_speech_0011: 10 crops  feat_dim=106
  Tonsill_ses2_speech_0026: 10 crops  feat_dim=106
  Tonsill_ses2_speech_0042: 10 crops  feat_dim=106
  Tonsill_ses2_speech_0045: 10 crops  feat_dim=106
  Tonsill_ses2_speech_0062: 10 crops  feat_dim=106
  Tonsill_ses2_speech_0063: 10 crops  feat_dim=106
  Tonsill_ses2_speech_0078: 10 crops  feat_dim=106
  Tonsill_ses2_speech_0080: 10 crops  feat_dim=106
  Tonsill_ses2_speech_0081: 10 crops  feat_dim=106
  Tonsill_ses2_speech_0085: 10 crops  feat_dim=106
  Tonsill_ses2_speech_0087: 10 crops  feat_dim=106
  Tonsill_ses2_speech_0089: 10 crops  feat_dim=106
  Tonsill_ses2_speech_0092: 10 crops  feat_dim=106
  Tonsill_ses2_speech_0099: 10 crops  feat_dim=106
  Tonsill_ses2_speech_0108: 10 crops  feat_dim=106
  Tonsill_ses2_speech_0109: 10 crops  feat_dim=106
  Tonsill_ses2_speech_0110: 10 crops  feat_dim=106
  Tonsill_ses2_speech_0111: 10 crops  feat_dim=106
  Tonsill_ses2_speech_0112: 10 crops  feat_dim=106
  Tonsill_ses2_speech_0122: 10 crops  feat_dim=106
  Tonsill_ses2_speech_0125: 10 crops  feat_dim=106
  Tonsill_ses2_speech_0129: 10 crops  feat_dim=106
  Tonsill_ses2_speech_0132: 10 crops  feat_dim=106
  Tonsill_ses2_speech_0137: 10 crops  feat_dim=106
  Tonsill_ses2_speech_0144: 10 crops  feat_dim=106
  Tonsill_ses2_speech_0145: 10 crops  feat_dim=106
  Tonsill_ses2_speech_0147: 10 crops  feat_dim=106

Feature dimension: 106

Baseline cosine sim (no transform, normalised mean features):
  CV pool: 0.4374 ± 0.1724
  Test:    0.5099 ± 0.1863
Mean shift test sim: 0.5212  delta=+0.0113

K-fold CV (5 folds)  model=mlp  feat_dim=106  hidden=128  blocks=1  dropout=0.5  LR=0.0001  wd=0.1  n_aug=5  mixup=0.2  noise=0.02
Model parameters: 60,906

Training folds...
    Fold 0: early stop epoch 118 (best=58)
  Fold 0: val_base=0.4252  val_sim=0.4410  delta=+0.0158  best_epoch=58  (190 train / 4 val)
    Fold 1: early stop epoch 184 (best=124)
  Fold 1: val_base=0.4421  val_sim=0.4960  delta=+0.0539  best_epoch=124  (190 train / 4 val)
    Fold 2: early stop epoch 132 (best=72)
  Fold 2: val_base=0.4124  val_sim=0.4390  delta=+0.0266  best_epoch=72  (190 train / 4 val)
    Fold 3: early stop epoch 184 (best=124)
  Fold 3: val_base=0.3746  val_sim=0.3989  delta=+0.0244  best_epoch=124  (190 train / 4 val)
    Fold 4: early stop epoch 91 (best=31)
  Fold 4: val_base=0.4918  val_sim=0.4959  delta=+0.0040  best_epoch=31  (160 train / 7 val)

  CV mean val sim: 0.4542 ± 0.0373
  Fold best epochs: [58, 124, 72, 124, 31]  → median=72  final_model_epochs=100

Training final model on 230 pairs for 100 epochs...

============================================================
  Test Results  (6-model ensemble)
============================================================
--- TEST ---
  Tonsill_ses1_speech_0085                  baseline=0.6290  mean_shift=0.6425  ensemble=0.6565  delta=+0.0276
  Tonsill_ses1_speech_0109                  baseline=0.1703  mean_shift=0.2052  ensemble=0.1950  delta=+0.0247
  Tonsill_ses1_speech_0111                  baseline=0.5005  mean_shift=0.6226  ensemble=0.6295  delta=+0.1290
  Tonsill_ses1_speech_0125                  baseline=0.5314  mean_shift=0.4692  ensemble=0.5423  delta=+0.0109
  Tonsill_ses1_speech_0147                  baseline=0.7184  mean_shift=0.6666  ensemble=0.7169  delta=-0.0015

============================================================
  SUMMARY
============================================================
  Baseline:   0.5099
  Mean shift: 0.5212  delta=+0.0113
  Ensemble:   0.5480  delta=+0.0381
  (CV val sim: 0.4542 ± 0.0373)
============================================================

Results saved to /project/6086959/sepehr/VoiceConversion/ecapa_mapper/results_tonsill/results.json
Done!
Done!
