
The following have been reloaded with a version change:
  1) python/3.11.5 => python/3.10.13

==========================================
  UNet-VC Speaker-Conditioned — Train/Test Split
==========================================
Using cache found in /home/sepharfi/.cache/torch/hub/bshall_knn-vc_master
/project/6086959/sepehr/VoiceConversion/.env/lib/python3.11/site-packages/torch/nn/utils/weight_norm.py:144: FutureWarning: `torch.nn.utils.weight_norm` is deprecated in favor of `torch.nn.utils.parametrizations.weight_norm`.
  WeightNorm.apply(module, name, dim)
Device: cuda

Tonsill: 28 patients
  Test  (5):  ['Tonsill_ses1_speech_0085', 'Tonsill_ses1_speech_0109', 'Tonsill_ses1_speech_0111', 'Tonsill_ses1_speech_0125', 'Tonsill_ses1_speech_0147']
  Train (20): 20 patients
  Val   (3):   ['Tonsill_ses1_speech_0108', 'Tonsill_ses1_speech_0112', 'Tonsill_ses1_speech_0137']

Loading kNN-VC...
Removing weight norm...
[HiFiGAN] Generator loaded with 16,523,393 parameters.
WavLM-Large loaded with 315,453,120 parameters.

Extracting pre-surgery features...
resample 44100 to 16000 in /home/sepharfi/projects/def-zshakeri/sepehr/CUCO/data_final/Audios/Tonsill/Speech/1/Tonsill_ses1_speech_0007.wav
  Tonsill_ses1_speech_0007.wav: 3451 frames
resample 44100 to 16000 in /home/sepharfi/projects/def-zshakeri/sepehr/CUCO/data_final/Audios/Tonsill/Speech/1/Tonsill_ses1_speech_0011.wav
  Tonsill_ses1_speech_0011.wav: 3599 frames
resample 44100 to 16000 in /home/sepharfi/projects/def-zshakeri/sepehr/CUCO/data_final/Audios/Tonsill/Speech/1/Tonsill_ses1_speech_0026.wav
  Tonsill_ses1_speech_0026.wav: 2523 frames
resample 44100 to 16000 in /home/sepharfi/projects/def-zshakeri/sepehr/CUCO/data_final/Audios/Tonsill/Speech/1/Tonsill_ses1_speech_0042.wav
  Tonsill_ses1_speech_0042.wav: 3453 frames
resample 44100 to 16000 in /home/sepharfi/projects/def-zshakeri/sepehr/CUCO/data_final/Audios/Tonsill/Speech/1/Tonsill_ses1_speech_0045.wav
  Tonsill_ses1_speech_0045.wav: 3337 frames
resample 44100 to 16000 in /home/sepharfi/projects/def-zshakeri/sepehr/CUCO/data_final/Audios/Tonsill/Speech/1/Tonsill_ses1_speech_0062.wav
  Tonsill_ses1_speech_0062.wav: 2833 frames
resample 44100 to 16000 in /home/sepharfi/projects/def-zshakeri/sepehr/CUCO/data_final/Audios/Tonsill/Speech/1/Tonsill_ses1_speech_0063.wav
  Tonsill_ses1_speech_0063.wav: 2979 frames
resample 44100 to 16000 in /home/sepharfi/projects/def-zshakeri/sepehr/CUCO/data_final/Audios/Tonsill/Speech/1/Tonsill_ses1_speech_0078.wav
  Tonsill_ses1_speech_0078.wav: 3655 frames
resample 44100 to 16000 in /home/sepharfi/projects/def-zshakeri/sepehr/CUCO/data_final/Audios/Tonsill/Speech/1/Tonsill_ses1_speech_0080.wav
  Tonsill_ses1_speech_0080.wav: 3016 frames
resample 44100 to 16000 in /home/sepharfi/projects/def-zshakeri/sepehr/CUCO/data_final/Audios/Tonsill/Speech/1/Tonsill_ses1_speech_0081.wav
  Tonsill_ses1_speech_0081.wav: 3294 frames
resample 44100 to 16000 in /home/sepharfi/projects/def-zshakeri/sepehr/CUCO/data_final/Audios/Tonsill/Speech/1/Tonsill_ses1_speech_0085.wav
  Tonsill_ses1_speech_0085.wav: 2332 frames
resample 44100 to 16000 in /home/sepharfi/projects/def-zshakeri/sepehr/CUCO/data_final/Audios/Tonsill/Speech/1/Tonsill_ses1_speech_0087.wav
  Tonsill_ses1_speech_0087.wav: 2925 frames
resample 44100 to 16000 in /home/sepharfi/projects/def-zshakeri/sepehr/CUCO/data_final/Audios/Tonsill/Speech/1/Tonsill_ses1_speech_0089.wav
  Tonsill_ses1_speech_0089.wav: 3014 frames
resample 44100 to 16000 in /home/sepharfi/projects/def-zshakeri/sepehr/CUCO/data_final/Audios/Tonsill/Speech/1/Tonsill_ses1_speech_0092.wav
  Tonsill_ses1_speech_0092.wav: 2986 frames
resample 44100 to 16000 in /home/sepharfi/projects/def-zshakeri/sepehr/CUCO/data_final/Audios/Tonsill/Speech/1/Tonsill_ses1_speech_0099.wav
  Tonsill_ses1_speech_0099.wav: 3317 frames
resample 44100 to 16000 in /home/sepharfi/projects/def-zshakeri/sepehr/CUCO/data_final/Audios/Tonsill/Speech/1/Tonsill_ses1_speech_0108.wav
  Tonsill_ses1_speech_0108.wav: 2847 frames
resample 44100 to 16000 in /home/sepharfi/projects/def-zshakeri/sepehr/CUCO/data_final/Audios/Tonsill/Speech/1/Tonsill_ses1_speech_0109.wav
  Tonsill_ses1_speech_0109.wav: 2793 frames
resample 44100 to 16000 in /home/sepharfi/projects/def-zshakeri/sepehr/CUCO/data_final/Audios/Tonsill/Speech/1/Tonsill_ses1_speech_0110.wav
  Tonsill_ses1_speech_0110.wav: 3019 frames
resample 44100 to 16000 in /home/sepharfi/projects/def-zshakeri/sepehr/CUCO/data_final/Audios/Tonsill/Speech/1/Tonsill_ses1_speech_0111.wav
  Tonsill_ses1_speech_0111.wav: 2323 frames
resample 44100 to 16000 in /home/sepharfi/projects/def-zshakeri/sepehr/CUCO/data_final/Audios/Tonsill/Speech/1/Tonsill_ses1_speech_0112.wav
  Tonsill_ses1_speech_0112.wav: 3224 frames
resample 44100 to 16000 in /home/sepharfi/projects/def-zshakeri/sepehr/CUCO/data_final/Audios/Tonsill/Speech/1/Tonsill_ses1_speech_0122.wav
  Tonsill_ses1_speech_0122.wav: 2757 frames
resample 44100 to 16000 in /home/sepharfi/projects/def-zshakeri/sepehr/CUCO/data_final/Audios/Tonsill/Speech/1/Tonsill_ses1_speech_0125.wav
  Tonsill_ses1_speech_0125.wav: 2766 frames
resample 44100 to 16000 in /home/sepharfi/projects/def-zshakeri/sepehr/CUCO/data_final/Audios/Tonsill/Speech/1/Tonsill_ses1_speech_0129.wav
  Tonsill_ses1_speech_0129.wav: 3088 frames
resample 44100 to 16000 in /home/sepharfi/projects/def-zshakeri/sepehr/CUCO/data_final/Audios/Tonsill/Speech/1/Tonsill_ses1_speech_0132.wav
  Tonsill_ses1_speech_0132.wav: 2495 frames
resample 44100 to 16000 in /home/sepharfi/projects/def-zshakeri/sepehr/CUCO/data_final/Audios/Tonsill/Speech/1/Tonsill_ses1_speech_0137.wav
  Tonsill_ses1_speech_0137.wav: 3020 frames
resample 44100 to 16000 in /home/sepharfi/projects/def-zshakeri/sepehr/CUCO/data_final/Audios/Tonsill/Speech/1/Tonsill_ses1_speech_0144.wav
  Tonsill_ses1_speech_0144.wav: 2969 frames
resample 44100 to 16000 in /home/sepharfi/projects/def-zshakeri/sepehr/CUCO/data_final/Audios/Tonsill/Speech/1/Tonsill_ses1_speech_0145.wav
  Tonsill_ses1_speech_0145.wav: 2871 frames
resample 44100 to 16000 in /home/sepharfi/projects/def-zshakeri/sepehr/CUCO/data_final/Audios/Tonsill/Speech/1/Tonsill_ses1_speech_0147.wav
  Tonsill_ses1_speech_0147.wav: 2845 frames

Extracting post-surgery features...
resample 44100 to 16000 in /home/sepharfi/projects/def-zshakeri/sepehr/CUCO/data_final/Audios/Tonsill/Speech/2/Tonsill_ses2_speech_0007.wav
  Tonsill_ses2_speech_0007.wav: 3179 frames
resample 44100 to 16000 in /home/sepharfi/projects/def-zshakeri/sepehr/CUCO/data_final/Audios/Tonsill/Speech/2/Tonsill_ses2_speech_0011.wav
  Tonsill_ses2_speech_0011.wav: 3266 frames
resample 44100 to 16000 in /home/sepharfi/projects/def-zshakeri/sepehr/CUCO/data_final/Audios/Tonsill/Speech/2/Tonsill_ses2_speech_0026.wav
  Tonsill_ses2_speech_0026.wav: 4785 frames
resample 44100 to 16000 in /home/sepharfi/projects/def-zshakeri/sepehr/CUCO/data_final/Audios/Tonsill/Speech/2/Tonsill_ses2_speech_0042.wav
  Tonsill_ses2_speech_0042.wav: 3055 frames
resample 44100 to 16000 in /home/sepharfi/projects/def-zshakeri/sepehr/CUCO/data_final/Audios/Tonsill/Speech/2/Tonsill_ses2_speech_0045.wav
  Tonsill_ses2_speech_0045.wav: 2791 frames
resample 44100 to 16000 in /home/sepharfi/projects/def-zshakeri/sepehr/CUCO/data_final/Audios/Tonsill/Speech/2/Tonsill_ses2_speech_0062.wav
  Tonsill_ses2_speech_0062.wav: 3244 frames
resample 44100 to 16000 in /home/sepharfi/projects/def-zshakeri/sepehr/CUCO/data_final/Audios/Tonsill/Speech/2/Tonsill_ses2_speech_0063.wav
  Tonsill_ses2_speech_0063.wav: 3156 frames
resample 44100 to 16000 in /home/sepharfi/projects/def-zshakeri/sepehr/CUCO/data_final/Audios/Tonsill/Speech/2/Tonsill_ses2_speech_0078.wav
  Tonsill_ses2_speech_0078.wav: 3148 frames
resample 44100 to 16000 in /home/sepharfi/projects/def-zshakeri/sepehr/CUCO/data_final/Audios/Tonsill/Speech/2/Tonsill_ses2_speech_0080.wav
  Tonsill_ses2_speech_0080.wav: 2861 frames
resample 44100 to 16000 in /home/sepharfi/projects/def-zshakeri/sepehr/CUCO/data_final/Audios/Tonsill/Speech/2/Tonsill_ses2_speech_0081.wav
  Tonsill_ses2_speech_0081.wav: 2526 frames
resample 44100 to 16000 in /home/sepharfi/projects/def-zshakeri/sepehr/CUCO/data_final/Audios/Tonsill/Speech/2/Tonsill_ses2_speech_0085.wav
  Tonsill_ses2_speech_0085.wav: 2790 frames
resample 44100 to 16000 in /home/sepharfi/projects/def-zshakeri/sepehr/CUCO/data_final/Audios/Tonsill/Speech/2/Tonsill_ses2_speech_0087.wav
  Tonsill_ses2_speech_0087.wav: 2950 frames
resample 44100 to 16000 in /home/sepharfi/projects/def-zshakeri/sepehr/CUCO/data_final/Audios/Tonsill/Speech/2/Tonsill_ses2_speech_0089.wav
  Tonsill_ses2_speech_0089.wav: 3094 frames
resample 44100 to 16000 in /home/sepharfi/projects/def-zshakeri/sepehr/CUCO/data_final/Audios/Tonsill/Speech/2/Tonsill_ses2_speech_0092.wav
  Tonsill_ses2_speech_0092.wav: 2445 frames
resample 44100 to 16000 in /home/sepharfi/projects/def-zshakeri/sepehr/CUCO/data_final/Audios/Tonsill/Speech/2/Tonsill_ses2_speech_0099.wav
  Tonsill_ses2_speech_0099.wav: 2771 frames
resample 44100 to 16000 in /home/sepharfi/projects/def-zshakeri/sepehr/CUCO/data_final/Audios/Tonsill/Speech/2/Tonsill_ses2_speech_0108.wav
  Tonsill_ses2_speech_0108.wav: 2591 frames
resample 44100 to 16000 in /home/sepharfi/projects/def-zshakeri/sepehr/CUCO/data_final/Audios/Tonsill/Speech/2/Tonsill_ses2_speech_0109.wav
  Tonsill_ses2_speech_0109.wav: 2581 frames
resample 44100 to 16000 in /home/sepharfi/projects/def-zshakeri/sepehr/CUCO/data_final/Audios/Tonsill/Speech/2/Tonsill_ses2_speech_0110.wav
  Tonsill_ses2_speech_0110.wav: 3037 frames
resample 44100 to 16000 in /home/sepharfi/projects/def-zshakeri/sepehr/CUCO/data_final/Audios/Tonsill/Speech/2/Tonsill_ses2_speech_0111.wav
  Tonsill_ses2_speech_0111.wav: 3989 frames
resample 44100 to 16000 in /home/sepharfi/projects/def-zshakeri/sepehr/CUCO/data_final/Audios/Tonsill/Speech/2/Tonsill_ses2_speech_0112.wav
  Tonsill_ses2_speech_0112.wav: 3058 frames
resample 44100 to 16000 in /home/sepharfi/projects/def-zshakeri/sepehr/CUCO/data_final/Audios/Tonsill/Speech/2/Tonsill_ses2_speech_0122.wav
  Tonsill_ses2_speech_0122.wav: 3004 frames
resample 44100 to 16000 in /home/sepharfi/projects/def-zshakeri/sepehr/CUCO/data_final/Audios/Tonsill/Speech/2/Tonsill_ses2_speech_0125.wav
  Tonsill_ses2_speech_0125.wav: 2975 frames
resample 44100 to 16000 in /home/sepharfi/projects/def-zshakeri/sepehr/CUCO/data_final/Audios/Tonsill/Speech/2/Tonsill_ses2_speech_0129.wav
  Tonsill_ses2_speech_0129.wav: 2974 frames
resample 44100 to 16000 in /home/sepharfi/projects/def-zshakeri/sepehr/CUCO/data_final/Audios/Tonsill/Speech/2/Tonsill_ses2_speech_0132.wav
  Tonsill_ses2_speech_0132.wav: 2877 frames
resample 44100 to 16000 in /home/sepharfi/projects/def-zshakeri/sepehr/CUCO/data_final/Audios/Tonsill/Speech/2/Tonsill_ses2_speech_0137.wav
  Tonsill_ses2_speech_0137.wav: 2954 frames
resample 44100 to 16000 in /home/sepharfi/projects/def-zshakeri/sepehr/CUCO/data_final/Audios/Tonsill/Speech/2/Tonsill_ses2_speech_0144.wav
  Tonsill_ses2_speech_0144.wav: 4204 frames
resample 44100 to 16000 in /home/sepharfi/projects/def-zshakeri/sepehr/CUCO/data_final/Audios/Tonsill/Speech/2/Tonsill_ses2_speech_0145.wav
  Tonsill_ses2_speech_0145.wav: 3215 frames
resample 44100 to 16000 in /home/sepharfi/projects/def-zshakeri/sepehr/CUCO/data_final/Audios/Tonsill/Speech/2/Tonsill_ses2_speech_0147.wav
  Tonsill_ses2_speech_0147.wav: 2883 frames

Building training segments...
    3778 segments
Building validation segments...
    557 segments

Train: 3778 segs, Val: 557 segs
Parameters: 6,045,058
Epoch   1/300  train=4.824602  val=4.510509  alpha=0.1223  gate=1.0000  lr=5.00e-04
Epoch   2/300  train=4.465752  val=4.416323  alpha=0.1428  gate=1.0000  lr=5.00e-04
Epoch   3/300  train=4.257629  val=4.325535  alpha=0.1578  gate=1.0000  lr=5.00e-04
Epoch   4/300  train=4.147333  val=4.295808  alpha=0.1689  gate=1.0000  lr=5.00e-04
Epoch   5/300  train=4.060913  val=4.245873  alpha=0.1775  gate=1.0000  lr=5.00e-04
Epoch   6/300  train=4.011377  val=4.230243  alpha=0.1849  gate=1.0000  lr=5.00e-04
Epoch   7/300  train=3.956739  val=4.219770  alpha=0.1912  gate=1.0000  lr=4.99e-04
Epoch   8/300  train=3.931915  val=4.199162  alpha=0.1966  gate=1.0000  lr=4.99e-04
Epoch   9/300  train=3.899835  val=4.174964  alpha=0.2016  gate=1.0000  lr=4.99e-04
Epoch  10/300  train=3.869683  val=4.190120  alpha=0.2067  gate=1.0000  lr=4.99e-04
Epoch  11/300  train=3.850138  val=4.187606  alpha=0.2115  gate=1.0000  lr=4.98e-04
Epoch  12/300  train=3.828994  val=4.160431  alpha=0.2159  gate=1.0000  lr=4.98e-04
Epoch  13/300  train=3.809529  val=4.150931  alpha=0.2202  gate=1.0000  lr=4.98e-04
Epoch  14/300  train=3.793011  val=4.161239  alpha=0.2243  gate=1.0000  lr=4.97e-04
Epoch  15/300  train=3.776170  val=4.158855  alpha=0.2282  gate=1.0000  lr=4.97e-04
Epoch  16/300  train=3.763391  val=4.148561  alpha=0.2318  gate=1.0000  lr=4.96e-04
Epoch  17/300  train=3.746124  val=4.135633  alpha=0.2355  gate=1.0000  lr=4.96e-04
Epoch  18/300  train=3.721958  val=4.148210  alpha=0.2390  gate=1.0000  lr=4.96e-04
Epoch  19/300  train=3.708978  val=4.147260  alpha=0.2422  gate=1.0000  lr=4.95e-04
Epoch  20/300  train=3.705982  val=4.143190  alpha=0.2456  gate=1.0000  lr=4.95e-04
Epoch  21/300  train=3.692363  val=4.157206  alpha=0.2487  gate=1.0000  lr=4.94e-04
Epoch  22/300  train=3.678234  val=4.128682  alpha=0.2517  gate=1.0000  lr=4.93e-04
Epoch  23/300  train=3.666607  val=4.135427  alpha=0.2547  gate=1.0000  lr=4.93e-04
Epoch  24/300  train=3.658210  val=4.125080  alpha=0.2575  gate=1.0000  lr=4.92e-04
Epoch  25/300  train=3.637999  val=4.116796  alpha=0.2604  gate=1.0000  lr=4.91e-04
Epoch  26/300  train=3.634992  val=4.118573  alpha=0.2629  gate=1.0000  lr=4.91e-04
Epoch  27/300  train=3.623528  val=4.128203  alpha=0.2656  gate=1.0000  lr=4.90e-04
Epoch  28/300  train=3.616635  val=4.123202  alpha=0.2680  gate=1.0000  lr=4.89e-04
Epoch  29/300  train=3.600307  val=4.113092  alpha=0.2705  gate=1.0000  lr=4.89e-04
Epoch  30/300  train=3.594230  val=4.123113  alpha=0.2728  gate=1.0000  lr=4.88e-04
Epoch  31/300  train=3.586682  val=4.112914  alpha=0.2749  gate=1.0000  lr=4.87e-04
Epoch  32/300  train=3.578157  val=4.110795  alpha=0.2773  gate=1.0000  lr=4.86e-04
Epoch  33/300  train=3.565993  val=4.127243  alpha=0.2794  gate=1.0000  lr=4.85e-04
Epoch  34/300  train=3.562304  val=4.107567  alpha=0.2812  gate=1.0000  lr=4.84e-04
Epoch  35/300  train=3.550170  val=4.107878  alpha=0.2832  gate=1.0000  lr=4.83e-04
Epoch  36/300  train=3.554508  val=4.103043  alpha=0.2851  gate=1.0000  lr=4.82e-04
Epoch  37/300  train=3.547048  val=4.127155  alpha=0.2868  gate=1.0000  lr=4.81e-04
Epoch  38/300  train=3.534124  val=4.101574  alpha=0.2886  gate=1.0000  lr=4.80e-04
Epoch  39/300  train=3.526320  val=4.114474  alpha=0.2903  gate=1.0000  lr=4.79e-04
Epoch  40/300  train=3.521848  val=4.119392  alpha=0.2919  gate=1.0000  lr=4.78e-04
Epoch  41/300  train=3.514021  val=4.107901  alpha=0.2934  gate=1.0000  lr=4.77e-04
Epoch  42/300  train=3.505147  val=4.102951  alpha=0.2947  gate=1.0000  lr=4.76e-04
Epoch  43/300  train=3.502444  val=4.096927  alpha=0.2964  gate=1.0000  lr=4.75e-04
Epoch  44/300  train=3.496592  val=4.127323  alpha=0.2978  gate=1.0000  lr=4.74e-04
Epoch  45/300  train=3.487829  val=4.096656  alpha=0.2992  gate=1.0000  lr=4.73e-04
Epoch  46/300  train=3.470371  val=4.104369  alpha=0.3005  gate=1.0000  lr=4.72e-04
Epoch  47/300  train=3.477101  val=4.100610  alpha=0.3014  gate=1.0000  lr=4.70e-04
Epoch  48/300  train=3.464410  val=4.104087  alpha=0.3028  gate=1.0000  lr=4.69e-04
Epoch  49/300  train=3.461429  val=4.101591  alpha=0.3039  gate=1.0000  lr=4.68e-04
Epoch  50/300  train=3.459174  val=4.107695  alpha=0.3050  gate=1.0000  lr=4.67e-04
Epoch  51/300  train=3.457137  val=4.094559  alpha=0.3062  gate=1.0000  lr=4.65e-04
Epoch  52/300  train=3.452127  val=4.105818  alpha=0.3073  gate=1.0000  lr=4.64e-04
Epoch  53/300  train=3.447629  val=4.102514  alpha=0.3083  gate=1.0000  lr=4.62e-04
Epoch  54/300  train=3.436589  val=4.104451  alpha=0.3097  gate=1.0000  lr=4.61e-04
Epoch  55/300  train=3.437508  val=4.098945  alpha=0.3105  gate=1.0000  lr=4.60e-04
Epoch  56/300  train=3.429084  val=4.104006  alpha=0.3113  gate=1.0000  lr=4.58e-04
Epoch  57/300  train=3.419983  val=4.098059  alpha=0.3123  gate=1.0000  lr=4.57e-04
Epoch  58/300  train=3.422344  val=4.108529  alpha=0.3135  gate=1.0000  lr=4.55e-04
Epoch  59/300  train=3.416353  val=4.103196  alpha=0.3144  gate=1.0000  lr=4.54e-04
Epoch  60/300  train=3.415156  val=4.087498  alpha=0.3150  gate=1.0000  lr=4.52e-04
Epoch  61/300  train=3.410002  val=4.095376  alpha=0.3161  gate=1.0000  lr=4.51e-04
Epoch  62/300  train=3.409557  val=4.102994  alpha=0.3169  gate=1.0000  lr=4.49e-04
Epoch  63/300  train=3.403704  val=4.102605  alpha=0.3180  gate=1.0000  lr=4.48e-04
Epoch  64/300  train=3.397619  val=4.100160  alpha=0.3185  gate=1.0000  lr=4.46e-04
Epoch  65/300  train=3.388331  val=4.101945  alpha=0.3196  gate=1.0000  lr=4.44e-04
Epoch  66/300  train=3.390023  val=4.099883  alpha=0.3203  gate=1.0000  lr=4.43e-04
Epoch  67/300  train=3.384193  val=4.102739  alpha=0.3212  gate=1.0000  lr=4.41e-04
Epoch  68/300  train=3.383096  val=4.096376  alpha=0.3219  gate=1.0000  lr=4.39e-04
Epoch  69/300  train=3.379357  val=4.101105  alpha=0.3228  gate=1.0000  lr=4.38e-04
Epoch  70/300  train=3.377545  val=4.092534  alpha=0.3235  gate=1.0000  lr=4.36e-04
Epoch  71/300  train=3.369780  val=4.094214  alpha=0.3245  gate=1.0000  lr=4.34e-04
Epoch  72/300  train=3.369897  val=4.097613  alpha=0.3253  gate=1.0000  lr=4.32e-04
Epoch  73/300  train=3.367901  val=4.112374  alpha=0.3260  gate=1.0000  lr=4.30e-04
Epoch  74/300  train=3.363491  val=4.099652  alpha=0.3266  gate=1.0000  lr=4.29e-04
Epoch  75/300  train=3.369865  val=4.096381  alpha=0.3273  gate=1.0000  lr=4.27e-04
Epoch  76/300  train=3.359436  val=4.104988  alpha=0.3280  gate=1.0000  lr=4.25e-04
Epoch  77/300  train=3.351528  val=4.104761  alpha=0.3289  gate=1.0000  lr=4.23e-04
Epoch  78/300  train=3.355813  val=4.103279  alpha=0.3294  gate=1.0000  lr=4.21e-04
Epoch  79/300  train=3.352078  val=4.086941  alpha=0.3303  gate=1.0000  lr=4.19e-04
Epoch  80/300  train=3.355870  val=4.095709  alpha=0.3306  gate=1.0000  lr=4.17e-04
Epoch  81/300  train=3.349051  val=4.091101  alpha=0.3313  gate=1.0000  lr=4.15e-04
Epoch  82/300  train=3.344208  val=4.104852  alpha=0.3320  gate=1.0000  lr=4.13e-04
Epoch  83/300  train=3.339343  val=4.089142  alpha=0.3324  gate=1.0000  lr=4.11e-04
Epoch  84/300  train=3.333081  val=4.103137  alpha=0.3331  gate=1.0000  lr=4.09e-04
Epoch  85/300  train=3.332126  val=4.099083  alpha=0.3340  gate=1.0000  lr=4.07e-04
Epoch  86/300  train=3.333167  val=4.085652  alpha=0.3342  gate=1.0000  lr=4.05e-04
Epoch  87/300  train=3.327081  val=4.109672  alpha=0.3349  gate=1.0000  lr=4.03e-04
Epoch  88/300  train=3.327243  val=4.100793  alpha=0.3354  gate=1.0000  lr=4.01e-04
Epoch  89/300  train=3.330226  val=4.111270  alpha=0.3361  gate=1.0000  lr=3.99e-04
Epoch  90/300  train=3.327552  val=4.096208  alpha=0.3366  gate=1.0000  lr=3.97e-04
Epoch  91/300  train=3.323168  val=4.098868  alpha=0.3369  gate=1.0000  lr=3.95e-04
Epoch  92/300  train=3.318446  val=4.107327  alpha=0.3375  gate=1.0000  lr=3.93e-04
Epoch  93/300  train=3.316960  val=4.103524  alpha=0.3379  gate=1.0000  lr=3.91e-04
Epoch  94/300  train=3.317363  val=4.097602  alpha=0.3387  gate=1.0000  lr=3.88e-04
Epoch  95/300  train=3.316031  val=4.091771  alpha=0.3388  gate=1.0000  lr=3.86e-04
Epoch  96/300  train=3.318977  val=4.092716  alpha=0.3397  gate=1.0000  lr=3.84e-04
Epoch  97/300  train=3.306057  val=4.109326  alpha=0.3404  gate=1.0000  lr=3.82e-04
Epoch  98/300  train=3.305480  val=4.090903  alpha=0.3410  gate=1.0000  lr=3.80e-04
Epoch  99/300  train=3.307254  val=4.102925  alpha=0.3416  gate=1.0000  lr=3.77e-04
Epoch 100/300  train=3.303748  val=4.106265  alpha=0.3423  gate=1.0000  lr=3.75e-04
Epoch 101/300  train=3.301062  val=4.100111  alpha=0.3425  gate=1.0000  lr=3.73e-04
Epoch 102/300  train=3.300603  val=4.096428  alpha=0.3431  gate=1.0000  lr=3.70e-04
Epoch 103/300  train=3.301725  val=4.087441  alpha=0.3437  gate=1.0000  lr=3.68e-04
Epoch 104/300  train=3.291673  val=4.098276  alpha=0.3444  gate=1.0000  lr=3.66e-04
Epoch 105/300  train=3.296922  val=4.102763  alpha=0.3448  gate=1.0000  lr=3.63e-04
Epoch 106/300  train=3.291945  val=4.105417  alpha=0.3453  gate=1.0000  lr=3.61e-04
Epoch 107/300  train=3.291079  val=4.102059  alpha=0.3461  gate=1.0000  lr=3.59e-04
Epoch 108/300  train=3.298175  val=4.092373  alpha=0.3465  gate=1.0000  lr=3.56e-04
Epoch 109/300  train=3.286649  val=4.085512  alpha=0.3471  gate=1.0000  lr=3.54e-04
Epoch 110/300  train=3.291865  val=4.094659  alpha=0.3475  gate=1.0000  lr=3.52e-04
Epoch 111/300  train=3.290951  val=4.102260  alpha=0.3480  gate=1.0000  lr=3.49e-04
Epoch 112/300  train=3.283798  val=4.105032  alpha=0.3486  gate=1.0000  lr=3.47e-04
Epoch 113/300  train=3.288470  val=4.108032  alpha=0.3489  gate=1.0000  lr=3.44e-04
Epoch 114/300  train=3.287061  val=4.099626  alpha=0.3495  gate=1.0000  lr=3.42e-04
Epoch 115/300  train=3.285123  val=4.107099  alpha=0.3500  gate=1.0000  lr=3.40e-04
Epoch 116/300  train=3.280407  val=4.106608  alpha=0.3505  gate=1.0000  lr=3.37e-04
Epoch 117/300  train=3.277886  val=4.093514  alpha=0.3507  gate=1.0000  lr=3.35e-04
Epoch 118/300  train=3.270222  val=4.097997  alpha=0.3513  gate=1.0000  lr=3.32e-04
Epoch 119/300  train=3.277182  val=4.095546  alpha=0.3518  gate=1.0000  lr=3.30e-04
Epoch 120/300  train=3.275563  val=4.097043  alpha=0.3523  gate=1.0000  lr=3.27e-04
Epoch 121/300  train=3.270848  val=4.095646  alpha=0.3528  gate=1.0000  lr=3.25e-04
Epoch 122/300  train=3.272704  val=4.117586  alpha=0.3535  gate=1.0000  lr=3.22e-04
Epoch 123/300  train=3.271985  val=4.092114  alpha=0.3536  gate=1.0000  lr=3.20e-04
Epoch 124/300  train=3.268430  val=4.111012  alpha=0.3542  gate=1.0000  lr=3.17e-04
Epoch 125/300  train=3.268322  val=4.104820  alpha=0.3546  gate=1.0000  lr=3.15e-04
Epoch 126/300  train=3.259948  val=4.101287  alpha=0.3551  gate=1.0000  lr=3.12e-04
Epoch 127/300  train=3.263768  val=4.094770  alpha=0.3556  gate=1.0000  lr=3.10e-04
Epoch 128/300  train=3.263629  val=4.095446  alpha=0.3562  gate=1.0000  lr=3.07e-04
Epoch 129/300  train=3.262469  val=4.106178  alpha=0.3567  gate=1.0000  lr=3.05e-04
Epoch 130/300  train=3.262701  val=4.105327  alpha=0.3574  gate=1.0000  lr=3.02e-04
Epoch 131/300  train=3.253047  val=4.095589  alpha=0.3576  gate=1.0000  lr=2.99e-04
Epoch 132/300  train=3.262853  val=4.101101  alpha=0.3583  gate=1.0000  lr=2.97e-04
Epoch 133/300  train=3.254756  val=4.097257  alpha=0.3587  gate=1.0000  lr=2.94e-04
Epoch 134/300  train=3.254735  val=4.103851  alpha=0.3593  gate=1.0000  lr=2.92e-04
Epoch 135/300  train=3.256213  val=4.097555  alpha=0.3598  gate=1.0000  lr=2.89e-04
Epoch 136/300  train=3.259912  val=4.102471  alpha=0.3604  gate=1.0000  lr=2.87e-04
Epoch 137/300  train=3.253907  val=4.107697  alpha=0.3611  gate=1.0000  lr=2.84e-04
Epoch 138/300  train=3.251432  val=4.105872  alpha=0.3614  gate=1.0000  lr=2.81e-04
Epoch 139/300  train=3.254625  val=4.097009  alpha=0.3619  gate=1.0000  lr=2.79e-04
Epoch 140/300  train=3.249334  val=4.096214  alpha=0.3624  gate=1.0000  lr=2.76e-04
Epoch 141/300  train=3.247941  val=4.093321  alpha=0.3630  gate=1.0000  lr=2.74e-04
Epoch 142/300  train=3.249661  val=4.095965  alpha=0.3636  gate=1.0000  lr=2.71e-04
Epoch 143/300  train=3.248136  val=4.099314  alpha=0.3642  gate=1.0000  lr=2.68e-04
Epoch 144/300  train=3.242083  val=4.102689  alpha=0.3646  gate=1.0000  lr=2.66e-04
Epoch 145/300  train=3.245369  val=4.098913  alpha=0.3653  gate=1.0000  lr=2.63e-04
slurmstepd: error: *** JOB 10962378 ON g10 CANCELLED AT 2026-03-25T18:11:12 ***
